--candidateId=10
--directory=C:\Users\Pc\Desktop\irace2018\irace\execDir
--algorithm=GA
--fitnessFunction=reg
--populationSize=71
--crossoverProbability=0.952
--mutationProbability=0.01
--selectionGA=5-tournament
--crossoverGA=intermediate
--mutationGA=MaxEquals1500Uniform
--generationReplacement=SteadyState
02/12, 18:08:48
[HookRun] Parameters used:
--directory=execDir
--algorithm=GA
--selectionGA=5-tournament
--crossoverGA=intermediate
--mutationGA=MaxEquals1500Uniform
--elitistRateGA=0.0
--fitnessFunction=reg
--candidateId=10
--populationSize=71
--maxEvaluations=0
--crossoverProbability=0.952
--mutationProbability=0.01
--generationReplacement=SteadyState

Teste Curitiba!
OK: Recuperou objeto ODMatrix de 'cwb odmatrix.dat'!

OK: Recuperou objeto VirtualSensors de 'cwb virt sen.dat'!

OK: Mudando teste para rede fechada...
ATENCAO: arestasSensor reduzidas para 71, por ser numero maximo de sensores da rede cadastrada.
PROC: Preparando para iniciar GA_71s__0t0... 02/12, 18:08:48
ERROR: Não há registros de viagens para recuperar! (ODmatrix.calcMatrixClust)
INFO: Return antecipado, n=arestasSensorGAMM=71 e t=tempoPrioriGAMM=0; mov.lenght=71 (VirtualSensors.gerArestaMaisMovimentadasIndex)
INFO: descobrirODparIndArestaMaisMov = 1074 casos! - 191/900 pares O-D cobertos
INFO: Existem 1073 relações Prob_OD_aresta!
OK: Iniciando GA _Alterado_ com 1 runs! Population size: 71
Generations: 84506
OD =900
Sensores=71
GA_71s__0t0; 02/12, 18:08:48
RUN GA_71s__0t0 1/1: Menor custo inicial é 22892.999214424948(RMSE: 366.1390560654994; MAE: 21.071289786515873; GEH: 14.164708247785537) id do melhor indivíduo=15
Melhor da geracao 911: reg(911) = 22182.657575159064 710.3416392658837
Melhor da geracao 1492: reg(1492) = 16067.261601208003 6115.395973951061
Melhor da geracao 1555: reg(1555) = 15979.880474545258 87.38112666274537
Melhor da geracao 1865: reg(1865) = 15478.021688865885 501.8587856793729
Melhor da geracao 2773: reg(2773) = 15198.417782312828 279.60390655305673
Melhor da geracao 4135: reg(4135) = 14777.67134140849 420.74644090433867
Melhor da geracao 4230: reg(4230) = 13961.56071095629 816.1106304522
Melhor da geracao 4575: reg(4575) = 13917.462849916186 44.09786104010345
Melhor da geracao 5563: reg(5563) = 13903.427379787548 14.035470128637826
Melhor da geracao 6070: reg(6070) = 13715.520624946277 187.90675484127132
Melhor da geracao 6503: reg(6503) = 13583.01914294583 132.50148200044714
Melhor da geracao 7395: reg(7395) = 13462.53323230844 120.48591063738968
Melhor da geracao 7663: reg(7663) = 12954.055937524714 508.4772947837264
Melhor da geracao 9643: reg(9643) = 12509.844820651915 444.2111168727988
Melhor da geracao 10449: reg(10449) = 12331.165797100542 178.67902355137267
Melhor da geracao 13144: reg(13144) = 12044.375417568392 286.79037953215084
Melhor da geracao 14249: reg(14249) = 11974.363230290463 70.01218727792912
Melhor da geracao 16239: reg(16239) = 11926.20851447889 48.154715811571805
Melhor da geracao 16271: reg(16271) = 11901.036598938643 25.171915540247937
Melhor da geracao 16388: reg(16388) = 11648.432418382334 252.60418055630907
Melhor da geracao 17901: reg(17901) = 11647.479965915143 0.9524524671905965
Melhor da geracao 17977: reg(17977) = 11281.969710695397 365.5102552197459
Melhor da geracao 20465: reg(20465) = 11237.153201307287 44.81650938811072
Melhor da geracao 21556: reg(21556) = 11173.760686203203 63.39251510408394
Melhor da geracao 21959: reg(21959) = 10775.349595281503 398.4110909216997
Melhor da geracao 24166: reg(24166) = 10736.77789885847 38.571696423032336
Melhor da geracao 24588: reg(24588) = 10654.298711909707 82.47918694876353
Melhor da geracao 25249: reg(25249) = 10645.213783485147 9.084928424559621
Melhor da geracao 25796: reg(25796) = 10617.49875132273 27.71503216241763
Melhor da geracao 26244: reg(26244) = 10417.32540976995 200.17334155277968
Melhor da geracao 27574: reg(27574) = 10326.75040332383 90.57500644612082
Melhor da geracao 29050: reg(29050) = 10089.562423735193 237.18797958863615
Melhor da geracao 29268: reg(29268) = 9916.10724810666 173.45517562853274
Melhor da geracao 30143: reg(30143) = 9878.327768247145 37.77947985951505
Melhor da geracao 30513: reg(30513) = 9742.404791351424 135.92297689572115
Melhor da geracao 32255: reg(32255) = 9697.176675562814 45.22811578861001
Melhor da geracao 32499: reg(32499) = 9696.196295426007 0.9803801368070708
Melhor da geracao 32854: reg(32854) = 9592.70690997575 103.48938545025703
Melhor da geracao 34186: reg(34186) = 9434.922781822732 157.78412815301817
Melhor da geracao 34321: reg(34321) = 9314.439426905596 120.48335491713624
Melhor da geracao 36017: reg(36017) = 9310.759348591606 3.680078313989725
Melhor da geracao 36269: reg(36269) = 9106.011463209641 204.7478853819648
Melhor da geracao 39363: reg(39363) = 9101.484610690088 4.526852519553358
Melhor da geracao 39380: reg(39380) = 9064.920980301202 36.56363038888594
Melhor da geracao 39669: reg(39669) = 8990.769900770212 74.15107953098959
Melhor da geracao 42240: reg(42240) = 8976.086756322826 14.68314444738644
Melhor da geracao 42299: reg(42299) = 8954.347938656569 21.73881766625709
Melhor da geracao 43320: reg(43320) = 8732.373323474221 221.9746151823474
Melhor da geracao 45408: reg(45408) = 8713.882889345858 18.49043412836363
Melhor da geracao 47076: reg(47076) = 8572.304283519221 141.5786058266367
Melhor da geracao 48219: reg(48219) = 8545.270080202585 27.034203316636194
Melhor da geracao 48568: reg(48568) = 8526.606188418835 18.663891783749932
Melhor da geracao 48729: reg(48729) = 8340.489697418938 186.116490999897
Melhor da geracao 49329: reg(49329) = 8281.912950014817 58.5767474041204
Melhor da geracao 51140: reg(51140) = 8217.96284652273 63.95010349208678
Melhor da geracao 52234: reg(52234) = 8175.837846875335 42.12499964739527
Melhor da geracao 53078: reg(53078) = 8152.562410828171 23.275436047164476
Melhor da geracao 53732: reg(53732) = 8096.354791635118 56.20761919305278
Melhor da geracao 54822: reg(54822) = 8056.502969080617 39.85182255450127
Melhor da geracao 54863: reg(54863) = 8014.210731981462 42.29223709915459
Melhor da geracao 56089: reg(56089) = 7878.55589167787 135.6548403035922
Melhor da geracao 56199: reg(56199) = 7847.030511601275 31.525380076594956
Melhor da geracao 56590: reg(56590) = 7817.00132609805 30.029185503224653
Melhor da geracao 57803: reg(57803) = 7700.526847106292 116.47447899175859
Melhor da geracao 59656: reg(59656) = 7698.010167248929 2.5166798573627602
Melhor da geracao 60772: reg(60772) = 7582.509097739898 115.50106950903137
Melhor da geracao 61971: reg(61971) = 7557.650303263208 24.85879447668958
Melhor da geracao 62457: reg(62457) = 7537.178855372909 20.471447890298805
Melhor da geracao 62512: reg(62512) = 7530.459019409734 6.719835963175683
Melhor da geracao 63597: reg(63597) = 7450.408391691621 80.05062771811299
Melhor da geracao 65808: reg(65808) = 7253.938101477992 196.4702902136287
Melhor da geracao 69629: reg(69629) = 7199.326513868193 54.611587609799244
Melhor da geracao 71130: reg(71130) = 7086.603316139997 112.72319772819537
Melhor da geracao 73439: reg(73439) = 7071.29138469158 15.311931448417454
Melhor da geracao 74992: reg(74992) = 6997.394215286199 73.89716940538074
Melhor da geracao 77150: reg(77150) = 6874.553019743791 122.84119554240806
Melhor da geracao 78378: reg(78378) = 6867.932907565706 6.620112178085037
Melhor da geracao 79365: reg(79365) = 6847.77334363108 20.15956393462602
Melhor da geracao 80008: reg(80008) = 6821.726993525424 26.04635010565562
Melhor da geracao 80425: reg(80425) = 6796.633535506352 25.093458019072386
Melhor da geracao 81653: reg(81653) = 6724.13376738096 72.49976812539171
Melhor da geracao 81758: reg(81758) = 6689.551649832371 34.58211754858894
Melhor da geracao 81845: reg(81845) = 6651.855208426835 37.69644140553646
Melhor da geracao 83784: reg(83784) = 6632.348326313054 19.506882113781103
Melhor da geracao 84236: reg(84236) = 6627.482515702884 4.865810610170229
RUN GA_71s__0t0 1/1: Menor  custo  final é 6627.482515702884
---02/12 18:09:28-----------------------------------------------------
reg(objetivo): 6627.482515702884
RMSE: 343.0361764694121
MAE: 21.874686060547155
GEH: 7.8629391342698325
pGEH5: 0.4788732394366197
R2Links: 0.7820901231292097
R2Odm: 0.4024628579719885
------------------------------------------------------ ´idBest=69

ALERT: Salvando última MOD resposta. Não a melhor.
Fitness final (reg) = 6627.482515702884
