--candidateId=19
--directory=C:\Users\Pc\Desktop\irace2018\irace\execDir
--algorithm=GA
--fitnessFunction=reg
--populationSize=34
--crossoverProbability=0.905
--mutationProbability=0.014
--selectionGA=5-tournament
--crossoverGA=intermediate
--mutationGA=MaxEquals1500Uniform
--generationReplacement=Generational
--elitistRateGA=0.073
02/12, 18:49:16
[HookRun] Parameters used:
--directory=execDir
--algorithm=GA
--selectionGA=5-tournament
--crossoverGA=intermediate
--mutationGA=MaxEquals1500Uniform
--elitistRateGA=0.073
--fitnessFunction=reg
--candidateId=19
--populationSize=34
--maxEvaluations=0
--crossoverProbability=0.905
--mutationProbability=0.014
--generationReplacement=Generational

Teste Curitiba!
OK: Recuperou objeto ODMatrix de 'cwb odmatrix.dat'!

OK: Recuperou objeto VirtualSensors de 'cwb virt sen.dat'!

OK: Mudando teste para rede fechada...
ATENCAO: arestasSensor reduzidas para 71, por ser numero maximo de sensores da rede cadastrada.
PROC: Preparando para iniciar GA_71s__0t0... 02/12, 18:49:16
ERROR: Não há registros de viagens para recuperar! (ODmatrix.calcMatrixClust)
INFO: Return antecipado, n=arestasSensorGAMM=71 e t=tempoPrioriGAMM=0; mov.lenght=71 (VirtualSensors.gerArestaMaisMovimentadasIndex)
INFO: descobrirODparIndArestaMaisMov = 1074 casos! - 191/900 pares O-D cobertos
INFO: Existem 1073 relações Prob_OD_aresta!
OK: Iniciando GA _Alterado_ com 1 runs! Population size: 34
Generations: 88235
OD =900
Sensores=71
GA_71s__0t0; 02/12, 18:49:16
RUN GA_71s__0t0 1/1: Menor custo inicial é 29845.33492325602(RMSE: 505.1882505512122; MAE: 24.795754771920468; GEH: 15.34634381920894) id do melhor indivíduo=4
Melhor da geracao 69: reg(69) = 29556.151776287916 289.1831469681056
Melhor da geracao 76: reg(76) = 28864.77470077494 691.3770755129772
Melhor da geracao 94: reg(94) = 28731.864857092456 132.90984368248246
Melhor da geracao 96: reg(96) = 28581.654040381796 150.21081671065986
Melhor da geracao 103: reg(103) = 27840.026160039895 741.6278803419009
Melhor da geracao 157: reg(157) = 26061.86883143948 1778.1573286004168
Melhor da geracao 165: reg(165) = 25602.830434438776 459.0383970007024
Melhor da geracao 197: reg(197) = 25142.961812098427 459.86862234034925
Melhor da geracao 272: reg(272) = 24855.768037104357 287.1937749940698
Melhor da geracao 293: reg(293) = 24817.22261069414 38.54542641021544
Melhor da geracao 304: reg(304) = 24809.468143391252 7.75446730288968
Melhor da geracao 316: reg(316) = 24626.925281072825 182.54286231842707
Melhor da geracao 346: reg(346) = 24625.211986594422 1.7132944784025312
Melhor da geracao 413: reg(413) = 24351.588481836272 273.6235047581504
Melhor da geracao 426: reg(426) = 24307.494296821733 44.09418501453911
Melhor da geracao 439: reg(439) = 23757.808432178103 549.6858646436303
Melhor da geracao 531: reg(531) = 21892.218805380788 1865.5896267973148
Melhor da geracao 865: reg(865) = 21678.855738095077 213.3630672857107
Melhor da geracao 872: reg(872) = 20804.285988426684 874.5697496683933
Melhor da geracao 924: reg(924) = 20714.091798444362 90.1941899823214
Melhor da geracao 936: reg(936) = 20711.453823874424 2.6379745699377963
Melhor da geracao 946: reg(946) = 20644.159639393987 67.29418448043725
Melhor da geracao 1043: reg(1043) = 17783.429535649342 2860.730103744645
Melhor da geracao 1095: reg(1095) = 17736.305801472055 47.12373417728668
Melhor da geracao 1118: reg(1118) = 17629.20879504939 107.09700642266398
Melhor da geracao 1325: reg(1325) = 17159.00229834049 470.2064967089027
Melhor da geracao 1347: reg(1347) = 16995.7556501486 163.2466481918891
Melhor da geracao 1461: reg(1461) = 16874.192179399888 121.56347074871155
Melhor da geracao 1465: reg(1465) = 16378.68231126254 495.50986813734744
Melhor da geracao 1501: reg(1501) = 16370.392868281984 8.289442980556487
Melhor da geracao 1880: reg(1880) = 16323.518820989777 46.87404729220725
Melhor da geracao 1885: reg(1885) = 16262.851324122124 60.66749686765252
Melhor da geracao 1982: reg(1982) = 16158.845879618524 104.0054445036003
Melhor da geracao 2012: reg(2012) = 15202.915965080667 955.9299145378573
Melhor da geracao 2048: reg(2048) = 14548.910980691626 654.004984389041
Melhor da geracao 2098: reg(2098) = 13807.405396220545 741.5055844710805
Melhor da geracao 2258: reg(2258) = 13768.316170637654 39.08922558289123
Melhor da geracao 2280: reg(2280) = 13755.748727693172 12.567442944482536
Melhor da geracao 2289: reg(2289) = 13713.875056955114 41.873670738057626
Melhor da geracao 2301: reg(2301) = 13632.007471182296 81.86758577281762
Melhor da geracao 2336: reg(2336) = 12990.884084339501 641.1233868427953
Melhor da geracao 2428: reg(2428) = 12845.464960715053 145.41912362444782
Melhor da geracao 2479: reg(2479) = 11795.188948241403 1050.2760124736506
Melhor da geracao 2495: reg(2495) = 11763.58376111854 31.605187122862844
Melhor da geracao 2545: reg(2545) = 11009.33481681502 754.2489443035192
Melhor da geracao 2566: reg(2566) = 11002.725337638174 6.609479176846435
Melhor da geracao 2600: reg(2600) = 10847.518930691691 155.20640694648318
Melhor da geracao 3201: reg(3201) = 10477.725310156546 369.79362053514524
Melhor da geracao 3294: reg(3294) = 10468.555417905216 9.169892251329657
Melhor da geracao 3320: reg(3320) = 10461.125566632933 7.429851272283486
Melhor da geracao 3416: reg(3416) = 9311.802470711118 1149.3230959218145
Melhor da geracao 3466: reg(3466) = 9205.408431383481 106.39403932763707
Melhor da geracao 3493: reg(3493) = 9045.717574779494 159.6908566039874
Melhor da geracao 3832: reg(3832) = 8882.977360563184 162.74021421631005
Melhor da geracao 3917: reg(3917) = 8877.043850162288 5.933510400895102
Melhor da geracao 3987: reg(3987) = 8766.58743095651 110.45641920577873
Melhor da geracao 4061: reg(4061) = 8441.655211756306 324.9322192002037
Melhor da geracao 4088: reg(4088) = 8402.165391782035 39.489819974271086
Melhor da geracao 4439: reg(4439) = 8384.007021341602 18.15837044043292
Melhor da geracao 4471: reg(4471) = 8197.183681587392 186.82333975420988
Melhor da geracao 4543: reg(4543) = 8142.752839834138 54.430841753253844
Melhor da geracao 4688: reg(4688) = 8113.988423368391 28.764416465747672
Melhor da geracao 4815: reg(4815) = 7966.708960978404 147.2794623899863
Melhor da geracao 5098: reg(5098) = 7915.764855116874 50.94410586153026
Melhor da geracao 5203: reg(5203) = 7740.8785039665445 174.88635115032957
Melhor da geracao 5335: reg(5335) = 7691.920665704917 48.95783826162733
Melhor da geracao 5412: reg(5412) = 7657.502989386286 34.41767631863149
Melhor da geracao 6174: reg(6174) = 7633.362562469064 24.140426917221703
Melhor da geracao 6258: reg(6258) = 7534.620884460422 98.74167800864234
Melhor da geracao 6369: reg(6369) = 7349.963603866951 184.6572805934702
Melhor da geracao 6452: reg(6452) = 7340.578820540516 9.384783326435354
Melhor da geracao 6747: reg(6747) = 7339.7850658667785 0.7937546737375669
Melhor da geracao 6795: reg(6795) = 7316.07909336876 23.705972498018127
Melhor da geracao 6863: reg(6863) = 7150.002854989991 166.07623837876963
Melhor da geracao 6933: reg(6933) = 7020.8188606009635 129.18399438902725
Melhor da geracao 7111: reg(7111) = 7020.144884111507 0.673976489456436
Melhor da geracao 7163: reg(7163) = 6665.590517261675 354.55436684983215
Melhor da geracao 7834: reg(7834) = 6647.106389475966 18.48412778570855
Melhor da geracao 7871: reg(7871) = 6584.78952159396 62.31686788200659
Melhor da geracao 8019: reg(8019) = 6535.011914067836 49.777607526123575
Melhor da geracao 8420: reg(8420) = 6528.393519059495 6.618395008341395
Melhor da geracao 8700: reg(8700) = 6492.437493577178 35.95602548231636
Melhor da geracao 9169: reg(9169) = 6452.504237575149 39.93325600202934
Melhor da geracao 9380: reg(9380) = 6232.195444657976 220.30879291717338
Melhor da geracao 9476: reg(9476) = 6156.6718833440955 75.52356131388024
Melhor da geracao 9767: reg(9767) = 6138.381432587798 18.290450756297105
Melhor da geracao 12064: reg(12064) = 6135.319855016622 3.061577571176713
Melhor da geracao 12137: reg(12137) = 5936.365624250049 198.95423076657244
Melhor da geracao 12143: reg(12143) = 5836.499698075771 99.86592617427777
Melhor da geracao 12526: reg(12526) = 5807.134702074291 29.364996001479994
Melhor da geracao 12834: reg(12834) = 5772.658775011268 34.475927063023846
Melhor da geracao 12917: reg(12917) = 5734.967657282396 37.69111772887118
Melhor da geracao 12935: reg(12935) = 5733.408481791907 1.5591754904889967
Melhor da geracao 13153: reg(13153) = 5706.786751989211 26.62172980269679
Melhor da geracao 13216: reg(13216) = 5596.730482943125 110.05626904608562
Melhor da geracao 13317: reg(13317) = 5529.797859986893 66.93262295623208
Melhor da geracao 13477: reg(13477) = 5526.91168565141 2.8861743354827922
Melhor da geracao 13811: reg(13811) = 5517.361424735454 9.550260915955732
Melhor da geracao 13838: reg(13838) = 5487.357961135767 30.003463599687166
Melhor da geracao 13918: reg(13918) = 5472.801699229483 14.556261906283908
Melhor da geracao 14080: reg(14080) = 5409.163485265109 63.6382139643747
Melhor da geracao 14125: reg(14125) = 5339.149391206299 70.01409405880986
Melhor da geracao 14232: reg(14232) = 5225.973476296981 113.17591490931773
Melhor da geracao 14429: reg(14429) = 5212.726764315318 13.246711981662884
Melhor da geracao 14487: reg(14487) = 5210.325716474994 2.4010478403242814
Melhor da geracao 14528: reg(14528) = 5190.917258844051 19.408457630943303
Melhor da geracao 14626: reg(14626) = 5091.324790690287 99.59246815376355
Melhor da geracao 14636: reg(14636) = 4992.653775238067 98.67101545221976
Melhor da geracao 14927: reg(14927) = 4977.955290820722 14.698484417344844
Melhor da geracao 15135: reg(15135) = 4962.978414456746 14.976876363976771
Melhor da geracao 15300: reg(15300) = 4900.204333307423 62.77408114932223
Melhor da geracao 15374: reg(15374) = 4863.702642093497 36.50169121392628
Melhor da geracao 15884: reg(15884) = 4852.533145043509 11.169497049988422
Melhor da geracao 16067: reg(16067) = 4814.653942397132 37.87920264637705
Melhor da geracao 16177: reg(16177) = 4814.4663670357295 0.187575361402196
Melhor da geracao 16367: reg(16367) = 4813.508614507061 0.9577525286686068
Melhor da geracao 16542: reg(16542) = 4753.021581588574 60.487032918486875
Melhor da geracao 16609: reg(16609) = 4743.350942618106 9.670638970467735
Melhor da geracao 17685: reg(17685) = 4731.766030311665 11.584912306440856
Melhor da geracao 18216: reg(18216) = 4698.46779854971 33.29823176195532
Melhor da geracao 18485: reg(18485) = 4636.029384971278 62.43841357843212
Melhor da geracao 18558: reg(18558) = 4613.990689576669 22.03869539460902
Melhor da geracao 18614: reg(18614) = 4536.119592646293 77.87109693037564
Melhor da geracao 18728: reg(18728) = 4470.303691843829 65.81590080246406
Melhor da geracao 18808: reg(18808) = 4385.266067959229 85.03762388460018
Melhor da geracao 18915: reg(18915) = 4226.483526383691 158.78254157553783
Melhor da geracao 19137: reg(19137) = 4220.34068249069 6.1428438930015545
Melhor da geracao 19307: reg(19307) = 4107.43301559734 112.90766689334941
Melhor da geracao 19715: reg(19715) = 4094.981114529824 12.451901067516246
Melhor da geracao 19769: reg(19769) = 4072.0469301705693 22.934184359254687
Melhor da geracao 20314: reg(20314) = 4063.501939614967 8.544990555602453
Melhor da geracao 20521: reg(20521) = 4053.5983814322885 9.903558182678353
Melhor da geracao 20657: reg(20657) = 4018.1509283839055 35.44745304838307
Melhor da geracao 20864: reg(20864) = 4003.517485172602 14.633443211303529
Melhor da geracao 21052: reg(21052) = 3984.1955080173952 19.321977155206696
Melhor da geracao 21059: reg(21059) = 3972.989106125023 11.206401892372014
Melhor da geracao 21451: reg(21451) = 3939.281389758846 33.70771636617701
Melhor da geracao 21692: reg(21692) = 3919.7302534717087 19.551136287137524
Melhor da geracao 22137: reg(22137) = 3880.520041983113 39.21021148859563
Melhor da geracao 22577: reg(22577) = 3867.568213683741 12.95182829937221
Melhor da geracao 22594: reg(22594) = 3864.929585386368 2.638628297372634
Melhor da geracao 22646: reg(22646) = 3838.7834859418963 26.14609944447193
Melhor da geracao 22818: reg(22818) = 3836.3979513825707 2.385534559325606
Melhor da geracao 23273: reg(23273) = 3834.3283147608977 2.0696366216729984
Melhor da geracao 23374: reg(23374) = 3833.8067591986137 0.5215555622839929
Melhor da geracao 23985: reg(23985) = 3814.7882664626804 19.01849273593325
Melhor da geracao 24398: reg(24398) = 3788.8969613436157 25.891305119064782
Melhor da geracao 24725: reg(24725) = 3786.532964925201 2.3639964184144446
Melhor da geracao 24730: reg(24730) = 3786.2238544383513 0.3091104868499315
Melhor da geracao 24772: reg(24772) = 3769.027405400166 17.196449038185165
Melhor da geracao 24927: reg(24927) = 3765.811644478249 3.215760921917081
Melhor da geracao 25022: reg(25022) = 3761.6645470936915 4.147097384557583
Melhor da geracao 25646: reg(25646) = 3760.149247315431 1.515299778260669
Melhor da geracao 25742: reg(25742) = 3724.260785991576 35.8884613238547
Melhor da geracao 25805: reg(25805) = 3694.698024598676 29.56276139290003
Melhor da geracao 26109: reg(26109) = 3688.023395491372 6.674629107304099
Melhor da geracao 26180: reg(26180) = 3657.2105172396928 30.812878251679194
Melhor da geracao 26378: reg(26378) = 3650.1345540980315 7.075963141661305
Melhor da geracao 26563: reg(26563) = 3645.1441292326913 4.990424865340174
Melhor da geracao 26754: reg(26754) = 3603.2739829394227 41.87014629326859
Melhor da geracao 26883: reg(26883) = 3593.2120698887247 10.061913050697967
Melhor da geracao 27092: reg(27092) = 3584.4299817360934 8.782088152631331
Melhor da geracao 27122: reg(27122) = 3580.901070283439 3.5289114526544836
Melhor da geracao 27279: reg(27279) = 3578.4411018710357 2.4599684124032137
Melhor da geracao 27426: reg(27426) = 3560.98534208911 17.455759781925735
Melhor da geracao 27460: reg(27460) = 3552.8954635173827 8.08987857172724
Melhor da geracao 27617: reg(27617) = 3546.6042245037074 6.291239013675295
Melhor da geracao 28491: reg(28491) = 3538.7715047014353 7.832719802272095
Melhor da geracao 28801: reg(28801) = 3535.9481879370583 2.8233167643770685
Melhor da geracao 28937: reg(28937) = 3526.8582423763664 9.089945560691831
Melhor da geracao 29011: reg(29011) = 3496.4443632096268 30.41387916673966
Melhor da geracao 29031: reg(29031) = 3439.953238420705 56.49112478892175
Melhor da geracao 29382: reg(29382) = 3438.319772365567 1.6334660551378875
Melhor da geracao 29503: reg(29503) = 3426.7795078530216 11.540264512545491
Melhor da geracao 29843: reg(29843) = 3424.8423091538275 1.9371986991941412
Melhor da geracao 29868: reg(29868) = 3401.658721926624 23.18358722720359
Melhor da geracao 30257: reg(30257) = 3381.797419311237 19.861302615387103
Melhor da geracao 30692: reg(30692) = 3378.119890029915 3.6775292813217675
Melhor da geracao 31274: reg(31274) = 3370.2888512172462 7.831038812668794
Melhor da geracao 31358: reg(31358) = 3367.643903550125 2.6449476671214143
Melhor da geracao 31535: reg(31535) = 3364.7104096003854 2.933493949739386
Melhor da geracao 31732: reg(31732) = 3346.4570497294567 18.25335987092876
Melhor da geracao 31832: reg(31832) = 3321.765880124824 24.691169604632705
Melhor da geracao 32153: reg(32153) = 3238.5616770850415 83.20420303978244
Melhor da geracao 32431: reg(32431) = 3192.032597663247 46.52907942179445
Melhor da geracao 32560: reg(32560) = 3186.5861407812313 5.446456882015809
Melhor da geracao 33340: reg(33340) = 3176.3081856837357 10.277955097495578
Melhor da geracao 33950: reg(33950) = 3154.3946471143186 21.913538569417142
Melhor da geracao 34288: reg(34288) = 3153.5616863489863 0.8329607653322455
Melhor da geracao 34699: reg(34699) = 3102.865677492597 50.6960088563892
Melhor da geracao 34891: reg(34891) = 3092.6165355927055 10.249141899891583
Melhor da geracao 35118: reg(35118) = 3080.790343525036 11.82619206766958
Melhor da geracao 35391: reg(35391) = 3079.4026797870324 1.387663738003539
Melhor da geracao 36139: reg(36139) = 3078.300912704603 1.1017670824294328
Melhor da geracao 36519: reg(36519) = 3070.6667039035924 7.634208801010573
Melhor da geracao 36926: reg(36926) = 3043.923465882061 26.743238021531397
Melhor da geracao 37079: reg(37079) = 3040.095235256948 3.828230625113065
Melhor da geracao 37690: reg(37690) = 3037.9840049136387 2.1112303433092166
Melhor da geracao 37966: reg(37966) = 3032.610233864892 5.373771048746676
Melhor da geracao 37993: reg(37993) = 3020.047540337098 12.562693527794181
Melhor da geracao 38850: reg(38850) = 3013.2450279469545 6.80251239014342
Melhor da geracao 38990: reg(38990) = 3011.253312271538 1.9917156754163443
Melhor da geracao 39386: reg(39386) = 3011.196738499459 0.05657377207899117
Melhor da geracao 39873: reg(39873) = 3010.066233304868 1.1305051945910236
Melhor da geracao 40045: reg(40045) = 2988.393521767231 21.672711537637042
Melhor da geracao 40173: reg(40173) = 2978.4494927959363 9.944028971294756
Melhor da geracao 40220: reg(40220) = 2977.4150958548603 1.034396941076011
Melhor da geracao 40256: reg(40256) = 2975.883376946273 1.5317189085872087
Melhor da geracao 41727: reg(41727) = 2974.3356504263324 1.5477265199406247
Melhor da geracao 41953: reg(41953) = 2960.2620907169035 14.073559709428991
Melhor da geracao 43325: reg(43325) = 2956.2677737118497 3.9943170050537447
Melhor da geracao 43365: reg(43365) = 2953.509426387281 2.7583473245686037
Melhor da geracao 43539: reg(43539) = 2953.2804783183233 0.22894806895783404
Melhor da geracao 44782: reg(44782) = 2936.25802048581 17.022457832513282
Melhor da geracao 45229: reg(45229) = 2930.080643771547 6.177376714263119
Melhor da geracao 45334: reg(45334) = 2895.578242014061 34.50240175748604
Melhor da geracao 45393: reg(45393) = 2886.99008466222 8.588157351840891
Melhor da geracao 45460: reg(45460) = 2850.3781850469977 36.61189961522223
Melhor da geracao 46568: reg(46568) = 2788.1076193617982 62.27056568519947
Melhor da geracao 46579: reg(46579) = 2778.4572290406904 9.650390321107807
Melhor da geracao 46820: reg(46820) = 2746.4173201710264 32.03990886966403
Melhor da geracao 47061: reg(47061) = 2723.6400031735434 22.777316997483013
Melhor da geracao 47099: reg(47099) = 2711.5391466382125 12.100856535330877
Melhor da geracao 47151: reg(47151) = 2708.885973425592 2.653173212620459
Melhor da geracao 47455: reg(47455) = 2705.904172757235 2.9818006683572094
Melhor da geracao 47675: reg(47675) = 2703.0848012395763 2.81937151765851
Melhor da geracao 47848: reg(47848) = 2692.813067854253 10.271733385323387
Melhor da geracao 48032: reg(48032) = 2692.468462956741 0.3446048975119993
Melhor da geracao 48331: reg(48331) = 2682.0517114407226 10.416751516018394
Melhor da geracao 48372: reg(48372) = 2681.463521978921 0.5881894618014485
Melhor da geracao 48408: reg(48408) = 2680.0899560544285 1.3735659244925955
Melhor da geracao 48816: reg(48816) = 2654.7215435230987 25.368412531329795
Melhor da geracao 48935: reg(48935) = 2646.7915037273146 7.930039795784069
Melhor da geracao 49802: reg(49802) = 2644.5593719929298 2.232131734384893
Melhor da geracao 50095: reg(50095) = 2642.772400916503 1.7869710764266529
Melhor da geracao 50339: reg(50339) = 2633.259596794976 9.512804121527097
Melhor da geracao 50375: reg(50375) = 2629.472130180254 3.7874666147217795
Melhor da geracao 50834: reg(50834) = 2628.6256252490525 0.8465049312017072
Melhor da geracao 51017: reg(51017) = 2600.4777915321274 28.147833716925106
Melhor da geracao 51339: reg(51339) = 2582.31764367965 18.16014785247762
Melhor da geracao 51504: reg(51504) = 2580.300968842111 2.0166748375386305
Melhor da geracao 51663: reg(51663) = 2572.0049414819637 8.296027360147491
Melhor da geracao 51899: reg(51899) = 2570.5709590590704 1.433982422893223
Melhor da geracao 52215: reg(52215) = 2564.7655464566446 5.805412602425804
Melhor da geracao 52407: reg(52407) = 2556.688414938501 8.077131518143688
Melhor da geracao 52779: reg(52779) = 2551.829303529929 4.859111408572062
Melhor da geracao 52920: reg(52920) = 2551.6215442422454 0.2077592876835297
Melhor da geracao 52988: reg(52988) = 2543.7782896771296 7.843254565115785
Melhor da geracao 53001: reg(53001) = 2538.745521691732 5.032767985397641
Melhor da geracao 53018: reg(53018) = 2534.6360316707915 4.109490020940484
Melhor da geracao 53192: reg(53192) = 2522.552057145762 12.08397452502959
Melhor da geracao 53265: reg(53265) = 2517.1511344731302 5.400922672631623
Melhor da geracao 53271: reg(53271) = 2512.0514493351047 5.099685138025507
Melhor da geracao 53370: reg(53370) = 2499.9866399122157 12.064809422889084
Melhor da geracao 53374: reg(53374) = 2456.9297734771058 43.056866435109896
Melhor da geracao 53612: reg(53612) = 2447.991893511541 8.937879965564662
Melhor da geracao 53677: reg(53677) = 2447.859562747061 0.13233076448022985
Melhor da geracao 54066: reg(54066) = 2438.759257487661 9.100305259399647
Melhor da geracao 54360: reg(54360) = 2438.0743841308235 0.6848733568376701
Melhor da geracao 54401: reg(54401) = 2437.7026050371755 0.37177909364800144
Melhor da geracao 54724: reg(54724) = 2436.6810270768588 1.0215779603167903
Melhor da geracao 56420: reg(56420) = 2432.3383141163044 4.342712960554309
Melhor da geracao 56434: reg(56434) = 2427.516967062657 4.821347053647514
Melhor da geracao 57130: reg(57130) = 2427.512502744789 0.0044643178680416895
Melhor da geracao 57850: reg(57850) = 2405.307054030917 22.2054487138721
Melhor da geracao 58222: reg(58222) = 2401.012060419462 4.294993611454629
Melhor da geracao 58660: reg(58660) = 2365.3831338279606 35.62892659150157
Melhor da geracao 59033: reg(59033) = 2364.993929918167 0.3892039097936504
Melhor da geracao 59400: reg(59400) = 2364.9852452734194 0.008684644747518178
Melhor da geracao 59553: reg(59553) = 2362.522597938726 2.462647334693429
Melhor da geracao 59592: reg(59592) = 2362.0024279499876 0.5201699887384166
Melhor da geracao 59603: reg(59603) = 2355.573756830187 6.428671119800583
Melhor da geracao 59992: reg(59992) = 2355.2050941690754 0.3686626611115571
Melhor da geracao 60241: reg(60241) = 2320.8330208421326 34.37207332694288
Melhor da geracao 60798: reg(60798) = 2320.468720812583 0.36430002954966767
Melhor da geracao 60865: reg(60865) = 2317.298102312848 3.170618499734701
Melhor da geracao 61812: reg(61812) = 2293.575463148266 23.722639164582233
Melhor da geracao 61869: reg(61869) = 2292.8797779000333 0.6956852482326212
Melhor da geracao 62042: reg(62042) = 2292.3485955615674 0.5311823384658965
Melhor da geracao 62219: reg(62219) = 2289.8286922807633 2.519903280804101
Melhor da geracao 62638: reg(62638) = 2264.3569746864655 25.471717594297843
Melhor da geracao 63290: reg(63290) = 2258.1220910591574 6.234883627308136
Melhor da geracao 63434: reg(63434) = 2244.1175968613757 14.004494197781696
Melhor da geracao 63560: reg(63560) = 2242.760453045157 1.3571438162184677
Melhor da geracao 63574: reg(63574) = 2241.0341688861195 1.726284159037732
Melhor da geracao 65206: reg(65206) = 2232.8507968513914 8.183372034728109
Melhor da geracao 65741: reg(65741) = 2213.9035360786525 18.9472607727389
Melhor da geracao 65766: reg(65766) = 2212.0941345574 1.8094015212523118
Melhor da geracao 66397: reg(66397) = 2211.478081786211 0.6160527711890609
Melhor da geracao 66867: reg(66867) = 2210.9764161381977 0.5016656480133861
Melhor da geracao 67145: reg(67145) = 2204.36113239523 6.6152837429676765
Melhor da geracao 67492: reg(67492) = 2183.256725582282 21.104406812948127
Melhor da geracao 68558: reg(68558) = 2177.94453494594 5.312190636341711
Melhor da geracao 68567: reg(68567) = 2171.4865304139607 6.458004531979441
Melhor da geracao 68782: reg(68782) = 2166.0146054479956 5.471924965965172
Melhor da geracao 69841: reg(69841) = 2162.9759251716628 3.038680276332798
Melhor da geracao 70035: reg(70035) = 2154.379440213765 8.596484957897701
Melhor da geracao 70193: reg(70193) = 2154.1306178442305 0.24882236953453685
Melhor da geracao 71620: reg(71620) = 2148.9656766729586 5.164941171271948
Melhor da geracao 71621: reg(71621) = 2147.988056837503 0.9776198354556982
Melhor da geracao 71784: reg(71784) = 2143.828290359065 4.159766478438087
Melhor da geracao 72043: reg(72043) = 2129.598588253976 14.229702105089018
Melhor da geracao 72280: reg(72280) = 2126.554247197814 3.0443410561615565
Melhor da geracao 72673: reg(72673) = 2111.954504766118 14.599742431696086
Melhor da geracao 72840: reg(72840) = 2105.803677565783 6.150827200335243
Melhor da geracao 73159: reg(73159) = 2095.1125067789526 10.691170786830298
Melhor da geracao 74483: reg(74483) = 2094.933207835396 0.17929894355665965
Melhor da geracao 74867: reg(74867) = 2094.8335525719262 0.09965526346968545
Melhor da geracao 74965: reg(74965) = 2089.8606573038705 4.972895268055709
Melhor da geracao 75076: reg(75076) = 2089.833460712245 0.02719659162539756
Melhor da geracao 75651: reg(75651) = 2089.1366649106567 0.6967958015884506
Melhor da geracao 76585: reg(76585) = 2085.5253188327642 3.611346077892449
Melhor da geracao 76695: reg(76695) = 2085.1943484849753 0.3309703477889343
Melhor da geracao 77278: reg(77278) = 2064.9368910842027 20.257457400772637
Melhor da geracao 78527: reg(78527) = 2064.1251266931404 0.8117643910622974
Melhor da geracao 78586: reg(78586) = 2064.116705224732 0.008421468408414512
Melhor da geracao 79963: reg(79963) = 2061.6762720497186 2.440433175013368
Melhor da geracao 80873: reg(80873) = 2053.6332559971793 8.043016052539315
Melhor da geracao 81815: reg(81815) = 2052.3616556740158 1.2716003231635113
Melhor da geracao 82063: reg(82063) = 2051.7411644927415 0.6204911812742466
Melhor da geracao 82546: reg(82546) = 2041.4238029509568 10.317361541784749
Melhor da geracao 83362: reg(83362) = 2040.8908078029108 0.532995148045984
Melhor da geracao 83465: reg(83465) = 2037.9374899916081 2.953317811302668
Melhor da geracao 84368: reg(84368) = 2036.9237113988383 1.0137785927697678
Melhor da geracao 84932: reg(84932) = 2023.8428589584335 13.080852440404897
Melhor da geracao 86042: reg(86042) = 2021.854729673184 1.9881292852494425
Melhor da geracao 86328: reg(86328) = 2020.3928037130215 1.461925960162489
Melhor da geracao 86490: reg(86490) = 2011.060610939333 9.332192773688575
Melhor da geracao 86669: reg(86669) = 2004.7180581187351 6.342552820597803
Melhor da geracao 87531: reg(87531) = 1996.212663921206 8.505394197529085
Melhor da geracao 87755: reg(87755) = 1980.9363721893003 15.276291731905758
Melhor da geracao 88005: reg(88005) = 1979.6829189526175 1.2534532366828444
RUN GA_71s__0t0 1/1: Menor  custo  final é 1979.6829189526175
---02/12 18:51:33-----------------------------------------------------
reg(objetivo): 1979.6829189526175
RMSE: 416.1117276956437
MAE: 22.38431319135303
GEH: 4.111634099229146
pGEH5: 0.7323943661971831
R2Links: 0.9232804256627929
R2Odm: 0.22608871819212406
------------------------------------------------------ ´idBest=15

ALERT: Salvando última MOD resposta. Não a melhor.
Fitness final (reg) = 1979.6829189526175
