--candidateId=21
--directory=C:\Users\Pc\Desktop\irace2018\irace\execDir
--algorithm=GA
--fitnessFunction=reg
--populationSize=73
--crossoverProbability=0.805
--mutationProbability=0.019
--selectionGA=5-tournament
--crossoverGA=singlepoint
--mutationGA=MaxEquals1500Uniform
--generationReplacement=SteadyState
02/12, 18:51:33
[HookRun] Parameters used:
--directory=execDir
--algorithm=GA
--selectionGA=5-tournament
--crossoverGA=singlepoint
--mutationGA=MaxEquals1500Uniform
--elitistRateGA=0.0
--fitnessFunction=reg
--candidateId=21
--populationSize=73
--maxEvaluations=0
--crossoverProbability=0.805
--mutationProbability=0.019
--generationReplacement=SteadyState

Teste Curitiba!
OK: Recuperou objeto ODMatrix de 'cwb odmatrix.dat'!

OK: Recuperou objeto VirtualSensors de 'cwb virt sen.dat'!

OK: Mudando teste para rede fechada...
ATENCAO: arestasSensor reduzidas para 71, por ser numero maximo de sensores da rede cadastrada.
PROC: Preparando para iniciar GA_71s__0t0... 02/12, 18:51:33
ERROR: Não há registros de viagens para recuperar! (ODmatrix.calcMatrixClust)
INFO: Return antecipado, n=arestasSensorGAMM=71 e t=tempoPrioriGAMM=0; mov.lenght=71 (VirtualSensors.gerArestaMaisMovimentadasIndex)
INFO: descobrirODparIndArestaMaisMov = 1074 casos! - 191/900 pares O-D cobertos
INFO: Existem 1073 relações Prob_OD_aresta!
OK: Iniciando GA _Alterado_ com 1 runs! Population size: 73
Generations: 82190
OD =900
Sensores=71
GA_71s__0t0; 02/12, 18:51:33
RUN GA_71s__0t0 1/1: Menor custo inicial é 23323.31068982719(RMSE: 402.39174651944205; MAE: 21.49640549087535; GEH: 13.807270062610213) id do melhor indivíduo=5
Melhor da geracao 58: reg(58) = 19827.660651431434 3495.6500383957573
Melhor da geracao 65: reg(65) = 19751.13130380561 76.529347625823
Melhor da geracao 110: reg(110) = 19727.289605205962 23.841698599648225
Melhor da geracao 143: reg(143) = 19075.815093812926 651.4745113930367
Melhor da geracao 155: reg(155) = 19066.741476303367 9.073617509558972
Melhor da geracao 189: reg(189) = 18092.063830707517 974.6776455958498
Melhor da geracao 261: reg(261) = 17460.04664668493 632.0171840225885
Melhor da geracao 283: reg(283) = 17062.597872442067 397.44877424286096
Melhor da geracao 295: reg(295) = 17016.026015286167 46.57185715590094
Melhor da geracao 304: reg(304) = 16075.850082554161 940.1759327320051
Melhor da geracao 395: reg(395) = 15947.370795876874 128.47928667728775
Melhor da geracao 437: reg(437) = 15762.960934410145 184.40986146672913
Melhor da geracao 451: reg(451) = 15203.523951392592 559.4369830175528
Melhor da geracao 567: reg(567) = 15098.81352290817 104.71042848442085
Melhor da geracao 606: reg(606) = 15028.756444660265 70.05707824790625
Melhor da geracao 656: reg(656) = 14849.136837523429 179.61960713683584
Melhor da geracao 684: reg(684) = 14713.726104358739 135.4107331646901
Melhor da geracao 799: reg(799) = 13611.756507292936 1101.969597065803
Melhor da geracao 1131: reg(1131) = 12643.410664363568 968.3458429293678
Melhor da geracao 1154: reg(1154) = 12046.211455180046 597.1992091835218
Melhor da geracao 1228: reg(1228) = 12017.339196946235 28.8722582338105
Melhor da geracao 1265: reg(1265) = 11957.983892152164 59.355304794071344
Melhor da geracao 1322: reg(1322) = 11948.219980207918 9.763911944246502
Melhor da geracao 1354: reg(1354) = 11724.935504803028 223.28447540488924
Melhor da geracao 1364: reg(1364) = 11551.754912506489 173.18059229653954
Melhor da geracao 1402: reg(1402) = 11046.981728335626 504.7731841708628
Melhor da geracao 1611: reg(1611) = 10304.96084625449 742.0208820811367
Melhor da geracao 1843: reg(1843) = 9936.48568056893 368.47516568555875
Melhor da geracao 2143: reg(2143) = 9666.092768898632 270.3929116702984
Melhor da geracao 2218: reg(2218) = 8884.16351765574 781.9292512428929
Melhor da geracao 2522: reg(2522) = 8861.114625029226 23.048892626513407
Melhor da geracao 2598: reg(2598) = 8670.66366810389 190.45095692533505
Melhor da geracao 2915: reg(2915) = 8601.931198767443 68.73246933644805
Melhor da geracao 3155: reg(3155) = 8200.24491061982 401.6862881476227
Melhor da geracao 3610: reg(3610) = 7953.595755694728 246.64915492509226
Melhor da geracao 3791: reg(3791) = 7775.805535506174 177.79022018855358
Melhor da geracao 3827: reg(3827) = 7736.924461798025 38.881073708149415
Melhor da geracao 3880: reg(3880) = 7650.848087421494 86.07637437653102
Melhor da geracao 3885: reg(3885) = 7591.878353260624 58.96973416086985
Melhor da geracao 3927: reg(3927) = 7589.093447354729 2.784905905895357
Melhor da geracao 4162: reg(4162) = 7313.723286583085 275.3701607716439
Melhor da geracao 4367: reg(4367) = 7313.202993228342 0.5202933547425346
Melhor da geracao 4464: reg(4464) = 7062.833608162828 250.3693850655145
Melhor da geracao 4565: reg(4565) = 7057.536296912938 5.29731124988939
Melhor da geracao 4740: reg(4740) = 7005.174478443056 52.361818469882564
Melhor da geracao 4766: reg(4766) = 6968.971435646525 36.20304279653101
Melhor da geracao 4905: reg(4905) = 6852.255637821959 116.71579782456593
Melhor da geracao 4980: reg(4980) = 6789.77550094808 62.48013687387902
Melhor da geracao 4998: reg(4998) = 6784.951139027239 4.824361920840602
Melhor da geracao 5136: reg(5136) = 6729.1486255791815 55.80251344805765
Melhor da geracao 5334: reg(5334) = 6705.475265416162 23.673360163019424
Melhor da geracao 5581: reg(5581) = 6682.810422252738 22.66484316342394
Melhor da geracao 5656: reg(5656) = 6601.992077177125 80.81834507561325
Melhor da geracao 5736: reg(5736) = 6592.6433387805055 9.34873839661941
Melhor da geracao 5904: reg(5904) = 6584.33006094945 8.31327783105553
Melhor da geracao 6187: reg(6187) = 6546.600450047484 37.729610901966225
Melhor da geracao 6261: reg(6261) = 6546.049749196193 0.5507008512904576
Melhor da geracao 6312: reg(6312) = 6484.174534880187 61.87521431600635
Melhor da geracao 6473: reg(6473) = 6471.9056894039795 12.268845476207389
Melhor da geracao 6662: reg(6662) = 6443.152784482095 28.752904921884692
Melhor da geracao 6883: reg(6883) = 6418.2197600399295 24.933024442165333
Melhor da geracao 6969: reg(6969) = 6339.87947612386 78.3402839160699
Melhor da geracao 7324: reg(7324) = 6330.3312623986785 9.548213725181085
Melhor da geracao 7633: reg(7633) = 6298.799695247898 31.531567150780575
Melhor da geracao 7674: reg(7674) = 6276.144734301567 22.654960946330903
Melhor da geracao 7782: reg(7782) = 6257.777944849805 18.366789451762088
Melhor da geracao 7832: reg(7832) = 6257.733497372138 0.044447477666835766
Melhor da geracao 7863: reg(7863) = 6243.367646479458 14.3658508926801
Melhor da geracao 7873: reg(7873) = 6236.56214134029 6.805505139168417
Melhor da geracao 7948: reg(7948) = 6191.598558702147 44.963582638142725
Melhor da geracao 8014: reg(8014) = 6129.112370336189 62.48618836595779
Melhor da geracao 8376: reg(8376) = 6029.848674011971 99.26369632421847
Melhor da geracao 8432: reg(8432) = 6024.786099207816 5.062574804154792
Melhor da geracao 8541: reg(8541) = 6024.16317042157 0.6229287862461206
Melhor da geracao 8589: reg(8589) = 5999.450702893047 24.71246752852312
Melhor da geracao 8791: reg(8791) = 5998.222747699926 1.2279551931205788
Melhor da geracao 8960: reg(8960) = 5895.369777955472 102.85296974445373
Melhor da geracao 9052: reg(9052) = 5808.415551863945 86.95422609152683
Melhor da geracao 9430: reg(9430) = 5786.862381090777 21.55317077316886
Melhor da geracao 9496: reg(9496) = 5708.672310461058 78.19007062971832
Melhor da geracao 9737: reg(9737) = 5604.0858428077245 104.58646765333378
Melhor da geracao 9828: reg(9828) = 5562.9721998815585 41.113642926165994
Melhor da geracao 9884: reg(9884) = 5520.2483088878025 42.72389099375596
Melhor da geracao 10058: reg(10058) = 5481.399115718105 38.84919316969717
Melhor da geracao 10069: reg(10069) = 5388.6886930282 92.7104226899055
Melhor da geracao 10080: reg(10080) = 5388.235684238832 0.45300878936814115
Melhor da geracao 10310: reg(10310) = 5317.565000247956 70.67068399087566
Melhor da geracao 10643: reg(10643) = 5303.681280977869 13.883719270086658
Melhor da geracao 10779: reg(10779) = 5280.265712782082 23.415568195787273
Melhor da geracao 10867: reg(10867) = 5254.826122141128 25.43959064095452
Melhor da geracao 10949: reg(10949) = 5223.793985186371 31.032136954756425
Melhor da geracao 11414: reg(11414) = 5148.8863253653635 74.90765982100766
Melhor da geracao 11973: reg(11973) = 5148.579874158181 0.30645120718236285
Melhor da geracao 12265: reg(12265) = 5122.479233686325 26.100640471856423
Melhor da geracao 12372: reg(12372) = 5097.478889952329 25.000343733995578
Melhor da geracao 12630: reg(12630) = 5094.197199101307 3.2816908510221765
Melhor da geracao 12667: reg(12667) = 5008.757266103224 85.43993299808335
Melhor da geracao 12770: reg(12770) = 5002.176333483614 6.580932619609484
Melhor da geracao 12926: reg(12926) = 4960.169483258729 42.006850224885056
Melhor da geracao 12943: reg(12943) = 4946.38204859439 13.787434664339344
Melhor da geracao 13316: reg(13316) = 4925.064291039902 21.317757554487798
Melhor da geracao 13428: reg(13428) = 4902.131850835133 22.93244020476868
Melhor da geracao 13817: reg(13817) = 4866.910822284909 35.22102855022422
Melhor da geracao 13837: reg(13837) = 4851.698534241309 15.212288043599983
Melhor da geracao 13886: reg(13886) = 4786.154253676822 65.54428056448705
Melhor da geracao 14191: reg(14191) = 4757.67296607921 28.48128759761221
Melhor da geracao 14631: reg(14631) = 4749.724636216981 7.948329862229002
Melhor da geracao 14847: reg(14847) = 4749.165074325185 0.5595618917959655
Melhor da geracao 14935: reg(14935) = 4733.871449140893 15.293625184292068
Melhor da geracao 15062: reg(15062) = 4714.230027963752 19.641421177140728
Melhor da geracao 15381: reg(15381) = 4708.87523650049 5.35479146326179
Melhor da geracao 15442: reg(15442) = 4691.270835293647 17.60440120684325
Melhor da geracao 15449: reg(15449) = 4686.355970425167 4.914864868480436
Melhor da geracao 15491: reg(15491) = 4686.128758044843 0.2272123803231807
Melhor da geracao 15620: reg(15620) = 4536.93187065205 149.19688739279354
Melhor da geracao 15737: reg(15737) = 4535.581361429704 1.3505092223458632
Melhor da geracao 16148: reg(16148) = 4513.55597599444 22.02538543526407
Melhor da geracao 16338: reg(16338) = 4495.2319482084495 18.324027785990438
Melhor da geracao 16381: reg(16381) = 4479.34210726426 15.889840944189018
Melhor da geracao 16451: reg(16451) = 4461.685788763152 17.656318501108217
Melhor da geracao 16767: reg(16767) = 4443.401380417626 18.284408345526572
Melhor da geracao 16966: reg(16966) = 4418.65178323118 24.7495971864455
Melhor da geracao 17327: reg(17327) = 4416.647795771782 2.0039874593985587
Melhor da geracao 17345: reg(17345) = 4326.019038179969 90.62875759181225
Melhor da geracao 17731: reg(17731) = 4320.252951805791 5.766086374178485
Melhor da geracao 18109: reg(18109) = 4308.52902554437 11.723926261421184
Melhor da geracao 18178: reg(18178) = 4297.342320467253 11.18670507711704
Melhor da geracao 18573: reg(18573) = 4272.639171466467 24.703149000785743
Melhor da geracao 18663: reg(18663) = 4241.396654303322 31.24251716314484
Melhor da geracao 18853: reg(18853) = 4232.608357155511 8.788297147811136
Melhor da geracao 19007: reg(19007) = 4211.783298207313 20.825058948197693
Melhor da geracao 19357: reg(19357) = 4191.044967553476 20.738330653836783
Melhor da geracao 19619: reg(19619) = 4173.804772944759 17.240194608717502
Melhor da geracao 19710: reg(19710) = 4140.229112755088 33.575660189671
Melhor da geracao 19895: reg(19895) = 4119.846972647646 20.382140107441955
Melhor da geracao 19926: reg(19926) = 4084.8475482287895 34.999424418856506
Melhor da geracao 20241: reg(20241) = 4073.352959337376 11.494588891413514
Melhor da geracao 20313: reg(20313) = 4072.3510631207755 1.0018962166004712
Melhor da geracao 20400: reg(20400) = 4062.1996744100893 10.151388710686206
Melhor da geracao 20644: reg(20644) = 4053.633692577659 8.565981832430225
Melhor da geracao 20666: reg(20666) = 4049.8487002572965 3.784992320362562
Melhor da geracao 20743: reg(20743) = 4047.6936232315916 2.1550770257049408
Melhor da geracao 21234: reg(21234) = 3941.9357732125354 105.75785001905615
Melhor da geracao 21321: reg(21321) = 3937.9674461006225 3.968327111912913
Melhor da geracao 21767: reg(21767) = 3936.0894770585023 1.877969042120185
Melhor da geracao 21817: reg(21817) = 3917.164441791962 18.925035266540362
Melhor da geracao 21827: reg(21827) = 3865.7091363865316 51.45530540543041
Melhor da geracao 22110: reg(22110) = 3843.3976421133425 22.311494273189055
Melhor da geracao 22507: reg(22507) = 3823.543009711304 19.854632402038533
Melhor da geracao 22899: reg(22899) = 3808.9122262693386 14.630783441965377
Melhor da geracao 22976: reg(22976) = 3797.746783757711 11.165442511627589
Melhor da geracao 23461: reg(23461) = 3796.072006388457 1.674777369254116
Melhor da geracao 23523: reg(23523) = 3774.1349537713218 21.937052617135123
Melhor da geracao 23576: reg(23576) = 3770.8365517995226 3.298401971799194
Melhor da geracao 23884: reg(23884) = 3755.5548101520485 15.281741647474064
Melhor da geracao 24225: reg(24225) = 3748.427058669938 7.127751482110398
Melhor da geracao 24291: reg(24291) = 3733.7895760602837 14.637482609654398
Melhor da geracao 24331: reg(24331) = 3731.9110556495334 1.8785204107502977
Melhor da geracao 24379: reg(24379) = 3687.0198013786785 44.891254270854915
Melhor da geracao 24561: reg(24561) = 3682.2565598549922 4.763241523686247
Melhor da geracao 24771: reg(24771) = 3653.8838957736425 28.37266408134974
Melhor da geracao 24997: reg(24997) = 3652.196453785929 1.6874419877135551
Melhor da geracao 25328: reg(25328) = 3619.0656305374996 33.13082324842935
Melhor da geracao 25736: reg(25736) = 3549.8333730839063 69.23225745359332
Melhor da geracao 25844: reg(25844) = 3530.6315749522346 19.201798131671694
Melhor da geracao 26342: reg(26342) = 3497.0196593905744 33.611915561660226
Melhor da geracao 26614: reg(26614) = 3444.411539736771 52.60811965380344
Melhor da geracao 26922: reg(26922) = 3443.965834465227 0.44570527154382944
Melhor da geracao 26951: reg(26951) = 3443.9537169223813 0.012117542845771823
Melhor da geracao 26999: reg(26999) = 3437.778397984506 6.175318937875545
Melhor da geracao 27086: reg(27086) = 3380.784508702669 56.9938892818368
Melhor da geracao 27608: reg(27608) = 3369.4221878623803 11.362320840288703
Melhor da geracao 27718: reg(27718) = 3366.299094966285 3.123092896095386
Melhor da geracao 27977: reg(27977) = 3352.0488298834775 14.250265082807346
Melhor da geracao 27990: reg(27990) = 3348.3489972701905 3.6998326132870716
Melhor da geracao 28513: reg(28513) = 3315.1083413716306 33.24065589855991
Melhor da geracao 28796: reg(28796) = 3313.4598389262783 1.6485024453522783
Melhor da geracao 28872: reg(28872) = 3308.357905316911 5.101933609367279
Melhor da geracao 29028: reg(29028) = 3288.3684549271043 19.989450389806734
Melhor da geracao 29129: reg(29129) = 3287.063644567795 1.3048103593091582
Melhor da geracao 29638: reg(29638) = 3286.498189077464 0.5654554903312601
Melhor da geracao 29642: reg(29642) = 3254.7839462874654 31.71424278999848
Melhor da geracao 29663: reg(29663) = 3212.405691069097 42.378255218368395
Melhor da geracao 29982: reg(29982) = 3211.67327504171 0.7324160273869893
Melhor da geracao 30000: reg(30000) = 3210.997925697141 0.6753493445689855
Melhor da geracao 30036: reg(30036) = 3187.7065700339886 23.291355663152444
Melhor da geracao 30203: reg(30203) = 3186.7125955460297 0.9939744879588943
Melhor da geracao 30736: reg(30736) = 3177.544776223014 9.167819323015465
Melhor da geracao 30895: reg(30895) = 3166.781481430954 10.763294792060151
Melhor da geracao 30939: reg(30939) = 3153.259446071903 13.522035359051188
Melhor da geracao 31248: reg(31248) = 3143.4741928258427 9.785253246060165
Melhor da geracao 31618: reg(31618) = 3139.885540083816 3.5886527420266248
Melhor da geracao 31697: reg(31697) = 3139.0002915187197 0.8852485650963899
Melhor da geracao 31889: reg(31889) = 3134.9793263682523 4.020965150467418
Melhor da geracao 31905: reg(31905) = 3129.681774399527 5.297551968725202
Melhor da geracao 32024: reg(32024) = 3113.6599044905156 16.021869909011457
Melhor da geracao 32215: reg(32215) = 3113.286530159166 0.3733743313496234
Melhor da geracao 32729: reg(32729) = 3075.488171715088 37.798358444078076
Melhor da geracao 32767: reg(32767) = 3075.1147973837383 0.3733743313496234
Melhor da geracao 33103: reg(33103) = 3034.026744862028 41.088052521710324
Melhor da geracao 33154: reg(33154) = 3020.0421037330525 13.984641128975454
Melhor da geracao 33673: reg(33673) = 3018.964305902752 1.0777978303003692
Melhor da geracao 33998: reg(33998) = 3017.6178788379766 1.3464270647755257
Melhor da geracao 34107: reg(34107) = 3017.002159302084 0.615719535892822
Melhor da geracao 34240: reg(34240) = 3015.987784748836 1.0143745532477624
Melhor da geracao 34270: reg(34270) = 3010.0623751690537 5.925409579782354
Melhor da geracao 34316: reg(34316) = 2999.04663398895 11.01574118010376
Melhor da geracao 34769: reg(34769) = 2994.449701513515 4.596932475435096
Melhor da geracao 35114: reg(35114) = 2994.070574085656 0.379127427858748
Melhor da geracao 35123: reg(35123) = 2993.5147282248727 0.5558458607833927
Melhor da geracao 35132: reg(35132) = 2984.139332907129 9.375395317743823
Melhor da geracao 35148: reg(35148) = 2983.498554050375 0.6407788567539683
Melhor da geracao 35734: reg(35734) = 2943.581007651667 39.917546398708055
Melhor da geracao 36138: reg(36138) = 2942.940228794913 0.6407788567539683
Melhor da geracao 36273: reg(36273) = 2941.1379878755306 1.8022409193822568
Melhor da geracao 36695: reg(36695) = 2925.1370231428427 16.000964732687862
Melhor da geracao 36759: reg(36759) = 2803.939011685126 121.1980114577168
Melhor da geracao 36779: reg(36779) = 2802.1367707657437 1.8022409193822568
Melhor da geracao 37136: reg(37136) = 2797.0509114520028 5.085859313740912
Melhor da geracao 37542: reg(37542) = 2791.21013365906 5.840777792942845
Melhor da geracao 37655: reg(37655) = 2790.5794110171014 0.6307226419585277
Melhor da geracao 37751: reg(37751) = 2788.472423196168 2.1069878209332273
Melhor da geracao 37754: reg(37754) = 2782.887746365925 5.584676830243097
Melhor da geracao 37970: reg(37970) = 2779.6882175624487 3.199528803476369
Melhor da geracao 38485: reg(38485) = 2772.5709054231684 7.11731213928033
Melhor da geracao 38517: reg(38517) = 2767.8047983687325 4.766107054435906
Melhor da geracao 38698: reg(38698) = 2753.3523302774106 14.452468091321862
Melhor da geracao 38769: reg(38769) = 2748.3336655884964 5.018664688914214
Melhor da geracao 38989: reg(38989) = 2740.289113049854 8.044552538642165
Melhor da geracao 39242: reg(39242) = 2727.739089185626 12.550023864228024
Melhor da geracao 39328: reg(39328) = 2726.4446503644604 1.2944388211658406
Melhor da geracao 39613: reg(39613) = 2722.7455227492824 3.6991276151779857
Melhor da geracao 39736: reg(39736) = 2721.404717488348 1.340805260934303
Melhor da geracao 40007: reg(40007) = 2689.321015738248 32.08370175009986
Melhor da geracao 40029: reg(40029) = 2688.027819938937 1.2931957993114338
Melhor da geracao 40105: reg(40105) = 2678.790859369908 9.236960569028724
Melhor da geracao 40561: reg(40561) = 2667.2462114897926 11.544647880115463
Melhor da geracao 40579: reg(40579) = 2647.000267865748 20.245943624044685
Melhor da geracao 40926: reg(40926) = 2644.7330210093746 2.2672468563732764
Melhor da geracao 41055: reg(41055) = 2626.756718351738 17.976302657636552
Melhor da geracao 41204: reg(41204) = 2605.0741303880013 21.68258796373675
Melhor da geracao 41748: reg(41748) = 2600.142783574908 4.931346813093114
Melhor da geracao 41877: reg(41877) = 2599.851537139051 0.2912464358573743
Melhor da geracao 42100: reg(42100) = 2599.618860205667 0.2326769333840275
Melhor da geracao 42239: reg(42239) = 2594.6973119953614 4.9215482103054455
Melhor da geracao 42466: reg(42466) = 2567.559822691295 27.13748930406655
Melhor da geracao 42975: reg(42975) = 2557.0052487660073 10.554573925287514
Melhor da geracao 43202: reg(43202) = 2556.726963191708 0.2782855742993888
Melhor da geracao 43338: reg(43338) = 2493.983453802076 62.74350938963198
Melhor da geracao 44410: reg(44410) = 2451.6741762499228 42.30927755215316
Melhor da geracao 45141: reg(45141) = 2443.3530975797566 8.321078670166116
Melhor da geracao 45359: reg(45359) = 2438.0594010492623 5.293696530494344
Melhor da geracao 46155: reg(46155) = 2431.1126628353345 6.9467382139278016
Melhor da geracao 46458: reg(46458) = 2420.4327303427012 10.67993249263327
Melhor da geracao 46899: reg(46899) = 2412.0856239249633 8.347106417737905
Melhor da geracao 46914: reg(46914) = 2409.0267662942783 3.0588576306849973
Melhor da geracao 47272: reg(47272) = 2408.3878832826836 0.6388830115947712
Melhor da geracao 47313: reg(47313) = 2402.3230873553853 6.064795927298292
Melhor da geracao 47577: reg(47577) = 2385.911340545448 16.411746809937085
Melhor da geracao 47658: reg(47658) = 2377.860504092802 8.050836452646308
Melhor da geracao 47859: reg(47859) = 2376.7876869874644 1.0728171053374354
Melhor da geracao 48144: reg(48144) = 2376.1488039758697 0.6388830115947712
Melhor da geracao 48221: reg(48221) = 2373.917295890208 2.231508085661517
Melhor da geracao 48425: reg(48425) = 2370.420917304913 3.4963785852951332
Melhor da geracao 48490: reg(48490) = 2369.5916936126173 0.8292236922957272
Melhor da geracao 48613: reg(48613) = 2368.097967523224 1.4937260893934763
Melhor da geracao 48668: reg(48668) = 2363.00450356077 5.093463962453825
Melhor da geracao 49463: reg(49463) = 2326.589091007923 36.4154125528471
Melhor da geracao 50238: reg(50238) = 2325.4775162140786 1.1115747938442837
Melhor da geracao 50256: reg(50256) = 2320.616519169063 4.860997045015665
Melhor da geracao 50637: reg(50637) = 2313.6858705300847 6.930648638978255
Melhor da geracao 50733: reg(50733) = 2311.2626255730174 2.4232449570672543
Melhor da geracao 50936: reg(50936) = 2302.4393564910547 8.823269081962735
Melhor da geracao 51183: reg(51183) = 2301.103393811744 1.3359626793107964
Melhor da geracao 51515: reg(51515) = 2299.011385348971 2.09200846277281
Melhor da geracao 51534: reg(51534) = 2295.8747978823103 3.136587466660785
Melhor da geracao 51645: reg(51645) = 2293.914872277263 1.9599256050473741
Melhor da geracao 51860: reg(51860) = 2292.324488982563 1.590383294700132
Melhor da geracao 51870: reg(51870) = 2287.4197681071882 4.904720875374551
Melhor da geracao 52029: reg(52029) = 2285.6600684908494 1.7596996163388212
Melhor da geracao 52342: reg(52342) = 2282.3017477202925 3.3583207705569293
Melhor da geracao 52383: reg(52383) = 2281.2478989683177 1.0538487519747832
Melhor da geracao 52424: reg(52424) = 2272.7928691931957 8.455029775122057
Melhor da geracao 52540: reg(52540) = 2271.2637729751073 1.529096218088398
Melhor da geracao 52584: reg(52584) = 2269.232156390491 2.031616584616131
Melhor da geracao 52753: reg(52753) = 2266.80801655167 2.4241398388212474
Melhor da geracao 52790: reg(52790) = 2266.281444613633 0.5265719380367955
Melhor da geracao 52974: reg(52974) = 2255.6247855221377 10.656659091495385
Melhor da geracao 53437: reg(53437) = 2254.4645789568267 1.1602065653110003
Melhor da geracao 54019: reg(54019) = 2239.3571906131424 15.107388343684306
Melhor da geracao 54791: reg(54791) = 2238.9014160020142 0.4557746111281631
Melhor da geracao 54941: reg(54941) = 2236.433223583274 2.468192418740273
Melhor da geracao 54949: reg(54949) = 2234.9682083800435 1.4650152032304504
Melhor da geracao 55409: reg(55409) = 2232.044241350175 2.923967029868436
Melhor da geracao 56185: reg(56185) = 2231.6696364728473 0.37460487732778347
Melhor da geracao 56312: reg(56312) = 2227.336543487812 4.333092985035364
Melhor da geracao 56699: reg(56699) = 2224.4125764579435 2.923967029868436
Melhor da geracao 57627: reg(57627) = 2217.8272838841117 6.585292573831794
Melhor da geracao 58043: reg(58043) = 2214.9033168542433 2.923967029868436
Melhor da geracao 58088: reg(58088) = 2210.956714693327 3.9466021609164272
Melhor da geracao 58095: reg(58095) = 2209.3743952491077 1.582319444219138
Melhor da geracao 58291: reg(58291) = 2200.2014402397904 9.17295500931732
Melhor da geracao 58547: reg(58547) = 2197.2774732099224 2.923967029867981
Melhor da geracao 58948: reg(58948) = 2185.9881318855587 11.289341324363704
Melhor da geracao 59311: reg(59311) = 2185.716343697461 0.2717881880976165
Melhor da geracao 59406: reg(59406) = 2182.0887580045005 3.627585692960565
Melhor da geracao 59664: reg(59664) = 2174.995297843189 7.093460161311668
Melhor da geracao 60074: reg(60074) = 2172.6944142856705 2.3008835575183184
Melhor da geracao 60204: reg(60204) = 2170.6300738256655 2.0643404600050417
Melhor da geracao 60703: reg(60703) = 2168.3426948757483 2.2873789499171835
Melhor da geracao 61285: reg(61285) = 2153.2458236611 15.096871214648218
Melhor da geracao 61924: reg(61924) = 2152.078264935248 1.1675587258519045
Melhor da geracao 62415: reg(62415) = 2150.855009804318 1.2232551309302835
Melhor da geracao 62471: reg(62471) = 2132.125861714964 18.729148089354112
Melhor da geracao 62589: reg(62589) = 2128.0350207949386 4.09084092002513
Melhor da geracao 63152: reg(63152) = 2120.4171478637295 7.617872931209149
Melhor da geracao 63288: reg(63288) = 2119.705418504872 0.7117293588576104
Melhor da geracao 63703: reg(63703) = 2119.5047430006407 0.2006755042311852
Melhor da geracao 63813: reg(63813) = 2118.228300233082 1.2764427675588195
Melhor da geracao 63937: reg(63937) = 2086.4146450231437 31.813655209938133
Melhor da geracao 63989: reg(63989) = 2076.0841156635825 10.330529359561297
Melhor da geracao 64141: reg(64141) = 2073.8952680329344 2.1888476306480698
Melhor da geracao 64199: reg(64199) = 2068.4662427323738 5.429025300560625
Melhor da geracao 64520: reg(64520) = 2068.1677420380806 0.298500694293125
Melhor da geracao 64525: reg(64525) = 2064.047287825429 4.120454212651566
Melhor da geracao 65012: reg(65012) = 2059.3590482871164 4.6882395383127005
Melhor da geracao 65287: reg(65287) = 2055.7909338752934 3.5681144118229895
Melhor da geracao 66121: reg(66121) = 2042.9647891564655 12.82614471882789
Melhor da geracao 66179: reg(66179) = 2042.363622055963 0.60116710050238
Melhor da geracao 66573: reg(66573) = 2040.0150472906364 2.3485747653267026
Melhor da geracao 66877: reg(66877) = 2032.357165601986 7.657881688650377
Melhor da geracao 66982: reg(66982) = 2012.3692644541422 19.987901147843786
Melhor da geracao 68100: reg(68100) = 1998.6951044119469 13.674160042195354
Melhor da geracao 68855: reg(68855) = 1997.8413163416806 0.8537880702663188
Melhor da geracao 68976: reg(68976) = 1983.0047916613478 14.836524680332786
Melhor da geracao 69900: reg(69900) = 1982.8631734931953 0.1416181681524904
Melhor da geracao 70137: reg(70137) = 1963.8558512243844 19.007322268810867
Melhor da geracao 71167: reg(71167) = 1962.5462237550114 1.3096274693730265
Melhor da geracao 71932: reg(71932) = 1948.3218940684287 14.224329686582678
Melhor da geracao 72821: reg(72821) = 1947.4761216183442 0.8457724500844961
Melhor da geracao 74323: reg(74323) = 1944.4038571232127 3.0722644951315488
Melhor da geracao 74655: reg(74655) = 1940.0251058145552 4.378751308657456
Melhor da geracao 74995: reg(74995) = 1939.4669279510038 0.5581778635514638
Melhor da geracao 75902: reg(75902) = 1938.9496205223543 0.5173074286494739
Melhor da geracao 75908: reg(75908) = 1927.4502156313479 11.499404891006407
Melhor da geracao 76247: reg(76247) = 1926.223096033222 1.2271195981259098
Melhor da geracao 76468: reg(76468) = 1919.9544890135528 6.268607019669162
Melhor da geracao 76708: reg(76708) = 1918.7273694154271 1.2271195981256824
Melhor da geracao 77127: reg(77127) = 1915.3872636283202 3.3401057871069497
Melhor da geracao 78383: reg(78383) = 1914.2976895512504 1.0895740770697557
Melhor da geracao 78386: reg(78386) = 1910.2075757505397 4.0901138007106965
Melhor da geracao 79077: reg(79077) = 1909.4530544659792 0.7545212845604965
Melhor da geracao 79135: reg(79135) = 1898.9669623420257 10.48609212395354
Melhor da geracao 79351: reg(79351) = 1890.2456976562028 8.721264685822916
Melhor da geracao 80076: reg(80076) = 1885.0660097784223 5.179687877780452
Melhor da geracao 80540: reg(80540) = 1871.020979743612 14.045030034810225
Melhor da geracao 80965: reg(80965) = 1869.810307680216 1.2106720633960322
Melhor da geracao 81089: reg(81089) = 1869.3260291694105 0.4842785108055523
Melhor da geracao 81158: reg(81158) = 1868.1153571060145 1.2106720633960322
Melhor da geracao 81401: reg(81401) = 1862.7555299804164 5.359827125598031
Melhor da geracao 81835: reg(81835) = 1861.0232829007064 1.7322470797100777
RUN GA_71s__0t0 1/1: Menor  custo  final é 1861.0232829007064
---02/12 18:52:18-----------------------------------------------------
reg(objetivo): 1861.0232829007064
RMSE: 396.47980696661705
MAE: 22.524437303241417
GEH: 4.026307693727785
pGEH5: 0.7887323943661971
R2Links: 0.9280862415936767
R2Odm: 0.2756830270816461
------------------------------------------------------ ´idBest=24

ALERT: Salvando última MOD resposta. Não a melhor.
Fitness final (reg) = 1861.0232829007064
