--candidateId=23
--directory=C:\Users\Pc\Desktop\irace2018\irace\execDir
--algorithm=GA
--fitnessFunction=reg
--populationSize=42
--crossoverProbability=0.913
--mutationProbability=0.016
--selectionGA=5-tournament
--crossoverGA=intermediate
--mutationGA=MaxEquals1500Uniform
--generationReplacement=Generational
--elitistRateGA=0.189
02/12, 18:53:13
[HookRun] Parameters used:
--directory=execDir
--algorithm=GA
--selectionGA=5-tournament
--crossoverGA=intermediate
--mutationGA=MaxEquals1500Uniform
--elitistRateGA=0.189
--fitnessFunction=reg
--candidateId=23
--populationSize=42
--maxEvaluations=0
--crossoverProbability=0.913
--mutationProbability=0.016
--generationReplacement=Generational

Teste Curitiba!
OK: Recuperou objeto ODMatrix de 'cwb odmatrix.dat'!

OK: Recuperou objeto VirtualSensors de 'cwb virt sen.dat'!

OK: Mudando teste para rede fechada...
ATENCAO: arestasSensor reduzidas para 71, por ser numero maximo de sensores da rede cadastrada.
PROC: Preparando para iniciar GA_71s__0t0... 02/12, 18:53:13
ERROR: Não há registros de viagens para recuperar! (ODmatrix.calcMatrixClust)
INFO: Return antecipado, n=arestasSensorGAMM=71 e t=tempoPrioriGAMM=0; mov.lenght=71 (VirtualSensors.gerArestaMaisMovimentadasIndex)
INFO: descobrirODparIndArestaMaisMov = 1074 casos! - 191/900 pares O-D cobertos
INFO: Existem 1073 relações Prob_OD_aresta!
OK: Iniciando GA _Alterado_ com 1 runs! Population size: 42
Generations: 71428
OD =900
Sensores=71
GA_71s__0t0; 02/12, 18:53:13
RUN GA_71s__0t0 1/1: Menor custo inicial é 24088.73540462782(RMSE: 442.43088353178877; MAE: 24.041290643128047; GEH: 15.631693568653068) id do melhor indivíduo=3
Melhor da geracao 66: reg(66) = 23911.800698082243 176.93470654557677
Melhor da geracao 81: reg(81) = 22783.52175551375 1128.2789425684932
Melhor da geracao 101: reg(101) = 22769.62541564579 13.896339867958886
Melhor da geracao 146: reg(146) = 22354.492287590005 415.1331280557861
Melhor da geracao 154: reg(154) = 22227.945205117605 126.54708247239978
Melhor da geracao 220: reg(220) = 20788.593643497585 1439.3515616200202
Melhor da geracao 350: reg(350) = 20656.86580952074 131.72783397684543
Melhor da geracao 408: reg(408) = 20385.833358370954 271.03245114978563
Melhor da geracao 484: reg(484) = 20356.111748036525 29.721610334428988
Melhor da geracao 559: reg(559) = 20261.244022290957 94.86772574556744
Melhor da geracao 619: reg(619) = 20067.79331404973 193.4507082412274
Melhor da geracao 858: reg(858) = 18856.38229392121 1211.4110201285184
Melhor da geracao 889: reg(889) = 18838.512025744563 17.870268176648096
Melhor da geracao 925: reg(925) = 17876.351734086908 962.1602916576558
Melhor da geracao 980: reg(980) = 17167.128434867962 709.2232992189456
Melhor da geracao 997: reg(997) = 16908.246285525445 258.88214934251664
Melhor da geracao 1106: reg(1106) = 15923.063550899931 985.1827346255141
Melhor da geracao 1127: reg(1127) = 15661.465445138676 261.5981057612553
Melhor da geracao 1157: reg(1157) = 15011.930244870135 649.5352002685413
Melhor da geracao 1184: reg(1184) = 14537.30210926389 474.62813560624454
Melhor da geracao 1212: reg(1212) = 14270.46010047177 266.8420087921204
Melhor da geracao 1254: reg(1254) = 14226.478863955086 43.981236516683566
Melhor da geracao 1314: reg(1314) = 13118.710910380036 1107.7679535750503
Melhor da geracao 1433: reg(1433) = 12716.000743232791 402.71016714724465
Melhor da geracao 1568: reg(1568) = 12482.448162995051 233.55258023773968
Melhor da geracao 1744: reg(1744) = 12185.045897713919 297.4022652811327
Melhor da geracao 1926: reg(1926) = 12041.573450353906 143.47244736001267
Melhor da geracao 2019: reg(2019) = 11154.654199641394 886.9192507125117
Melhor da geracao 2094: reg(2094) = 10603.749544680853 550.9046549605409
Melhor da geracao 2323: reg(2323) = 10571.618632373402 32.13091230745158
Melhor da geracao 2351: reg(2351) = 10267.26858893513 304.3500434382713
Melhor da geracao 2415: reg(2415) = 9836.048118148166 431.22047078696414
Melhor da geracao 2584: reg(2584) = 9786.925672062203 49.12244608596302
Melhor da geracao 2640: reg(2640) = 8914.48535894165 872.4403131205527
Melhor da geracao 2712: reg(2712) = 8487.24782107748 427.23753786417
Melhor da geracao 2842: reg(2842) = 8118.707160662501 368.54066041497936
Melhor da geracao 2853: reg(2853) = 7973.616690337263 145.09047032523813
Melhor da geracao 3146: reg(3146) = 7965.504329068763 8.112361268500536
Melhor da geracao 3220: reg(3220) = 7938.59905799076 26.905271078002443
Melhor da geracao 3322: reg(3322) = 7931.705624167169 6.893433823591295
Melhor da geracao 3389: reg(3389) = 7905.97629536054 25.729328806629383
Melhor da geracao 3466: reg(3466) = 7877.952125877425 28.024169483114747
Melhor da geracao 3559: reg(3559) = 7550.587681031253 327.36444484617186
Melhor da geracao 3676: reg(3676) = 7468.200845478368 82.3868355528848
Melhor da geracao 3695: reg(3695) = 7371.702815895137 96.49802958323107
Melhor da geracao 3936: reg(3936) = 7324.505658149107 47.197157746029916
Melhor da geracao 4312: reg(4312) = 7277.089673372735 47.41598477637217
Melhor da geracao 4384: reg(4384) = 7237.389559678692 39.70011369404256
Melhor da geracao 4603: reg(4603) = 6903.3333842076345 334.05617547105794
Melhor da geracao 5062: reg(5062) = 6900.587260444014 2.7461237636207443
Melhor da geracao 5229: reg(5229) = 6871.065744934348 29.521515509665733
Melhor da geracao 5312: reg(5312) = 6844.940878877963 26.124866056385144
Melhor da geracao 5583: reg(5583) = 6811.197918683685 33.74296019427766
Melhor da geracao 5801: reg(5801) = 6793.404704559953 17.79321412373247
Melhor da geracao 5822: reg(5822) = 6526.17811844594 267.2265861140131
Melhor da geracao 5887: reg(5887) = 6522.271385464649 3.906732981290588
Melhor da geracao 6143: reg(6143) = 6496.10993903727 26.161446427378905
Melhor da geracao 6261: reg(6261) = 6462.8104619130345 33.299477124235636
Melhor da geracao 6356: reg(6356) = 6455.857817204493 6.952644708541811
Melhor da geracao 6361: reg(6361) = 6429.768966239822 26.08885096467111
Melhor da geracao 6601: reg(6601) = 6424.107275433093 5.661690806728984
Melhor da geracao 6666: reg(6666) = 6397.303703641403 26.803571791689137
Melhor da geracao 6916: reg(6916) = 6382.7097582160395 14.593945425363927
Melhor da geracao 6925: reg(6925) = 6372.897780664174 9.811977551865311
Melhor da geracao 7172: reg(7172) = 6357.283112679566 15.614667984607877
Melhor da geracao 7446: reg(7446) = 6175.189013235497 182.0940994440689
Melhor da geracao 7720: reg(7720) = 6146.722097388192 28.466915847305245
Melhor da geracao 7994: reg(7994) = 6108.067659661146 38.65443772704657
Melhor da geracao 8310: reg(8310) = 6099.217622470309 8.850037190836701
Melhor da geracao 8392: reg(8392) = 6093.332817830858 5.884804639450522
Melhor da geracao 8745: reg(8745) = 6040.943401890683 52.38941594017524
Melhor da geracao 8833: reg(8833) = 6024.8216302577475 16.121771632935634
Melhor da geracao 8835: reg(8835) = 6006.627879665052 18.193750592695324
Melhor da geracao 8861: reg(8861) = 5900.616052314773 106.01182735027942
Melhor da geracao 8939: reg(8939) = 5875.992800917364 24.62325139740915
Melhor da geracao 9077: reg(9077) = 5852.329618810694 23.66318210666941
Melhor da geracao 9191: reg(9191) = 5781.306172122364 71.0234466883303
Melhor da geracao 9437: reg(9437) = 5770.74807196549 10.55810015687348
Melhor da geracao 9569: reg(9569) = 5769.720199086413 1.027872879077222
Melhor da geracao 9571: reg(9571) = 5753.147104933147 16.57309415326654
Melhor da geracao 9683: reg(9683) = 5750.886888328791 2.2602166043552643
Melhor da geracao 9900: reg(9900) = 5745.576365527992 5.310522800799845
Melhor da geracao 9910: reg(9910) = 5689.637216700197 55.93914882779427
Melhor da geracao 10015: reg(10015) = 5672.012865764755 17.624350935442635
Melhor da geracao 10072: reg(10072) = 5642.028338171394 29.984527593360326
Melhor da geracao 10143: reg(10143) = 5629.921228000654 12.10711017074027
Melhor da geracao 10392: reg(10392) = 5578.928129372303 50.99309862835071
Melhor da geracao 10617: reg(10617) = 5574.286178887545 4.6419504847581265
Melhor da geracao 10924: reg(10924) = 5537.869436405797 36.41674248174786
Melhor da geracao 10991: reg(10991) = 5506.771432787777 31.09800361802081
Melhor da geracao 11077: reg(11077) = 5500.836959643157 5.934473144619915
Melhor da geracao 11126: reg(11126) = 5366.895447582002 133.94151206115475
Melhor da geracao 11272: reg(11272) = 5357.180359348649 9.715088233352617
Melhor da geracao 11600: reg(11600) = 5354.339455452683 2.840903895966221
Melhor da geracao 11797: reg(11797) = 5348.041178177665 6.298277275018336
Melhor da geracao 11856: reg(11856) = 5337.637501214576 10.403676963088401
Melhor da geracao 11924: reg(11924) = 5329.908802547786 7.7286986667904785
Melhor da geracao 11963: reg(11963) = 5287.895086913692 42.0137156340943
Melhor da geracao 11995: reg(11995) = 5274.148680169848 13.746406743843181
Melhor da geracao 12102: reg(12102) = 5268.851008264146 5.297671905702373
Melhor da geracao 12468: reg(12468) = 4991.38221251574 277.4687957484057
Melhor da geracao 12619: reg(12619) = 4928.384210286909 62.998002228830956
Melhor da geracao 13592: reg(13592) = 4882.298504097307 46.085706189602206
Melhor da geracao 14140: reg(14140) = 4882.198841261317 0.09966283598987502
Melhor da geracao 14142: reg(14142) = 4867.10707233504 15.091768926276927
Melhor da geracao 14478: reg(14478) = 4779.270745043308 87.83632729173223
Melhor da geracao 14680: reg(14680) = 4771.392035529525 7.878709513783178
Melhor da geracao 14834: reg(14834) = 4751.62181473184 19.770220797685397
Melhor da geracao 14960: reg(14960) = 4735.999741573169 15.6220731586709
Melhor da geracao 15008: reg(15008) = 4735.047170239306 0.9525713338625792
Melhor da geracao 15026: reg(15026) = 4693.747216815784 41.29995342352231
Melhor da geracao 15289: reg(15289) = 4663.313991411129 30.433225404654877
Melhor da geracao 15497: reg(15497) = 4662.80926192031 0.5047294908190452
Melhor da geracao 15503: reg(15503) = 4580.311114377841 82.49814754246927
Melhor da geracao 15747: reg(15747) = 4579.923108834455 0.3880055433855887
Melhor da geracao 15803: reg(15803) = 4550.532957827572 29.39015100688266
Melhor da geracao 16125: reg(16125) = 4498.490890468172 52.04206735939988
Melhor da geracao 16918: reg(16918) = 4464.163291195082 34.32759927309053
Melhor da geracao 17218: reg(17218) = 4419.412581470808 44.7507097242742
Melhor da geracao 17409: reg(17409) = 4397.594721459194 21.817860011613448
Melhor da geracao 17436: reg(17436) = 4379.716457089669 17.878264369524913
Melhor da geracao 17774: reg(17774) = 4368.552973119075 11.163483970593916
Melhor da geracao 17892: reg(17892) = 4365.114742672353 3.4382304467226277
Melhor da geracao 18053: reg(18053) = 4217.851112951657 147.26362972069546
Melhor da geracao 18577: reg(18577) = 4209.43569755373 8.415415397927063
Melhor da geracao 18651: reg(18651) = 4172.117665173906 37.31803237982422
Melhor da geracao 18812: reg(18812) = 4170.172592465399 1.9450727085068138
Melhor da geracao 19638: reg(19638) = 4167.050579618144 3.122012847255064
Melhor da geracao 19649: reg(19649) = 4153.455710402225 13.594869215919061
Melhor da geracao 19988: reg(19988) = 4141.131383286752 12.324327115473352
Melhor da geracao 20121: reg(20121) = 4131.246473250466 9.884910036285874
Melhor da geracao 20261: reg(20261) = 4100.1383520718855 31.108121178580404
Melhor da geracao 20538: reg(20538) = 4083.637645286512 16.500706785373495
Melhor da geracao 20738: reg(20738) = 4046.8892231828645 36.7484221036475
Melhor da geracao 20890: reg(20890) = 4043.6131491225747 3.2760740602898295
Melhor da geracao 21448: reg(21448) = 3979.1993343182144 64.4138148043603
Melhor da geracao 21608: reg(21608) = 3964.2476204660575 14.9517138521569
Melhor da geracao 21689: reg(21689) = 3962.389017010589 1.8586034554682556
Melhor da geracao 21725: reg(21725) = 3950.128874405808 12.260142604781322
Melhor da geracao 21737: reg(21737) = 3909.9652225460086 40.1636518597993
Melhor da geracao 21953: reg(21953) = 3860.0603361006524 49.90488644535617
Melhor da geracao 22059: reg(22059) = 3855.2761466084694 4.784189492183032
Melhor da geracao 22191: reg(22191) = 3855.274889504776 0.0012571036932058632
Melhor da geracao 22245: reg(22245) = 3850.976192139048 4.298697365728003
Melhor da geracao 22363: reg(22363) = 3843.3849355955344 7.591256543513737
Melhor da geracao 22934: reg(22934) = 3743.9252745584336 99.45966103710089
Melhor da geracao 23275: reg(23275) = 3736.7690183159148 7.156256242518793
Melhor da geracao 23295: reg(23295) = 3724.4984208961996 12.270597419715159
Melhor da geracao 23550: reg(23550) = 3718.59686917414 5.901551722059594
Melhor da geracao 24160: reg(24160) = 3718.3529174731348 0.2439517010052441
Melhor da geracao 24210: reg(24210) = 3685.3141626334946 33.038754839640205
Melhor da geracao 24217: reg(24217) = 3663.114524417262 22.199638216232415
Melhor da geracao 24477: reg(24477) = 3661.9497855359723 1.1647388812898498
Melhor da geracao 25045: reg(25045) = 3649.315133766656 12.634651769316406
Melhor da geracao 25081: reg(25081) = 3646.213451502755 3.101682263900784
Melhor da geracao 25821: reg(25821) = 3644.0662626308927 2.147188871862454
Melhor da geracao 25998: reg(25998) = 3633.5149429956114 10.551319635281288
Melhor da geracao 26148: reg(26148) = 3581.995747804291 51.51919519132025
Melhor da geracao 26428: reg(26428) = 3552.9789707498117 29.016777054479462
Melhor da geracao 26564: reg(26564) = 3542.0298105222287 10.94916022758298
Melhor da geracao 26667: reg(26667) = 3489.556691299254 52.473119222974674
Melhor da geracao 26728: reg(26728) = 3486.658695747447 2.897995551807071
Melhor da geracao 27365: reg(27365) = 3411.846841274357 74.81185447309008
Melhor da geracao 28148: reg(28148) = 3346.9589298328 64.88791144155675
Melhor da geracao 28310: reg(28310) = 3342.806959442007 4.15197039079294
Melhor da geracao 28358: reg(28358) = 3334.9630080579695 7.843951384037609
Melhor da geracao 28695: reg(28695) = 3332.743061994319 2.2199460636506956
Melhor da geracao 29141: reg(29141) = 3300.3079739181044 32.43508807621447
Melhor da geracao 29398: reg(29398) = 3250.12425233981 50.18372157829435
Melhor da geracao 29555: reg(29555) = 3248.6902059114045 1.4340464284055088
Melhor da geracao 29621: reg(29621) = 3227.9562838697943 20.733922041610185
Melhor da geracao 30159: reg(30159) = 3227.364296701669 0.5919871681253426
Melhor da geracao 30341: reg(30341) = 3227.2014718027945 0.16282489887453266
Melhor da geracao 31012: reg(31012) = 3224.0886609031154 3.1128108996790615
Melhor da geracao 31182: reg(31182) = 3221.5366451186896 2.5520157844257483
Melhor da geracao 31461: reg(31461) = 3211.3688244321133 10.167820686576306
Melhor da geracao 31883: reg(31883) = 3183.5118294500253 27.856994982088054
Melhor da geracao 32142: reg(32142) = 3160.865900605515 22.64592884451031
Melhor da geracao 32243: reg(32243) = 3153.05091373354 7.814986871975179
Melhor da geracao 32487: reg(32487) = 3151.921997984065 1.1289157494747997
Melhor da geracao 32537: reg(32537) = 3134.899960668988 17.022037315076886
Melhor da geracao 32601: reg(32601) = 3130.0796562538603 4.820304415127794
Melhor da geracao 33043: reg(33043) = 3104.109459941769 25.970196312091502
Melhor da geracao 33523: reg(33523) = 3062.4140310633165 41.695428878452276
Melhor da geracao 33843: reg(33843) = 3054.929525898967 7.4845051643496845
Melhor da geracao 34012: reg(34012) = 3053.9057777405083 1.0237481584586021
Melhor da geracao 34070: reg(34070) = 3052.202568404806 1.7032093357024678
Melhor da geracao 34333: reg(34333) = 3049.4257125956674 2.7768558091383966
Melhor da geracao 34655: reg(34655) = 3046.3943728156496 3.031339780017788
Melhor da geracao 34758: reg(34758) = 3013.318987737332 33.075385078317595
Melhor da geracao 35019: reg(35019) = 2974.8010646797725 38.51792305755953
Melhor da geracao 35964: reg(35964) = 2970.530835314967 4.2702293648053455
Melhor da geracao 36563: reg(36563) = 2968.5066711242353 2.024164190731881
Melhor da geracao 37509: reg(37509) = 2962.2377223414137 6.268948782821553
Melhor da geracao 37724: reg(37724) = 2959.5459943248147 2.6917280165989723
Melhor da geracao 37765: reg(37765) = 2956.511097067541 3.0348972572737694
Melhor da geracao 37784: reg(37784) = 2956.300155188159 0.21094187938206233
Melhor da geracao 37853: reg(37853) = 2947.018646083249 9.281509104909674
Melhor da geracao 38079: reg(38079) = 2946.115450630188 0.9031954530610165
Melhor da geracao 38417: reg(38417) = 2945.356232486206 0.7592181439822525
Melhor da geracao 38424: reg(38424) = 2910.0976099436893 35.258622542516605
Melhor da geracao 38904: reg(38904) = 2857.0966047641477 53.00100517954161
Melhor da geracao 39137: reg(39137) = 2853.7705513791916 3.32605338495614
Melhor da geracao 39449: reg(39449) = 2853.321683245877 0.4488681333145905
Melhor da geracao 39455: reg(39455) = 2848.955332790227 4.366350455649808
Melhor da geracao 39544: reg(39544) = 2848.8790126283184 0.07632016190882496
Melhor da geracao 39575: reg(39575) = 2848.7085623558546 0.17045027246376776
Melhor da geracao 39615: reg(39615) = 2823.7386926960817 24.96986965977294
Melhor da geracao 40093: reg(40093) = 2815.5215181154485 8.217174580633127
Melhor da geracao 40322: reg(40322) = 2786.537674125348 28.983843990100468
Melhor da geracao 40779: reg(40779) = 2786.2090853676928 0.328588757655325
Melhor da geracao 41107: reg(41107) = 2755.1645901528536 31.044495214839117
Melhor da geracao 41573: reg(41573) = 2747.03588491119 8.128705241663738
Melhor da geracao 41854: reg(41854) = 2740.5298696852865 6.506015225903411
Melhor da geracao 42040: reg(42040) = 2723.1001265958917 17.429743089394833
Melhor da geracao 42153: reg(42153) = 2716.23103206509 6.8690945308017035
Melhor da geracao 42460: reg(42460) = 2665.81280612125 50.41822594383984
Melhor da geracao 43114: reg(43114) = 2623.6118988096027 42.20090731164737
Melhor da geracao 43538: reg(43538) = 2620.333311900851 3.2785869087515493
Melhor da geracao 44025: reg(44025) = 2611.504238231065 8.82907366978634
Melhor da geracao 44350: reg(44350) = 2610.857172886099 0.6470653449659949
Melhor da geracao 44945: reg(44945) = 2606.9805149238164 3.8766579622824793
Melhor da geracao 44977: reg(44977) = 2600.91130569543 6.069209228386171
Melhor da geracao 45107: reg(45107) = 2587.2899612969045 13.621344398525707
Melhor da geracao 45818: reg(45818) = 2587.2079424630742 0.08201883383026143
Melhor da geracao 46097: reg(46097) = 2586.3372054023707 0.8707370607035045
Melhor da geracao 46646: reg(46646) = 2585.0099168332913 1.3272885690794283
Melhor da geracao 46771: reg(46771) = 2579.138043599873 5.871873233418228
Melhor da geracao 47327: reg(47327) = 2578.3102769979605 0.8277666019125718
Melhor da geracao 47697: reg(47697) = 2562.8275338453996 15.482743152560943
Melhor da geracao 47911: reg(47911) = 2542.5438135697955 20.283720275604082
Melhor da geracao 48265: reg(48265) = 2534.942724349581 7.601089220214362
Melhor da geracao 48681: reg(48681) = 2534.379805238443 0.5629191111379441
Melhor da geracao 49098: reg(49098) = 2528.221653197548 6.158152040894947
Melhor da geracao 49673: reg(49673) = 2518.088871239121 10.132781958427131
Melhor da geracao 49902: reg(49902) = 2515.446910440759 2.6419607983621063
Melhor da geracao 50216: reg(50216) = 2515.3569502178557 0.08996022290330075
Melhor da geracao 50293: reg(50293) = 2460.653416919272 54.70353329858381
Melhor da geracao 50435: reg(50435) = 2456.0428293283767 4.610587590895193
Melhor da geracao 50919: reg(50919) = 2444.8825211955614 11.160308132815317
Melhor da geracao 51146: reg(51146) = 2427.846910194153 17.035611001408142
Melhor da geracao 51330: reg(51330) = 2426.1453028097153 1.7016073844379207
Melhor da geracao 51907: reg(51907) = 2408.802345488182 17.342957321533504
Melhor da geracao 52644: reg(52644) = 2408.268186077555 0.5341594106266712
Melhor da geracao 52983: reg(52983) = 2396.7780708688806 11.490115208674524
Melhor da geracao 53147: reg(53147) = 2371.3863030461657 25.391767822714883
Melhor da geracao 53984: reg(53984) = 2362.1994442402065 9.186858805959218
Melhor da geracao 54171: reg(54171) = 2358.7725846729104 3.4268595672961055
Melhor da geracao 54449: reg(54449) = 2358.4519297046318 0.3206549682786317
Melhor da geracao 54519: reg(54519) = 2346.081908221405 12.370021483226992
Melhor da geracao 54539: reg(54539) = 2346.014397837993 0.06751038341189997
Melhor da geracao 55350: reg(55350) = 2343.956988682642 2.057409155350797
Melhor da geracao 55493: reg(55493) = 2307.7423170341785 36.214671648463536
Melhor da geracao 55688: reg(55688) = 2299.729957328877 8.012359705301606
Melhor da geracao 55769: reg(55769) = 2287.0036003720165 12.7263569568604
Melhor da geracao 56157: reg(56157) = 2285.9732803428105 1.0303200292059955
Melhor da geracao 56203: reg(56203) = 2284.02930261703 1.9439777257803144
Melhor da geracao 56541: reg(56541) = 2272.593577280067 11.43572533696306
Melhor da geracao 56891: reg(56891) = 2245.7027283591137 26.89084892095343
Melhor da geracao 57434: reg(57434) = 2244.551537561269 1.1511907978447198
Melhor da geracao 57743: reg(57743) = 2231.772429371628 12.779108189641192
Melhor da geracao 57797: reg(57797) = 2216.1461470414674 15.626282330160393
Melhor da geracao 58584: reg(58584) = 2208.7382413917767 7.407905649690747
Melhor da geracao 59121: reg(59121) = 2202.8495401388946 5.888701252882129
Melhor da geracao 59534: reg(59534) = 2185.3549122370123 17.494627901882268
Melhor da geracao 60018: reg(60018) = 2185.3466241165215 0.008288120490760775
Melhor da geracao 60281: reg(60281) = 2184.6216250486177 0.7249990679038092
Melhor da geracao 60325: reg(60325) = 2174.9965207174546 9.62510433116313
Melhor da geracao 60574: reg(60574) = 2171.085560846217 3.9109598712375373
Melhor da geracao 60590: reg(60590) = 2159.910859930413 11.174700915803896
Melhor da geracao 61226: reg(61226) = 2159.1555674418682 0.7552924885449102
Melhor da geracao 61607: reg(61607) = 2145.162215045267 13.99335239660104
Melhor da geracao 61794: reg(61794) = 2116.0709940357356 29.091221009531637
Melhor da geracao 62262: reg(62262) = 2115.348697899951 0.7222961357847453
Melhor da geracao 62566: reg(62566) = 2094.8826286034996 20.466069296451224
Melhor da geracao 63078: reg(63078) = 2088.178427544413 6.704201059086699
Melhor da geracao 63151: reg(63151) = 2086.126708033364 2.051719511048759
Melhor da geracao 63622: reg(63622) = 2082.76508977261 3.3616182607543124
Melhor da geracao 63716: reg(63716) = 2080.9712257878205 1.7938639847893683
Melhor da geracao 64019: reg(64019) = 2076.5542766916537 4.416949096166718
Melhor da geracao 64212: reg(64212) = 2059.5950197865427 16.959256905111033
Melhor da geracao 65147: reg(65147) = 2058.69282617433 0.9021936122126135
Melhor da geracao 65197: reg(65197) = 2056.629072346036 2.0637538282940113
Melhor da geracao 65473: reg(65473) = 2042.0982220101378 14.530850335898322
Melhor da geracao 65775: reg(65775) = 2040.0961790319097 2.002042978228019
Melhor da geracao 65849: reg(65849) = 2022.0834235460443 18.012755485865455
Melhor da geracao 66050: reg(66050) = 2019.5705077861094 2.512915759934913
Melhor da geracao 66353: reg(66353) = 2003.1502694789106 16.420238307198815
Melhor da geracao 66714: reg(66714) = 2001.0423279682095 2.107941510701039
Melhor da geracao 66996: reg(66996) = 1992.2750137033186 8.767314264890956
Melhor da geracao 67485: reg(67485) = 1991.7727195458947 0.5022941574238757
Melhor da geracao 67794: reg(67794) = 1989.9354948936098 1.837224652284931
Melhor da geracao 67874: reg(67874) = 1989.2211085513427 0.714386342267062
Melhor da geracao 67983: reg(67983) = 1989.0297134585498 0.1913950927928454
Melhor da geracao 68444: reg(68444) = 1985.6193987419222 3.4103147166276813
Melhor da geracao 68682: reg(68682) = 1984.8838610469531 0.7355376949690253
Melhor da geracao 68820: reg(68820) = 1977.079192129447 7.804668917506206
Melhor da geracao 69802: reg(69802) = 1973.248425334109 3.8307667953379223
Melhor da geracao 70065: reg(70065) = 1964.3484659203627 8.899959413746274
Melhor da geracao 70150: reg(70150) = 1947.1547672393385 17.193698681024216
Melhor da geracao 70542: reg(70542) = 1944.5663498100662 2.58841742927234
Melhor da geracao 70770: reg(70770) = 1943.8573701934808 0.7089796165853386
Melhor da geracao 70961: reg(70961) = 1935.399769270891 8.45760092258979
Melhor da geracao 71034: reg(71034) = 1932.754389971265 2.645379299626029
RUN GA_71s__0t0 1/1: Menor  custo  final é 1932.754389971265
---02/12 18:55:18-----------------------------------------------------
reg(objetivo): 1932.754389971265
RMSE: 458.6892878443073
MAE: 25.560478302616588
GEH: 3.8676911302937156
pGEH5: 0.8028169014084507
R2Links: 0.9210942803380038
R2Odm: 0.16722389082263733
------------------------------------------------------ ´idBest=12

ALERT: Salvando última MOD resposta. Não a melhor.
Fitness final (reg) = 1932.754389971265
