--candidateId=35
--directory=C:\Users\Pc\Desktop\irace2018\irace\execDir
--algorithm=DE
--fitnessFunction=reg
--populationSize=526
--crossoverProbability=0.611
--differentialWeight=0.187
26/11, 17:01:51
[HookRun] Parameters used:
--directory=execDir
--algorithm=DE
--fitnessFunction=reg
--candidateId=35
--populationSize=526
--maxEvaluations=0
--crossoverProbability=0.611
--differentialWeight=0.187

Teste Curitiba!
OK: Recuperou objeto ODMatrix de 'cwb odmatrix.dat'!

OK: Recuperou objeto VirtualSensors de 'cwb virt sen.dat'!

OK: Mudando teste para rede fechada...
ATENCAO: arestasSensor reduzidas para 71, por ser numero maximo de sensores da rede cadastrada.
PROC: Preparando para iniciar DE_71s__0t0... 26/11, 17:01:51
ERROR: Não há registros de viagens para recuperar! (ODmatrix.calcMatrixClust)
INFO: Return antecipado, n=arestasSensorGAMM=71 e t=tempoPrioriGAMM=0; mov.lenght=71 (VirtualSensors.gerArestaMaisMovimentadasIndex)
INFO: descobrirODparIndArestaMaisMov = 1074 casos! - 191/900 pares O-D cobertos
INFO: Existem 1073 relações Prob_OD_aresta!
OK: Iniciando DE com 1 runs! Population size: 526
Generations: 5703
OD =900
Sensores=71
DE_71s__0t0; 26/11, 17:01:51
STATS: Desvio fluxos: Min. -1131,140282; Mean. 108,694976; Max. 1620,801928; p5 -977,379682; p20 -418,229391; p35 -107,908914; p50 49,186842; p65 322,728254; p80 583,239051; p95 1449,072243; 
RUN DE_71s__0t0 1/1: Menor custo inicial é 16928.56521071037(RMSE: 451.46007270733406; MAE: 23.058096089077306; GEH: 12.413732058688035) id do melhor indivíduo=239
Melhor da geracao 3: reg(3) = 15684.491957110593 1244.0732535997777
Melhor da geracao 7: reg(7) = 15609.231018399636 75.2609387109569
Melhor da geracao 8: reg(8) = 14688.843499422275 920.3875189773607
Melhor da geracao 10: reg(10) = 13562.485327855584 1126.3581715666915
Melhor da geracao 13: reg(13) = 12840.891477503492 721.593850352092
Melhor da geracao 14: reg(14) = 12532.981704734455 307.90977276903686
Melhor da geracao 15: reg(15) = 11135.176640319425 1397.8050644150298
Melhor da geracao 17: reg(17) = 10777.268135719225 357.9085046002001
Melhor da geracao 19: reg(19) = 10587.403858499867 189.86427721935797
Melhor da geracao 20: reg(20) = 9630.784117883273 956.6197406165938
Melhor da geracao 21: reg(21) = 8305.576502899212 1325.2076149840614
Melhor da geracao 24: reg(24) = 7988.837091914224 316.73941098498744
Melhor da geracao 26: reg(26) = 7827.868815792307 160.96827612191737
Melhor da geracao 28: reg(28) = 7753.410768710583 74.45804708172363
Melhor da geracao 29: reg(29) = 7497.232464810749 256.17830389983465
Melhor da geracao 30: reg(30) = 7495.744628140992 1.487836669756689
Melhor da geracao 32: reg(32) = 7265.120101372356 230.62452676863631
Melhor da geracao 33: reg(33) = 6428.901882957578 836.2182184147778
Melhor da geracao 37: reg(37) = 6127.85754665667 301.04433630090807
Melhor da geracao 40: reg(40) = 5418.0060176742845 709.8515289823854
Melhor da geracao 42: reg(42) = 5227.048401445212 190.9576162290723
Melhor da geracao 54: reg(54) = 4652.262566910955 574.7858345342574
Melhor da geracao 59: reg(59) = 3885.4387826670745 766.8237842438803
Melhor da geracao 74: reg(74) = 3803.5653127432665 81.87346992380799
Melhor da geracao 77: reg(77) = 3726.97188710578 76.59342563748669
Melhor da geracao 87: reg(87) = 3672.763974856955 54.20791224882487
Melhor da geracao 89: reg(89) = 3531.3183252827193 141.44564957423563
Melhor da geracao 90: reg(90) = 3522.0658748120823 9.252450470637086
Melhor da geracao 93: reg(93) = 3463.363574764875 58.702300047207245
Melhor da geracao 94: reg(94) = 3389.8755803956924 73.48799436918262
Melhor da geracao 97: reg(97) = 3385.3578417155622 4.517738680130151
Melhor da geracao 103: reg(103) = 3369.8017487923353 15.55609292322697
Melhor da geracao 104: reg(104) = 3272.6126493713364 97.1890994209989
Melhor da geracao 105: reg(105) = 3165.2104426998826 107.40220667145377
Melhor da geracao 106: reg(106) = 3085.2065081459755 80.00393455390713
Melhor da geracao 116: reg(116) = 3072.6683780723924 12.538130073583034
Melhor da geracao 118: reg(118) = 3007.8662730104134 64.80210506197909
Melhor da geracao 124: reg(124) = 2864.522997696821 143.34327531359213
Melhor da geracao 130: reg(130) = 2781.1520770381726 83.37092065864863
Melhor da geracao 131: reg(131) = 2764.5394761632465 16.612600874926102
Melhor da geracao 139: reg(139) = 2741.938688920654 22.60078724259256
Melhor da geracao 141: reg(141) = 2704.678948415329 37.25974050532477
Melhor da geracao 143: reg(143) = 2600.699755100977 103.97919331435196
Melhor da geracao 146: reg(146) = 2572.32611858622 28.37363651475698
Melhor da geracao 159: reg(159) = 2388.734876617004 183.5912419692163
Melhor da geracao 173: reg(173) = 2363.3416986968705 25.39317792013344
Melhor da geracao 176: reg(176) = 2329.7248458344634 33.616852862407086
Melhor da geracao 178: reg(178) = 2299.293850642298 30.430995192165483
Melhor da geracao 190: reg(190) = 2221.684586719846 77.6092639224521
Melhor da geracao 193: reg(193) = 2198.695093634696 22.98949308514966
Melhor da geracao 197: reg(197) = 2153.171581945008 45.52351168968835
Melhor da geracao 205: reg(205) = 2142.5914034402695 10.580178504738342
Melhor da geracao 210: reg(210) = 2126.064238042905 16.52716539736457
Melhor da geracao 218: reg(218) = 2113.896441916407 12.167796126497706
Melhor da geracao 221: reg(221) = 2107.9009480013656 5.995493915041607
Melhor da geracao 223: reg(223) = 2027.926785372746 79.97416262861952
Melhor da geracao 228: reg(228) = 1994.4900722617253 33.43671311102071
Melhor da geracao 231: reg(231) = 1987.3489867626188 7.141085499106566
Melhor da geracao 233: reg(233) = 1953.16089090447 34.1880958581487
Melhor da geracao 247: reg(247) = 1765.3007807882786 187.86011011619144
Melhor da geracao 296: reg(296) = 1739.7982474419844 25.502533346294285
Melhor da geracao 298: reg(298) = 1738.5013960108824 1.2968514311019135
Melhor da geracao 313: reg(313) = 1732.4884288493067 6.012967161575716
Melhor da geracao 315: reg(315) = 1706.9944200298387 25.494008819468036
Melhor da geracao 327: reg(327) = 1690.6372141804857 16.357205849353022
Melhor da geracao 333: reg(333) = 1673.5497393509686 17.087474829517078
Melhor da geracao 346: reg(346) = 1668.6867691606817 4.862970190286887
Melhor da geracao 351: reg(351) = 1648.8797856471397 19.806983513542036
Melhor da geracao 354: reg(354) = 1644.1778615127232 4.701924134416458
Melhor da geracao 359: reg(359) = 1630.3144214512627 13.863440061460551
Melhor da geracao 375: reg(375) = 1628.2164358517548 2.097985599507865
Melhor da geracao 377: reg(377) = 1579.8289362909095 48.3874995608453
Melhor da geracao 393: reg(393) = 1550.7865944605355 29.04234183037397
Melhor da geracao 423: reg(423) = 1529.1957962463737 21.59079821416185
Melhor da geracao 438: reg(438) = 1507.7392237892784 21.456572457095263
Melhor da geracao 465: reg(465) = 1507.0074965635142 0.7317272257641889
Melhor da geracao 466: reg(466) = 1476.1562425568316 30.851254006682666
Melhor da geracao 500: reg(500) = 1468.6756357257007 7.480606831130899
Melhor da geracao 502: reg(502) = 1464.451160329402 4.224475396298658
Melhor da geracao 509: reg(509) = 1461.3508411344537 3.10031919494827
Melhor da geracao 515: reg(515) = 1440.3714589409258 20.979382193527954
Melhor da geracao 522: reg(522) = 1434.3908753295564 5.980583611369411
Melhor da geracao 536: reg(536) = 1432.7202802101656 1.6705951193907822
Melhor da geracao 556: reg(556) = 1430.8122163474898 1.9080638626758173
Melhor da geracao 571: reg(571) = 1419.2875893038688 11.524627043620967
Melhor da geracao 574: reg(574) = 1408.5070195782482 10.78056972562058
Melhor da geracao 592: reg(592) = 1393.8538277161626 14.653191862085578
Melhor da geracao 611: reg(611) = 1383.1946491373494 10.659178578813226
Melhor da geracao 625: reg(625) = 1380.0498010306596 3.1448481066897784
Melhor da geracao 629: reg(629) = 1367.0484117107026 13.00138931995707
Melhor da geracao 636: reg(636) = 1348.5676628882686 18.480748822433952
Melhor da geracao 696: reg(696) = 1312.7779124490883 35.78975043918035
Melhor da geracao 729: reg(729) = 1304.6550061132955 8.122906335792777
Melhor da geracao 794: reg(794) = 1301.2405025421497 3.414503571145815
Melhor da geracao 795: reg(795) = 1296.5549818780605 4.685520664089154
Melhor da geracao 815: reg(815) = 1292.7120701374083 3.842911740652198
Melhor da geracao 824: reg(824) = 1292.1685406180738 0.54352951933447
Melhor da geracao 839: reg(839) = 1288.8158295440023 3.3527110740715216
Melhor da geracao 842: reg(842) = 1272.3502727388393 16.465556805163033
Melhor da geracao 853: reg(853) = 1258.2959462203273 14.05432651851197
Melhor da geracao 915: reg(915) = 1250.7347712051094 7.561175015217941
Melhor da geracao 977: reg(977) = 1248.5730636142182 2.161707590891183
Melhor da geracao 1010: reg(1010) = 1241.3165523099563 7.256511304261949
Melhor da geracao 1053: reg(1053) = 1229.8061447146654 11.510407595290872
Melhor da geracao 1067: reg(1067) = 1227.566514190026 2.239630524639324
Melhor da geracao 1070: reg(1070) = 1207.9111867220743 19.655327467951793
Melhor da geracao 1155: reg(1155) = 1203.303113933775 4.608072788299296
Melhor da geracao 1188: reg(1188) = 1200.1220228377003 3.181091096074624
Melhor da geracao 1204: reg(1204) = 1197.2993895821915 2.82263325550889
Melhor da geracao 1244: reg(1244) = 1196.7358395151216 0.5635500670698548
Melhor da geracao 1272: reg(1272) = 1180.5210984583334 16.21474105678817
Melhor da geracao 1350: reg(1350) = 1180.27756243444 0.2435360238935118
Melhor da geracao 1352: reg(1352) = 1176.6574587578257 3.620103676614235
Melhor da geracao 1358: reg(1358) = 1173.2662794367884 3.3911793210372707
Melhor da geracao 1389: reg(1389) = 1171.8343132341818 1.4319662026066453
Melhor da geracao 1392: reg(1392) = 1163.991345313045 7.842967921136733
Melhor da geracao 1429: reg(1429) = 1163.3401998397874 0.6511454732576567
Melhor da geracao 1433: reg(1433) = 1157.2799839426611 6.060215897126227
Melhor da geracao 1491: reg(1491) = 1145.1188884772928 12.161095465368362
Melhor da geracao 1572: reg(1572) = 1144.755883901635 0.36300457565789657
Melhor da geracao 1592: reg(1592) = 1144.6932640953414 0.06261980629346908
Melhor da geracao 1606: reg(1606) = 1144.4645445171989 0.2287195781425453
Melhor da geracao 1609: reg(1609) = 1139.97310358607 4.491440931128864
Melhor da geracao 1620: reg(1620) = 1136.1160827452602 3.8570208408098097
Melhor da geracao 1656: reg(1656) = 1133.8852854460679 2.230797299192318
Melhor da geracao 1689: reg(1689) = 1133.7702707454869 0.11501470058101404
Melhor da geracao 1692: reg(1692) = 1129.7597100878463 4.0105606576405535
Melhor da geracao 1756: reg(1756) = 1129.482648962371 0.27706112547525663
Melhor da geracao 1772: reg(1772) = 1127.7876264235704 1.6950225388006857
Melhor da geracao 1789: reg(1789) = 1127.1685659082739 0.6190605152964963
Melhor da geracao 1802: reg(1802) = 1126.9721415322256 0.19642437604829865
Melhor da geracao 1805: reg(1805) = 1123.1976189494674 3.774522582758209
Melhor da geracao 1812: reg(1812) = 1122.011642176127 1.1859767733403714
Melhor da geracao 1836: reg(1836) = 1114.406690612262 7.604951563864915
Melhor da geracao 1850: reg(1850) = 1109.4197048119304 4.986985800331695
Melhor da geracao 1943: reg(1943) = 1107.4811217169204 1.9385830950100171
Melhor da geracao 1975: reg(1975) = 1106.9691184632295 0.5120032536908639
Melhor da geracao 1994: reg(1994) = 1106.7038987982328 0.2652196649967209
Melhor da geracao 2006: reg(2006) = 1105.5616405911458 1.1422582070870249
Melhor da geracao 2019: reg(2019) = 1104.1146966867461 1.4469439043996317
Melhor da geracao 2051: reg(2051) = 1089.8394547833227 14.27524190342342
Melhor da geracao 2105: reg(2105) = 1087.2988815654123 2.540573217910378
Melhor da geracao 2223: reg(2223) = 1081.0414747076436 6.2574068577687285
Melhor da geracao 2249: reg(2249) = 1081.0031822430617 0.038292464581900276
Melhor da geracao 2251: reg(2251) = 1080.3025499116768 0.7006323313848952
Melhor da geracao 2298: reg(2298) = 1079.9979853255531 0.3045645861236608
Melhor da geracao 2305: reg(2305) = 1072.4511587272254 7.546826598327698
Melhor da geracao 2371: reg(2371) = 1071.309506579891 1.1416521473345256
Melhor da geracao 2423: reg(2423) = 1070.5890754789236 0.7204311009672892
Melhor da geracao 2430: reg(2430) = 1069.5478344551404 1.0412410237831864
Melhor da geracao 2474: reg(2474) = 1067.9222699702048 1.625564484935694
Melhor da geracao 2488: reg(2488) = 1062.9923561916212 4.929913778583568
Melhor da geracao 2530: reg(2530) = 1060.902443284643 2.0899129069782703
Melhor da geracao 2534: reg(2534) = 1059.9087591903613 0.9936840942816616
Melhor da geracao 2582: reg(2582) = 1058.6829126985756 1.22584649178566
Melhor da geracao 2620: reg(2620) = 1054.2052480316888 4.477664666886767
Melhor da geracao 2659: reg(2659) = 1053.7095360015317 0.4957120301571649
Melhor da geracao 2661: reg(2661) = 1047.9297024521359 5.779833549395789
Melhor da geracao 2805: reg(2805) = 1047.195024781747 0.7346776703889191
Melhor da geracao 2818: reg(2818) = 1041.2017034676119 5.993321314135073
Melhor da geracao 2937: reg(2937) = 1040.5361176109066 0.6655858567053201
Melhor da geracao 2957: reg(2957) = 1039.142748118505 1.3933694924014617
Melhor da geracao 2964: reg(2964) = 1038.9051598403555 0.2375882781495875
Melhor da geracao 2965: reg(2965) = 1037.5113350936556 1.39382474669992
Melhor da geracao 3006: reg(3006) = 1035.695852257627 1.8154828360286501
Melhor da geracao 3016: reg(3016) = 1035.3358163439775 0.3600359136494262
Melhor da geracao 3020: reg(3020) = 1034.3599801756216 0.9758361683559542
Melhor da geracao 3027: reg(3027) = 1034.3521283344237 0.007851841197862086
Melhor da geracao 3044: reg(3044) = 1031.6130973703328 2.7390309640909436
Melhor da geracao 3102: reg(3102) = 1030.7322750701437 0.8808223001890383
Melhor da geracao 3116: reg(3116) = 1030.0999556880788 0.6323193820649067
Melhor da geracao 3124: reg(3124) = 1028.814253664136 1.2857020239428039
Melhor da geracao 3141: reg(3141) = 1028.056511158896 0.7577425052400031
Melhor da geracao 3147: reg(3147) = 1027.1359059982528 0.9206051606431629
Melhor da geracao 3172: reg(3172) = 1026.601964426532 0.5339415717207885
Melhor da geracao 3183: reg(3183) = 1026.1486037470477 0.4533606794843763
Melhor da geracao 3189: reg(3189) = 1025.4661862957594 0.6824174512883019
Melhor da geracao 3208: reg(3208) = 1021.5222043743423 3.9439819214170484
Melhor da geracao 3262: reg(3262) = 1020.2613168543763 1.2608875199659906
Melhor da geracao 3274: reg(3274) = 1018.3304213671786 1.9308954871977448
Melhor da geracao 3321: reg(3321) = 1016.339495331533 1.9909260356455434
Melhor da geracao 3342: reg(3342) = 1016.0482439392323 0.2912513923007509
Melhor da geracao 3389: reg(3389) = 1014.3523405240869 1.6959034151453807
Melhor da geracao 3410: reg(3410) = 1013.9898826041971 0.36245791988983456
Melhor da geracao 3413: reg(3413) = 1013.4387222971974 0.5511603069996909
Melhor da geracao 3426: reg(3426) = 1012.4705656016491 0.9681566955482594
Melhor da geracao 3432: reg(3432) = 1012.4373031246322 0.03326247701693319
Melhor da geracao 3448: reg(3448) = 1012.2995406377281 0.1377624869040801
Melhor da geracao 3453: reg(3453) = 1012.1869544106482 0.11258622707987342
Melhor da geracao 3457: reg(3457) = 1011.9776484660997 0.20930594454853235
Melhor da geracao 3459: reg(3459) = 1011.9676942000187 0.0099542660809675
Melhor da geracao 3469: reg(3469) = 1011.173294102892 0.7944000971267542
Melhor da geracao 3474: reg(3474) = 1009.1121907198917 2.0611033830002725
Melhor da geracao 3533: reg(3533) = 1008.3197640446834 0.7924266752082758
Melhor da geracao 3538: reg(3538) = 1007.5259176070963 0.793846437587149
Melhor da geracao 3575: reg(3575) = 1007.4356214559524 0.09029615114388889
Melhor da geracao 3582: reg(3582) = 1007.3527995609719 0.08282189498049775
Melhor da geracao 3588: reg(3588) = 1006.2722008487549 1.0805987122170109
Melhor da geracao 3608: reg(3608) = 1005.9196711625076 0.3525296862472942
Melhor da geracao 3611: reg(3611) = 1005.1819378095418 0.7377333529658472
Melhor da geracao 3659: reg(3659) = 1004.8798660086197 0.3020718009220218
Melhor da geracao 3670: reg(3670) = 1003.8511476602921 1.0287183483276294
Melhor da geracao 3686: reg(3686) = 1003.720233305212 0.13091435508010818
Melhor da geracao 3688: reg(3688) = 1003.0595637457919 0.6606695594200573
Melhor da geracao 3715: reg(3715) = 1002.9517321752094 0.10783157058256165
Melhor da geracao 3727: reg(3727) = 1002.3328571760759 0.6188749991334817
Melhor da geracao 3758: reg(3758) = 1002.2476211988105 0.08523597726536991
Melhor da geracao 3769: reg(3769) = 1001.9202299289942 0.32739126981630307
Melhor da geracao 3770: reg(3770) = 1001.793700187592 0.12652974140223705
Melhor da geracao 3773: reg(3773) = 1001.1707216406755 0.6229785469164426
Melhor da geracao 3799: reg(3799) = 1000.2430561738911 0.9276654667844468
Melhor da geracao 3859: reg(3859) = 999.0416334878523 1.201422686038768
Melhor da geracao 3862: reg(3862) = 996.7419553837032 2.299678104149166
Melhor da geracao 3919: reg(3919) = 995.8862213227512 0.8557340609519315
Melhor da geracao 3975: reg(3975) = 995.4041320480546 0.482089274696591
Melhor da geracao 4017: reg(4017) = 994.1649994925162 1.23913255553839
Melhor da geracao 4066: reg(4066) = 994.0501400391402 0.11485945337608428
Melhor da geracao 4073: reg(4073) = 994.0134750525782 0.03666498656195927
Melhor da geracao 4079: reg(4079) = 992.9665297890424 1.0469452635358039
Melhor da geracao 4088: reg(4088) = 992.8365379750422 0.12999181400016369
Melhor da geracao 4107: reg(4107) = 992.7631872623464 0.07335071269585569
Melhor da geracao 4109: reg(4109) = 992.7459096514355 0.017277610910923613
Melhor da geracao 4116: reg(4116) = 992.635329532541 0.11058011889440422
Melhor da geracao 4126: reg(4126) = 992.4844131735347 0.15091635900637357
Melhor da geracao 4128: reg(4128) = 991.5867422122705 0.8976709612642253
Melhor da geracao 4137: reg(4137) = 991.5031597128446 0.08358249942580187
Melhor da geracao 4160: reg(4160) = 990.922031035296 0.5811286775486906
Melhor da geracao 4174: reg(4174) = 989.0968491104246 1.8251819248713446
Melhor da geracao 4204: reg(4204) = 988.240898860569 0.8559502498555958
Melhor da geracao 4216: reg(4216) = 988.0971826811424 0.14371617942663306
Melhor da geracao 4235: reg(4235) = 986.2630270773968 1.8341556037455575
Melhor da geracao 4269: reg(4269) = 985.6751819087103 0.5878451686864992
Melhor da geracao 4288: reg(4288) = 985.578093133777 0.09708877493335422
Melhor da geracao 4316: reg(4316) = 984.963374758759 0.6147183750180147
Melhor da geracao 4317: reg(4317) = 984.9030047411447 0.06037001761421834
Melhor da geracao 4337: reg(4337) = 984.6563443074419 0.24666043370280022
Melhor da geracao 4344: reg(4344) = 984.4563720182286 0.19997228921329224
Melhor da geracao 4358: reg(4358) = 984.2140540676851 0.24231795054356553
Melhor da geracao 4371: reg(4371) = 984.1430754109384 0.07097865674666082
Melhor da geracao 4382: reg(4382) = 983.8728057107548 0.2702697001835759
Melhor da geracao 4384: reg(4384) = 983.7829895117418 0.08981619901305748
Melhor da geracao 4388: reg(4388) = 983.778551950059 0.004437561682834712
Melhor da geracao 4390: reg(4390) = 983.2057345042363 0.5728174458226931
Melhor da geracao 4394: reg(4394) = 982.668522422986 0.5372120812502317
Melhor da geracao 4416: reg(4416) = 982.60130491755 0.06721750543601956
Melhor da geracao 4421: reg(4421) = 982.0096173049807 0.5916876125693307
Melhor da geracao 4422: reg(4422) = 980.8205968751387 1.189020429842003
Melhor da geracao 4503: reg(4503) = 980.0341567867187 0.7864400884200222
Melhor da geracao 4571: reg(4571) = 979.803619909439 0.2305368772796328
Melhor da geracao 4574: reg(4574) = 979.7572354009319 0.04638450850711706
Melhor da geracao 4603: reg(4603) = 978.4995141405952 1.257721260336666
Melhor da geracao 4649: reg(4649) = 978.3900100280338 0.10950411256146708
Melhor da geracao 4663: reg(4663) = 978.3203555977065 0.06965443032731855
Melhor da geracao 4674: reg(4674) = 977.8351150768859 0.4852405208205255
Melhor da geracao 4675: reg(4675) = 977.180775798379 0.6543392785068818
Melhor da geracao 4712: reg(4712) = 977.0209216959958 0.15985410238329223
Melhor da geracao 4714: reg(4714) = 976.8591151170672 0.16180657892857653
Melhor da geracao 4724: reg(4724) = 976.8446575939992 0.014457523068017508
Melhor da geracao 4752: reg(4752) = 976.3638497948997 0.48080779909946614
Melhor da geracao 4760: reg(4760) = 975.8723710963228 0.4914786985768842
Melhor da geracao 4762: reg(4762) = 975.8431714449313 0.029199651391536463
Melhor da geracao 4773: reg(4773) = 975.8030414612351 0.040129983696147065
Melhor da geracao 4781: reg(4781) = 975.2374996642752 0.5655417969599057
Melhor da geracao 4810: reg(4810) = 974.6695876682924 0.567911995982854
Melhor da geracao 4855: reg(4855) = 974.3758193704363 0.29376829785610425
Melhor da geracao 4885: reg(4885) = 973.6185673511883 0.7572520192479715
Melhor da geracao 4920: reg(4920) = 973.283578442158 0.33498890903024403
Melhor da geracao 4946: reg(4946) = 973.2547928790624 0.028785563095652833
Melhor da geracao 4958: reg(4958) = 973.1523831989272 0.10240968013522433
Melhor da geracao 4962: reg(4962) = 972.8552903627839 0.2970928361432925
Melhor da geracao 5005: reg(5005) = 972.7903478117668 0.06494255101711133
Melhor da geracao 5010: reg(5010) = 972.7076562669415 0.0826915448252521
Melhor da geracao 5020: reg(5020) = 972.3803658964626 0.3272903704788632
Melhor da geracao 5052: reg(5052) = 971.8415995097256 0.538766386737052
Melhor da geracao 5081: reg(5081) = 971.8403590620086 0.0012404477170093742
Melhor da geracao 5092: reg(5092) = 971.7452420648772 0.09511699713141297
Melhor da geracao 5104: reg(5104) = 971.428414923614 0.31682714126316114
Melhor da geracao 5109: reg(5109) = 971.4043058861514 0.024109037462608285
Melhor da geracao 5112: reg(5112) = 971.3868406888218 0.01746519732955676
Melhor da geracao 5113: reg(5113) = 970.9799677736726 0.4068729151492789
Melhor da geracao 5121: reg(5121) = 970.6380408202092 0.3419269534633713
Melhor da geracao 5157: reg(5157) = 970.4937956484521 0.14424517175712026
Melhor da geracao 5171: reg(5171) = 970.4473086590848 0.04648698936728124
Melhor da geracao 5175: reg(5175) = 969.7395985992181 0.707710059866713
Melhor da geracao 5206: reg(5206) = 969.6759988396094 0.06359975960867814
Melhor da geracao 5212: reg(5212) = 969.2606250895014 0.4153737501079604
Melhor da geracao 5233: reg(5233) = 969.0964697535211 0.1641553359803538
Melhor da geracao 5240: reg(5240) = 969.0561210833367 0.040348670184357616
Melhor da geracao 5262: reg(5262) = 968.8041732298923 0.2519478534444488
Melhor da geracao 5271: reg(5271) = 968.5678803362991 0.23629289359314498
Melhor da geracao 5292: reg(5292) = 968.4918394000368 0.07604093626230224
Melhor da geracao 5298: reg(5298) = 968.478065622153 0.013773777883784533
Melhor da geracao 5319: reg(5319) = 968.374495237949 0.10357038420409026
Melhor da geracao 5324: reg(5324) = 968.2943704376011 0.08012480034790315
Melhor da geracao 5326: reg(5326) = 968.0083665694025 0.28600386819857704
Melhor da geracao 5352: reg(5352) = 967.8197154751689 0.18865109423359172
Melhor da geracao 5360: reg(5360) = 967.6921054451797 0.12761002998922777
Melhor da geracao 5372: reg(5372) = 967.5458492814535 0.14625616372620698
Melhor da geracao 5410: reg(5410) = 967.4769420756148 0.0689072058386273
Melhor da geracao 5418: reg(5418) = 967.114523250328 0.36241882528679525
Melhor da geracao 5444: reg(5444) = 966.8356506172241 0.27887263310390153
Melhor da geracao 5479: reg(5479) = 966.7124597788371 0.12319083838701772
Melhor da geracao 5482: reg(5482) = 966.6199680335312 0.09249174530589244
Melhor da geracao 5499: reg(5499) = 966.4441666416578 0.17580139187339228
Melhor da geracao 5518: reg(5518) = 966.3670124480836 0.07715419357418796
Melhor da geracao 5524: reg(5524) = 965.9065971084332 0.4604153396504671
Melhor da geracao 5561: reg(5561) = 965.7157298115889 0.19086729684431702
Melhor da geracao 5571: reg(5571) = 965.6891564042561 0.026573407332762145
Melhor da geracao 5579: reg(5579) = 965.6568247564443 0.032331647811815856
Melhor da geracao 5588: reg(5588) = 965.3379343778428 0.31889037860150893
Melhor da geracao 5590: reg(5590) = 964.824130169 0.513804208842771
Melhor da geracao 5598: reg(5598) = 964.7522439912088 0.07188617779115702
Melhor da geracao 5649: reg(5649) = 964.6437054221027 0.10853856910614468
Melhor da geracao 5670: reg(5670) = 964.215666284758 0.4280391373447401
Melhor da geracao 5678: reg(5678) = 964.0630149467495 0.15265133800846797
RUN DE_71s__0t0 1/1: Menor  custo  final é 964.0630149467495
---26/11 17:03:22-----------------------------------------------------
reg(objetivo): 964.0630149467495
RMSE: 632.871491144391
MAE: 26.098616541713643
GEH: 2.170867914284642
pGEH5: 0.8873239436619719
R2Links: 0.9619991339165109
R2Odm: 0.12752325099773676
------------------------------------------------------ ´p=326

ALERT: Salvando última MOD resposta. Não a melhor.
Fitness final (reg) = 964.0630149467495
