--candidateId=36
--directory=C:\Users\Pc\Desktop\irace2018\irace\execDir
--algorithm=DE
--fitnessFunction=reg
--populationSize=257
--crossoverProbability=0.523
--differentialWeight=0.292
26/11, 15:22:08
[HookRun] Parameters used:
--directory=execDir
--algorithm=DE
--fitnessFunction=reg
--candidateId=36
--populationSize=257
--maxEvaluations=0
--crossoverProbability=0.523
--differentialWeight=0.292

Teste Curitiba!
OK: Recuperou objeto ODMatrix de 'cwb odmatrix.dat'!

OK: Recuperou objeto VirtualSensors de 'cwb virt sen.dat'!

OK: Mudando teste para rede fechada...
ATENCAO: arestasSensor reduzidas para 71, por ser numero maximo de sensores da rede cadastrada.
PROC: Preparando para iniciar DE_71s__0t0... 26/11, 15:22:08
ERROR: Não há registros de viagens para recuperar! (ODmatrix.calcMatrixClust)
INFO: Return antecipado, n=arestasSensorGAMM=71 e t=tempoPrioriGAMM=0; mov.lenght=71 (VirtualSensors.gerArestaMaisMovimentadasIndex)
INFO: descobrirODparIndArestaMaisMov = 1074 casos! - 191/900 pares O-D cobertos
INFO: Existem 1073 relações Prob_OD_aresta!
OK: Iniciando DE com 1 runs! Population size: 257
Generations: 11673
OD =900
Sensores=71
DE_71s__0t0; 26/11, 15:22:08
STATS: Desvio fluxos: Min. -1302,082118; Mean. 282,951002; Max. 2985,76082; p5 -992,66471; p20 -453,034735; p35 -165,193277; p50 92,087202; p65 340,697764; p80 1106,132223; p95 2178,032375; 
RUN DE_71s__0t0 1/1: Menor custo inicial é 24605.03606565443(RMSE: 493.94464746967054; MAE: 24.04050740799098; GEH: 14.185073405448549) id do melhor indivíduo=70
Melhor da geracao 3: reg(3) = 18607.9566970212 5997.079368633229
Melhor da geracao 8: reg(8) = 15828.42680149308 2779.5298955281196
Melhor da geracao 11: reg(11) = 14936.164791535142 892.2620099579381
Melhor da geracao 12: reg(12) = 12158.110205971088 2778.054585564054
Melhor da geracao 18: reg(18) = 11342.678203227908 815.4320027431804
Melhor da geracao 21: reg(21) = 11125.32113804446 217.35706518344705
Melhor da geracao 27: reg(27) = 11055.631632291681 69.68950575277995
Melhor da geracao 28: reg(28) = 10405.756271667215 649.8753606244663
Melhor da geracao 29: reg(29) = 9862.458749935797 543.2975217314179
Melhor da geracao 31: reg(31) = 9276.655069676302 585.8036802594943
Melhor da geracao 37: reg(37) = 8464.216630004157 812.4384396721453
Melhor da geracao 47: reg(47) = 8183.180449448745 281.0361805554121
Melhor da geracao 48: reg(48) = 8038.051493323011 145.12895612573448
Melhor da geracao 49: reg(49) = 7246.699451251507 791.352042071504
Melhor da geracao 58: reg(58) = 7115.760287610676 130.93916364083088
Melhor da geracao 59: reg(59) = 6875.565320838151 240.19496677252482
Melhor da geracao 60: reg(60) = 6526.170069764204 349.3952510739473
Melhor da geracao 62: reg(62) = 6406.692362201281 119.47770756292266
Melhor da geracao 65: reg(65) = 6215.153801047428 191.53856115385315
Melhor da geracao 70: reg(70) = 5881.018289387223 334.13551166020443
Melhor da geracao 74: reg(74) = 5833.375830227469 47.64245915975425
Melhor da geracao 76: reg(76) = 5809.606973036952 23.768857190517338
Melhor da geracao 78: reg(78) = 5509.701860140086 299.90511289686583
Melhor da geracao 81: reg(81) = 5397.035923873393 112.66593626669328
Melhor da geracao 87: reg(87) = 5228.985776703176 168.0501471702164
Melhor da geracao 92: reg(92) = 5019.777457281607 209.20831942156929
Melhor da geracao 93: reg(93) = 4918.234569142858 101.54288813874882
Melhor da geracao 96: reg(96) = 4741.27321418507 176.961354957788
Melhor da geracao 100: reg(100) = 4369.204854697746 372.0683594873244
Melhor da geracao 116: reg(116) = 4339.111271459975 30.093583237770872
Melhor da geracao 117: reg(117) = 4324.4653262279035 14.645945232071426
Melhor da geracao 122: reg(122) = 3949.3615328235396 375.10379340436384
Melhor da geracao 136: reg(136) = 3606.257950969969 343.10358185357063
Melhor da geracao 163: reg(163) = 3408.3069716884734 197.95097928149562
Melhor da geracao 172: reg(172) = 3385.922378457872 22.38459323060124
Melhor da geracao 179: reg(179) = 3346.5729497488956 39.349428708976575
Melhor da geracao 181: reg(181) = 3328.3098677296966 18.26308201919892
Melhor da geracao 184: reg(184) = 3319.267960552055 9.04190717764186
Melhor da geracao 185: reg(185) = 3112.1810966202106 207.08686393184416
Melhor da geracao 204: reg(204) = 3106.6662272515937 5.514869368616928
Melhor da geracao 205: reg(205) = 3065.715686117597 40.95054113399647
Melhor da geracao 221: reg(221) = 2968.1344487160386 97.58123740155861
Melhor da geracao 224: reg(224) = 2912.303253949659 55.83119476637967
Melhor da geracao 250: reg(250) = 2744.050655876907 168.25259807275188
Melhor da geracao 257: reg(257) = 2705.871534654418 38.1791212224889
Melhor da geracao 264: reg(264) = 2671.3447293108406 34.52680534357751
Melhor da geracao 279: reg(279) = 2625.760792924199 45.58393638664165
Melhor da geracao 283: reg(283) = 2503.38292428106 122.37786864313921
Melhor da geracao 295: reg(295) = 2466.2262395880903 37.15668469296952
Melhor da geracao 320: reg(320) = 2414.219465151582 52.006774436508294
Melhor da geracao 347: reg(347) = 2408.915389245883 5.304075905698937
Melhor da geracao 357: reg(357) = 2341.4092508317062 67.5061384141768
Melhor da geracao 361: reg(361) = 2337.0625448609635 4.3467059707427325
Melhor da geracao 377: reg(377) = 2247.700347441961 89.36219741900231
Melhor da geracao 432: reg(432) = 2224.6473000528676 23.053047389093535
Melhor da geracao 436: reg(436) = 2201.9610947919455 22.68620526092218
Melhor da geracao 442: reg(442) = 2094.863170806746 107.09792398519949
Melhor da geracao 457: reg(457) = 1953.0916492729536 141.77152153379234
Melhor da geracao 567: reg(567) = 1867.8744247579953 85.21722451495839
Melhor da geracao 590: reg(590) = 1854.3495709538624 13.524853804132817
Melhor da geracao 640: reg(640) = 1824.305667433141 30.043903520721415
Melhor da geracao 686: reg(686) = 1788.4984875502462 35.80717988289484
Melhor da geracao 762: reg(762) = 1768.5753310022114 19.92315654803474
Melhor da geracao 805: reg(805) = 1765.1379652883757 3.4373657138357885
Melhor da geracao 809: reg(809) = 1762.0306159020313 3.1073493863443673
Melhor da geracao 819: reg(819) = 1712.8001432035946 49.23047269843664
Melhor da geracao 927: reg(927) = 1709.6737309865207 3.1264122170739483
Melhor da geracao 930: reg(930) = 1690.962098165416 18.711632821104786
Melhor da geracao 968: reg(968) = 1660.1990393016247 30.76305886379123
Melhor da geracao 1002: reg(1002) = 1621.8350487932782 38.36399050834643
Melhor da geracao 1059: reg(1059) = 1598.2897652799093 23.545283513368986
Melhor da geracao 1133: reg(1133) = 1585.516531166633 12.773234113276203
Melhor da geracao 1157: reg(1157) = 1570.8375033411937 14.679027825439334
Melhor da geracao 1190: reg(1190) = 1542.4068539145371 28.4306494266566
Melhor da geracao 1262: reg(1262) = 1510.4512744923438 31.955579422193296
Melhor da geracao 1621: reg(1621) = 1470.73348025922 39.71779423312387
Melhor da geracao 1680: reg(1680) = 1462.9669902311632 7.766490028056751
Melhor da geracao 1701: reg(1701) = 1386.897126456688 76.06986377447515
Melhor da geracao 2125: reg(2125) = 1356.2371213906995 30.66000506598857
Melhor da geracao 2269: reg(2269) = 1353.4797211309692 2.757400259730275
Melhor da geracao 2619: reg(2619) = 1336.7761624318423 16.703558699126916
Melhor da geracao 2945: reg(2945) = 1300.5121743033494 36.26398812849288
Melhor da geracao 3040: reg(3040) = 1286.154584999926 14.35758930342331
Melhor da geracao 3536: reg(3536) = 1285.4039282582087 0.750656741717421
Melhor da geracao 3567: reg(3567) = 1279.9855642691232 5.418363989085492
Melhor da geracao 3965: reg(3965) = 1274.366781153357 5.618783115766291
Melhor da geracao 4015: reg(4015) = 1272.7703931235783 1.596388029778609
Melhor da geracao 4095: reg(4095) = 1260.5022241643103 12.268168959267996
Melhor da geracao 4220: reg(4220) = 1247.424910884245 13.077313280065255
Melhor da geracao 4324: reg(4324) = 1231.0865236042107 16.33838728003434
Melhor da geracao 4690: reg(4690) = 1209.6742863601569 21.412237244053813
Melhor da geracao 5335: reg(5335) = 1208.7367919771416 0.9374943830152915
Melhor da geracao 5538: reg(5538) = 1191.220498568102 17.51629340903969
Melhor da geracao 6269: reg(6269) = 1188.4986945993667 2.7218039687352302
Melhor da geracao 6494: reg(6494) = 1183.2928880506718 5.205806548694909
Melhor da geracao 6957: reg(6957) = 1182.3183028393967 0.9745852112750981
Melhor da geracao 7035: reg(7035) = 1179.4091679963446 2.9091348430520156
Melhor da geracao 7630: reg(7630) = 1177.7381698817903 1.6709981145543225
Melhor da geracao 7716: reg(7716) = 1155.1889803701906 22.549189511599707
Melhor da geracao 9389: reg(9389) = 1151.4664582138453 3.7225221563453488
Melhor da geracao 9644: reg(9644) = 1150.9437968762659 0.5226613375793931
Melhor da geracao 9704: reg(9704) = 1145.4104432166653 5.533353659600607
Melhor da geracao 10134: reg(10134) = 1138.728758262517 6.681684954148295
Melhor da geracao 10188: reg(10188) = 1132.8980222199805 5.8307360425365005
Melhor da geracao 11132: reg(11132) = 1127.5885793969048 5.309442823075642
RUN DE_71s__0t0 1/1: Menor  custo  final é 1127.5885793969048
---26/11 15:23:48-----------------------------------------------------
reg(objetivo): 1127.5885793969048
RMSE: 390.7787110435618
MAE: 21.46903536377596
GEH: 2.7794279657588197
pGEH5: 0.8873239436619719
R2Links: 0.9553055477736597
R2Odm: 0.29053598079432214
------------------------------------------------------ ´p=86

ALERT: Salvando última MOD resposta. Não a melhor.
Fitness final (reg) = 1127.5885793969048
