--candidateId=37
--directory=C:\Users\Pc\Desktop\irace2018\irace\execDir
--algorithm=DE
--fitnessFunction=reg
--populationSize=418
--crossoverProbability=0.715
--differentialWeight=0.351
26/11, 15:23:48
[HookRun] Parameters used:
--directory=execDir
--algorithm=DE
--fitnessFunction=reg
--candidateId=37
--populationSize=418
--maxEvaluations=0
--crossoverProbability=0.715
--differentialWeight=0.351

Teste Curitiba!
OK: Recuperou objeto ODMatrix de 'cwb odmatrix.dat'!

OK: Recuperou objeto VirtualSensors de 'cwb virt sen.dat'!

OK: Mudando teste para rede fechada...
ATENCAO: arestasSensor reduzidas para 71, por ser numero maximo de sensores da rede cadastrada.
PROC: Preparando para iniciar DE_71s__0t0... 26/11, 15:23:48
ERROR: Não há registros de viagens para recuperar! (ODmatrix.calcMatrixClust)
INFO: Return antecipado, n=arestasSensorGAMM=71 e t=tempoPrioriGAMM=0; mov.lenght=71 (VirtualSensors.gerArestaMaisMovimentadasIndex)
INFO: descobrirODparIndArestaMaisMov = 1074 casos! - 191/900 pares O-D cobertos
INFO: Existem 1073 relações Prob_OD_aresta!
OK: Iniciando DE com 1 runs! Population size: 418
Generations: 7177
OD =900
Sensores=71
DE_71s__0t0; 26/11, 15:23:48
STATS: Desvio fluxos: Min. -1235,978992; Mean. 270,953743; Max. 2531,594937; p5 -841,035758; p20 -508,161413; p35 -170,788018; p50 64,007895; p65 425,405664; p80 1019,498654; p95 2455,664316; 
RUN DE_71s__0t0 1/1: Menor custo inicial é 21841.154408258288(RMSE: 392.4894575495836; MAE: 22.10024362070817; GEH: 13.048711263220406) id do melhor indivíduo=240
Melhor da geracao 3: reg(3) = 21476.36858172744 364.78582653084595
Melhor da geracao 4: reg(4) = 19495.010586636825 1981.357995090617
Melhor da geracao 6: reg(6) = 19440.657048503563 54.35353813326219
Melhor da geracao 12: reg(12) = 17640.59895600389 1800.058092499672
Melhor da geracao 15: reg(15) = 15650.137346926454 1990.4616090774362
Melhor da geracao 19: reg(19) = 15607.168870390482 42.96847653597251
Melhor da geracao 25: reg(25) = 15071.836891178044 535.3319792124385
Melhor da geracao 26: reg(26) = 14821.63955591396 250.19733526408345
Melhor da geracao 28: reg(28) = 13242.12642852904 1579.5131273849202
Melhor da geracao 31: reg(31) = 12956.477963879443 285.6484646495974
Melhor da geracao 35: reg(35) = 11564.828147755648 1391.6498161237942
Melhor da geracao 52: reg(52) = 11259.377143240019 305.4510045156294
Melhor da geracao 53: reg(53) = 10995.295136067263 264.08200717275577
Melhor da geracao 54: reg(54) = 10593.631434799927 401.66370126733636
Melhor da geracao 60: reg(60) = 10425.21240327153 168.41903152839768
Melhor da geracao 68: reg(68) = 9000.64757381511 1424.5648294564198
Melhor da geracao 84: reg(84) = 8785.749389920196 214.89818389491302
Melhor da geracao 91: reg(91) = 8076.746551457629 709.0028384625675
Melhor da geracao 97: reg(97) = 7611.86869825019 464.8778532074384
Melhor da geracao 109: reg(109) = 7298.028721804863 313.839976445327
Melhor da geracao 112: reg(112) = 7013.87963569784 284.1490861070233
Melhor da geracao 125: reg(125) = 6820.268766083103 193.61086961473666
Melhor da geracao 130: reg(130) = 6798.205506553521 22.063259529581956
Melhor da geracao 138: reg(138) = 6570.248172714874 227.95733383864717
Melhor da geracao 139: reg(139) = 6133.850604424026 436.39756829084854
Melhor da geracao 144: reg(144) = 6079.412374380857 54.438230043168915
Melhor da geracao 148: reg(148) = 5837.515016598595 241.89735778226168
Melhor da geracao 167: reg(167) = 5604.189108964817 233.32590763377812
Melhor da geracao 173: reg(173) = 5555.465042529491 48.72406643532577
Melhor da geracao 174: reg(174) = 5533.788495840084 21.676546689407587
Melhor da geracao 180: reg(180) = 5451.533865368733 82.25463047135054
Melhor da geracao 187: reg(187) = 5289.450900712924 162.08296465580952
Melhor da geracao 203: reg(203) = 5002.201148653302 287.24975205962164
Melhor da geracao 206: reg(206) = 4873.465748634033 128.73540001926904
Melhor da geracao 208: reg(208) = 4818.957620623136 54.50812801089705
Melhor da geracao 226: reg(226) = 4709.548708496628 109.40891212650786
Melhor da geracao 227: reg(227) = 4526.8854159297125 182.66329256691552
Melhor da geracao 237: reg(237) = 4262.539395572084 264.34602035762873
Melhor da geracao 276: reg(276) = 4228.561181601185 33.97821397089865
Melhor da geracao 283: reg(283) = 4199.470391106948 29.0907904942369
Melhor da geracao 284: reg(284) = 3971.552428121932 227.9179629850164
Melhor da geracao 286: reg(286) = 3885.796433217578 85.75599490435388
Melhor da geracao 302: reg(302) = 3709.5844224626076 176.21201075497038
Melhor da geracao 310: reg(310) = 3700.9907078686897 8.593714593917866
Melhor da geracao 323: reg(323) = 3682.2021785151196 18.788529353570084
Melhor da geracao 328: reg(328) = 3487.2985930569166 194.903585458203
Melhor da geracao 362: reg(362) = 3445.7924340792742 41.50615897764237
Melhor da geracao 374: reg(374) = 3351.4772131335008 94.31522094577349
Melhor da geracao 389: reg(389) = 3285.308723935557 66.16848919794393
Melhor da geracao 398: reg(398) = 2997.683870766794 287.6248531687629
Melhor da geracao 432: reg(432) = 2992.344611319375 5.339259447418954
Melhor da geracao 438: reg(438) = 2937.293439557953 55.051171761421756
Melhor da geracao 470: reg(470) = 2913.7344910045304 23.55894855342285
Melhor da geracao 477: reg(477) = 2785.1832676955205 128.55122330900986
Melhor da geracao 494: reg(494) = 2615.3722372817692 169.81103041375127
Melhor da geracao 599: reg(599) = 2601.237025475039 14.13521180673024
Melhor da geracao 605: reg(605) = 2578.3684143654987 22.868611109540325
Melhor da geracao 626: reg(626) = 2428.905037384837 149.46337698066145
Melhor da geracao 652: reg(652) = 2415.278775247706 13.626262137131107
Melhor da geracao 706: reg(706) = 2351.191909319367 64.0868659283392
Melhor da geracao 739: reg(739) = 2337.5552393851535 13.636669934213387
Melhor da geracao 794: reg(794) = 2142.534805877854 195.02043350729946
Melhor da geracao 808: reg(808) = 2093.4135371335515 49.1212687443026
Melhor da geracao 889: reg(889) = 2084.0982928115263 9.315244322025137
Melhor da geracao 955: reg(955) = 2069.6355084818374 14.46278432968893
Melhor da geracao 988: reg(988) = 2046.3405550576367 23.294953424200685
Melhor da geracao 1080: reg(1080) = 2041.8361672858982 4.504387771738493
Melhor da geracao 1104: reg(1104) = 2009.1001932824065 32.73597400349172
Melhor da geracao 1127: reg(1127) = 1959.3395442080143 49.76064907439218
Melhor da geracao 1137: reg(1137) = 1930.7693982647515 28.570145943262787
Melhor da geracao 1229: reg(1229) = 1896.8438481853004 33.925550079451114
Melhor da geracao 1265: reg(1265) = 1877.390904429838 19.452943755462456
Melhor da geracao 1274: reg(1274) = 1866.4858492191777 10.905055210660294
Melhor da geracao 1408: reg(1408) = 1837.0599267272385 29.425922491939218
Melhor da geracao 1514: reg(1514) = 1817.9217175182778 19.13820920896069
Melhor da geracao 1648: reg(1648) = 1807.4953892684834 10.426328249794324
Melhor da geracao 1665: reg(1665) = 1767.4306973456703 40.064691922813154
Melhor da geracao 1725: reg(1725) = 1749.6316084848847 17.79908886078556
Melhor da geracao 1863: reg(1863) = 1746.765954451643 2.8656540332417535
Melhor da geracao 1929: reg(1929) = 1657.9997585093156 88.76619594232739
Melhor da geracao 2205: reg(2205) = 1603.548470307158 54.451288202157684
Melhor da geracao 2501: reg(2501) = 1598.9920929799457 4.5563773272122035
Melhor da geracao 2645: reg(2645) = 1582.3582895218856 16.63380345806013
Melhor da geracao 2672: reg(2672) = 1569.0419256568102 13.316363865075346
Melhor da geracao 2698: reg(2698) = 1568.0172338153159 1.0246918414943593
Melhor da geracao 2789: reg(2789) = 1567.9124981798586 0.10473563545724573
Melhor da geracao 2792: reg(2792) = 1510.8497520518554 57.062746128003255
Melhor da geracao 3265: reg(3265) = 1505.2442375180244 5.605514533830956
Melhor da geracao 3367: reg(3367) = 1489.7577743283832 15.4864631896412
Melhor da geracao 3445: reg(3445) = 1489.0981849283562 0.6595894000270164
Melhor da geracao 3523: reg(3523) = 1488.7917595279796 0.3064254003766109
Melhor da geracao 3549: reg(3549) = 1462.6104838009035 26.181275727076127
Melhor da geracao 3792: reg(3792) = 1456.6529804683823 5.957503332521128
Melhor da geracao 3807: reg(3807) = 1442.4616320114649 14.191348456917467
Melhor da geracao 4003: reg(4003) = 1442.1194418236778 0.3421901877870823
Melhor da geracao 4267: reg(4267) = 1412.098603603168 30.02083822050986
Melhor da geracao 4530: reg(4530) = 1402.9672598575512 9.131343745616732
Melhor da geracao 4538: reg(4538) = 1401.7724201741628 1.194839683388409
Melhor da geracao 4805: reg(4805) = 1377.631492378039 24.140927796123833
Melhor da geracao 4935: reg(4935) = 1377.4493761264787 0.18211625156027367
Melhor da geracao 5042: reg(5042) = 1348.6700751117312 28.77930101474749
Melhor da geracao 5578: reg(5578) = 1287.7772832132507 60.89279189848048
RUN DE_71s__0t0 1/1: Menor  custo  final é 1287.7772832132507
---26/11 15:25:31-----------------------------------------------------
reg(objetivo): 1287.7772832132507
RMSE: 569.1408464577745
MAE: 24.03447837901757
GEH: 2.9797170387725904
pGEH5: 0.8309859154929577
R2Links: 0.9479821576651919
R2Odm: 0.14838496412508898
------------------------------------------------------ ´p=260

ALERT: Salvando última MOD resposta. Não a melhor.
Fitness final (reg) = 1287.7772832132507
