--candidateId=39
--directory=C:\Users\Pc\Desktop\irace2018\irace\execDir
--algorithm=DE
--fitnessFunction=reg
--populationSize=647
--crossoverProbability=0.548
--differentialWeight=0.233
26/11, 15:27:16
[HookRun] Parameters used:
--directory=execDir
--algorithm=DE
--fitnessFunction=reg
--candidateId=39
--populationSize=647
--maxEvaluations=0
--crossoverProbability=0.548
--differentialWeight=0.233

Teste Curitiba!
OK: Recuperou objeto ODMatrix de 'cwb odmatrix.dat'!

OK: Recuperou objeto VirtualSensors de 'cwb virt sen.dat'!

OK: Mudando teste para rede fechada...
ATENCAO: arestasSensor reduzidas para 71, por ser numero maximo de sensores da rede cadastrada.
PROC: Preparando para iniciar DE_71s__0t0... 26/11, 15:27:16
ERROR: Não há registros de viagens para recuperar! (ODmatrix.calcMatrixClust)
INFO: Return antecipado, n=arestasSensorGAMM=71 e t=tempoPrioriGAMM=0; mov.lenght=71 (VirtualSensors.gerArestaMaisMovimentadasIndex)
INFO: descobrirODparIndArestaMaisMov = 1074 casos! - 191/900 pares O-D cobertos
INFO: Existem 1073 relações Prob_OD_aresta!
OK: Iniciando DE com 1 runs! Population size: 647
Generations: 4636
OD =900
Sensores=71
DE_71s__0t0; 26/11, 15:27:16
STATS: Desvio fluxos: Min. -1422,301801; Mean. 346,65349; Max. 3841,757476; p5 -1150,173056; p20 -741,120848; p35 -334,751973; p50 170,751863; p65 726,996082; p80 1359,420045; p95 2479,878367; 
RUN DE_71s__0t0 1/1: Menor custo inicial é 19827.083340676607(RMSE: 519.9030476899009; MAE: 24.616448192579156; GEH: 12.675874374149764) id do melhor indivíduo=621
Melhor da geracao 3: reg(3) = 18407.382982525294 1419.7003581513127
Melhor da geracao 4: reg(4) = 16846.60435284923 1560.7786296760642
Melhor da geracao 8: reg(8) = 14813.948770998237 2032.6555818509933
Melhor da geracao 10: reg(10) = 12203.137280134963 2610.8114908632742
Melhor da geracao 18: reg(18) = 11298.023232037123 905.1140480978393
Melhor da geracao 20: reg(20) = 10290.475433213582 1007.5477988235416
Melhor da geracao 21: reg(21) = 10090.754006372315 199.7214268412663
Melhor da geracao 23: reg(23) = 9516.31928760474 574.4347187675758
Melhor da geracao 24: reg(24) = 9003.018667332499 513.3006202722408
Melhor da geracao 26: reg(26) = 8174.338279326643 828.680388005856
Melhor da geracao 30: reg(30) = 7754.039233660385 420.29904566625737
Melhor da geracao 34: reg(34) = 7571.009060054548 183.03017360583726
Melhor da geracao 35: reg(35) = 7010.644366903063 560.364693151485
Melhor da geracao 41: reg(41) = 6928.43672710897 82.20763979409276
Melhor da geracao 42: reg(42) = 6557.228801963609 371.2079251453615
Melhor da geracao 46: reg(46) = 6307.469031582066 249.7597703815427
Melhor da geracao 47: reg(47) = 6273.5156217305985 33.95340985146777
Melhor da geracao 48: reg(48) = 6237.231378427744 36.28424330285452
Melhor da geracao 49: reg(49) = 6113.297191304926 123.934187122818
Melhor da geracao 50: reg(50) = 5562.193903583982 551.1032877209436
Melhor da geracao 55: reg(55) = 5476.54674289635 85.6471606876321
Melhor da geracao 57: reg(57) = 4900.428466328459 576.1182765678914
Melhor da geracao 70: reg(70) = 4899.22791209835 1.200554230108537
Melhor da geracao 71: reg(71) = 4860.8292201150125 38.39869198333781
Melhor da geracao 72: reg(72) = 4701.2935928702655 159.53562724474705
Melhor da geracao 73: reg(73) = 4663.4650724856565 37.828520384608964
Melhor da geracao 74: reg(74) = 4424.135905253042 239.32916723261405
Melhor da geracao 78: reg(78) = 4261.397167096141 162.7387381569015
Melhor da geracao 83: reg(83) = 3921.2015138526767 340.1956532434642
Melhor da geracao 92: reg(92) = 3858.071753727182 63.12976012549461
Melhor da geracao 93: reg(93) = 3621.480645996108 236.59110773107432
Melhor da geracao 100: reg(100) = 3587.0222500104105 34.45839598569728
Melhor da geracao 103: reg(103) = 3567.682083970013 19.340166040397435
Melhor da geracao 112: reg(112) = 3527.1303384161006 40.5517455539125
Melhor da geracao 115: reg(115) = 3513.7606365962592 13.369701819841339
Melhor da geracao 118: reg(118) = 3441.559438215749 72.20119838051005
Melhor da geracao 121: reg(121) = 3429.2987866001286 12.260651615620645
Melhor da geracao 122: reg(122) = 3357.1956142414515 72.10317235867706
Melhor da geracao 125: reg(125) = 3099.2111129489144 257.98450129253706
Melhor da geracao 134: reg(134) = 3028.7914456449935 70.41966730392096
Melhor da geracao 146: reg(146) = 3016.3143689451776 12.477076699815825
Melhor da geracao 147: reg(147) = 2906.1294629364224 110.1849060087552
Melhor da geracao 158: reg(158) = 2861.6455788955464 44.48388404087609
Melhor da geracao 166: reg(166) = 2833.415976248088 28.22960264745825
Melhor da geracao 170: reg(170) = 2805.5593936290516 27.856582619036544
Melhor da geracao 172: reg(172) = 2788.802038381076 16.757355247975738
Melhor da geracao 173: reg(173) = 2788.190059018072 0.6119793630036838
Melhor da geracao 174: reg(174) = 2768.6873829568253 19.502676061246802
Melhor da geracao 175: reg(175) = 2688.2228501601676 80.46453279665775
Melhor da geracao 179: reg(179) = 2683.949472262287 4.273377897880437
Melhor da geracao 180: reg(180) = 2497.574126164921 186.37534609736622
Melhor da geracao 194: reg(194) = 2444.8070501497505 52.76707601517046
Melhor da geracao 206: reg(206) = 2425.4555234773443 19.35152667240618
Melhor da geracao 223: reg(223) = 2347.3490436927173 78.10647978462703
Melhor da geracao 236: reg(236) = 2330.1856789009234 17.16336479179381
Melhor da geracao 238: reg(238) = 2316.731768819719 13.453910081204413
Melhor da geracao 241: reg(241) = 2244.124837009748 72.60693180997123
Melhor da geracao 276: reg(276) = 2089.1870645985687 154.93777241117914
Melhor da geracao 301: reg(301) = 2059.545044172039 29.642020426529598
Melhor da geracao 307: reg(307) = 2023.0832463464478 36.46179782559125
Melhor da geracao 348: reg(348) = 1990.0792193748684 33.00402697157938
Melhor da geracao 352: reg(352) = 1974.5116921903802 15.567527184488199
Melhor da geracao 356: reg(356) = 1973.7852504528732 0.7264417375070025
Melhor da geracao 364: reg(364) = 1894.2018518978505 79.58339855502277
Melhor da geracao 378: reg(378) = 1888.56528618944 5.636565708410444
Melhor da geracao 396: reg(396) = 1840.4584558597019 48.10683032973816
Melhor da geracao 423: reg(423) = 1839.5231594418333 0.9352964178685852
Melhor da geracao 431: reg(431) = 1824.916559358783 14.606600083050353
Melhor da geracao 443: reg(443) = 1816.1843794492147 8.73217990956823
Melhor da geracao 470: reg(470) = 1812.4134799844755 3.770899464739159
Melhor da geracao 471: reg(471) = 1798.653911492202 13.759568492273502
Melhor da geracao 473: reg(473) = 1742.9273385757658 55.726572916436226
Melhor da geracao 510: reg(510) = 1724.4087991232593 18.518539452506502
Melhor da geracao 511: reg(511) = 1714.8590072418663 9.549791881393048
Melhor da geracao 525: reg(525) = 1701.092305550104 13.766701691762364
Melhor da geracao 535: reg(535) = 1686.725622124233 14.36668342587086
Melhor da geracao 566: reg(566) = 1661.0648833825146 25.660738741718433
Melhor da geracao 595: reg(595) = 1660.273191225476 0.7916921570385966
Melhor da geracao 605: reg(605) = 1659.3188254874349 0.9543657380411332
Melhor da geracao 616: reg(616) = 1637.3963341924589 21.922491294976
Melhor da geracao 643: reg(643) = 1634.0584437007674 3.337890491691496
Melhor da geracao 644: reg(644) = 1633.4151154002434 0.64332830052399
Melhor da geracao 646: reg(646) = 1630.5239917311344 2.8911236691089925
Melhor da geracao 654: reg(654) = 1629.7239266227693 0.800065108365061
Melhor da geracao 657: reg(657) = 1625.4653010107397 4.258625612029618
Melhor da geracao 672: reg(672) = 1570.733205738923 54.73209527181666
Melhor da geracao 684: reg(684) = 1533.0647241574877 37.668481581435344
Melhor da geracao 768: reg(768) = 1498.8937674856702 34.17095667181752
Melhor da geracao 818: reg(818) = 1497.9558356778891 0.9379318077810694
Melhor da geracao 883: reg(883) = 1477.4560891952808 20.499746482608316
Melhor da geracao 895: reg(895) = 1463.1533943803806 14.302694814900178
Melhor da geracao 901: reg(901) = 1450.3396609197216 12.813733460659023
Melhor da geracao 1019: reg(1019) = 1444.4881167340254 5.851544185696184
Melhor da geracao 1069: reg(1069) = 1429.4833361679773 15.004780566048112
Melhor da geracao 1082: reg(1082) = 1419.0230114118615 10.460324756115824
Melhor da geracao 1123: reg(1123) = 1414.150058005952 4.872953405909584
Melhor da geracao 1148: reg(1148) = 1396.427891395206 17.722166610745944
Melhor da geracao 1236: reg(1236) = 1370.9054831573453 25.522408237860645
Melhor da geracao 1252: reg(1252) = 1363.016768148155 7.888715009190264
Melhor da geracao 1318: reg(1318) = 1360.7448359189766 2.2719322291784465
Melhor da geracao 1364: reg(1364) = 1355.0162038984663 5.728632020510304
Melhor da geracao 1370: reg(1370) = 1347.6743183967287 7.341885501737579
Melhor da geracao 1387: reg(1387) = 1347.1476042289514 0.5267141677772997
Melhor da geracao 1406: reg(1406) = 1341.7636440887638 5.3839601401875825
Melhor da geracao 1426: reg(1426) = 1340.6696892883276 1.0939548004362223
Melhor da geracao 1436: reg(1436) = 1338.2571965319394 2.4124927563882466
Melhor da geracao 1467: reg(1467) = 1334.938329176543 3.318867355396378
Melhor da geracao 1481: reg(1481) = 1334.3006678126496 0.6376613638933577
Melhor da geracao 1500: reg(1500) = 1333.784812158923 0.5158556537267032
Melhor da geracao 1513: reg(1513) = 1310.2325093783581 23.552302780564787
Melhor da geracao 1716: reg(1716) = 1309.7748612875907 0.45764809076740676
Melhor da geracao 1725: reg(1725) = 1303.9551011497076 5.819760137883122
Melhor da geracao 1774: reg(1774) = 1282.9158841649116 21.039216984795985
Melhor da geracao 1796: reg(1796) = 1278.5918175616941 4.324066603217489
Melhor da geracao 1831: reg(1831) = 1261.407285366689 17.184532195005204
Melhor da geracao 2019: reg(2019) = 1256.6017848424108 4.805500524278159
Melhor da geracao 2070: reg(2070) = 1252.3097315791035 4.292053263307253
Melhor da geracao 2102: reg(2102) = 1244.6176601835784 7.69207139552509
Melhor da geracao 2224: reg(2224) = 1240.903104534713 3.714555648865371
Melhor da geracao 2286: reg(2286) = 1240.5802960764083 0.3228084583047348
Melhor da geracao 2289: reg(2289) = 1229.0941065801037 11.486189496304632
Melhor da geracao 2414: reg(2414) = 1226.3237650983772 2.7703414817265184
Melhor da geracao 2449: reg(2449) = 1214.9684595486822 11.355305549695004
Melhor da geracao 2550: reg(2550) = 1211.7557299944374 3.2127295542447882
Melhor da geracao 2555: reg(2555) = 1197.4537653050782 14.301964689359238
Melhor da geracao 2566: reg(2566) = 1197.2813762731646 0.17238903191355348
Melhor da geracao 2783: reg(2783) = 1183.1029454289649 14.178430844199738
Melhor da geracao 2809: reg(2809) = 1179.509340702516 3.5936047264488025
Melhor da geracao 3278: reg(3278) = 1169.5730660437082 9.93627465880786
Melhor da geracao 3451: reg(3451) = 1162.3367767776099 7.236289266098311
Melhor da geracao 3510: reg(3510) = 1162.3330659708563 0.0037108067535882583
Melhor da geracao 3590: reg(3590) = 1149.362377323067 12.970688647789302
Melhor da geracao 4047: reg(4047) = 1125.3864343329658 23.975942990101203
RUN DE_71s__0t0 1/1: Menor  custo  final é 1125.3864343329658
---26/11 15:28:58-----------------------------------------------------
reg(objetivo): 1125.3864343329658
RMSE: 370.3524060863247
MAE: 20.098070667349432
GEH: 2.675259955671556
pGEH5: 0.8873239436619719
R2Links: 0.9567504918713858
R2Odm: 0.34442623581873744
------------------------------------------------------ ´p=386

ALERT: Salvando última MOD resposta. Não a melhor.
Fitness final (reg) = 1125.3864343329658
