--candidateId=4
--directory=C:\Users\Pc\Desktop\irace2018\irace\execDir
--algorithm=GA
--fitnessFunction=reg
--populationSize=83
--crossoverProbability=0.724
--mutationProbability=0.005
--selectionGA=5-tournament
--crossoverGA=intermediate
--mutationGA=MaxEquals1500Uniform
--generationReplacement=Generational
--elitistRateGA=0.122
02/12, 18:05:52
[HookRun] Parameters used:
--directory=execDir
--algorithm=GA
--selectionGA=5-tournament
--crossoverGA=intermediate
--mutationGA=MaxEquals1500Uniform
--elitistRateGA=0.122
--fitnessFunction=reg
--candidateId=4
--populationSize=83
--maxEvaluations=0
--crossoverProbability=0.724
--mutationProbability=0.005
--generationReplacement=Generational

Teste Curitiba!
OK: Recuperou objeto ODMatrix de 'cwb odmatrix.dat'!

OK: Recuperou objeto VirtualSensors de 'cwb virt sen.dat'!

OK: Mudando teste para rede fechada...
ATENCAO: arestasSensor reduzidas para 71, por ser numero maximo de sensores da rede cadastrada.
PROC: Preparando para iniciar GA_71s__0t0... 02/12, 18:05:52
ERROR: Não há registros de viagens para recuperar! (ODmatrix.calcMatrixClust)
INFO: Return antecipado, n=arestasSensorGAMM=71 e t=tempoPrioriGAMM=0; mov.lenght=71 (VirtualSensors.gerArestaMaisMovimentadasIndex)
INFO: descobrirODparIndArestaMaisMov = 1074 casos! - 191/900 pares O-D cobertos
INFO: Existem 1073 relações Prob_OD_aresta!
OK: Iniciando GA _Alterado_ com 1 runs! Population size: 83
Generations: 36144
OD =900
Sensores=71
GA_71s__0t0; 02/12, 18:05:52
RUN GA_71s__0t0 1/1: Menor custo inicial é 22717.186982619158(RMSE: 404.80874989748247; MAE: 21.92097515549973; GEH: 14.393558366981786) id do melhor indivíduo=44
Melhor da geracao 4: reg(4) = 21856.490359929463 860.6966226896948
Melhor da geracao 14: reg(14) = 21567.695704841 288.7946550884626
Melhor da geracao 15: reg(15) = 21524.701464118403 42.99424072259717
Melhor da geracao 17: reg(17) = 20840.92908783072 683.7723762876849
Melhor da geracao 18: reg(18) = 20331.955638636042 508.9734491946765
Melhor da geracao 21: reg(21) = 20011.68280743049 320.2728312055515
Melhor da geracao 27: reg(27) = 19538.514933651833 473.16787377865694
Melhor da geracao 35: reg(35) = 16572.430947319197 2966.0839863326364
Melhor da geracao 44: reg(44) = 16485.228283139604 87.20266417959283
Melhor da geracao 45: reg(45) = 16204.503906952368 280.724376187236
Melhor da geracao 48: reg(48) = 15553.009864064474 651.4940428878945
Melhor da geracao 50: reg(50) = 14955.433009446973 597.5768546175004
Melhor da geracao 60: reg(60) = 14586.9968374807 368.43617196627383
Melhor da geracao 65: reg(65) = 14190.343365801098 396.65347167960135
Melhor da geracao 73: reg(73) = 13670.73611631689 519.6072494842083
Melhor da geracao 95: reg(95) = 13659.277273505017 11.458842811873183
Melhor da geracao 99: reg(99) = 13341.1326678191 318.14460568591676
Melhor da geracao 117: reg(117) = 13336.042437755823 5.090230063276977
Melhor da geracao 121: reg(121) = 13213.561922127323 122.48051562850014
Melhor da geracao 126: reg(126) = 13163.950107230845 49.61181489647788
Melhor da geracao 135: reg(135) = 12628.335604838361 535.6145023924837
Melhor da geracao 138: reg(138) = 12548.871603821784 79.46400101657673
Melhor da geracao 140: reg(140) = 12546.48817992658 2.3834238952040323
Melhor da geracao 144: reg(144) = 12542.295694814413 4.19248511216756
Melhor da geracao 151: reg(151) = 12533.438042952257 8.857651862155763
Melhor da geracao 163: reg(163) = 12364.07241111738 169.3656318348767
Melhor da geracao 168: reg(168) = 12151.251769211054 212.82064190632627
Melhor da geracao 172: reg(172) = 11920.174407351775 231.07736185927934
Melhor da geracao 173: reg(173) = 11181.536227088614 738.6381802631604
Melhor da geracao 174: reg(174) = 10684.740909923847 496.79531716476777
Melhor da geracao 184: reg(184) = 10507.050926555155 177.68998336869117
Melhor da geracao 189: reg(189) = 10424.060303919096 82.99062263605992
Melhor da geracao 190: reg(190) = 10185.606036489651 238.45426742944437
Melhor da geracao 197: reg(197) = 10013.950647810922 171.65538867872965
Melhor da geracao 214: reg(214) = 9981.023115285278 32.92753252564398
Melhor da geracao 218: reg(218) = 9878.942376997082 102.08073828819579
Melhor da geracao 241: reg(241) = 9870.894989759978 8.047387237103976
Melhor da geracao 262: reg(262) = 9842.362296948468 28.53269281151006
Melhor da geracao 276: reg(276) = 9699.38631745303 142.97597949543706
Melhor da geracao 279: reg(279) = 9619.969490525827 79.41682692720315
Melhor da geracao 285: reg(285) = 9407.978365057026 211.99112546880133
Melhor da geracao 291: reg(291) = 9230.137134050854 177.84123100617217
Melhor da geracao 310: reg(310) = 9139.34143049165 90.79570355920441
Melhor da geracao 317: reg(317) = 8989.000626800582 150.34080369106778
Melhor da geracao 336: reg(336) = 8856.32084043651 132.67978636407133
Melhor da geracao 348: reg(348) = 8770.601354318223 85.71948611828702
Melhor da geracao 357: reg(357) = 8758.431454888036 12.169899430187797
Melhor da geracao 364: reg(364) = 8532.177859065121 226.25359582291458
Melhor da geracao 365: reg(365) = 8493.568957254314 38.608901810806856
Melhor da geracao 367: reg(367) = 8453.249867257531 40.31908999678308
Melhor da geracao 381: reg(381) = 8452.949121701839 0.30074555569262884
Melhor da geracao 382: reg(382) = 8423.548087721796 29.401033980042484
Melhor da geracao 384: reg(384) = 7537.365406536013 886.1826811857827
Melhor da geracao 408: reg(408) = 7442.264275943833 95.1011305921802
Melhor da geracao 420: reg(420) = 7384.227806011897 58.03646993193615
Melhor da geracao 424: reg(424) = 7381.8580162012395 2.369789810657494
Melhor da geracao 439: reg(439) = 7380.113730512592 1.7442856886473237
Melhor da geracao 448: reg(448) = 7211.32848227002 168.78524824257238
Melhor da geracao 466: reg(466) = 7191.475247296501 19.853234973518738
Melhor da geracao 473: reg(473) = 6758.8216756222155 432.65357167428556
Melhor da geracao 513: reg(513) = 6553.0342755965585 205.787400025657
Melhor da geracao 516: reg(516) = 6385.037364181089 167.99691141546919
Melhor da geracao 539: reg(539) = 6095.9912619617 289.04610221938947
Melhor da geracao 557: reg(557) = 6064.180791983342 31.810469978358014
Melhor da geracao 570: reg(570) = 6049.948675226139 14.232116757202675
Melhor da geracao 601: reg(601) = 5888.024249881989 161.92442534415022
Melhor da geracao 616: reg(616) = 5878.286823899942 9.73742598204717
Melhor da geracao 623: reg(623) = 5799.5279476413625 78.75887625857922
Melhor da geracao 624: reg(624) = 5704.744236419482 94.78371122188037
Melhor da geracao 627: reg(627) = 5612.6968394313835 92.04739698809863
Melhor da geracao 647: reg(647) = 5465.594174906958 147.10266452442556
Melhor da geracao 648: reg(648) = 5465.364193382713 0.22998152424497675
Melhor da geracao 668: reg(668) = 5403.547998515047 61.81619486766613
Melhor da geracao 687: reg(687) = 5395.026918839906 8.521079675140754
Melhor da geracao 719: reg(719) = 5381.252105897567 13.77481294233894
Melhor da geracao 723: reg(723) = 5374.686601136419 6.565504761148077
Melhor da geracao 728: reg(728) = 5286.923658082675 87.7629430537445
Melhor da geracao 749: reg(749) = 5242.137646343372 44.78601173930292
Melhor da geracao 752: reg(752) = 5225.05727054284 17.08037580053133
Melhor da geracao 772: reg(772) = 5193.781361047824 31.275909495016094
Melhor da geracao 782: reg(782) = 5191.774356757849 2.007004289975157
Melhor da geracao 785: reg(785) = 5019.120345319995 172.65401143785402
Melhor da geracao 791: reg(791) = 4957.952441678859 61.167903641136036
Melhor da geracao 800: reg(800) = 4846.346764345513 111.60567733334574
Melhor da geracao 828: reg(828) = 4845.452150098452 0.8946142470613268
Melhor da geracao 835: reg(835) = 4767.986978674919 77.46517142353332
Melhor da geracao 845: reg(845) = 4733.1207799707 34.86619870421873
Melhor da geracao 861: reg(861) = 4663.748416018622 69.37236395207765
Melhor da geracao 878: reg(878) = 4656.21715091758 7.5312651010426634
Melhor da geracao 895: reg(895) = 4630.830657922167 25.386492995412482
Melhor da geracao 904: reg(904) = 4526.283551287888 104.54710663427886
Melhor da geracao 914: reg(914) = 4472.698015559966 53.585535727922434
Melhor da geracao 927: reg(927) = 4472.368398528818 0.32961703114779084
Melhor da geracao 930: reg(930) = 4461.086755532756 11.281642996062146
Melhor da geracao 966: reg(966) = 4414.325492149399 46.76126338335689
Melhor da geracao 974: reg(974) = 4371.096919179427 43.22857296997245
Melhor da geracao 979: reg(979) = 4340.762334017749 30.33458516167775
Melhor da geracao 985: reg(985) = 4335.03580443471 5.7265295830384275
Melhor da geracao 995: reg(995) = 4332.158196539933 2.8776078947776114
Melhor da geracao 1003: reg(1003) = 4287.358387368275 44.799809171658126
Melhor da geracao 1019: reg(1019) = 4270.74760508369 16.610782284584275
Melhor da geracao 1033: reg(1033) = 4270.391951934648 0.35565314904215484
Melhor da geracao 1040: reg(1040) = 4191.008481593169 79.38347034147955
Melhor da geracao 1043: reg(1043) = 4097.466236994067 93.54224459910165
Melhor da geracao 1045: reg(1045) = 4095.018590022545 2.4476469715218627
Melhor da geracao 1053: reg(1053) = 4067.2586323638493 27.75995765869584
Melhor da geracao 1063: reg(1063) = 4065.651747991672 1.6068843721773192
Melhor da geracao 1077: reg(1077) = 4052.5672140177135 13.084533973958514
Melhor da geracao 1081: reg(1081) = 4041.180857949281 11.386356068432633
Melhor da geracao 1095: reg(1095) = 4014.4286731450657 26.752184804215176
Melhor da geracao 1106: reg(1106) = 3993.2497927304635 21.17888041460219
Melhor da geracao 1125: reg(1125) = 3925.638795268828 67.61099746163563
Melhor da geracao 1166: reg(1166) = 3899.968143391553 25.67065187727485
Melhor da geracao 1190: reg(1190) = 3841.9423015885686 58.02584180298436
Melhor da geracao 1196: reg(1196) = 3832.632098163965 9.310203424603515
Melhor da geracao 1199: reg(1199) = 3789.573214262946 43.05888390101927
Melhor da geracao 1256: reg(1256) = 3698.355357777997 91.2178564849487
Melhor da geracao 1265: reg(1265) = 3654.352077213468 44.00328056452918
Melhor da geracao 1307: reg(1307) = 3625.6031237635666 28.748953449901364
Melhor da geracao 1328: reg(1328) = 3608.0136290462447 17.58949471732194
Melhor da geracao 1347: reg(1347) = 3593.851966136758 14.161662909486495
Melhor da geracao 1371: reg(1371) = 3575.7913447988926 18.06062133786554
Melhor da geracao 1394: reg(1394) = 3561.52137240408 14.269972394812612
Melhor da geracao 1412: reg(1412) = 3561.0745935614204 0.4467788426595689
Melhor da geracao 1416: reg(1416) = 3502.480437095768 58.594156465652304
Melhor da geracao 1425: reg(1425) = 3500.4747447163445 2.0056923794236354
Melhor da geracao 1433: reg(1433) = 3496.803146371722 3.6715983446224527
Melhor da geracao 1441: reg(1441) = 3489.5432084871745 7.259937884547526
Melhor da geracao 1446: reg(1446) = 3408.458094437075 81.08511405009949
Melhor da geracao 1462: reg(1462) = 3405.145724578058 3.3123698590170534
Melhor da geracao 1464: reg(1464) = 3344.8967846265377 60.24893995152024
Melhor da geracao 1488: reg(1488) = 3343.9427613514554 0.9540232750823634
Melhor da geracao 1509: reg(1509) = 3338.5363406750607 5.406420676394646
Melhor da geracao 1536: reg(1536) = 3316.9503275045636 21.586013170497154
Melhor da geracao 1550: reg(1550) = 3276.244905080889 40.70542242367446
Melhor da geracao 1556: reg(1556) = 3265.198940484445 11.045964596444264
Melhor da geracao 1567: reg(1567) = 3262.8405584712586 2.358382013186201
Melhor da geracao 1587: reg(1587) = 3256.37638110408 6.464177367178763
Melhor da geracao 1589: reg(1589) = 3222.4358623682533 33.94051873582657
Melhor da geracao 1618: reg(1618) = 3178.0751297755055 44.36073259274781
Melhor da geracao 1656: reg(1656) = 3162.3699376429677 15.705192132537832
Melhor da geracao 1728: reg(1728) = 3155.1931751040324 7.176762538935236
Melhor da geracao 1737: reg(1737) = 3151.340085154526 3.853089949506284
Melhor da geracao 1745: reg(1745) = 3146.987885651254 4.352199503272004
Melhor da geracao 1751: reg(1751) = 3143.920939086081 3.0669465651731116
Melhor da geracao 1773: reg(1773) = 3139.4361700023633 4.484769083717765
Melhor da geracao 1797: reg(1797) = 3109.606911512696 29.829258489667154
Melhor da geracao 1821: reg(1821) = 3082.912987751561 26.69392376113501
Melhor da geracao 1835: reg(1835) = 3082.431908235545 0.48107951601605237
Melhor da geracao 1836: reg(1836) = 3078.908833314707 3.5230749208380985
Melhor da geracao 1852: reg(1852) = 3078.868030015298 0.04080329940916272
Melhor da geracao 1864: reg(1864) = 3077.433653531814 1.4343764834839021
Melhor da geracao 1904: reg(1904) = 3070.364542642899 7.06911088891502
Melhor da geracao 1933: reg(1933) = 3036.9879731056067 33.3765695372922
Melhor da geracao 1958: reg(1958) = 2983.01749631863 53.97047678697663
Melhor da geracao 1975: reg(1975) = 2924.6662637114673 58.35123260716273
Melhor da geracao 2011: reg(2011) = 2918.0879538593945 6.5783098520728345
Melhor da geracao 2024: reg(2024) = 2911.7475520388443 6.340401820550142
Melhor da geracao 2026: reg(2026) = 2905.0510918019104 6.6964602369339445
Melhor da geracao 2048: reg(2048) = 2880.8378594076735 24.21323239423691
Melhor da geracao 2055: reg(2055) = 2869.107818666114 11.730040741559606
Melhor da geracao 2086: reg(2086) = 2864.5612610479207 4.546557618193219
Melhor da geracao 2177: reg(2177) = 2858.3448126482804 6.216448399640285
Melhor da geracao 2188: reg(2188) = 2845.7895347920053 12.555277856275097
Melhor da geracao 2229: reg(2229) = 2844.075110302982 1.7144244890232585
Melhor da geracao 2258: reg(2258) = 2810.8595103928383 33.21559991014374
Melhor da geracao 2282: reg(2282) = 2756.3994171451873 54.460093247651
Melhor da geracao 2291: reg(2291) = 2750.684879875758 5.7145372694294565
Melhor da geracao 2299: reg(2299) = 2733.987176704122 16.69770317163602
Melhor da geracao 2368: reg(2368) = 2732.8704756628226 1.1167010412991658
Melhor da geracao 2390: reg(2390) = 2708.6017603939995 24.268715268823144
Melhor da geracao 2392: reg(2392) = 2692.2264044966055 16.375355897394
Melhor da geracao 2404: reg(2404) = 2687.647657146298 4.578747350307367
Melhor da geracao 2435: reg(2435) = 2686.331061235121 1.3165959111770462
Melhor da geracao 2492: reg(2492) = 2685.0265003703284 1.3045608647926201
Melhor da geracao 2513: reg(2513) = 2679.714188729235 5.312311641093402
Melhor da geracao 2517: reg(2517) = 2666.525028650411 13.189160078823988
Melhor da geracao 2537: reg(2537) = 2661.5214490065905 5.003579643820558
Melhor da geracao 2547: reg(2547) = 2630.4252261870147 31.096222819575814
Melhor da geracao 2565: reg(2565) = 2629.3925164927564 1.0327096942583012
Melhor da geracao 2567: reg(2567) = 2609.09253171501 20.29998477774643
Melhor da geracao 2587: reg(2587) = 2607.078687904899 2.0138438101107567
Melhor da geracao 2592: reg(2592) = 2600.525040795415 6.5536471094842454
Melhor da geracao 2623: reg(2623) = 2596.025654770657 4.499386024757769
Melhor da geracao 2640: reg(2640) = 2595.7528057736677 0.2728489969895236
Melhor da geracao 2649: reg(2649) = 2595.038263412207 0.7145423614606443
Melhor da geracao 2675: reg(2675) = 2574.0639095576994 20.974353854507626
Melhor da geracao 2689: reg(2689) = 2573.200833730061 0.8630758276385677
Melhor da geracao 2695: reg(2695) = 2546.081025066887 27.1198086631739
Melhor da geracao 2726: reg(2726) = 2544.4390766306647 1.6419484362222647
Melhor da geracao 2738: reg(2738) = 2543.15356300517 1.2855136254947865
Melhor da geracao 2742: reg(2742) = 2536.2177806844024 6.93578232076743
Melhor da geracao 2780: reg(2780) = 2535.6230791888297 0.5947014955727354
Melhor da geracao 2792: reg(2792) = 2530.140991235368 5.482087953461814
Melhor da geracao 2801: reg(2801) = 2528.1245928985213 2.016398336846578
Melhor da geracao 2865: reg(2865) = 2524.714895890007 3.4096970085142857
Melhor da geracao 2885: reg(2885) = 2517.742994435422 6.971901454584895
Melhor da geracao 2920: reg(2920) = 2507.229128186746 10.513866248676095
Melhor da geracao 2954: reg(2954) = 2486.8064771586437 20.422651028102337
Melhor da geracao 2989: reg(2989) = 2482.0724526574695 4.73402450117419
Melhor da geracao 3017: reg(3017) = 2464.5646155856343 17.507837071835183
Melhor da geracao 3041: reg(3041) = 2453.630455375097 10.934160210537357
Melhor da geracao 3049: reg(3049) = 2431.779124057131 21.851331317966014
Melhor da geracao 3077: reg(3077) = 2431.7680144277892 0.011109629341717664
Melhor da geracao 3084: reg(3084) = 2412.4955761943215 19.27243823346771
Melhor da geracao 3096: reg(3096) = 2409.880958665586 2.61461752873538
Melhor da geracao 3107: reg(3107) = 2401.6986510342485 8.182307631337608
Melhor da geracao 3130: reg(3130) = 2387.6265256718443 14.072125362404222
Melhor da geracao 3190: reg(3190) = 2386.8594593912203 0.7670662806240216
Melhor da geracao 3197: reg(3197) = 2382.878789242249 3.9806701489715124
Melhor da geracao 3237: reg(3237) = 2376.0240232801984 6.854765962050351
Melhor da geracao 3244: reg(3244) = 2373.348661120849 2.6753621593493335
Melhor da geracao 3249: reg(3249) = 2361.647343702844 11.701317418005146
Melhor da geracao 3290: reg(3290) = 2351.3511053605503 10.296238342293691
Melhor da geracao 3295: reg(3295) = 2330.9618741820595 20.389231178490718
Melhor da geracao 3331: reg(3331) = 2330.6533665790744 0.30850760298517343
Melhor da geracao 3348: reg(3348) = 2325.770049326915 4.883317252159486
Melhor da geracao 3387: reg(3387) = 2323.277460150997 2.492589175918056
Melhor da geracao 3388: reg(3388) = 2297.142280233447 26.135179917549976
Melhor da geracao 3431: reg(3431) = 2295.8142746761523 1.3280055572945457
Melhor da geracao 3450: reg(3450) = 2289.560858873439 6.253415802713334
Melhor da geracao 3484: reg(3484) = 2286.3700023762535 3.1908564971854503
Melhor da geracao 3502: reg(3502) = 2245.6100697652123 40.75993261104122
Melhor da geracao 3534: reg(3534) = 2241.7222887373055 3.88778102790684
Melhor da geracao 3546: reg(3546) = 2241.4970949180843 0.22519381922120374
Melhor da geracao 3578: reg(3578) = 2235.628348437756 5.868746480328355
Melhor da geracao 3598: reg(3598) = 2234.507940682547 1.1204077552088165
Melhor da geracao 3679: reg(3679) = 2233.380412924431 1.12752775811623
Melhor da geracao 3737: reg(3737) = 2225.8249861451586 7.5554267792722385
Melhor da geracao 3767: reg(3767) = 2225.3536707658027 0.4713153793559286
Melhor da geracao 3817: reg(3817) = 2219.8558220085415 5.497848757261181
Melhor da geracao 3832: reg(3832) = 2219.3144665198456 0.5413554886958991
Melhor da geracao 3955: reg(3955) = 2217.5170979224717 1.7973685973738611
Melhor da geracao 3977: reg(3977) = 2217.0353010106346 0.4817969118371366
Melhor da geracao 3989: reg(3989) = 2216.12660584973 0.9086951609046992
Melhor da geracao 3992: reg(3992) = 2211.050336667061 5.076269182668966
Melhor da geracao 4001: reg(4001) = 2197.5395870142183 13.510749652842605
Melhor da geracao 4020: reg(4020) = 2194.5086913725986 3.030895641619736
Melhor da geracao 4029: reg(4029) = 2187.234240217929 7.274451154669805
Melhor da geracao 4054: reg(4054) = 2178.3582054366684 8.876034781260387
Melhor da geracao 4076: reg(4076) = 2174.560365945518 3.7978394911506257
Melhor da geracao 4101: reg(4101) = 2173.240459918619 1.3199060268989342
Melhor da geracao 4133: reg(4133) = 2171.6707441970757 1.5697157215431616
Melhor da geracao 4144: reg(4144) = 2165.703172552196 5.9675716448796265
Melhor da geracao 4154: reg(4154) = 2160.294296652985 5.408875899211125
Melhor da geracao 4173: reg(4173) = 2148.424065552643 11.870231100342153
Melhor da geracao 4197: reg(4197) = 2123.4427235142475 24.98134203839527
Melhor da geracao 4247: reg(4247) = 2107.0711131914823 16.371610322765264
Melhor da geracao 4265: reg(4265) = 2099.6335752966916 7.437537894790694
Melhor da geracao 4303: reg(4303) = 2091.2734204222347 8.360154874456839
Melhor da geracao 4315: reg(4315) = 2091.078102138546 0.19531828368872084
Melhor da geracao 4325: reg(4325) = 2080.8722960143073 10.205806124238734
Melhor da geracao 4356: reg(4356) = 2077.698881674072 3.1734143402354675
Melhor da geracao 4361: reg(4361) = 2074.111261928329 3.5876197457428134
Melhor da geracao 4426: reg(4426) = 2074.102804024928 0.008457903400994837
Melhor da geracao 4428: reg(4428) = 2070.073693661615 4.029110363313066
Melhor da geracao 4453: reg(4453) = 2070.068297982404 0.005395679210778326
Melhor da geracao 4469: reg(4469) = 2068.189678852979 1.8786191294252603
Melhor da geracao 4517: reg(4517) = 2066.494029862947 1.6956489900317138
Melhor da geracao 4532: reg(4532) = 2061.9231172834648 4.57091257948241
Melhor da geracao 4574: reg(4574) = 2060.5340007643836 1.389116519081199
Melhor da geracao 4613: reg(4613) = 2059.8819195455667 0.6520812188168748
Melhor da geracao 4631: reg(4631) = 2057.5878260314776 2.294093514089127
Melhor da geracao 4638: reg(4638) = 2048.526832073438 9.06099395803949
Melhor da geracao 4663: reg(4663) = 2048.008324640439 0.5185074329992858
Melhor da geracao 4681: reg(4681) = 2047.9474411133467 0.060883527092073564
Melhor da geracao 4685: reg(4685) = 2047.402568375497 0.5448727378498006
Melhor da geracao 4725: reg(4725) = 2046.0965462808542 1.3060220946426853
Melhor da geracao 4736: reg(4736) = 2045.6568978770508 0.4396484038034032
Melhor da geracao 4741: reg(4741) = 2044.711942565 0.9449553120507517
Melhor da geracao 4766: reg(4766) = 2041.6333830024976 3.0785595625025053
Melhor da geracao 4783: reg(4783) = 2041.6322030914923 0.0011799110052379547
Melhor da geracao 4843: reg(4843) = 2041.1774117380362 0.4547913534561303
Melhor da geracao 4871: reg(4871) = 2041.1514707271485 0.02594101088766365
Melhor da geracao 4880: reg(4880) = 2040.196248406828 0.9552223203204449
Melhor da geracao 4891: reg(4891) = 2040.1691947818558 0.027053624972268153
Melhor da geracao 4950: reg(4950) = 2039.3139084320442 0.8552863498116494
Melhor da geracao 4993: reg(4993) = 2026.7137197627949 12.600188669249292
Melhor da geracao 5039: reg(5039) = 2026.1095852819144 0.6041344808804752
Melhor da geracao 5047: reg(5047) = 2024.4340064948892 1.675578787025188
Melhor da geracao 5121: reg(5121) = 2017.4015093542764 7.032497140612804
Melhor da geracao 5165: reg(5165) = 2014.570944736744 2.8305646175324455
Melhor da geracao 5186: reg(5186) = 2014.305747171343 0.2651975654009675
Melhor da geracao 5218: reg(5218) = 1996.1345031784692 18.17124399287377
Melhor da geracao 5256: reg(5256) = 1995.8681294263172 0.26637375215204884
Melhor da geracao 5257: reg(5257) = 1991.3002073139278 4.567922112389397
Melhor da geracao 5260: reg(5260) = 1985.1838499692326 6.116357344695189
Melhor da geracao 5266: reg(5266) = 1960.4287158967181 24.755134072514466
Melhor da geracao 5299: reg(5299) = 1958.5810804106313 1.8476354860868014
Melhor da geracao 5322: reg(5322) = 1952.0476847360528 6.5333956745785144
Melhor da geracao 5327: reg(5327) = 1917.297610988389 34.75007374766392
Melhor da geracao 5355: reg(5355) = 1914.7856936985518 2.511917289837129
Melhor da geracao 5371: reg(5371) = 1913.2517096428332 1.5339840557185198
Melhor da geracao 5389: reg(5389) = 1898.0099810289528 15.241728613880468
Melhor da geracao 5499: reg(5499) = 1886.5335911956236 11.476389833329222
Melhor da geracao 5521: reg(5521) = 1879.0481250894063 7.485466106217245
Melhor da geracao 5575: reg(5575) = 1876.0553544790835 2.99277061032285
Melhor da geracao 5580: reg(5580) = 1874.0545036503909 2.0008508286925917
Melhor da geracao 5585: reg(5585) = 1856.8812736984116 17.173229951979238
Melhor da geracao 5633: reg(5633) = 1855.3571872521363 1.5240864462753052
Melhor da geracao 5661: reg(5661) = 1848.3995175893333 6.957669662803028
Melhor da geracao 5722: reg(5722) = 1842.4555017628556 5.944015826477653
Melhor da geracao 5744: reg(5744) = 1840.9932861346965 1.4622156281591288
Melhor da geracao 5745: reg(5745) = 1831.8522142623572 9.141071872339353
Melhor da geracao 5756: reg(5756) = 1831.4055131487628 0.44670111359437215
Melhor da geracao 5774: reg(5774) = 1830.7825504742398 0.6229626745230235
Melhor da geracao 5804: reg(5804) = 1811.3776401537773 19.404910320462477
Melhor da geracao 5843: reg(5843) = 1809.8314691150606 1.5461710387166931
Melhor da geracao 5876: reg(5876) = 1807.1405597545956 2.690909360464957
Melhor da geracao 5896: reg(5896) = 1804.7333280855876 2.4072316690080697
Melhor da geracao 5907: reg(5907) = 1803.6579395131432 1.0753885724443535
Melhor da geracao 5917: reg(5917) = 1802.0316686188296 1.6262708943136204
Melhor da geracao 5942: reg(5942) = 1792.0787904983547 9.952878120474907
Melhor da geracao 6058: reg(6058) = 1784.6706927205007 7.408097777853982
Melhor da geracao 6059: reg(6059) = 1783.3239082213104 1.3467844991903348
Melhor da geracao 6070: reg(6070) = 1781.6261787176618 1.6977295036485884
Melhor da geracao 6090: reg(6090) = 1780.8149906915073 0.8111880261544684
Melhor da geracao 6149: reg(6149) = 1780.6226852528807 0.19230543862659033
Melhor da geracao 6206: reg(6206) = 1780.2488631547037 0.3738220981770155
Melhor da geracao 6207: reg(6207) = 1769.5744168011179 10.674446353585836
Melhor da geracao 6249: reg(6249) = 1767.0725088841325 2.501907916985374
Melhor da geracao 6281: reg(6281) = 1765.1805687177387 1.8919401663938515
Melhor da geracao 6283: reg(6283) = 1763.194953380209 1.98561533752968
Melhor da geracao 6309: reg(6309) = 1759.9909500344984 3.204003345710589
Melhor da geracao 6336: reg(6336) = 1759.6746962426118 0.31625379188653824
Melhor da geracao 6365: reg(6365) = 1759.0611267415443 0.613569501067559
Melhor da geracao 6377: reg(6377) = 1758.2192739669642 0.8418527745800475
Melhor da geracao 6405: reg(6405) = 1757.8695444252967 0.349729541667557
Melhor da geracao 6410: reg(6410) = 1755.5973580404707 2.272186384826
Melhor da geracao 6417: reg(6417) = 1754.401196122685 1.1961619177857301
Melhor da geracao 6435: reg(6435) = 1752.586331604312 1.8148645183730423
Melhor da geracao 6467: reg(6467) = 1751.6251013437516 0.9612302605603418
Melhor da geracao 6480: reg(6480) = 1729.4182628678955 22.206838475856102
Melhor da geracao 6517: reg(6517) = 1729.054286278789 0.3639765891064144
Melhor da geracao 6526: reg(6526) = 1724.593664002604 4.460622276184949
Melhor da geracao 6541: reg(6541) = 1722.454639844809 2.13902415779512
Melhor da geracao 6593: reg(6593) = 1722.0558603340041 0.3987795108048431
Melhor da geracao 6599: reg(6599) = 1720.945382051615 1.1104782823890673
Melhor da geracao 6627: reg(6627) = 1713.1056137315677 7.839768320047369
Melhor da geracao 6665: reg(6665) = 1711.257581495752 1.8480322358157082
Melhor da geracao 6694: reg(6694) = 1709.0246156833603 2.2329658123917397
Melhor da geracao 6716: reg(6716) = 1708.47919562364 0.5454200597202998
Melhor da geracao 6752: reg(6752) = 1705.870653465865 2.608542157774991
Melhor da geracao 6800: reg(6800) = 1705.6385009744974 0.2321524913675148
Melhor da geracao 6806: reg(6806) = 1695.3974026037465 10.241098370750933
Melhor da geracao 6890: reg(6890) = 1694.4821303913952 0.9152722123512831
Melhor da geracao 6963: reg(6963) = 1691.991005910064 2.491124481331326
Melhor da geracao 7003: reg(7003) = 1685.5736651813995 6.417340728664385
Melhor da geracao 7061: reg(7061) = 1682.8488507834577 2.7248143979418273
Melhor da geracao 7137: reg(7137) = 1675.0958727099655 7.752978073492159
Melhor da geracao 7170: reg(7170) = 1674.8153888721274 0.28048383783811914
Melhor da geracao 7171: reg(7171) = 1674.6559588515097 0.1594300206177195
Melhor da geracao 7181: reg(7181) = 1673.4212582259886 1.2347006255211
Melhor da geracao 7183: reg(7183) = 1673.276992043549 0.14426618243965095
Melhor da geracao 7194: reg(7194) = 1670.994130464854 2.2828615786950195
Melhor da geracao 7221: reg(7221) = 1668.2449991324236 2.749131332430352
Melhor da geracao 7240: reg(7240) = 1667.4223380696642 0.82266106275938
Melhor da geracao 7328: reg(7328) = 1665.4627087218112 1.9596293478530242
Melhor da geracao 7342: reg(7342) = 1664.6055642913245 0.8571444304866418
Melhor da geracao 7363: reg(7363) = 1661.5599932359214 3.0455710554031157
Melhor da geracao 7365: reg(7365) = 1658.2185128066594 3.341480429261992
Melhor da geracao 7415: reg(7415) = 1654.3342789166234 3.8842338900360573
Melhor da geracao 7454: reg(7454) = 1651.933132489116 2.401146427507456
Melhor da geracao 7496: reg(7496) = 1651.555634457295 0.3774980318210055
Melhor da geracao 7504: reg(7504) = 1651.5413309734813 0.01430348381359181
Melhor da geracao 7505: reg(7505) = 1650.7270511749707 0.8142797985105972
Melhor da geracao 7522: reg(7522) = 1650.7020201254297 0.025031049540984895
Melhor da geracao 7595: reg(7595) = 1650.664509983208 0.037510142221663045
Melhor da geracao 7598: reg(7598) = 1648.4185277054169 2.2459822777911995
Melhor da geracao 7639: reg(7639) = 1644.9147610928298 3.5037666125870146
Melhor da geracao 7640: reg(7640) = 1641.442314445247 3.472446647582956
Melhor da geracao 7653: reg(7653) = 1640.2567643516093 1.1855500936376302
Melhor da geracao 7708: reg(7708) = 1640.1771575675984 0.07960678401082077
Melhor da geracao 7717: reg(7717) = 1639.1615710138967 1.0155865537017235
Melhor da geracao 7729: reg(7729) = 1637.9922738753135 1.1692971385832607
Melhor da geracao 7771: reg(7771) = 1630.8553393878842 7.136934487429244
Melhor da geracao 7811: reg(7811) = 1629.9644218185836 0.8909175693006546
Melhor da geracao 7834: reg(7834) = 1627.1452235667705 2.819198251813077
Melhor da geracao 7869: reg(7869) = 1627.0763964254031 0.06882714136736467
Melhor da geracao 7875: reg(7875) = 1625.80756073435 1.2688356910530274
Melhor da geracao 7975: reg(7975) = 1622.5426696121772 3.264891122172912
Melhor da geracao 8010: reg(8010) = 1621.0261247059495 1.5165449062276366
Melhor da geracao 8041: reg(8041) = 1559.975662651662 61.050462054287436
Melhor da geracao 8095: reg(8095) = 1558.9490721853213 1.0265904663408492
Melhor da geracao 8117: reg(8117) = 1550.7629037991328 8.186168386188456
Melhor da geracao 8163: reg(8163) = 1550.4759868325527 0.2869169665800655
Melhor da geracao 8183: reg(8183) = 1550.1951484669653 0.28083836558744224
Melhor da geracao 8205: reg(8205) = 1550.022098192787 0.17305027417819474
Melhor da geracao 8231: reg(8231) = 1549.377993360414 0.6441048323731593
Melhor da geracao 8292: reg(8292) = 1547.5847884369339 1.7932049234800616
Melhor da geracao 8345: reg(8345) = 1547.334426013155 0.25036242377882445
Melhor da geracao 8410: reg(8410) = 1545.6648725069667 1.669553506188322
Melhor da geracao 8419: reg(8419) = 1542.3932686228718 3.2716038840949295
Melhor da geracao 8431: reg(8431) = 1542.0013913866997 0.3918772361721494
Melhor da geracao 8456: reg(8456) = 1541.9540992854006 0.047292101299035494
Melhor da geracao 8552: reg(8552) = 1534.942592577357 7.011506708043726
Melhor da geracao 8645: reg(8645) = 1522.4042876108513 12.53830496650562
Melhor da geracao 8667: reg(8667) = 1520.9251557649384 1.4791318459128888
Melhor da geracao 8738: reg(8738) = 1513.2091507273146 7.716005037623745
Melhor da geracao 8814: reg(8814) = 1512.2848127882817 0.9243379390329665
Melhor da geracao 8889: reg(8889) = 1501.460131709549 10.824681078732738
Melhor da geracao 9001: reg(9001) = 1501.2461882261587 0.21394348339026692
Melhor da geracao 9015: reg(9015) = 1500.2992230568498 0.9469651693088963
Melhor da geracao 9038: reg(9038) = 1493.1748357182678 7.1243873385819825
Melhor da geracao 9049: reg(9049) = 1492.2773762225086 0.8974594957592217
Melhor da geracao 9099: reg(9099) = 1491.3690373439915 0.9083388785170428
Melhor da geracao 9119: reg(9119) = 1488.4694263598024 2.8996109841891666
Melhor da geracao 9145: reg(9145) = 1488.357918775407 0.11150758439544006
Melhor da geracao 9146: reg(9146) = 1487.2069079181394 1.1510108572674653
Melhor da geracao 9174: reg(9174) = 1487.1902762904906 0.016631627648848735
Melhor da geracao 9201: reg(9201) = 1486.5507996297451 0.6394766607454585
Melhor da geracao 9211: reg(9211) = 1484.784353782763 1.7664458469821511
Melhor da geracao 9269: reg(9269) = 1484.770114421593 0.014239361169984477
Melhor da geracao 9271: reg(9271) = 1484.2830096030607 0.48710481853231613
Melhor da geracao 9281: reg(9281) = 1482.040022875268 2.2429867277926405
Melhor da geracao 9353: reg(9353) = 1481.2428042553518 0.7972186199162934
Melhor da geracao 9387: reg(9387) = 1481.230957024458 0.011847230893863525
Melhor da geracao 9417: reg(9417) = 1480.8240395759617 0.4069174484961877
Melhor da geracao 9431: reg(9431) = 1480.79910944113 0.024930134831720352
Melhor da geracao 9478: reg(9478) = 1479.9930496793781 0.8060597617518397
Melhor da geracao 9561: reg(9561) = 1479.0516578784518 0.9413918009263398
Melhor da geracao 9657: reg(9657) = 1478.6152802513468 0.43637762710500283
Melhor da geracao 9673: reg(9673) = 1478.0899788705265 0.5253013808203377
Melhor da geracao 9804: reg(9804) = 1475.4064824522657 2.683496418260802
Melhor da geracao 9839: reg(9839) = 1474.4477605641987 0.9587218880669752
Melhor da geracao 9887: reg(9887) = 1474.2363469277184 0.21141363648030165
Melhor da geracao 9922: reg(9922) = 1460.7244898063366 13.511857121381809
Melhor da geracao 9960: reg(9960) = 1460.7216398522366 0.002849954099929164
Melhor da geracao 10018: reg(10018) = 1457.103703530775 3.617936321461684
Melhor da geracao 10035: reg(10035) = 1456.279498587717 0.824204943058021
Melhor da geracao 10089: reg(10089) = 1455.9934440457466 0.28605454197031577
Melhor da geracao 10232: reg(10232) = 1454.7019846657474 1.2914593799991962
Melhor da geracao 10334: reg(10334) = 1454.6624387947115 0.03954587103589802
Melhor da geracao 10345: reg(10345) = 1450.1478429353224 4.514595859389146
Melhor da geracao 10380: reg(10380) = 1449.0623322702143 1.0855106651081314
Melhor da geracao 10388: reg(10388) = 1444.677142482597 4.385189787617264
Melhor da geracao 10461: reg(10461) = 1444.1239081733995 0.5532343091974781
Melhor da geracao 10535: reg(10535) = 1435.9953938391936 8.128514334205875
Melhor da geracao 10538: reg(10538) = 1433.6740275049021 2.321366334291497
Melhor da geracao 10578: reg(10578) = 1433.2321119895769 0.4419155153252632
Melhor da geracao 10581: reg(10581) = 1431.8579164392977 1.3741955502791825
Melhor da geracao 10602: reg(10602) = 1430.9364952106425 0.9214212286551628
Melhor da geracao 10606: reg(10606) = 1427.332868193278 3.603627017364488
Melhor da geracao 10678: reg(10678) = 1426.428898389333 0.9039698039450741
Melhor da geracao 10691: reg(10691) = 1425.3654616197546 1.0634367695784022
Melhor da geracao 10735: reg(10735) = 1425.1254758500006 0.23998576975395736
Melhor da geracao 10795: reg(10795) = 1420.1669838313687 4.958492018631887
Melhor da geracao 10808: reg(10808) = 1419.6791919169575 0.4877919144112184
Melhor da geracao 10918: reg(10918) = 1418.8685355473008 0.8106563696567264
Melhor da geracao 10941: reg(10941) = 1418.6926561859152 0.1758793613855687
Melhor da geracao 10945: reg(10945) = 1416.8177946808034 1.8748615051117667
Melhor da geracao 10974: reg(10974) = 1413.3904566467254 3.4273380340780477
Melhor da geracao 10995: reg(10995) = 1408.9812557771943 4.409200869531105
Melhor da geracao 11145: reg(11145) = 1408.940275603072 0.040980174122296376
Melhor da geracao 11202: reg(11202) = 1408.877139514729 0.0631360883430716
Melhor da geracao 11381: reg(11381) = 1406.543913017456 2.3332264972730172
Melhor da geracao 11398: reg(11398) = 1406.2086356494415 0.335277368014431
Melhor da geracao 11421: reg(11421) = 1401.8992397727832 4.3093958766583
Melhor da geracao 11447: reg(11447) = 1400.6179799713575 1.2812598014256764
Melhor da geracao 11523: reg(11523) = 1400.0400553716368 0.5779245997207454
Melhor da geracao 11525: reg(11525) = 1399.8790106420379 0.16104472959887062
Melhor da geracao 11531: reg(11531) = 1392.5867774600267 7.292233182011159
Melhor da geracao 11580: reg(11580) = 1392.2535504064635 0.33322705356317783
Melhor da geracao 11610: reg(11610) = 1390.5223672897428 1.7311831167207856
Melhor da geracao 11638: reg(11638) = 1389.9411423937318 0.5812248960110082
Melhor da geracao 11724: reg(11724) = 1389.7070192640194 0.23412312971231586
Melhor da geracao 11732: reg(11732) = 1389.7056371661324 0.001382097887017153
Melhor da geracao 11821: reg(11821) = 1388.365101852837 1.3405353132955042
Melhor da geracao 11901: reg(11901) = 1386.967786110643 1.397315742193996
Melhor da geracao 11966: reg(11966) = 1386.8381816832702 0.1296044273726693
Melhor da geracao 11991: reg(11991) = 1386.667349813386 0.17083186988429588
Melhor da geracao 12025: reg(12025) = 1383.7430102569078 2.9243395564781167
Melhor da geracao 12065: reg(12065) = 1383.1620771452156 0.5809331116922749
Melhor da geracao 12092: reg(12092) = 1383.147411220322 0.014665924893506599
Melhor da geracao 12113: reg(12113) = 1382.6493454798576 0.4980657404644262
Melhor da geracao 12124: reg(12124) = 1381.0918588400984 1.5574866397591904
Melhor da geracao 12252: reg(12252) = 1373.8382461614979 7.253612678600575
Melhor da geracao 12278: reg(12278) = 1371.424376722056 2.4138694394418962
Melhor da geracao 12401: reg(12401) = 1368.4286340832246 2.995742638831416
Melhor da geracao 12692: reg(12692) = 1363.398011299984 5.03062278324046
Melhor da geracao 12707: reg(12707) = 1363.2979692237282 0.10004207625593153
Melhor da geracao 12721: reg(12721) = 1362.001528298512 1.296440925216075
Melhor da geracao 12727: reg(12727) = 1361.6455349351045 0.355993363407606
Melhor da geracao 12860: reg(12860) = 1361.0534473023208 0.5920876327836595
Melhor da geracao 12879: reg(12879) = 1360.5242410704834 0.5292062318374064
Melhor da geracao 13029: reg(13029) = 1360.4122565414202 0.1119845290631929
Melhor da geracao 13067: reg(13067) = 1359.4396680017503 0.9725885396699141
Melhor da geracao 13155: reg(13155) = 1358.7432606576583 0.6964073440919947
Melhor da geracao 13165: reg(13165) = 1358.043279137014 0.6999815206443145
Melhor da geracao 13248: reg(13248) = 1356.6903422119954 1.3529369250186392
Melhor da geracao 13269: reg(13269) = 1356.4970259911042 0.19331622089111988
Melhor da geracao 13286: reg(13286) = 1356.4291723023443 0.06785368875989661
Melhor da geracao 13292: reg(13292) = 1355.0815077360376 1.3476645663067757
Melhor da geracao 13310: reg(13310) = 1345.1304285718013 9.951079164236262
Melhor da geracao 13347: reg(13347) = 1344.9336067230734 0.19682184872795006
Melhor da geracao 13379: reg(13379) = 1344.3218927394478 0.6117139836255774
Melhor da geracao 13414: reg(13414) = 1342.9824698295497 1.3394229098980759
Melhor da geracao 13502: reg(13502) = 1342.9036752045788 0.07879462497089662
Melhor da geracao 13550: reg(13550) = 1342.7101015657568 0.1935736388220448
Melhor da geracao 13620: reg(13620) = 1339.8381651680472 2.8719363977095327
Melhor da geracao 13651: reg(13651) = 1339.6618700094934 0.17629515855378486
Melhor da geracao 13679: reg(13679) = 1339.6177859803338 0.04408402915964871
Melhor da geracao 13687: reg(13687) = 1335.6740012482705 3.94378473206325
Melhor da geracao 13710: reg(13710) = 1334.5859649547867 1.0880362934838104
Melhor da geracao 13762: reg(13762) = 1334.277429673425 0.3085352813616282
Melhor da geracao 13871: reg(13871) = 1333.729010368001 0.5484193054242041
Melhor da geracao 13886: reg(13886) = 1333.2301769522849 0.49883341571603523
Melhor da geracao 13934: reg(13934) = 1332.5610328696378 0.669144082647108
Melhor da geracao 13971: reg(13971) = 1332.504670259896 0.056362609741654524
Melhor da geracao 13991: reg(13991) = 1329.1936334707166 3.311036789179525
Melhor da geracao 14058: reg(14058) = 1327.2971861941837 1.8964472765328537
Melhor da geracao 14085: reg(14085) = 1327.1592793136224 0.1379068805613315
Melhor da geracao 14089: reg(14089) = 1326.4268551625516 0.7324241510707452
Melhor da geracao 14118: reg(14118) = 1324.9242294835267 1.502625679024959
Melhor da geracao 14129: reg(14129) = 1320.8245480113026 4.09968147222412
Melhor da geracao 14224: reg(14224) = 1314.2818061102832 6.542741901019326
Melhor da geracao 14238: reg(14238) = 1314.0270675445186 0.2547385657646828
Melhor da geracao 14341: reg(14341) = 1313.371821547632 0.655245996886606
Melhor da geracao 14361: reg(14361) = 1313.007981769593 0.36383977803893686
Melhor da geracao 14387: reg(14387) = 1310.5956558882665 2.412325881326524
Melhor da geracao 14479: reg(14479) = 1308.992319443784 1.6033364444824656
Melhor da geracao 14495: reg(14495) = 1303.1127727763005 5.87954666748351
Melhor da geracao 14596: reg(14596) = 1303.0697408772546 0.04303189904589999
Melhor da geracao 14627: reg(14627) = 1303.0198962846769 0.049844592577755975
Melhor da geracao 14637: reg(14637) = 1301.731415256607 1.288481028069782
Melhor da geracao 14677: reg(14677) = 1301.0460295551572 0.6853857014498317
Melhor da geracao 14713: reg(14713) = 1300.921932828463 0.12409672669423344
Melhor da geracao 14747: reg(14747) = 1299.9071862648004 1.0147465636625839
Melhor da geracao 14782: reg(14782) = 1298.8596924111328 1.0474938536676746
Melhor da geracao 14873: reg(14873) = 1298.7753285540387 0.08436385709410388
Melhor da geracao 14916: reg(14916) = 1298.730520468214 0.0448080858245703
Melhor da geracao 15023: reg(15023) = 1298.5547259652385 0.17579450297557742
Melhor da geracao 15086: reg(15086) = 1298.248483695107 0.30624227013140626
Melhor da geracao 15149: reg(15149) = 1298.0210517827904 0.2274319123166606
Melhor da geracao 15175: reg(15175) = 1296.4453434818843 1.5757083009061716
Melhor da geracao 15240: reg(15240) = 1296.4101950623535 0.0351484195307421
Melhor da geracao 15317: reg(15317) = 1296.3288557894934 0.08133927286007747
Melhor da geracao 15323: reg(15323) = 1292.5762296447674 3.7526261447260367
Melhor da geracao 15505: reg(15505) = 1291.9912791681006 0.5849504766667906
Melhor da geracao 15519: reg(15519) = 1291.7999134732088 0.19136569489182875
Melhor da geracao 15546: reg(15546) = 1291.7768079719458 0.023105501262989492
Melhor da geracao 15556: reg(15556) = 1290.9316458374 0.845162134545717
Melhor da geracao 15576: reg(15576) = 1287.158885423676 3.7727604137239723
Melhor da geracao 15685: reg(15685) = 1286.3848163478167 0.7740690758594155
Melhor da geracao 15726: reg(15726) = 1282.5153313290537 3.8694850187630436
Melhor da geracao 15779: reg(15779) = 1281.8827131534888 0.6326181755648577
Melhor da geracao 15793: reg(15793) = 1281.6010234954895 0.28168965799932266
Melhor da geracao 15978: reg(15978) = 1280.6604630923637 0.9405604031258008
Melhor da geracao 15991: reg(15991) = 1280.32541610984 0.33504698252363596
Melhor da geracao 15992: reg(15992) = 1278.9769169250906 1.3484991847494712
Melhor da geracao 16016: reg(16016) = 1278.695531895788 0.28138502930255527
Melhor da geracao 16052: reg(16052) = 1278.3994939375461 0.2960379582418682
Melhor da geracao 16062: reg(16062) = 1278.2425595836014 0.15693435394473454
Melhor da geracao 16122: reg(16122) = 1271.9380670040823 6.304492579519092
Melhor da geracao 16167: reg(16167) = 1271.7916251882511 0.14644181583116733
Melhor da geracao 16182: reg(16182) = 1270.6233979640326 1.1682272242185263
Melhor da geracao 16353: reg(16353) = 1270.1594577752578 0.4639401887748136
Melhor da geracao 16390: reg(16390) = 1270.1373097192657 0.02214805599214742
Melhor da geracao 16392: reg(16392) = 1269.1186106002945 1.018699118971199
Melhor da geracao 16404: reg(16404) = 1267.7946645742925 1.3239460260019769
Melhor da geracao 16465: reg(16465) = 1264.8257897511405 2.968874823151964
Melhor da geracao 16563: reg(16563) = 1264.3300372156802 0.49575253546026943
Melhor da geracao 16591: reg(16591) = 1264.1980444599571 0.13199275572310398
Melhor da geracao 16775: reg(16775) = 1263.8870990547077 0.31094540524941294
Melhor da geracao 16891: reg(16891) = 1263.8202357064188 0.06686334828896179
Melhor da geracao 16944: reg(16944) = 1263.819726909801 5.087966178507486E-4
Melhor da geracao 16956: reg(16956) = 1256.846797330335 6.9729295794659265
Melhor da geracao 16986: reg(16986) = 1256.828045968974 0.018751361360955343
Melhor da geracao 17021: reg(17021) = 1256.7211795704034 0.10686639857067348
Melhor da geracao 17092: reg(17092) = 1255.908438003161 0.8127415672422558
Melhor da geracao 17111: reg(17111) = 1252.826214540212 3.0822234629490595
Melhor da geracao 17217: reg(17217) = 1252.3336950312803 0.492519508931764
Melhor da geracao 17229: reg(17229) = 1252.2515638326402 0.08213119864012697
Melhor da geracao 17262: reg(17262) = 1252.2240343202518 0.027529512388355215
Melhor da geracao 17265: reg(17265) = 1251.7243875809406 0.4996467393111743
Melhor da geracao 17285: reg(17285) = 1248.9737621236288 2.7506254573117985
Melhor da geracao 17298: reg(17298) = 1248.808949191223 0.16481293240576633
Melhor da geracao 17330: reg(17330) = 1247.0562543373355 1.752694853887533
Melhor da geracao 17377: reg(17377) = 1246.8407931916684 0.21546114566717733
Melhor da geracao 17446: reg(17446) = 1246.6798037970177 0.16098939465064177
Melhor da geracao 17487: reg(17487) = 1246.5134268408156 0.1663769562021571
Melhor da geracao 17499: reg(17499) = 1245.811687439024 0.7017394017916558
Melhor da geracao 17612: reg(17612) = 1245.7459326270096 0.06575481201434741
Melhor da geracao 17615: reg(17615) = 1245.4934284692563 0.25250415775326474
Melhor da geracao 17694: reg(17694) = 1244.8146515326762 0.6787769365801068
Melhor da geracao 18015: reg(18015) = 1244.6408092277775 0.17384230489869879
Melhor da geracao 18047: reg(18047) = 1244.6391154637058 0.0016937640716605529
Melhor da geracao 18081: reg(18081) = 1244.492560377857 0.14655508584883137
Melhor da geracao 18164: reg(18164) = 1244.4172992666538 0.07526111120319001
Melhor da geracao 18384: reg(18384) = 1244.2933133181032 0.12398594855062584
Melhor da geracao 18499: reg(18499) = 1244.284656381154 0.008656936949137162
Melhor da geracao 18607: reg(18607) = 1237.7609091295544 6.523747251599616
Melhor da geracao 18640: reg(18640) = 1237.550885524447 0.21002360510738072
Melhor da geracao 18642: reg(18642) = 1237.240252029389 0.3106334950580276
Melhor da geracao 18880: reg(18880) = 1237.141671349434 0.09858067995492092
Melhor da geracao 18882: reg(18882) = 1236.964941247349 0.17673010208500273
Melhor da geracao 18916: reg(18916) = 1236.4705555925161 0.4943856548329677
Melhor da geracao 18929: reg(18929) = 1234.3344916876965 2.1360639048195935
Melhor da geracao 18972: reg(18972) = 1234.3160943146988 0.018397372997696948
Melhor da geracao 19032: reg(19032) = 1234.0395099649465 0.27658434975228374
Melhor da geracao 19051: reg(19051) = 1230.8396224410412 3.1998875239053177
Melhor da geracao 19090: reg(19090) = 1230.7741328261175 0.06548961492376293
Melhor da geracao 19160: reg(19160) = 1230.4580497109366 0.3160831151808452
Melhor da geracao 19386: reg(19386) = 1229.7750718476284 0.6829778633082242
Melhor da geracao 19457: reg(19457) = 1229.1484017661999 0.6266700814285286
Melhor da geracao 19460: reg(19460) = 1225.8961716709068 3.2522300952930436
Melhor da geracao 19481: reg(19481) = 1218.6225738470957 7.273597823811087
Melhor da geracao 19520: reg(19520) = 1218.4460980920435 0.17647575505225177
Melhor da geracao 19603: reg(19603) = 1218.402614163355 0.04348392868837436
Melhor da geracao 19685: reg(19685) = 1216.1594990766284 2.243115086726675
Melhor da geracao 19840: reg(19840) = 1216.0336963634375 0.12580271319097847
Melhor da geracao 19901: reg(19901) = 1214.6253895639848 1.4083067994527028
Melhor da geracao 19976: reg(19976) = 1214.398475002425 0.2269145615598518
Melhor da geracao 19986: reg(19986) = 1213.2041387341135 1.1943362683114174
Melhor da geracao 20228: reg(20228) = 1212.2866750986736 0.9174636354398444
Melhor da geracao 20230: reg(20230) = 1212.192331769172 0.09434332950172575
Melhor da geracao 20507: reg(20507) = 1211.9362139248647 0.2561178443072549
Melhor da geracao 20592: reg(20592) = 1211.8931799074148 0.04303401744982693
Melhor da geracao 20642: reg(20642) = 1211.8305978070848 0.06258210033001887
Melhor da geracao 20661: reg(20661) = 1210.8968168930032 0.9337809140815807
Melhor da geracao 20733: reg(20733) = 1209.0985075122903 1.798309380712908
Melhor da geracao 20768: reg(20768) = 1206.6946287435471 2.4038787687431977
Melhor da geracao 21141: reg(21141) = 1206.649104785946 0.04552395760106265
Melhor da geracao 21162: reg(21162) = 1206.5959059057643 0.05319888018175334
Melhor da geracao 21265: reg(21265) = 1206.5516401478037 0.04426575796060206
Melhor da geracao 21314: reg(21314) = 1204.9349083028249 1.6167318449788581
Melhor da geracao 21411: reg(21411) = 1204.933146909443 0.0017613933819120575
Melhor da geracao 21422: reg(21422) = 1204.6242720581388 0.3088748513041537
Melhor da geracao 21493: reg(21493) = 1204.1765580927552 0.4477139653836275
Melhor da geracao 21550: reg(21550) = 1203.0616991102363 1.1148589825188537
Melhor da geracao 21615: reg(21615) = 1202.5569285920399 0.5047705181964375
Melhor da geracao 21704: reg(21704) = 1202.360262365711 0.1966662263289436
Melhor da geracao 21880: reg(21880) = 1202.262983140681 0.09727922502997899
Melhor da geracao 21919: reg(21919) = 1201.5211246753963 0.7418584652846221
Melhor da geracao 21946: reg(21946) = 1201.2831962325538 0.23792844284253079
Melhor da geracao 22006: reg(22006) = 1200.9505561444846 0.33264008806918355
Melhor da geracao 22081: reg(22081) = 1200.82871721502 0.12183892946450214
Melhor da geracao 22125: reg(22125) = 1200.1809336672175 0.6477835478026464
Melhor da geracao 22174: reg(22174) = 1200.1492759851133 0.03165768210419628
Melhor da geracao 22286: reg(22286) = 1200.0195140267267 0.12976195838655258
Melhor da geracao 22359: reg(22359) = 1199.8542995057016 0.16521452102506373
Melhor da geracao 22432: reg(22432) = 1196.5868992501946 3.2674002555070274
Melhor da geracao 22582: reg(22582) = 1196.5360085149837 0.050890735210941784
Melhor da geracao 22591: reg(22591) = 1196.1367731459034 0.39923536908031565
Melhor da geracao 22618: reg(22618) = 1195.980503181938 0.15626996396531467
Melhor da geracao 22654: reg(22654) = 1195.8395074521106 0.14099572982740938
Melhor da geracao 22684: reg(22684) = 1195.738182743645 0.10132470846565411
Melhor da geracao 22739: reg(22739) = 1184.3482836607827 11.389899082862257
Melhor da geracao 22846: reg(22846) = 1184.2549659917192 0.09331766906348093
Melhor da geracao 22863: reg(22863) = 1184.2402648294265 0.014701162292794834
Melhor da geracao 22904: reg(22904) = 1183.9234208643845 0.3168439650419259
Melhor da geracao 22978: reg(22978) = 1183.3894998062685 0.5339210581159932
Melhor da geracao 23019: reg(23019) = 1183.2621432732594 0.127356533009106
Melhor da geracao 23031: reg(23031) = 1183.254113412495 0.008029860764509067
Melhor da geracao 23106: reg(23106) = 1183.1518876235195 0.1022257889753746
Melhor da geracao 23196: reg(23196) = 1183.0767519141655 0.07513570935407188
Melhor da geracao 23247: reg(23247) = 1182.868029413344 0.20872250082152277
Melhor da geracao 23279: reg(23279) = 1182.1138884187035 0.7541409946404656
Melhor da geracao 23288: reg(23288) = 1181.109776644469 1.0041117742343886
Melhor da geracao 23382: reg(23382) = 1174.1078830651923 7.001893579276839
Melhor da geracao 23417: reg(23417) = 1172.448201048415 1.6596820167771966
Melhor da geracao 23545: reg(23545) = 1172.0926791102006 0.35552193821445144
Melhor da geracao 23573: reg(23573) = 1171.9684590641202 0.12422004608038151
Melhor da geracao 23583: reg(23583) = 1171.8861351798428 0.08232388427745718
Melhor da geracao 23645: reg(23645) = 1171.2152248115156 0.6709103683272133
Melhor da geracao 23669: reg(23669) = 1171.0101516293935 0.20507318212207792
Melhor da geracao 23824: reg(23824) = 1169.965865001497 1.044286627896554
Melhor da geracao 23858: reg(23858) = 1169.8558949657286 0.10997003576835596
Melhor da geracao 23966: reg(23966) = 1169.6496882206839 0.20620674504471026
Melhor da geracao 24077: reg(24077) = 1169.4346566213771 0.21503159930671245
Melhor da geracao 24199: reg(24199) = 1168.6360356367504 0.7986209846267229
Melhor da geracao 24215: reg(24215) = 1168.3804747638549 0.2555608728955576
Melhor da geracao 24240: reg(24240) = 1168.3001423336013 0.08033243025352022
Melhor da geracao 24256: reg(24256) = 1167.8495782416978 0.4505640919035159
Melhor da geracao 24258: reg(24258) = 1167.8117653092622 0.03781293243559958
Melhor da geracao 24299: reg(24299) = 1167.068597594732 0.7431677145302729
Melhor da geracao 24393: reg(24393) = 1167.0397714884982 0.028826106233736937
Melhor da geracao 24430: reg(24430) = 1166.7334825775486 0.30628891094966093
Melhor da geracao 24620: reg(24620) = 1166.1304095368573 0.6030730406912426
Melhor da geracao 24693: reg(24693) = 1165.6955012055 0.4349083313572919
Melhor da geracao 24706: reg(24706) = 1165.3164171246613 0.37908408083876566
Melhor da geracao 24715: reg(24715) = 1164.983054798132 0.33336232652936815
Melhor da geracao 24814: reg(24814) = 1163.4629234369506 1.5201313611812566
Melhor da geracao 24828: reg(24828) = 1163.2557745186296 0.2071489183210815
Melhor da geracao 24852: reg(24852) = 1162.7202727791712 0.5355017394583683
Melhor da geracao 25137: reg(25137) = 1162.7103905471804 0.00988223199078675
Melhor da geracao 25278: reg(25278) = 1162.4801244306052 0.23026611657519425
Melhor da geracao 25314: reg(25314) = 1162.433907975702 0.04621645490328774
Melhor da geracao 25357: reg(25357) = 1162.4023220812142 0.031585894487761834
Melhor da geracao 25395: reg(25395) = 1162.148996704157 0.2533253770570809
Melhor da geracao 25407: reg(25407) = 1162.026415704655 0.12258099950213364
Melhor da geracao 25445: reg(25445) = 1162.0155325965522 0.01088310810268922
Melhor da geracao 25598: reg(25598) = 1161.7445982642143 0.27093433233790165
Melhor da geracao 25607: reg(25607) = 1161.5496677903118 0.19493047390255924
Melhor da geracao 25631: reg(25631) = 1160.555404972726 0.9942628175858772
Melhor da geracao 25677: reg(25677) = 1159.880119932434 0.6752850402920103
Melhor da geracao 25772: reg(25772) = 1159.4666737727002 0.4134461597336667
Melhor da geracao 25868: reg(25868) = 1159.3309112099132 0.13576256278702203
Melhor da geracao 25982: reg(25982) = 1159.058347659231 0.2725635506822073
Melhor da geracao 26149: reg(26149) = 1158.979934571156 0.07841308807496716
Melhor da geracao 26164: reg(26164) = 1158.8986357822498 0.08129878890622422
Melhor da geracao 26220: reg(26220) = 1158.8977623442988 8.734379509860446E-4
Melhor da geracao 26315: reg(26315) = 1158.4289156358107 0.4688467084881722
Melhor da geracao 26467: reg(26467) = 1157.6311942970358 0.7977213387748634
Melhor da geracao 26520: reg(26520) = 1157.3293536094059 0.30184068762991956
Melhor da geracao 26595: reg(26595) = 1157.308116073011 0.02123753639489223
Melhor da geracao 26717: reg(26717) = 1156.8708650692636 0.4372510037474058
Melhor da geracao 26773: reg(26773) = 1156.760882734917 0.10998233434656868
Melhor da geracao 26794: reg(26794) = 1156.4168285965518 0.34405413836520893
Melhor da geracao 26856: reg(26856) = 1156.4118398492014 0.004988747350353151
Melhor da geracao 26986: reg(26986) = 1156.1624490972388 0.24939075196266458
Melhor da geracao 27015: reg(27015) = 1156.1287465998582 0.03370249738054554
Melhor da geracao 27138: reg(27138) = 1155.1194848938185 1.0092617060397515
Melhor da geracao 27216: reg(27216) = 1155.0658919346954 0.05359295912307971
Melhor da geracao 27318: reg(27318) = 1154.8344091374506 0.23148279724478016
Melhor da geracao 27328: reg(27328) = 1154.7385177204148 0.09589141703577297
Melhor da geracao 27334: reg(27334) = 1154.671541946393 0.06697577402178467
Melhor da geracao 27406: reg(27406) = 1154.6170821242597 0.0544598221333672
Melhor da geracao 27446: reg(27446) = 1154.5896785174737 0.027403606786037926
Melhor da geracao 27477: reg(27477) = 1154.2048048204995 0.38487369697418217
Melhor da geracao 27557: reg(27557) = 1153.9613895802004 0.24341524029910033
Melhor da geracao 27623: reg(27623) = 1153.731955766632 0.22943381356844839
Melhor da geracao 27647: reg(27647) = 1153.6823347923391 0.04962097429279311
Melhor da geracao 27702: reg(27702) = 1153.2574246603292 0.4249101320099271
Melhor da geracao 27817: reg(27817) = 1153.2499227305493 0.007501929779891725
Melhor da geracao 27827: reg(27827) = 1153.205685243795 0.044237486754354904
Melhor da geracao 27836: reg(27836) = 1152.5900300234557 0.6156552203392494
Melhor da geracao 27955: reg(27955) = 1152.5887656722434 0.0012643512122849643
Melhor da geracao 27962: reg(27962) = 1152.4659481330254 0.12281753921797645
Melhor da geracao 28029: reg(28029) = 1152.103030758501 0.3629173745243861
Melhor da geracao 28047: reg(28047) = 1152.024940898822 0.07808985967903936
Melhor da geracao 28188: reg(28188) = 1151.9440055363998 0.08093536242222399
Melhor da geracao 28199: reg(28199) = 1151.8983974701362 0.04560806626363956
Melhor da geracao 28227: reg(28227) = 1151.8936696105684 0.004727859567765336
Melhor da geracao 28380: reg(28380) = 1151.8530808059454 0.04058880462298475
Melhor da geracao 28384: reg(28384) = 1151.4269758591959 0.4261049467495468
Melhor da geracao 28461: reg(28461) = 1151.3485327633357 0.07844309586016607
Melhor da geracao 28463: reg(28463) = 1150.5295308709788 0.8190018923569369
Melhor da geracao 28470: reg(28470) = 1150.515345786723 0.014185084255814218
Melhor da geracao 28523: reg(28523) = 1150.3165306101869 0.1988151765360726
Melhor da geracao 28546: reg(28546) = 1135.3299497787912 14.986580831395713
Melhor da geracao 28632: reg(28632) = 1134.994983687316 0.33496609147505296
Melhor da geracao 28812: reg(28812) = 1134.9921804157927 0.0028032715233621275
Melhor da geracao 28855: reg(28855) = 1134.8680773776662 0.1241030381265773
Melhor da geracao 28935: reg(28935) = 1134.7509720244627 0.11710535320344206
Melhor da geracao 28974: reg(28974) = 1134.6183587064081 0.1326133180546094
Melhor da geracao 29019: reg(29019) = 1133.750649744652 0.8677089617560796
Melhor da geracao 29155: reg(29155) = 1132.7534702471619 0.9971794974901513
Melhor da geracao 29290: reg(29290) = 1132.360592495909 0.39287775125285407
Melhor da geracao 29295: reg(29295) = 1131.9265565995381 0.434035896370915
Melhor da geracao 29374: reg(29374) = 1131.1345068614914 0.7920497380466713
Melhor da geracao 29375: reg(29375) = 1129.840120063739 1.294386797752395
Melhor da geracao 29421: reg(29421) = 1129.6548949371029 0.18522512663616908
Melhor da geracao 29464: reg(29464) = 1129.2138377772103 0.4410571598925799
Melhor da geracao 29528: reg(29528) = 1129.1321044416432 0.08173333556715079
Melhor da geracao 29544: reg(29544) = 1128.798704744686 0.33339969695725813
Melhor da geracao 29568: reg(29568) = 1128.341108678951 0.45759606573483325
Melhor da geracao 29620: reg(29620) = 1128.0995768209398 0.2415318580112853
Melhor da geracao 29639: reg(29639) = 1128.0762893242752 0.02328749666457952
Melhor da geracao 29649: reg(29649) = 1128.0174993769997 0.0587899472754998
Melhor da geracao 29759: reg(29759) = 1128.0123085529 0.005190824099599922
Melhor da geracao 29800: reg(29800) = 1127.9342322203581 0.07807633254196844
Melhor da geracao 29868: reg(29868) = 1127.8899150996347 0.04431712072346272
Melhor da geracao 30007: reg(30007) = 1127.8585483387224 0.031366760912305836
Melhor da geracao 30247: reg(30247) = 1127.507661359965 0.350886978757444
Melhor da geracao 30495: reg(30495) = 1127.5034329791674 0.004228380797485443
Melhor da geracao 30595: reg(30595) = 1127.3099531367466 0.19347984242085658
Melhor da geracao 30795: reg(30795) = 1126.7197849959427 0.5901681408038257
Melhor da geracao 30988: reg(30988) = 1125.939567192879 0.7802178030638061
Melhor da geracao 31250: reg(31250) = 1125.935974346124 0.0035928467548274057
Melhor da geracao 31513: reg(31513) = 1125.2164768104005 0.7194975357235762
Melhor da geracao 31542: reg(31542) = 1125.1130768042408 0.10340000615974532
Melhor da geracao 31903: reg(31903) = 1125.0289686635629 0.08410814067792671
Melhor da geracao 31923: reg(31923) = 1124.943533800238 0.08543486332496286
Melhor da geracao 32139: reg(32139) = 1124.7579180536966 0.18561574654131618
Melhor da geracao 32178: reg(32178) = 1124.746879851747 0.011038201949531867
Melhor da geracao 32211: reg(32211) = 1124.7465246362397 3.552155073975882E-4
Melhor da geracao 32379: reg(32379) = 1124.637836684966 0.10868795127362318
Melhor da geracao 32399: reg(32399) = 1124.6259132793907 0.011923405575316792
Melhor da geracao 32416: reg(32416) = 1124.6206451294208 0.005268149969879232
Melhor da geracao 32521: reg(32521) = 1124.4443005475325 0.1763445818883156
Melhor da geracao 32616: reg(32616) = 1124.299084346331 0.14521620120149237
Melhor da geracao 32714: reg(32714) = 1124.2026490601609 0.09643528617016273
Melhor da geracao 32901: reg(32901) = 1123.9155080435419 0.28714101661898894
Melhor da geracao 32971: reg(32971) = 1123.6183244107997 0.29718363274218973
Melhor da geracao 33023: reg(33023) = 1123.5850267142894 0.03329769651031711
Melhor da geracao 33101: reg(33101) = 1123.4669396723061 0.11808704198324449
Melhor da geracao 33131: reg(33131) = 1123.4659461191875 9.935531186329172E-4
Melhor da geracao 33162: reg(33162) = 1123.225819371563 0.2401267476245721
Melhor da geracao 33208: reg(33208) = 1123.187199367794 0.038620003768983224
Melhor da geracao 33471: reg(33471) = 1122.7677525188078 0.4194468489861265
Melhor da geracao 33509: reg(33509) = 1122.760942511694 0.006810007113699612
Melhor da geracao 33584: reg(33584) = 1122.3543603246528 0.4065821870412947
Melhor da geracao 33604: reg(33604) = 1122.3150032038025 0.03935712085035448
Melhor da geracao 33662: reg(33662) = 1122.2232925399078 0.09171066389467342
Melhor da geracao 33717: reg(33717) = 1122.190437236528 0.0328553033798471
Melhor da geracao 33889: reg(33889) = 1120.5183341192126 1.6721031173153733
Melhor da geracao 33925: reg(33925) = 1120.4934200456646 0.02491407354796138
Melhor da geracao 33941: reg(33941) = 1120.009169068724 0.48425097694052965
Melhor da geracao 33970: reg(33970) = 1119.903509211294 0.10565985743005513
Melhor da geracao 34290: reg(34290) = 1119.405648969589 0.4978602417049842
Melhor da geracao 34304: reg(34304) = 1119.3359298730907 0.06971909649837471
Melhor da geracao 34329: reg(34329) = 1119.2006183678054 0.1353115052852445
Melhor da geracao 34429: reg(34429) = 1118.978422365949 0.22219600185644595
Melhor da geracao 34472: reg(34472) = 1118.8371949772322 0.141227388716743
Melhor da geracao 34546: reg(34546) = 1118.1509246760593 0.6862703011729536
Melhor da geracao 34593: reg(34593) = 1116.544783450608 1.6061412254512106
Melhor da geracao 34647: reg(34647) = 1116.4362764936939 0.10850695691419787
Melhor da geracao 34695: reg(34695) = 1116.3878952145221 0.048381279171735514
Melhor da geracao 34736: reg(34736) = 1116.129068921029 0.2588262934930299
Melhor da geracao 34743: reg(34743) = 1115.9667708615427 0.16229805948637477
Melhor da geracao 34855: reg(34855) = 1115.9409072010344 0.025863660508321118
Melhor da geracao 34872: reg(34872) = 1115.8988094552144 0.042097745820001364
Melhor da geracao 34958: reg(34958) = 1115.8481276147684 0.050681840446031856
Melhor da geracao 35013: reg(35013) = 1115.7516195303867 0.09650808438163949
Melhor da geracao 35174: reg(35174) = 1115.6513341806178 0.10028534976891024
Melhor da geracao 35214: reg(35214) = 1115.6397209621891 0.011613218428692562
Melhor da geracao 35222: reg(35222) = 1114.5081106939767 1.1316102682123983
Melhor da geracao 35302: reg(35302) = 1113.4440154884637 1.0640952055130128
Melhor da geracao 35325: reg(35325) = 1113.4396041829355 0.004411305528265075
Melhor da geracao 35523: reg(35523) = 1113.3933832369605 0.04622094597493742
Melhor da geracao 35530: reg(35530) = 1108.9026799551323 4.490703281828246
Melhor da geracao 35930: reg(35930) = 1108.8847839968262 0.01789595830609869
Melhor da geracao 35986: reg(35986) = 1108.858282390754 0.02650160607208818
Melhor da geracao 35995: reg(35995) = 1108.8561829821729 0.0020994085812162666
Melhor da geracao 36071: reg(36071) = 1108.8421104090028 0.014072573170096803
RUN GA_71s__0t0 1/1: Menor  custo  final é 1108.8421104090028
---02/12 18:07:40-----------------------------------------------------
reg(objetivo): 1108.8421104090028
RMSE: 354.6041750547802
MAE: 21.236379546261823
GEH: 2.577730211120474
pGEH5: 0.8732394366197183
R2Links: 0.9562436913601048
R2Odm: 0.38575134003026823
------------------------------------------------------ ´idBest=30

ALERT: Salvando última MOD resposta. Não a melhor.
Fitness final (reg) = 1108.8421104090028
