--candidateId=40
--directory=C:\Users\Pc\Desktop\irace2018\irace\execDir
--algorithm=DE
--fitnessFunction=reg
--populationSize=384
--crossoverProbability=0.636
--differentialWeight=0.316
26/11, 15:28:56
[HookRun] Parameters used:
--directory=execDir
--algorithm=DE
--fitnessFunction=reg
--candidateId=40
--populationSize=384
--maxEvaluations=0
--crossoverProbability=0.636
--differentialWeight=0.316

Teste Curitiba!
OK: Recuperou objeto ODMatrix de 'cwb odmatrix.dat'!

OK: Recuperou objeto VirtualSensors de 'cwb virt sen.dat'!

OK: Mudando teste para rede fechada...
ATENCAO: arestasSensor reduzidas para 71, por ser numero maximo de sensores da rede cadastrada.
PROC: Preparando para iniciar DE_71s__0t0... 26/11, 15:28:56
ERROR: Não há registros de viagens para recuperar! (ODmatrix.calcMatrixClust)
INFO: Return antecipado, n=arestasSensorGAMM=71 e t=tempoPrioriGAMM=0; mov.lenght=71 (VirtualSensors.gerArestaMaisMovimentadasIndex)
INFO: descobrirODparIndArestaMaisMov = 1074 casos! - 191/900 pares O-D cobertos
INFO: Existem 1073 relações Prob_OD_aresta!
OK: Iniciando DE com 1 runs! Population size: 384
Generations: 7812
OD =900
Sensores=71
DE_71s__0t0; 26/11, 15:28:56
STATS: Desvio fluxos: Min. -1253,637399; Mean. 54,967297; Max. 2089,612645; p5 -1084,505278; p20 -602,382305; p35 -290,039172; p50 -135,315915; p65 141,347284; p80 686,720413; p95 1744,651666; 
RUN DE_71s__0t0 1/1: Menor custo inicial é 23432.913687006152(RMSE: 467.114897205037; MAE: 24.091083181775762; GEH: 14.55589231897751) id do melhor indivíduo=103
Melhor da geracao 0: reg(0) = 23006.61583544277 426.2978515633804
Melhor da geracao 1: reg(1) = 22117.44839848657 889.1674369562024
Melhor da geracao 3: reg(3) = 20687.69550089927 1429.7528975872992
Melhor da geracao 6: reg(6) = 19577.71573146758 1109.9797694316912
Melhor da geracao 7: reg(7) = 16922.24695637713 2655.4687750904486
Melhor da geracao 9: reg(9) = 16200.855752587782 721.3912037893479
Melhor da geracao 12: reg(12) = 15921.30160077644 279.5541518113423
Melhor da geracao 14: reg(14) = 15088.520251355101 832.7813494213387
Melhor da geracao 18: reg(18) = 14594.90411242787 493.6161389272311
Melhor da geracao 20: reg(20) = 14196.125759545548 398.778352882322
Melhor da geracao 23: reg(23) = 13224.631224979737 971.4945345658107
Melhor da geracao 24: reg(24) = 12568.551001523618 656.0802234561197
Melhor da geracao 27: reg(27) = 11769.903190337429 798.6478111861888
Melhor da geracao 28: reg(28) = 11176.4468374828 593.4563528546296
Melhor da geracao 33: reg(33) = 11117.223512396644 59.223325086155455
Melhor da geracao 34: reg(34) = 11112.450332590382 4.773179806261396
Melhor da geracao 35: reg(35) = 10680.437201466179 432.01313112420394
Melhor da geracao 37: reg(37) = 9798.65502497989 881.7821764862892
Melhor da geracao 43: reg(43) = 9435.440013135327 363.21501184456247
Melhor da geracao 47: reg(47) = 9394.446838444166 40.993174691160675
Melhor da geracao 48: reg(48) = 9298.474887155653 95.97195128851308
Melhor da geracao 49: reg(49) = 8016.017064235886 1282.4578229197668
Melhor da geracao 51: reg(51) = 7686.603949017975 329.4131152179116
Melhor da geracao 58: reg(58) = 7462.763426620844 223.84052239713037
Melhor da geracao 67: reg(67) = 7428.815206673025 33.94821994781887
Melhor da geracao 69: reg(69) = 7202.361765095488 226.45344157753698
Melhor da geracao 71: reg(71) = 6826.147750548892 376.21401454659645
Melhor da geracao 72: reg(72) = 6758.592736104207 67.55501444468518
Melhor da geracao 74: reg(74) = 6694.908528796422 63.68420730778507
Melhor da geracao 76: reg(76) = 6489.0317452765685 205.87678351985323
Melhor da geracao 84: reg(84) = 6407.687057110484 81.34468816608478
Melhor da geracao 88: reg(88) = 6264.691985261345 142.9950718491391
Melhor da geracao 90: reg(90) = 5803.980752737861 460.7112325234839
Melhor da geracao 95: reg(95) = 5648.183536427269 155.79721631059147
Melhor da geracao 96: reg(96) = 5436.906265642997 211.27727078427233
Melhor da geracao 104: reg(104) = 5390.534415917696 46.37184972530122
Melhor da geracao 108: reg(108) = 5319.751874677274 70.78254124042178
Melhor da geracao 115: reg(115) = 5122.683342709181 197.06853196809334
Melhor da geracao 116: reg(116) = 4990.275382714647 132.40795999453348
Melhor da geracao 119: reg(119) = 4883.078720349224 107.19666236542344
Melhor da geracao 123: reg(123) = 4853.474852773009 29.603867576214725
Melhor da geracao 126: reg(126) = 4643.771090901796 209.70376187121292
Melhor da geracao 131: reg(131) = 4473.729942141649 170.04114876014683
Melhor da geracao 142: reg(142) = 4387.259859717603 86.47008242404627
Melhor da geracao 145: reg(145) = 4243.656864380059 143.6029953375437
Melhor da geracao 153: reg(153) = 4219.73750248517 23.919361894889335
Melhor da geracao 154: reg(154) = 3990.5512177294345 229.18628475573541
Melhor da geracao 162: reg(162) = 3895.552640765647 94.9985769637874
Melhor da geracao 164: reg(164) = 3879.7808358945326 15.771804871114455
Melhor da geracao 184: reg(184) = 3671.471739621497 208.30909627303572
Melhor da geracao 198: reg(198) = 3646.6780324393203 24.793707182176604
Melhor da geracao 202: reg(202) = 3637.5716207139394 9.106411725380894
Melhor da geracao 203: reg(203) = 3634.330183812869 3.2414369010703012
Melhor da geracao 209: reg(209) = 3605.128317931123 29.201865881746016
Melhor da geracao 210: reg(210) = 3297.827145510614 307.3011724205089
Melhor da geracao 228: reg(228) = 3158.565529164842 139.26161634577238
Melhor da geracao 235: reg(235) = 3146.695123557926 11.870405606915938
Melhor da geracao 248: reg(248) = 3137.9588837094184 8.736239848507466
Melhor da geracao 252: reg(252) = 3109.155233831258 28.803649878160286
Melhor da geracao 260: reg(260) = 3098.4208967012923 10.734337129965752
Melhor da geracao 279: reg(279) = 3087.3949732205647 11.02592348072767
Melhor da geracao 287: reg(287) = 2995.9120733319137 91.48289988865099
Melhor da geracao 308: reg(308) = 2831.9078670972785 164.00420623463515
Melhor da geracao 316: reg(316) = 2791.9900328343188 39.917834262959786
Melhor da geracao 327: reg(327) = 2782.8980966196577 9.091936214661018
Melhor da geracao 328: reg(328) = 2746.2875502196976 36.610546399960185
Melhor da geracao 347: reg(347) = 2738.9758771574016 7.311673062295995
Melhor da geracao 362: reg(362) = 2697.5579784418087 41.417898715592855
Melhor da geracao 381: reg(381) = 2625.7871815188187 71.77079692299003
Melhor da geracao 391: reg(391) = 2578.41720609931 47.36997541950859
Melhor da geracao 410: reg(410) = 2542.808730043905 35.608476055404935
Melhor da geracao 422: reg(422) = 2513.192522941435 29.61620710247007
Melhor da geracao 432: reg(432) = 2475.1482324964486 38.04429044498647
Melhor da geracao 452: reg(452) = 2444.1545385679283 30.993693928520315
Melhor da geracao 475: reg(475) = 2438.0075149101563 6.147023657772024
Melhor da geracao 493: reg(493) = 2409.2311689762687 28.77634593388757
Melhor da geracao 509: reg(509) = 2272.5881594208736 136.6430095553951
Melhor da geracao 585: reg(585) = 2240.4483270845194 32.139832336354175
Melhor da geracao 595: reg(595) = 2211.8542502632254 28.59407682129404
Melhor da geracao 614: reg(614) = 2192.1265016168118 19.727748646413602
Melhor da geracao 636: reg(636) = 2170.5586077838902 21.567893832921527
Melhor da geracao 660: reg(660) = 2142.5693411748443 27.9892666090459
Melhor da geracao 671: reg(671) = 2098.049739253599 44.51960192124534
Melhor da geracao 714: reg(714) = 2069.329657822866 28.72008143073299
Melhor da geracao 743: reg(743) = 1910.9960612421905 158.33359658067548
Melhor da geracao 938: reg(938) = 1893.3674148285493 17.628646413641263
Melhor da geracao 952: reg(952) = 1797.8141203751245 95.55329445342477
Melhor da geracao 1007: reg(1007) = 1780.8380718085969 16.976048566527652
Melhor da geracao 1099: reg(1099) = 1726.5355846346527 54.3024871739442
Melhor da geracao 1223: reg(1223) = 1657.350488141371 69.18509649328166
Melhor da geracao 1327: reg(1327) = 1635.8509095178595 21.499578623511525
Melhor da geracao 1376: reg(1376) = 1617.697778910147 18.153130607712455
Melhor da geracao 1400: reg(1400) = 1582.8409064009586 34.856872509188406
Melhor da geracao 1628: reg(1628) = 1560.9523489966405 21.888557404318135
Melhor da geracao 1717: reg(1717) = 1553.4097427943705 7.542606202270008
Melhor da geracao 1745: reg(1745) = 1546.604861621056 6.80488117331447
Melhor da geracao 1778: reg(1778) = 1524.053789527916 22.551072093139965
Melhor da geracao 1988: reg(1988) = 1499.2163572110865 24.837432316829563
Melhor da geracao 2050: reg(2050) = 1473.183855885028 26.032501326058537
Melhor da geracao 2078: reg(2078) = 1467.6933946495958 5.490461235432122
Melhor da geracao 2445: reg(2445) = 1442.4846121862158 25.208782463379976
Melhor da geracao 2712: reg(2712) = 1408.9209316245872 33.563680561628644
Melhor da geracao 2928: reg(2928) = 1396.2291603528142 12.69177127177295
Melhor da geracao 3315: reg(3315) = 1396.0642470153944 0.16491333741987546
Melhor da geracao 3518: reg(3518) = 1373.6047222052698 22.45952481012455
Melhor da geracao 3771: reg(3771) = 1372.895578789734 0.7091434155358911
Melhor da geracao 4049: reg(4049) = 1352.340717394742 20.55486139499203
Melhor da geracao 4232: reg(4232) = 1338.0772984412918 14.263418953450127
Melhor da geracao 4625: reg(4625) = 1329.3430838756965 8.734214565595266
Melhor da geracao 4941: reg(4941) = 1326.618125639218 2.7249582364784146
Melhor da geracao 5166: reg(5166) = 1324.7169885803676 1.9011370588505088
Melhor da geracao 5507: reg(5507) = 1319.817650898933 4.899337681434645
Melhor da geracao 5834: reg(5834) = 1318.1355496999663 1.6821011989666204
Melhor da geracao 5881: reg(5881) = 1310.4085437038987 7.727005996067646
Melhor da geracao 5882: reg(5882) = 1308.5428895950506 1.865654108848048
Melhor da geracao 6312: reg(6312) = 1303.135936416221 5.4069531788295535
Melhor da geracao 6411: reg(6411) = 1300.3951646668936 2.7407717493274504
Melhor da geracao 6519: reg(6519) = 1291.5357834993779 8.859381167515721
Melhor da geracao 6616: reg(6616) = 1278.1195890453873 13.416194453990556
Melhor da geracao 7140: reg(7140) = 1266.679042735968 11.440546309419233
Melhor da geracao 7604: reg(7604) = 1253.7637705323898 12.915272203578297
RUN DE_71s__0t0 1/1: Menor  custo  final é 1253.7637705323898
---26/11 15:30:37-----------------------------------------------------
reg(objetivo): 1253.7637705323898
RMSE: 557.2135073492768
MAE: 24.78395323395544
GEH: 3.0597401554287367
pGEH5: 0.8450704225352113
R2Links: 0.9510324633640965
R2Odm: 0.13493630660988765
------------------------------------------------------ ´p=0

ALERT: Salvando última MOD resposta. Não a melhor.
Fitness final (reg) = 1253.7637705323898
