--candidateId=41
--directory=C:\Users\Pc\Desktop\irace2018\irace\execDir
--algorithm=DE
--fitnessFunction=reg
--populationSize=398
--crossoverProbability=0.522
--differentialWeight=0.234
26/11, 15:30:38
[HookRun] Parameters used:
--directory=execDir
--algorithm=DE
--fitnessFunction=reg
--candidateId=41
--populationSize=398
--maxEvaluations=0
--crossoverProbability=0.522
--differentialWeight=0.234

Teste Curitiba!
OK: Recuperou objeto ODMatrix de 'cwb odmatrix.dat'!

OK: Recuperou objeto VirtualSensors de 'cwb virt sen.dat'!

OK: Mudando teste para rede fechada...
ATENCAO: arestasSensor reduzidas para 71, por ser numero maximo de sensores da rede cadastrada.
PROC: Preparando para iniciar DE_71s__0t0... 26/11, 15:30:38
ERROR: Não há registros de viagens para recuperar! (ODmatrix.calcMatrixClust)
INFO: Return antecipado, n=arestasSensorGAMM=71 e t=tempoPrioriGAMM=0; mov.lenght=71 (VirtualSensors.gerArestaMaisMovimentadasIndex)
INFO: descobrirODparIndArestaMaisMov = 1074 casos! - 191/900 pares O-D cobertos
INFO: Existem 1073 relações Prob_OD_aresta!
OK: Iniciando DE com 1 runs! Population size: 398
Generations: 7537
OD =900
Sensores=71
DE_71s__0t0; 26/11, 15:30:38
STATS: Desvio fluxos: Min. -1367,447528; Mean. 334,420593; Max. 2738,615003; p5 -1099,34207; p20 -480,577279; p35 -116,652792; p50 64,39769; p65 633,28229; p80 1259,832492; p95 2017,852929; 
RUN DE_71s__0t0 1/1: Menor custo inicial é 23524.262151549236(RMSE: 493.44305905959766; MAE: 24.518926209944873; GEH: 14.075487617640695) id do melhor indivíduo=274
Melhor da geracao 0: reg(0) = 19705.595841057046 3818.66631049219
Melhor da geracao 1: reg(1) = 19245.921720700226 459.6741203568199
Melhor da geracao 2: reg(2) = 16077.98230771552 3167.939412984706
Melhor da geracao 7: reg(7) = 15292.069140715417 785.9131670001025
Melhor da geracao 10: reg(10) = 14015.231893960894 1276.8372467545232
Melhor da geracao 11: reg(11) = 13045.092419326145 970.1394746347487
Melhor da geracao 13: reg(13) = 12323.50180899745 721.5906103286961
Melhor da geracao 14: reg(14) = 11334.01847007422 989.4833389232299
Melhor da geracao 15: reg(15) = 10969.368169462738 364.6503006114817
Melhor da geracao 19: reg(19) = 10587.616978565406 381.751190897332
Melhor da geracao 20: reg(20) = 9975.007576114243 612.6094024511622
Melhor da geracao 23: reg(23) = 9322.502536473014 652.5050396412298
Melhor da geracao 25: reg(25) = 9106.856037432532 215.646499040482
Melhor da geracao 27: reg(27) = 9015.077731985939 91.77830544659264
Melhor da geracao 28: reg(28) = 8584.319057295597 430.75867469034165
Melhor da geracao 29: reg(29) = 8202.796845512472 381.5222117831254
Melhor da geracao 31: reg(31) = 8091.493341064632 111.30350444784017
Melhor da geracao 32: reg(32) = 7383.324072211436 708.1692688531957
Melhor da geracao 35: reg(35) = 7259.004130415272 124.31994179616413
Melhor da geracao 37: reg(37) = 6855.873831841824 403.1302985734483
Melhor da geracao 40: reg(40) = 6775.440119962323 80.43371187950106
Melhor da geracao 46: reg(46) = 6344.758877511529 430.68124245079343
Melhor da geracao 50: reg(50) = 5715.749462214288 629.0094152972415
Melhor da geracao 52: reg(52) = 5683.397910667671 32.351551546616975
Melhor da geracao 55: reg(55) = 5583.8618136418 99.53609702587073
Melhor da geracao 60: reg(60) = 5471.907389965813 111.95442367598662
Melhor da geracao 61: reg(61) = 5262.306657683858 209.60073228195506
Melhor da geracao 64: reg(64) = 5255.4449123088625 6.861745374995735
Melhor da geracao 68: reg(68) = 5086.79399973882 168.65091257004224
Melhor da geracao 69: reg(69) = 4937.931400072917 148.86259966590296
Melhor da geracao 71: reg(71) = 4591.159315958542 346.7720841143755
Melhor da geracao 82: reg(82) = 4339.963730606802 251.1955853517402
Melhor da geracao 89: reg(89) = 4119.540866264658 220.42286434214384
Melhor da geracao 92: reg(92) = 4043.831808281995 75.70905798266267
Melhor da geracao 94: reg(94) = 4028.914110859757 14.917697422238234
Melhor da geracao 97: reg(97) = 3940.1112745361274 88.80283632362944
Melhor da geracao 103: reg(103) = 3857.073243458715 83.0380310774126
Melhor da geracao 111: reg(111) = 3816.4824757536035 40.590767705111375
Melhor da geracao 114: reg(114) = 3780.702911305247 35.77956444835627
Melhor da geracao 116: reg(116) = 3657.7607964214 122.94211488384735
Melhor da geracao 120: reg(120) = 3241.3223631001465 416.43843332125334
Melhor da geracao 121: reg(121) = 3230.215904481363 11.106458618783563
Melhor da geracao 140: reg(140) = 3119.609170055636 110.60673442572715
Melhor da geracao 150: reg(150) = 3099.760023053099 19.849147002536938
Melhor da geracao 159: reg(159) = 2972.9506799967294 126.80934305636947
Melhor da geracao 160: reg(160) = 2944.704677189839 28.246002806890374
Melhor da geracao 164: reg(164) = 2737.153739758557 207.5509374312819
Melhor da geracao 188: reg(188) = 2688.54138371141 48.61235604714693
Melhor da geracao 195: reg(195) = 2686.666919465342 1.874464246068328
Melhor da geracao 196: reg(196) = 2647.76682438668 38.90009507866171
Melhor da geracao 201: reg(201) = 2602.845620652973 44.92120373370699
Melhor da geracao 208: reg(208) = 2580.0182551357234 22.827365517249746
Melhor da geracao 218: reg(218) = 2499.5840223329405 80.43423280278284
Melhor da geracao 234: reg(234) = 2471.7608027848596 27.823219548080942
Melhor da geracao 238: reg(238) = 2435.6087873587085 36.15201542615114
Melhor da geracao 239: reg(239) = 2353.497260076208 82.11152728250045
Melhor da geracao 248: reg(248) = 2322.752154896037 30.745105180170867
Melhor da geracao 268: reg(268) = 2279.2633345759346 43.488820320102604
Melhor da geracao 275: reg(275) = 2234.8020949492766 44.46123962665797
Melhor da geracao 282: reg(282) = 2224.9949411861694 9.80715376310718
Melhor da geracao 297: reg(297) = 2197.0434601295756 27.95148105659382
Melhor da geracao 302: reg(302) = 2170.827834021705 26.215626107870776
Melhor da geracao 308: reg(308) = 2156.191779024912 14.636054996792609
Melhor da geracao 320: reg(320) = 2126.2903169376814 29.90146208723081
Melhor da geracao 323: reg(323) = 2120.5226192195655 5.767697718115869
Melhor da geracao 327: reg(327) = 2107.4540645287398 13.06855469082575
Melhor da geracao 336: reg(336) = 2105.638271748623 1.8157927801166807
Melhor da geracao 352: reg(352) = 2039.8215895486762 65.81668219994685
Melhor da geracao 357: reg(357) = 2039.7375494028583 0.08404014581788033
Melhor da geracao 368: reg(368) = 2037.8535263711078 1.8840230317505302
Melhor da geracao 372: reg(372) = 2018.403903232955 19.4496231381529
Melhor da geracao 373: reg(373) = 1999.2470669383138 19.156836294641153
Melhor da geracao 374: reg(374) = 1963.147085764538 36.09998117377586
Melhor da geracao 381: reg(381) = 1935.078000197638 28.069085566899957
Melhor da geracao 415: reg(415) = 1926.271506570358 8.806493627279906
Melhor da geracao 424: reg(424) = 1810.9322537480214 115.33925282233668
Melhor da geracao 458: reg(458) = 1784.1033302389958 26.82892350902557
Melhor da geracao 469: reg(469) = 1735.0053638253542 49.09796641364164
Melhor da geracao 517: reg(517) = 1729.8032831841745 5.202080641179691
Melhor da geracao 523: reg(523) = 1717.8506672076137 11.952615976560764
Melhor da geracao 526: reg(526) = 1677.6714542882758 40.17921291933794
Melhor da geracao 559: reg(559) = 1639.0720947597079 38.5993595285679
Melhor da geracao 581: reg(581) = 1624.5474824713758 14.524612288332037
Melhor da geracao 585: reg(585) = 1621.73427509137 2.813207380005906
Melhor da geracao 651: reg(651) = 1592.4590978617077 29.275177229662177
Melhor da geracao 661: reg(661) = 1528.6425942604826 63.81650360122512
Melhor da geracao 704: reg(704) = 1522.6467925151608 5.995801745321842
Melhor da geracao 759: reg(759) = 1486.1953508457927 36.45144166936802
Melhor da geracao 837: reg(837) = 1483.0346483065946 3.160702539198155
Melhor da geracao 850: reg(850) = 1475.8202172671333 7.21443103946126
Melhor da geracao 869: reg(869) = 1463.3038294055716 12.516387861561725
Melhor da geracao 873: reg(873) = 1424.2244809910806 39.07934841449105
Melhor da geracao 987: reg(987) = 1409.4418691137269 14.782611877353702
Melhor da geracao 1033: reg(1033) = 1404.1439314010408 5.297937712686007
Melhor da geracao 1045: reg(1045) = 1394.7944652642138 9.349466136827004
Melhor da geracao 1058: reg(1058) = 1374.5512441932701 20.24322107094372
Melhor da geracao 1068: reg(1068) = 1361.617336140725 12.93390805254512
Melhor da geracao 1217: reg(1217) = 1333.6087096812716 28.008626459453353
Melhor da geracao 1223: reg(1223) = 1320.332493877608 13.276215803663717
Melhor da geracao 1315: reg(1315) = 1313.0366180520011 7.2958758256067995
Melhor da geracao 1416: reg(1416) = 1302.6790259860372 10.3575920659639
Melhor da geracao 1535: reg(1535) = 1295.6985527239467 6.980473262090527
Melhor da geracao 1551: reg(1551) = 1268.7508111205666 26.94774160338011
Melhor da geracao 1583: reg(1583) = 1265.457770101824 3.2930410187425423
Melhor da geracao 1598: reg(1598) = 1248.7492884570977 16.708481644726362
Melhor da geracao 1924: reg(1924) = 1243.3402258325111 5.409062624586568
Melhor da geracao 1941: reg(1941) = 1232.9595818298142 10.380644002696954
Melhor da geracao 2098: reg(2098) = 1226.8249958302822 6.134585999531964
Melhor da geracao 2114: reg(2114) = 1208.763727691766 18.061268138516198
Melhor da geracao 2213: reg(2213) = 1183.576539506387 25.187188185379
Melhor da geracao 2461: reg(2461) = 1182.4364825341452 1.1400569722418368
Melhor da geracao 2541: reg(2541) = 1180.3565434937395 2.079939040405634
Melhor da geracao 2547: reg(2547) = 1172.3697926316336 7.986750862105964
Melhor da geracao 2577: reg(2577) = 1170.7638151791427 1.6059774524908335
Melhor da geracao 2607: reg(2607) = 1164.0181067594851 6.745708419657603
Melhor da geracao 2742: reg(2742) = 1163.2049370641837 0.8131696953014398
Melhor da geracao 2886: reg(2886) = 1159.1770935778454 4.02784348633827
Melhor da geracao 2956: reg(2956) = 1158.327893910293 0.8491996675525115
Melhor da geracao 3015: reg(3015) = 1146.9160748720374 11.411819038255544
Melhor da geracao 3254: reg(3254) = 1139.4736245362267 7.44245033581069
Melhor da geracao 3337: reg(3337) = 1133.9339350465925 5.539689489634156
Melhor da geracao 3366: reg(3366) = 1127.9949659186948 5.938969127897735
Melhor da geracao 3589: reg(3589) = 1126.3701859984749 1.6247799202199076
Melhor da geracao 3644: reg(3644) = 1124.1513707191807 2.2188152792941764
Melhor da geracao 3678: reg(3678) = 1121.355513195847 2.7958575233337797
Melhor da geracao 3767: reg(3767) = 1116.6592228202317 4.696290375615263
Melhor da geracao 3823: reg(3823) = 1112.6992659719583 3.9599568482733503
Melhor da geracao 3952: reg(3952) = 1112.3014438632824 0.3978221086758822
Melhor da geracao 4011: reg(4011) = 1111.837975997265 0.46346786601748136
Melhor da geracao 4079: reg(4079) = 1108.6060682522368 3.2319077450281384
Melhor da geracao 4124: reg(4124) = 1107.4541238179004 1.1519444343364285
Melhor da geracao 4145: reg(4145) = 1105.4616435552402 1.9924802626601377
Melhor da geracao 4190: reg(4190) = 1102.2020804662795 3.2595630889607037
Melhor da geracao 4198: reg(4198) = 1097.4166501888467 4.785430277432852
Melhor da geracao 4407: reg(4407) = 1095.2738588827929 2.142791306053823
Melhor da geracao 4441: reg(4441) = 1089.1254250021764 6.148433880616494
Melhor da geracao 4595: reg(4595) = 1089.045654975058 0.07977002711845671
Melhor da geracao 4659: reg(4659) = 1088.0497546012728 0.9959003737851617
Melhor da geracao 4677: reg(4677) = 1081.478289224254 6.57146537701874
Melhor da geracao 5034: reg(5034) = 1080.3040754305032 1.1742137937508232
Melhor da geracao 5089: reg(5089) = 1078.7254972813257 1.5785781491774742
Melhor da geracao 5167: reg(5167) = 1078.365968084078 0.3595291972476389
Melhor da geracao 5281: reg(5281) = 1075.0652731139696 3.3006949701084523
Melhor da geracao 5449: reg(5449) = 1073.3676216541576 1.6976514598120502
Melhor da geracao 5480: reg(5480) = 1072.1670500148107 1.2005716393468902
Melhor da geracao 5529: reg(5529) = 1070.4923974007484 1.6746526140623246
Melhor da geracao 5595: reg(5595) = 1063.1744611659276 7.317936234820763
Melhor da geracao 5734: reg(5734) = 1061.5187978599122 1.6556633060154127
Melhor da geracao 5993: reg(5993) = 1059.1464053155248 2.372392544387367
Melhor da geracao 6158: reg(6158) = 1056.4906807736431 2.655724541881682
Melhor da geracao 6181: reg(6181) = 1053.3966364889488 3.0940442846942915
Melhor da geracao 6236: reg(6236) = 1050.106946495791 3.2896899931579355
Melhor da geracao 6301: reg(6301) = 1048.785577025734 1.3213694700568794
Melhor da geracao 6536: reg(6536) = 1046.8004021451475 1.9851748805865554
Melhor da geracao 6625: reg(6625) = 1046.2461240987316 0.5542780464159023
Melhor da geracao 6636: reg(6636) = 1045.9466114741865 0.2995126245450592
Melhor da geracao 6759: reg(6759) = 1045.321321691421 0.6252897827655488
Melhor da geracao 6796: reg(6796) = 1043.1153081478074 2.206013543613608
Melhor da geracao 6888: reg(6888) = 1043.013249376216 0.10205877159137344
Melhor da geracao 6946: reg(6946) = 1041.0427256570008 1.9705237192151799
Melhor da geracao 7005: reg(7005) = 1040.5949121278622 0.447813529138557
Melhor da geracao 7024: reg(7024) = 1039.3965169522435 1.1983951756187707
Melhor da geracao 7072: reg(7072) = 1038.222121466795 1.1743954854484855
Melhor da geracao 7310: reg(7310) = 1037.584658789624 0.6374626771710155
Melhor da geracao 7330: reg(7330) = 1035.5969178379762 1.9877409516477655
Melhor da geracao 7425: reg(7425) = 1034.5457563279588 1.0511615100174367
Melhor da geracao 7460: reg(7460) = 1029.2112163637528 5.334539964205987
RUN DE_71s__0t0 1/1: Menor  custo  final é 1029.2112163637528
---26/11 15:32:26-----------------------------------------------------
reg(objetivo): 1029.2112163637528
RMSE: 380.13669596760553
MAE: 21.378095292112196
GEH: 2.511649435966051
pGEH5: 0.8873239436619719
R2Links: 0.9601425092325228
R2Odm: 0.3113220026875884
------------------------------------------------------ ´p=140

ALERT: Salvando última MOD resposta. Não a melhor.
Fitness final (reg) = 1029.2112163637528
