--candidateId=42
--directory=C:\Users\Pc\Desktop\irace2018\irace\execDir
--algorithm=DE
--fitnessFunction=reg
--populationSize=253
--crossoverProbability=0.568
--differentialWeight=0.342
26/11, 15:32:26
[HookRun] Parameters used:
--directory=execDir
--algorithm=DE
--fitnessFunction=reg
--candidateId=42
--populationSize=253
--maxEvaluations=0
--crossoverProbability=0.568
--differentialWeight=0.342

Teste Curitiba!
OK: Recuperou objeto ODMatrix de 'cwb odmatrix.dat'!

OK: Recuperou objeto VirtualSensors de 'cwb virt sen.dat'!

OK: Mudando teste para rede fechada...
ATENCAO: arestasSensor reduzidas para 71, por ser numero maximo de sensores da rede cadastrada.
PROC: Preparando para iniciar DE_71s__0t0... 26/11, 15:32:27
ERROR: Não há registros de viagens para recuperar! (ODmatrix.calcMatrixClust)
INFO: Return antecipado, n=arestasSensorGAMM=71 e t=tempoPrioriGAMM=0; mov.lenght=71 (VirtualSensors.gerArestaMaisMovimentadasIndex)
INFO: descobrirODparIndArestaMaisMov = 1074 casos! - 191/900 pares O-D cobertos
INFO: Existem 1073 relações Prob_OD_aresta!
OK: Iniciando DE com 1 runs! Population size: 253
Generations: 11857
OD =900
Sensores=71
DE_71s__0t0; 26/11, 15:32:27
STATS: Desvio fluxos: Min. -1377,606189; Mean. 268,141742; Max. 2815,994472; p5 -1127,194553; p20 -484,577968; p35 -265,58158; p50 18,580731; p65 448,721205; p80 1238,36903; p95 2282,721704; 
RUN DE_71s__0t0 1/1: Menor custo inicial é 19861.840503879517(RMSE: 472.7256351930006; MAE: 24.328935493218736; GEH: 12.897104466633628) id do melhor indivíduo=106
Melhor da geracao 4: reg(4) = 19287.374757902347 574.4657459771697
Melhor da geracao 5: reg(5) = 18212.4639914426 1074.9107664597468
Melhor da geracao 7: reg(7) = 16943.30673551031 1269.1572559322922
Melhor da geracao 10: reg(10) = 14697.098651212782 2246.2080842975265
Melhor da geracao 18: reg(18) = 14328.737268259922 368.36138295286037
Melhor da geracao 19: reg(19) = 12486.861308296926 1841.8759599629957
Melhor da geracao 28: reg(28) = 10441.756648611537 2045.1046596853885
Melhor da geracao 34: reg(34) = 10344.72909871354 97.02754989799723
Melhor da geracao 38: reg(38) = 9515.510053259588 829.2190454539523
Melhor da geracao 45: reg(45) = 8668.347534147177 847.1625191124112
Melhor da geracao 57: reg(57) = 8403.702691840035 264.6448423071415
Melhor da geracao 59: reg(59) = 7502.5605596912455 901.1421321487896
Melhor da geracao 70: reg(70) = 6948.3619322098575 554.198627481388
Melhor da geracao 77: reg(77) = 6946.8013981107 1.5605340991578487
Melhor da geracao 81: reg(81) = 6924.835356418777 21.966041691922328
Melhor da geracao 84: reg(84) = 6866.684381196578 58.15097522219912
Melhor da geracao 85: reg(85) = 6746.908604715782 119.7757764807966
Melhor da geracao 88: reg(88) = 6302.185159290409 444.72344542537303
Melhor da geracao 93: reg(93) = 6279.873549491517 22.311609798891368
Melhor da geracao 94: reg(94) = 6192.944699399158 86.92885009235943
Melhor da geracao 103: reg(103) = 6077.10796053606 115.83673886309771
Melhor da geracao 104: reg(104) = 5799.066281757156 278.0416787789045
Melhor da geracao 105: reg(105) = 5378.4260568473455 420.64022490981006
Melhor da geracao 110: reg(110) = 4973.122303529435 405.3037533179104
Melhor da geracao 133: reg(133) = 4914.262617307037 58.85968622239852
Melhor da geracao 136: reg(136) = 4809.782032605081 104.4805847019552
Melhor da geracao 138: reg(138) = 4724.8097705868295 84.97226201825197
Melhor da geracao 139: reg(139) = 4558.8541752820565 165.95559530477294
Melhor da geracao 149: reg(149) = 4470.729034821851 88.12514046020533
Melhor da geracao 151: reg(151) = 4369.099165606919 101.62986921493211
Melhor da geracao 162: reg(162) = 4342.846920765852 26.252244841067295
Melhor da geracao 166: reg(166) = 4212.468812554631 130.37810821122093
Melhor da geracao 183: reg(183) = 4211.1415279613975 1.327284593233344
Melhor da geracao 185: reg(185) = 3793.9425636629007 417.1989642984968
Melhor da geracao 216: reg(216) = 3726.4821831110803 67.46038055182044
Melhor da geracao 221: reg(221) = 3652.933205764281 73.54897734679935
Melhor da geracao 223: reg(223) = 3573.296102448484 79.63710331579705
Melhor da geracao 224: reg(224) = 3539.0034521521648 34.29265029631915
Melhor da geracao 235: reg(235) = 3205.227905497159 333.77554665500566
Melhor da geracao 273: reg(273) = 3157.0276238745646 48.2002816225945
Melhor da geracao 296: reg(296) = 3114.7128026549167 42.31482121964791
Melhor da geracao 301: reg(301) = 2989.0415424474963 125.67126020742035
Melhor da geracao 316: reg(316) = 2985.023686357042 4.017856090454188
Melhor da geracao 337: reg(337) = 2948.6152771548955 36.408409202146686
Melhor da geracao 339: reg(339) = 2925.9245503088846 22.690726846010875
Melhor da geracao 357: reg(357) = 2766.042761435213 159.88178887367167
Melhor da geracao 372: reg(372) = 2570.6070241831 195.43573725211309
Melhor da geracao 379: reg(379) = 2554.467854889939 16.13916929316065
Melhor da geracao 490: reg(490) = 2398.214180634345 156.25367425559398
Melhor da geracao 500: reg(500) = 2384.9226987340317 13.291481900313556
Melhor da geracao 536: reg(536) = 2375.154169573853 9.768529160178787
Melhor da geracao 539: reg(539) = 2363.294823614784 11.859345959068833
Melhor da geracao 594: reg(594) = 2346.2725257238376 17.022297890946447
Melhor da geracao 617: reg(617) = 2336.0638716434914 10.20865408034615
Melhor da geracao 634: reg(634) = 2313.2753378322745 22.788533811216894
Melhor da geracao 636: reg(636) = 2217.361330966521 95.91400686575344
Melhor da geracao 685: reg(685) = 2202.73515863029 14.62617233623132
Melhor da geracao 704: reg(704) = 2126.575123057729 76.1600355725609
Melhor da geracao 802: reg(802) = 2120.3498131657707 6.225309891958204
Melhor da geracao 824: reg(824) = 2100.9403244258124 19.409488739958306
Melhor da geracao 877: reg(877) = 2058.10222092795 42.83810349786245
Melhor da geracao 923: reg(923) = 2028.7748962701037 29.327324657846248
Melhor da geracao 931: reg(931) = 1997.3367523950658 31.438143875037895
Melhor da geracao 1001: reg(1001) = 1953.5981180529157 43.738634342150135
Melhor da geracao 1085: reg(1085) = 1948.2244401725943 5.373677880321338
Melhor da geracao 1093: reg(1093) = 1941.6294796437148 6.594960528879483
Melhor da geracao 1135: reg(1135) = 1918.8392994473113 22.790180196403526
Melhor da geracao 1234: reg(1234) = 1895.4986039508349 23.340695496476428
Melhor da geracao 1255: reg(1255) = 1875.3940013350712 20.104602615763724
Melhor da geracao 1271: reg(1271) = 1812.365886354023 63.02811498104825
Melhor da geracao 1557: reg(1557) = 1775.4617159873917 36.904170366631206
Melhor da geracao 1633: reg(1633) = 1770.281695510256 5.180020477135713
Melhor da geracao 1733: reg(1733) = 1672.6539018095145 97.62779370074145
Melhor da geracao 2319: reg(2319) = 1637.7134540853774 34.94044772413713
Melhor da geracao 2456: reg(2456) = 1610.280934436319 27.43251964905835
Melhor da geracao 2901: reg(2901) = 1592.5551987547083 17.725735681610786
Melhor da geracao 2940: reg(2940) = 1566.3162424219186 26.238956332789712
Melhor da geracao 3238: reg(3238) = 1549.0539762494016 17.262266172517002
Melhor da geracao 3651: reg(3651) = 1457.86885201262 91.18512423678158
Melhor da geracao 5430: reg(5430) = 1441.7473481033446 16.12150390927536
Melhor da geracao 5834: reg(5834) = 1433.6650171161082 8.082330987236446
Melhor da geracao 5910: reg(5910) = 1352.7193624208066 80.94565469530153
Melhor da geracao 7455: reg(7455) = 1346.7448341606967 5.974528260109992
Melhor da geracao 7470: reg(7470) = 1317.0695482736137 29.675285887082964
Melhor da geracao 10159: reg(10159) = 1311.029878850576 6.039669423037594
Melhor da geracao 10369: reg(10369) = 1287.951180152724 23.078698697852133
RUN DE_71s__0t0 1/1: Menor  custo  final é 1287.951180152724
---26/11 15:34:11-----------------------------------------------------
reg(objetivo): 1287.951180152724
RMSE: 905.9074521151495
MAE: 27.169451071368158
GEH: 3.025628560524449
pGEH5: 0.8450704225352113
R2Links: 0.9486850473161095
R2Odm: 0.050709261323057434
------------------------------------------------------ ´p=78

ALERT: Salvando última MOD resposta. Não a melhor.
Fitness final (reg) = 1287.951180152724
