--candidateId=45
--directory=C:\Users\Pc\Desktop\irace2018\irace\execDir
--algorithm=DE
--fitnessFunction=reg
--populationSize=465
--crossoverProbability=0.577
--differentialWeight=0.199
26/11, 15:54:19
[HookRun] Parameters used:
--directory=execDir
--algorithm=DE
--fitnessFunction=reg
--candidateId=45
--populationSize=465
--maxEvaluations=0
--crossoverProbability=0.577
--differentialWeight=0.199

Teste Curitiba!
OK: Recuperou objeto ODMatrix de 'cwb odmatrix.dat'!

OK: Recuperou objeto VirtualSensors de 'cwb virt sen.dat'!

OK: Mudando teste para rede fechada...
ATENCAO: arestasSensor reduzidas para 71, por ser numero maximo de sensores da rede cadastrada.
PROC: Preparando para iniciar DE_71s__0t0... 26/11, 15:54:19
ERROR: Não há registros de viagens para recuperar! (ODmatrix.calcMatrixClust)
INFO: Return antecipado, n=arestasSensorGAMM=71 e t=tempoPrioriGAMM=0; mov.lenght=71 (VirtualSensors.gerArestaMaisMovimentadasIndex)
INFO: descobrirODparIndArestaMaisMov = 1074 casos! - 191/900 pares O-D cobertos
INFO: Existem 1073 relações Prob_OD_aresta!
OK: Iniciando DE com 1 runs! Population size: 465
Generations: 6451
OD =900
Sensores=71
DE_71s__0t0; 26/11, 15:54:19
STATS: Desvio fluxos: Min. -1336,562554; Mean. 135,821526; Max. 3525,978286; p5 -1267,961063; p20 -593,619345; p35 -238,696995; p50 -15,597212; p65 296,23221; p80 850,327109; p95 2025,967537; 
RUN DE_71s__0t0 1/1: Menor custo inicial é 23326.000665090553(RMSE: 449.3440500272838; MAE: 21.58090803666208; GEH: 14.939279187740157) id do melhor indivíduo=387
Melhor da geracao 1: reg(1) = 23297.38393586517 28.616729225381278
Melhor da geracao 2: reg(2) = 19576.3665443489 3721.0173915162704
Melhor da geracao 4: reg(4) = 18661.798230114153 914.568314234748
Melhor da geracao 6: reg(6) = 18185.87945107146 475.9187790426913
Melhor da geracao 7: reg(7) = 16968.814530563188 1217.0649205082736
Melhor da geracao 9: reg(9) = 15042.511309788706 1926.3032207744818
Melhor da geracao 12: reg(12) = 13602.439296914232 1440.0720128744742
Melhor da geracao 14: reg(14) = 12943.767526237834 658.6717706763975
Melhor da geracao 16: reg(16) = 12860.541275092306 83.2262511455283
Melhor da geracao 17: reg(17) = 12334.900513810684 525.640761281622
Melhor da geracao 18: reg(18) = 10086.745942131647 2248.154571679037
Melhor da geracao 22: reg(22) = 9920.53125555445 166.21468657719743
Melhor da geracao 23: reg(23) = 9418.841873995507 501.68938155894284
Melhor da geracao 25: reg(25) = 8732.670430631428 686.1714433640791
Melhor da geracao 27: reg(27) = 8565.66842381481 167.00200681661772
Melhor da geracao 28: reg(28) = 7767.582477039109 798.0859467757009
Melhor da geracao 31: reg(31) = 7635.4892442468645 132.09323279224463
Melhor da geracao 33: reg(33) = 7535.846632536758 99.6426117101064
Melhor da geracao 35: reg(35) = 6999.510286604285 536.3363459324728
Melhor da geracao 39: reg(39) = 6691.6653869443935 307.8448996598918
Melhor da geracao 41: reg(41) = 6592.119948677203 99.54543826719055
Melhor da geracao 43: reg(43) = 6341.627535128677 250.4924135485262
Melhor da geracao 44: reg(44) = 6255.837499561032 85.79003556764474
Melhor da geracao 45: reg(45) = 5879.416975243443 376.4205243175893
Melhor da geracao 48: reg(48) = 5740.37763261847 139.03934262497296
Melhor da geracao 50: reg(50) = 5722.496325167376 17.881307451093562
Melhor da geracao 52: reg(52) = 5692.931413570961 29.564911596415186
Melhor da geracao 53: reg(53) = 5639.206213045285 53.72520052567597
Melhor da geracao 54: reg(54) = 5523.05823355346 116.14797949182503
Melhor da geracao 56: reg(56) = 5332.120438158412 190.93779539504794
Melhor da geracao 58: reg(58) = 5120.996190957631 211.1242472007807
Melhor da geracao 60: reg(60) = 4404.409370876572 716.5868200810592
Melhor da geracao 71: reg(71) = 4361.239456271859 43.169914604713085
Melhor da geracao 73: reg(73) = 4351.847424634732 9.39203163712682
Melhor da geracao 76: reg(76) = 4233.895768725707 117.95165590902525
Melhor da geracao 78: reg(78) = 4164.629061205154 69.2667075205527
Melhor da geracao 81: reg(81) = 3833.9093127863885 330.7197484187659
Melhor da geracao 91: reg(91) = 3779.810756463533 54.09855632285553
Melhor da geracao 96: reg(96) = 3752.717239528757 27.093516934775835
Melhor da geracao 98: reg(98) = 3697.937009479161 54.78023004959596
Melhor da geracao 99: reg(99) = 3643.57680443909 54.36020504007092
Melhor da geracao 101: reg(101) = 3586.393954884819 57.18284955427134
Melhor da geracao 105: reg(105) = 3386.9963344004955 199.3976204843234
Melhor da geracao 112: reg(112) = 3233.3289643999015 153.66737000059402
Melhor da geracao 121: reg(121) = 3213.7069153219404 19.622049077961037
Melhor da geracao 123: reg(123) = 3212.329587001604 1.3773283203363462
Melhor da geracao 127: reg(127) = 3197.8916604436085 14.437926557995524
Melhor da geracao 128: reg(128) = 3115.3073836245585 82.58427681905005
Melhor da geracao 129: reg(129) = 3006.0606170157016 109.24676660885689
Melhor da geracao 135: reg(135) = 2999.422355789232 6.6382612264696945
Melhor da geracao 136: reg(136) = 2972.913395736275 26.50896005295681
Melhor da geracao 139: reg(139) = 2865.8472561560047 107.06613958027037
Melhor da geracao 140: reg(140) = 2848.476189919793 17.371066236211846
Melhor da geracao 146: reg(146) = 2835.385239860628 13.090950059164697
Melhor da geracao 147: reg(147) = 2771.146763913811 64.23847594681729
Melhor da geracao 150: reg(150) = 2666.0022600104953 105.14450390331558
Melhor da geracao 160: reg(160) = 2577.6141114196557 88.38814859083959
Melhor da geracao 173: reg(173) = 2536.915312624926 40.698798794729555
Melhor da geracao 178: reg(178) = 2518.709870520345 18.20544210458138
Melhor da geracao 179: reg(179) = 2493.598250363775 25.111620156569643
Melhor da geracao 185: reg(185) = 2475.1264797370723 18.47177062670289
Melhor da geracao 191: reg(191) = 2395.7674173444793 79.35906239259293
Melhor da geracao 205: reg(205) = 2339.3689363707886 56.398480973690766
Melhor da geracao 206: reg(206) = 2336.8725757539405 2.496360616848051
Melhor da geracao 209: reg(209) = 2320.530445878754 16.3421298751864
Melhor da geracao 215: reg(215) = 2264.9167289024485 55.61371697630557
Melhor da geracao 216: reg(216) = 2241.0864241429144 23.8303047595341
Melhor da geracao 220: reg(220) = 2181.5163631877444 59.57006095516999
Melhor da geracao 223: reg(223) = 2172.7622444939157 8.754118693828786
Melhor da geracao 239: reg(239) = 2112.5192732799287 60.24297121398695
Melhor da geracao 242: reg(242) = 2058.4295484348117 54.08972484511696
Melhor da geracao 256: reg(256) = 2009.2431856644828 49.18636277032897
Melhor da geracao 276: reg(276) = 2000.7712093635105 8.471976300972301
Melhor da geracao 277: reg(277) = 1982.1515025988103 18.61970676470014
Melhor da geracao 283: reg(283) = 1902.6225370032396 79.52896559557075
Melhor da geracao 297: reg(297) = 1813.764116293298 88.85842070994158
Melhor da geracao 325: reg(325) = 1810.4192365228098 3.3448797704882054
Melhor da geracao 337: reg(337) = 1775.3050233184035 35.11421320440627
Melhor da geracao 358: reg(358) = 1730.695512149915 44.60951116848855
Melhor da geracao 372: reg(372) = 1688.5921862381742 42.10332591174074
Melhor da geracao 379: reg(379) = 1660.4168972233474 28.17528901482683
Melhor da geracao 387: reg(387) = 1635.54665055529 24.87024666805746
Melhor da geracao 420: reg(420) = 1623.7289015756974 11.81774897959258
Melhor da geracao 435: reg(435) = 1619.3652974075915 4.363604168105894
Melhor da geracao 444: reg(444) = 1602.1404182112544 17.224879196337042
Melhor da geracao 446: reg(446) = 1595.700995754939 6.439422456315469
Melhor da geracao 447: reg(447) = 1593.7173759747798 1.983619780159188
Melhor da geracao 456: reg(456) = 1567.6548786458743 26.062497328905465
Melhor da geracao 458: reg(458) = 1539.313616819905 28.34126182596924
Melhor da geracao 481: reg(481) = 1526.2609062626386 13.052710557266437
Melhor da geracao 493: reg(493) = 1515.849307318896 10.411598943742547
Melhor da geracao 508: reg(508) = 1504.7957796690027 11.05352764989334
Melhor da geracao 519: reg(519) = 1499.318932892569 5.476846776433831
Melhor da geracao 523: reg(523) = 1487.2624908456498 12.056442046919074
Melhor da geracao 535: reg(535) = 1482.600713859475 4.6617769861748
Melhor da geracao 545: reg(545) = 1454.7271854704188 27.87352838905622
Melhor da geracao 565: reg(565) = 1452.5580209478155 2.169164522603296
Melhor da geracao 570: reg(570) = 1441.8277335345715 10.730287413244014
Melhor da geracao 572: reg(572) = 1424.103308770736 17.724424763835486
Melhor da geracao 593: reg(593) = 1417.3611144109304 6.7421943598055805
Melhor da geracao 602: reg(602) = 1371.4624991517837 45.89861525914671
Melhor da geracao 668: reg(668) = 1348.3216638196557 23.140835332128063
Melhor da geracao 679: reg(679) = 1332.6413083227974 15.680355496858283
Melhor da geracao 743: reg(743) = 1331.0511212350025 1.5901870877949023
Melhor da geracao 746: reg(746) = 1328.1392876238035 2.911833611198972
Melhor da geracao 751: reg(751) = 1307.1805234843634 20.958764139440063
Melhor da geracao 777: reg(777) = 1304.5310233931918 2.6495000911716033
Melhor da geracao 790: reg(790) = 1298.7651986257242 5.76582476746762
Melhor da geracao 799: reg(799) = 1287.088722541783 11.676476083941225
Melhor da geracao 831: reg(831) = 1285.710656694711 1.3780658470720937
Melhor da geracao 862: reg(862) = 1268.676464768139 17.034191926571793
Melhor da geracao 885: reg(885) = 1266.2327965427253 2.4436682254138304
Melhor da geracao 916: reg(916) = 1262.5767920522576 3.6560044904676943
Melhor da geracao 931: reg(931) = 1259.3046736143187 3.2721184379388433
Melhor da geracao 949: reg(949) = 1248.2371601590012 11.067513455317567
Melhor da geracao 956: reg(956) = 1242.6622266055203 5.574933553480832
Melhor da geracao 966: reg(966) = 1237.3766487137982 5.285577891722141
Melhor da geracao 1008: reg(1008) = 1231.9363168485525 5.440331865245753
Melhor da geracao 1013: reg(1013) = 1221.73489428438 10.20142256417239
Melhor da geracao 1078: reg(1078) = 1220.470967722776 1.2639265616039665
Melhor da geracao 1081: reg(1081) = 1212.211118166566 8.259849556210156
Melhor da geracao 1111: reg(1111) = 1208.1584832238532 4.052634942712757
Melhor da geracao 1147: reg(1147) = 1179.7940121091426 28.364471114710568
Melhor da geracao 1264: reg(1264) = 1178.7935239657656 1.0004881433769697
Melhor da geracao 1306: reg(1306) = 1177.0529460531882 1.7405779125774643
Melhor da geracao 1311: reg(1311) = 1176.0798840014024 0.973062051785746
Melhor da geracao 1326: reg(1326) = 1172.8494797745589 3.230404226843575
Melhor da geracao 1350: reg(1350) = 1167.2102071418035 5.639272632755365
Melhor da geracao 1362: reg(1362) = 1165.5490968053282 1.6611103364753035
Melhor da geracao 1408: reg(1408) = 1159.647011529195 5.902085276133221
Melhor da geracao 1443: reg(1443) = 1156.7800880329323 2.8669234962626433
Melhor da geracao 1470: reg(1470) = 1150.1202645858377 6.659823447094595
Melhor da geracao 1478: reg(1478) = 1145.8408605320726 4.27940405376512
Melhor da geracao 1536: reg(1536) = 1128.556153207647 17.284707324425653
Melhor da geracao 1596: reg(1596) = 1127.477571768568 1.0785814390790165
Melhor da geracao 1684: reg(1684) = 1120.22895569588 7.248616072688037
Melhor da geracao 1711: reg(1711) = 1114.6276807697702 5.6012749261096815
Melhor da geracao 1730: reg(1730) = 1111.9008404797405 2.7268402900297133
Melhor da geracao 1787: reg(1787) = 1108.9843961190898 2.9164443606507575
Melhor da geracao 1791: reg(1791) = 1106.442032044408 2.5423640746817
Melhor da geracao 1799: reg(1799) = 1100.7341599348654 5.707872109542677
Melhor da geracao 1911: reg(1911) = 1099.1477957471336 1.5863641877317605
Melhor da geracao 1920: reg(1920) = 1095.1771240662224 3.9706716809112095
Melhor da geracao 1941: reg(1941) = 1093.503217796761 1.6739062694614404
Melhor da geracao 1961: reg(1961) = 1091.040653623421 2.46256417334007
Melhor da geracao 1972: reg(1972) = 1088.224191310182 2.816462313238844
Melhor da geracao 2000: reg(2000) = 1086.3917782383844 1.832413071797646
Melhor da geracao 2014: reg(2014) = 1083.4810143206391 2.910763917745271
Melhor da geracao 2076: reg(2076) = 1079.2654720512223 4.215542269416801
Melhor da geracao 2090: reg(2090) = 1077.9716028645532 1.2938691866690988
Melhor da geracao 2127: reg(2127) = 1075.2585881327632 2.7130147317900537
Melhor da geracao 2150: reg(2150) = 1070.237271839071 5.02131629369228
Melhor da geracao 2180: reg(2180) = 1067.7025215279418 2.5347503111290735
Melhor da geracao 2246: reg(2246) = 1063.6915350550407 4.010986472901095
Melhor da geracao 2268: reg(2268) = 1063.2528590922595 0.4386759627811898
Melhor da geracao 2338: reg(2338) = 1059.1616077967751 4.091251295484426
Melhor da geracao 2340: reg(2340) = 1057.6952057632157 1.4664020335594614
Melhor da geracao 2416: reg(2416) = 1052.6221421473726 5.073063615843012
Melhor da geracao 2437: reg(2437) = 1052.0288022266238 0.5933399207488037
Melhor da geracao 2535: reg(2535) = 1045.6655896479213 6.363212578702587
Melhor da geracao 2576: reg(2576) = 1043.2479672978384 2.4176223500828655
Melhor da geracao 2654: reg(2654) = 1041.346698469203 1.901268828635466
Melhor da geracao 2656: reg(2656) = 1038.3042612994532 3.0424371697497463
Melhor da geracao 2788: reg(2788) = 1037.5847734332583 0.7194878661948678
Melhor da geracao 2795: reg(2795) = 1030.1676997696713 7.417073663586962
Melhor da geracao 3031: reg(3031) = 1029.955383682934 0.21231608673724622
Melhor da geracao 3058: reg(3058) = 1029.4221947348947 0.5331889480394238
Melhor da geracao 3059: reg(3059) = 1026.2443390387587 3.177855696136021
Melhor da geracao 3106: reg(3106) = 1026.1431989102493 0.10114012850931431
Melhor da geracao 3120: reg(3120) = 1026.0911299784923 0.05206893175704863
Melhor da geracao 3209: reg(3209) = 1022.0178167021413 4.073313276350973
Melhor da geracao 3376: reg(3376) = 1019.6097609915515 2.4080557105897924
Melhor da geracao 3397: reg(3397) = 1015.9297739815039 3.6799870100476255
Melhor da geracao 3477: reg(3477) = 1014.9314004927461 0.9983734887578066
Melhor da geracao 3692: reg(3692) = 1014.446308281568 0.48509221117808465
Melhor da geracao 3801: reg(3801) = 1012.4471857273625 1.9991225542055417
Melhor da geracao 3819: reg(3819) = 1011.1390109133623 1.3081748140001537
Melhor da geracao 3873: reg(3873) = 1010.5189764925013 0.6200344208609749
Melhor da geracao 3958: reg(3958) = 1007.8845477560632 2.634428736438167
Melhor da geracao 4080: reg(4080) = 1007.1061267051351 0.7784210509280456
Melhor da geracao 4149: reg(4149) = 1006.9532662574615 0.15286044767367457
Melhor da geracao 4210: reg(4210) = 1006.4889742101998 0.4642920472616652
Melhor da geracao 4224: reg(4224) = 1006.2791649500365 0.20980926016329704
Melhor da geracao 4247: reg(4247) = 1005.8231417179618 0.4560232320746991
Melhor da geracao 4257: reg(4257) = 1003.46365559212 2.3594861258418405
Melhor da geracao 4293: reg(4293) = 1001.9707835996926 1.4928719924273537
Melhor da geracao 4321: reg(4321) = 1001.51393863953 0.45684496016258436
Melhor da geracao 4479: reg(4479) = 1000.8177923910539 0.6961462484761114
Melhor da geracao 4488: reg(4488) = 1000.0217750268439 0.7960173642100017
Melhor da geracao 4532: reg(4532) = 998.8981384750533 1.1236365517905824
Melhor da geracao 4608: reg(4608) = 997.7118965302556 1.1862419447977572
Melhor da geracao 4722: reg(4722) = 996.2677847058837 1.4441118243718165
Melhor da geracao 4759: reg(4759) = 993.9109690310745 2.3568156748092406
Melhor da geracao 4796: reg(4796) = 993.7706496152952 0.14031941577934504
Melhor da geracao 4861: reg(4861) = 993.3822923003668 0.38835731492838477
Melhor da geracao 4923: reg(4923) = 993.1488955223545 0.23339677801232028
Melhor da geracao 4943: reg(4943) = 993.0414419749555 0.10745354739890445
Melhor da geracao 4947: reg(4947) = 992.2866609304596 0.754781044495985
Melhor da geracao 4953: reg(4953) = 991.3590710942699 0.927589836189668
Melhor da geracao 5006: reg(5006) = 988.3948990640416 2.9641720302282693
Melhor da geracao 5174: reg(5174) = 987.5848936168221 0.8100054472195097
Melhor da geracao 5215: reg(5215) = 987.250537050846 0.3343565659761225
Melhor da geracao 5236: reg(5236) = 986.3509320284172 0.8996050224287728
Melhor da geracao 5243: reg(5243) = 986.2167475237696 0.13418450464757825
Melhor da geracao 5250: reg(5250) = 984.5101653696103 1.7065821541593778
Melhor da geracao 5303: reg(5303) = 984.4820100127927 0.028155356817592292
Melhor da geracao 5332: reg(5332) = 982.9586186270535 1.5233913857391599
Melhor da geracao 5411: reg(5411) = 982.6456727432028 0.3129458838507162
Melhor da geracao 5454: reg(5454) = 982.0902318104874 0.5554409327154417
Melhor da geracao 5471: reg(5471) = 981.6369739047185 0.45325790576885083
Melhor da geracao 5539: reg(5539) = 981.4402369418254 0.19673696289305553
Melhor da geracao 5544: reg(5544) = 981.3970691884067 0.043167753418742905
Melhor da geracao 5545: reg(5545) = 980.7487665775491 0.6483026108576269
Melhor da geracao 5558: reg(5558) = 980.5933383319193 0.1554282456297642
Melhor da geracao 5587: reg(5587) = 979.7949281100191 0.7984102219002125
Melhor da geracao 5594: reg(5594) = 979.2192346569864 0.5756934530327271
Melhor da geracao 5607: reg(5607) = 978.9070648273689 0.31216982961746
Melhor da geracao 5622: reg(5622) = 977.9614875834474 0.945577243921548
Melhor da geracao 5668: reg(5668) = 977.9142189789981 0.047268604449300256
Melhor da geracao 5703: reg(5703) = 977.7114892949306 0.2027296840674353
Melhor da geracao 5705: reg(5705) = 976.4465825972853 1.2649066976453014
Melhor da geracao 5749: reg(5749) = 976.4087856014651 0.03779699582025842
Melhor da geracao 5769: reg(5769) = 976.0891313280209 0.31965427344414366
Melhor da geracao 5773: reg(5773) = 975.5285516825428 0.5605796454781284
Melhor da geracao 5835: reg(5835) = 975.4906016915686 0.037949990974198045
Melhor da geracao 5852: reg(5852) = 974.9812854402034 0.5093162513652487
Melhor da geracao 5888: reg(5888) = 974.8055827834742 0.17570265672918595
Melhor da geracao 5897: reg(5897) = 974.7481605851841 0.05742219829005535
Melhor da geracao 5953: reg(5953) = 974.5941332966768 0.15402728850733638
Melhor da geracao 5964: reg(5964) = 974.3582564028485 0.23587689382827648
Melhor da geracao 5978: reg(5978) = 974.0245004609917 0.33375594185679347
Melhor da geracao 6014: reg(6014) = 973.7077372983978 0.31676316259392934
Melhor da geracao 6060: reg(6060) = 973.0666806127393 0.641056685658441
Melhor da geracao 6090: reg(6090) = 972.6477465461612 0.4189340665781174
Melhor da geracao 6118: reg(6118) = 972.5693235019919 0.07842304416931256
Melhor da geracao 6131: reg(6131) = 971.5852332521172 0.9840902498747255
Melhor da geracao 6180: reg(6180) = 971.4933776346769 0.09185561744027382
Melhor da geracao 6215: reg(6215) = 971.2707813857614 0.22259624891546537
Melhor da geracao 6231: reg(6231) = 970.7958136639343 0.47496772182716995
Melhor da geracao 6268: reg(6268) = 970.5583832595082 0.2374304044260498
Melhor da geracao 6311: reg(6311) = 970.1136706945213 0.44471256498695766
Melhor da geracao 6320: reg(6320) = 969.6219122364483 0.4917584580729226
Melhor da geracao 6347: reg(6347) = 969.5001584342627 0.1217538021855944
Melhor da geracao 6391: reg(6391) = 968.7332125360784 0.7669458981843036
Melhor da geracao 6394: reg(6394) = 968.3022944652162 0.4309180708622762
RUN DE_71s__0t0 1/1: Menor  custo  final é 968.3022944652162
---26/11 15:55:50-----------------------------------------------------
reg(objetivo): 968.3022944652162
RMSE: 559.0867197783938
MAE: 25.195442453288855
GEH: 2.225606866203662
pGEH5: 0.8873239436619719
R2Links: 0.9615218367569767
R2Odm: 0.14280384431095058
------------------------------------------------------ ´p=322

ALERT: Salvando última MOD resposta. Não a melhor.
Fitness final (reg) = 968.3022944652162
