--candidateId=46
--directory=C:\Users\Pc\Desktop\irace2018\irace\execDir
--algorithm=DE
--fitnessFunction=reg
--populationSize=628
--crossoverProbability=0.537
--differentialWeight=0.312
26/11, 15:32:35
[HookRun] Parameters used:
--directory=execDir
--algorithm=DE
--fitnessFunction=reg
--candidateId=46
--populationSize=628
--maxEvaluations=0
--crossoverProbability=0.537
--differentialWeight=0.312

Teste Curitiba!
OK: Recuperou objeto ODMatrix de 'cwb odmatrix.dat'!

OK: Recuperou objeto VirtualSensors de 'cwb virt sen.dat'!

OK: Mudando teste para rede fechada...
ATENCAO: arestasSensor reduzidas para 71, por ser numero maximo de sensores da rede cadastrada.
PROC: Preparando para iniciar DE_71s__0t0... 26/11, 15:32:35
ERROR: Não há registros de viagens para recuperar! (ODmatrix.calcMatrixClust)
INFO: Return antecipado, n=arestasSensorGAMM=71 e t=tempoPrioriGAMM=0; mov.lenght=71 (VirtualSensors.gerArestaMaisMovimentadasIndex)
INFO: descobrirODparIndArestaMaisMov = 1074 casos! - 191/900 pares O-D cobertos
INFO: Existem 1073 relações Prob_OD_aresta!
OK: Iniciando DE com 1 runs! Population size: 628
Generations: 4777
OD =900
Sensores=71
DE_71s__0t0; 26/11, 15:32:35
STATS: Desvio fluxos: Min. -1392,433674; Mean. 136,246056; Max. 2963,369503; p5 -1224,124146; p20 -640,149842; p35 -360,899595; p50 -42,398421; p65 334,483978; p80 867,644474; p95 2052,605062; 
RUN DE_71s__0t0 1/1: Menor custo inicial é 23236.832931555567(RMSE: 482.98675726132717; MAE: 24.08547030692227; GEH: 13.755251916789195) id do melhor indivíduo=485
Melhor da geracao 0: reg(0) = 20856.753424113085 2380.0795074424823
Melhor da geracao 3: reg(3) = 20567.62769777938 289.12572633370655
Melhor da geracao 5: reg(5) = 18995.32882473886 1572.2988730405195
Melhor da geracao 6: reg(6) = 18448.875024456895 546.4538002819645
Melhor da geracao 7: reg(7) = 17095.053484367756 1353.8215400891386
Melhor da geracao 10: reg(10) = 14632.615160873716 2462.4383234940397
Melhor da geracao 11: reg(11) = 14543.52831786616 89.08684300755704
Melhor da geracao 17: reg(17) = 12409.0129384786 2134.5153793875597
Melhor da geracao 24: reg(24) = 11585.071165518617 823.9417729599827
Melhor da geracao 27: reg(27) = 11149.071641202565 435.999524316052
Melhor da geracao 28: reg(28) = 10434.542409502761 714.5292316998039
Melhor da geracao 34: reg(34) = 10051.680319094905 382.86209040785616
Melhor da geracao 35: reg(35) = 9283.069920515904 768.6103985790014
Melhor da geracao 36: reg(36) = 9245.972834436612 37.09708607929133
Melhor da geracao 38: reg(38) = 9059.620080773866 186.35275366274618
Melhor da geracao 43: reg(43) = 8701.571070554064 358.04901021980186
Melhor da geracao 47: reg(47) = 7835.860562069614 865.7105084844497
Melhor da geracao 50: reg(50) = 7652.608571530254 183.25199053936012
Melhor da geracao 52: reg(52) = 7522.1851687227445 130.42340280750977
Melhor da geracao 53: reg(53) = 7333.060226315203 189.1249424075413
Melhor da geracao 60: reg(60) = 7028.139208796868 304.92101751833525
Melhor da geracao 66: reg(66) = 7026.267735327522 1.8714734693458013
Melhor da geracao 69: reg(69) = 6708.526531613729 317.74120371379286
Melhor da geracao 72: reg(72) = 6702.124358104183 6.402173509546628
Melhor da geracao 73: reg(73) = 6677.952420307413 24.17193779676927
Melhor da geracao 74: reg(74) = 5969.215793257683 708.7366270497305
Melhor da geracao 83: reg(83) = 5864.478898062039 104.73689519564414
Melhor da geracao 86: reg(86) = 5467.510958992798 396.96793906924086
Melhor da geracao 90: reg(90) = 5080.673359358444 386.83759963435386
Melhor da geracao 93: reg(93) = 5072.400790191793 8.27256916665101
Melhor da geracao 95: reg(95) = 5032.373413020082 40.02737717171112
Melhor da geracao 105: reg(105) = 4724.439105050387 307.9343079696946
Melhor da geracao 112: reg(112) = 4376.673300752795 347.7658042975927
Melhor da geracao 125: reg(125) = 4329.993374343975 46.67992640881948
Melhor da geracao 134: reg(134) = 4317.364520070993 12.628854272981698
Melhor da geracao 146: reg(146) = 4278.582134863869 38.78238520712421
Melhor da geracao 147: reg(147) = 4234.538605662185 44.04352920168458
Melhor da geracao 148: reg(148) = 4157.765337059634 76.77326860255107
Melhor da geracao 149: reg(149) = 4035.2033178973147 122.56201916231885
Melhor da geracao 154: reg(154) = 4004.3109205789783 30.892397318336407
Melhor da geracao 155: reg(155) = 3862.486162293264 141.82475828571432
Melhor da geracao 156: reg(156) = 3827.5403241367026 34.94583815656142
Melhor da geracao 166: reg(166) = 3797.4531442124025 30.087179924300017
Melhor da geracao 170: reg(170) = 3715.0774556123415 82.37568860006104
Melhor da geracao 178: reg(178) = 3674.544156279787 40.533299332554634
Melhor da geracao 180: reg(180) = 3631.9483162466004 42.595840033186505
Melhor da geracao 184: reg(184) = 3575.029193564951 56.91912268164924
Melhor da geracao 205: reg(205) = 3539.196293334028 35.832900230923315
Melhor da geracao 206: reg(206) = 3502.612342635666 36.583950698361605
Melhor da geracao 207: reg(207) = 3397.712296062129 104.90004657353711
Melhor da geracao 211: reg(211) = 3307.2334149211338 90.47888114099533
Melhor da geracao 215: reg(215) = 3153.1370385957434 154.09637632539034
Melhor da geracao 248: reg(248) = 3077.6462545497398 75.49078404600368
Melhor da geracao 257: reg(257) = 3012.4814338401347 65.16482070960501
Melhor da geracao 269: reg(269) = 3010.7231506830876 1.7582831570471171
Melhor da geracao 286: reg(286) = 3001.9199998792124 8.803150803875269
Melhor da geracao 288: reg(288) = 2988.7764222484852 13.143577630727123
Melhor da geracao 291: reg(291) = 2952.841190051226 35.93523219725921
Melhor da geracao 294: reg(294) = 2869.0863458288354 83.7548442223906
Melhor da geracao 310: reg(310) = 2839.1250419752073 29.961303853628124
Melhor da geracao 314: reg(314) = 2746.7614809846773 92.36356099053
Melhor da geracao 343: reg(343) = 2635.5920254036723 111.16945558100497
Melhor da geracao 347: reg(347) = 2589.8485923194226 45.74343308424977
Melhor da geracao 359: reg(359) = 2569.219784605717 20.628807713705555
Melhor da geracao 360: reg(360) = 2499.2363456700805 69.98343893563651
Melhor da geracao 382: reg(382) = 2457.430315870719 41.80602979936157
Melhor da geracao 411: reg(411) = 2428.267927285879 29.162388584839846
Melhor da geracao 412: reg(412) = 2422.638164255643 5.629763030236063
Melhor da geracao 451: reg(451) = 2405.587623556826 17.050540698816803
Melhor da geracao 457: reg(457) = 2404.529775039666 1.0578485171599823
Melhor da geracao 459: reg(459) = 2375.1248495880213 29.404925451644885
Melhor da geracao 470: reg(470) = 2192.39031466926 182.73453491876126
Melhor da geracao 528: reg(528) = 2182.381341612079 10.008973057181265
Melhor da geracao 598: reg(598) = 2080.9602797152784 101.42106189680044
Melhor da geracao 634: reg(634) = 2045.086091621742 35.874188093536304
Melhor da geracao 724: reg(724) = 1994.922003985627 50.16408763611503
Melhor da geracao 742: reg(742) = 1925.4037535263428 69.51825045928422
Melhor da geracao 762: reg(762) = 1877.516940597946 47.88681292839692
Melhor da geracao 898: reg(898) = 1839.1382385191157 38.3787020788302
Melhor da geracao 988: reg(988) = 1822.1313322906315 17.00690622848424
Melhor da geracao 1097: reg(1097) = 1814.776317372228 7.355014918403413
Melhor da geracao 1152: reg(1152) = 1780.9380404788003 33.83827689342775
Melhor da geracao 1163: reg(1163) = 1768.217214319325 12.720826159475337
Melhor da geracao 1245: reg(1245) = 1760.598225285862 7.618989033462867
Melhor da geracao 1287: reg(1287) = 1758.328567114714 2.269658171148194
Melhor da geracao 1298: reg(1298) = 1732.4435238784702 25.885043236243746
Melhor da geracao 1365: reg(1365) = 1698.2845892997343 34.15893457873585
Melhor da geracao 1373: reg(1373) = 1688.6401807112031 9.644408588531178
Melhor da geracao 1633: reg(1633) = 1685.7109597234858 2.929220987717372
Melhor da geracao 1666: reg(1666) = 1606.260189599096 79.45077012438969
Melhor da geracao 2079: reg(2079) = 1602.279944612792 3.9802449863041147
Melhor da geracao 2117: reg(2117) = 1511.59627090694 90.68367370585202
Melhor da geracao 2271: reg(2271) = 1502.6367980814555 8.959472825484454
Melhor da geracao 2665: reg(2665) = 1478.6755383170132 23.961259764442275
Melhor da geracao 3069: reg(3069) = 1472.706957197745 5.968581119268265
Melhor da geracao 3124: reg(3124) = 1448.6565976594716 24.05035953827337
Melhor da geracao 3164: reg(3164) = 1428.6956338105879 19.960963848883694
Melhor da geracao 3348: reg(3348) = 1423.0913968479142 5.604236962673667
Melhor da geracao 3582: reg(3582) = 1402.6367851432226 20.454611704691615
Melhor da geracao 3780: reg(3780) = 1398.0402086944453 4.596576448777341
Melhor da geracao 3983: reg(3983) = 1396.4631242287378 1.5770844657074576
Melhor da geracao 4238: reg(4238) = 1386.2124961684156 10.250628060322242
Melhor da geracao 4304: reg(4304) = 1366.4227506843406 19.789745484074956
Melhor da geracao 4381: reg(4381) = 1353.9251411072867 12.497609577053936
RUN DE_71s__0t0 1/1: Menor  custo  final é 1353.9251411072867
---26/11 15:34:24-----------------------------------------------------
reg(objetivo): 1353.9251411072867
RMSE: 369.9514101715229
MAE: 20.04460453043715
GEH: 3.177834451991972
pGEH5: 0.8309859154929577
R2Links: 0.9465070830058866
R2Odm: 0.33042847193691155
------------------------------------------------------ ´p=44

ALERT: Salvando última MOD resposta. Não a melhor.
Fitness final (reg) = 1353.9251411072867
