--candidateId=47
--directory=C:\Users\Pc\Desktop\irace2018\irace\execDir
--algorithm=DE
--fitnessFunction=reg
--populationSize=960
--crossoverProbability=0.549
--differentialWeight=0.218
26/11, 15:34:25
[HookRun] Parameters used:
--directory=execDir
--algorithm=DE
--fitnessFunction=reg
--candidateId=47
--populationSize=960
--maxEvaluations=0
--crossoverProbability=0.549
--differentialWeight=0.218

Teste Curitiba!
OK: Recuperou objeto ODMatrix de 'cwb odmatrix.dat'!

OK: Recuperou objeto VirtualSensors de 'cwb virt sen.dat'!

OK: Mudando teste para rede fechada...
ATENCAO: arestasSensor reduzidas para 71, por ser numero maximo de sensores da rede cadastrada.
PROC: Preparando para iniciar DE_71s__0t0... 26/11, 15:34:25
ERROR: Não há registros de viagens para recuperar! (ODmatrix.calcMatrixClust)
INFO: Return antecipado, n=arestasSensorGAMM=71 e t=tempoPrioriGAMM=0; mov.lenght=71 (VirtualSensors.gerArestaMaisMovimentadasIndex)
INFO: descobrirODparIndArestaMaisMov = 1074 casos! - 191/900 pares O-D cobertos
INFO: Existem 1073 relações Prob_OD_aresta!
OK: Iniciando DE com 1 runs! Population size: 960
Generations: 3125
OD =900
Sensores=71
DE_71s__0t0; 26/11, 15:34:25
STATS: Desvio fluxos: Min. -1294,008606; Mean. 154,678875; Max. 2367,814171; p5 -1217,239013; p20 -568,896824; p35 -247,344674; p50 -31,468984; p65 345,74702; p80 884,139586; p95 1931,693105; 
RUN DE_71s__0t0 1/1: Menor custo inicial é 21439.826661999203(RMSE: 386.3924212491445; MAE: 20.719975355165854; GEH: 13.872095256495532) id do melhor indivíduo=915
Melhor da geracao 0: reg(0) = 20038.384129801172 1401.4425321980307
Melhor da geracao 2: reg(2) = 19125.766498299865 912.6176315013072
Melhor da geracao 3: reg(3) = 16746.043406490367 2379.7230918094974
Melhor da geracao 4: reg(4) = 16041.693278500796 704.3501279895718
Melhor da geracao 5: reg(5) = 15918.12610544834 123.56717305245547
Melhor da geracao 7: reg(7) = 15309.582214674017 608.5438907743228
Melhor da geracao 8: reg(8) = 14306.321952219583 1003.2602624544343
Melhor da geracao 11: reg(11) = 12669.2270829443 1637.0948692752827
Melhor da geracao 12: reg(12) = 11737.129330801696 932.0977521426048
Melhor da geracao 14: reg(14) = 11713.86904965185 23.26028114984547
Melhor da geracao 15: reg(15) = 11340.152660095722 373.716389556128
Melhor da geracao 16: reg(16) = 11040.008169407987 300.144490687735
Melhor da geracao 17: reg(17) = 10060.754525240596 979.253644167391
Melhor da geracao 20: reg(20) = 9546.288062396223 514.4664628443734
Melhor da geracao 23: reg(23) = 9296.027420656468 250.26064173975465
Melhor da geracao 24: reg(24) = 9189.375326588332 106.65209406813665
Melhor da geracao 25: reg(25) = 9022.601460698113 166.77386589021808
Melhor da geracao 27: reg(27) = 8257.679923400285 764.9215372978288
Melhor da geracao 28: reg(28) = 8197.428121749068 60.25180165121674
Melhor da geracao 29: reg(29) = 7988.770601941206 208.65751980786172
Melhor da geracao 30: reg(30) = 7047.476788905406 941.2938130358007
Melhor da geracao 31: reg(31) = 7017.5007500903575 29.976038815048014
Melhor da geracao 36: reg(36) = 6507.374857409567 510.12589268079046
Melhor da geracao 37: reg(37) = 6395.265583458491 112.10927395107592
Melhor da geracao 38: reg(38) = 6347.320280025732 47.94530343275892
Melhor da geracao 40: reg(40) = 6111.813966493241 235.50631353249082
Melhor da geracao 41: reg(41) = 6105.188627589277 6.625338903964803
Melhor da geracao 45: reg(45) = 6080.902448992213 24.286178597063554
Melhor da geracao 46: reg(46) = 5716.4236455514 364.47880344081295
Melhor da geracao 47: reg(47) = 5315.319634420849 401.10401113055104
Melhor da geracao 48: reg(48) = 5278.143701605078 37.175932815771375
Melhor da geracao 53: reg(53) = 5166.379610989373 111.76409061570484
Melhor da geracao 54: reg(54) = 5139.799965356584 26.579645632788925
Melhor da geracao 56: reg(56) = 5035.92240514012 103.87756021646419
Melhor da geracao 59: reg(59) = 5020.435873046883 15.486532093236747
Melhor da geracao 61: reg(61) = 4933.536759446077 86.89911360080623
Melhor da geracao 63: reg(63) = 4889.645748722692 43.89101072338508
Melhor da geracao 64: reg(64) = 4770.819528623499 118.82622009919305
Melhor da geracao 66: reg(66) = 4647.342561605085 123.47696701841323
Melhor da geracao 67: reg(67) = 4596.8401828006 50.50237880448549
Melhor da geracao 69: reg(69) = 4556.732640501757 40.10754229884333
Melhor da geracao 70: reg(70) = 4367.469353574723 189.26328692703373
Melhor da geracao 74: reg(74) = 4344.572123957774 22.897229616948607
Melhor da geracao 78: reg(78) = 4332.570372108623 12.001751849151333
Melhor da geracao 80: reg(80) = 4120.654370115829 211.916001992794
Melhor da geracao 82: reg(82) = 4008.1583020853423 112.49606803048664
Melhor da geracao 83: reg(83) = 3991.317238095599 16.84106398974336
Melhor da geracao 85: reg(85) = 3716.036528283246 275.28070981235305
Melhor da geracao 98: reg(98) = 3677.601856304712 38.43467197853397
Melhor da geracao 101: reg(101) = 3660.5208076268686 17.081048677843228
Melhor da geracao 103: reg(103) = 3578.8003374791797 81.72047014768896
Melhor da geracao 107: reg(107) = 3304.9072852116215 273.89305226755823
Melhor da geracao 115: reg(115) = 3240.476544002476 64.43074120914525
Melhor da geracao 122: reg(122) = 3196.447852595732 44.0286914067442
Melhor da geracao 123: reg(123) = 3116.527482712342 79.92036988338987
Melhor da geracao 130: reg(130) = 3112.821597057291 3.7058856550511337
Melhor da geracao 132: reg(132) = 3061.5286451826587 51.29295187463231
Melhor da geracao 134: reg(134) = 2993.7483547462934 67.78029043636525
Melhor da geracao 138: reg(138) = 2857.859211749566 135.88914299672751
Melhor da geracao 150: reg(150) = 2835.8125463423853 22.046665407180626
Melhor da geracao 151: reg(151) = 2834.975126288823 0.8374200535622549
Melhor da geracao 157: reg(157) = 2650.2150903463817 184.7600359424414
Melhor da geracao 170: reg(170) = 2601.8057258037425 48.409364542639196
Melhor da geracao 177: reg(177) = 2556.8941790662275 44.91154673751498
Melhor da geracao 184: reg(184) = 2542.359474775639 14.534704290588706
Melhor da geracao 186: reg(186) = 2513.437878796383 28.921595979255926
Melhor da geracao 197: reg(197) = 2511.241187162461 2.1966916339220006
Melhor da geracao 204: reg(204) = 2401.815557223014 109.42562993944694
Melhor da geracao 216: reg(216) = 2376.6812768175314 25.134280405482514
Melhor da geracao 227: reg(227) = 2357.796460485133 18.88481633239826
Melhor da geracao 231: reg(231) = 2313.303660004803 44.49280048033006
Melhor da geracao 232: reg(232) = 2239.711678620221 73.59198138458214
Melhor da geracao 234: reg(234) = 2217.0935208711217 22.618157749099282
Melhor da geracao 242: reg(242) = 2216.416445965431 0.6770749056904606
Melhor da geracao 244: reg(244) = 2213.250688584857 3.1657573805741777
Melhor da geracao 254: reg(254) = 2132.406595003319 80.84409358153789
Melhor da geracao 270: reg(270) = 2123.069273265622 9.337321737697039
Melhor da geracao 273: reg(273) = 2112.5411253890525 10.52814787656962
Melhor da geracao 275: reg(275) = 2052.0740667221467 60.467058666905814
Melhor da geracao 294: reg(294) = 2047.2208270538183 4.853239668328342
Melhor da geracao 302: reg(302) = 2022.8641435603047 24.35668349351363
Melhor da geracao 305: reg(305) = 1999.8938690258929 22.97027453441183
Melhor da geracao 316: reg(316) = 1855.7066760479383 144.1871929779545
Melhor da geracao 371: reg(371) = 1774.7448013696403 80.96187467829805
Melhor da geracao 412: reg(412) = 1762.8324277680922 11.912373601548097
Melhor da geracao 434: reg(434) = 1734.2894020098172 28.543025758275007
Melhor da geracao 461: reg(461) = 1701.2668851053877 33.022516904429494
Melhor da geracao 464: reg(464) = 1674.0921551114723 27.174729993915435
Melhor da geracao 469: reg(469) = 1650.544464429655 23.547690681817357
Melhor da geracao 488: reg(488) = 1642.3024299832148 8.24203444644013
Melhor da geracao 518: reg(518) = 1631.392697746318 10.909732236896843
Melhor da geracao 541: reg(541) = 1620.9998754206943 10.392822325623683
Melhor da geracao 553: reg(553) = 1604.6093509179354 16.390524502758808
Melhor da geracao 576: reg(576) = 1601.801342103703 2.8080088142323802
Melhor da geracao 577: reg(577) = 1589.5338033647615 12.26753873894154
Melhor da geracao 585: reg(585) = 1589.5045858574686 0.029217507292969458
Melhor da geracao 591: reg(591) = 1585.4736763001972 4.030909557271343
Melhor da geracao 599: reg(599) = 1562.8401181300023 22.633558170194874
Melhor da geracao 619: reg(619) = 1557.18783085417 5.65228727583235
Melhor da geracao 639: reg(639) = 1533.43386150555 23.753969348619876
Melhor da geracao 650: reg(650) = 1517.6047840632943 15.829077442255766
Melhor da geracao 657: reg(657) = 1497.6661216412874 19.938662422006928
Melhor da geracao 699: reg(699) = 1473.9351668547893 23.73095478649816
Melhor da geracao 766: reg(766) = 1456.6773197790826 17.25784707570665
Melhor da geracao 777: reg(777) = 1417.8340825787222 38.84323720036036
Melhor da geracao 826: reg(826) = 1416.2000390788114 1.634043499910831
Melhor da geracao 843: reg(843) = 1406.7563083077096 9.443730771101855
Melhor da geracao 885: reg(885) = 1399.6390837607573 7.1172245469522295
Melhor da geracao 958: reg(958) = 1378.3394505273234 21.29963323343395
Melhor da geracao 988: reg(988) = 1375.741617960502 2.597832566821353
Melhor da geracao 1010: reg(1010) = 1366.46350090274 9.278117057762074
Melhor da geracao 1086: reg(1086) = 1359.524399457129 6.939101445610959
Melhor da geracao 1093: reg(1093) = 1338.7068696550675 20.817529802061472
Melhor da geracao 1096: reg(1096) = 1335.0272592510985 3.6796104039690363
Melhor da geracao 1181: reg(1181) = 1316.368447257991 18.65881199310752
Melhor da geracao 1207: reg(1207) = 1311.2790199000005 5.089427357990417
Melhor da geracao 1245: reg(1245) = 1307.9387660793795 3.340253820621001
Melhor da geracao 1321: reg(1321) = 1297.2737804669878 10.664985612391774
Melhor da geracao 1341: reg(1341) = 1295.5054128683673 1.7683675986204435
Melhor da geracao 1356: reg(1356) = 1293.1338899324592 2.3715229359081604
Melhor da geracao 1361: reg(1361) = 1287.9597159426853 5.174173989773863
Melhor da geracao 1378: reg(1378) = 1280.3794548196217 7.580261123063565
Melhor da geracao 1476: reg(1476) = 1270.5202192673883 9.859235552233486
Melhor da geracao 1484: reg(1484) = 1256.8093908652243 13.710828402163997
Melhor da geracao 1503: reg(1503) = 1249.3584127279626 7.4509781372617
Melhor da geracao 1569: reg(1569) = 1240.914939645771 8.443473082191531
Melhor da geracao 1658: reg(1658) = 1225.3286302394815 15.586309406289502
Melhor da geracao 1759: reg(1759) = 1213.6308327953245 11.697797444157004
Melhor da geracao 1807: reg(1807) = 1206.0409630147624 7.58986978056214
Melhor da geracao 1844: reg(1844) = 1193.5772037637803 12.463759250982093
Melhor da geracao 1969: reg(1969) = 1192.2450459829554 1.3321577808249003
Melhor da geracao 2077: reg(2077) = 1192.0364980283446 0.20854795461082176
Melhor da geracao 2140: reg(2140) = 1183.418023045061 8.618474983283477
Melhor da geracao 2237: reg(2237) = 1169.96257747258 13.45544557248104
Melhor da geracao 2373: reg(2373) = 1157.7749125213368 12.187664951243278
Melhor da geracao 2573: reg(2573) = 1148.8418218041788 8.933090717157938
Melhor da geracao 2626: reg(2626) = 1133.993313540975 14.84850826320394
Melhor da geracao 2962: reg(2962) = 1129.710148853237 4.283164687738008
Melhor da geracao 2991: reg(2991) = 1125.833981630242 3.876167222994809
Melhor da geracao 3014: reg(3014) = 1116.922458744895 8.91152288534704
RUN DE_71s__0t0 1/1: Menor  custo  final é 1116.922458744895
---26/11 15:36:10-----------------------------------------------------
reg(objetivo): 1116.922458744895
RMSE: 378.6416678553306
MAE: 21.16291897010706
GEH: 2.730737682901402
pGEH5: 0.8873239436619719
R2Links: 0.955383748752257
R2Odm: 0.31883949978202625
------------------------------------------------------ ´p=685

ALERT: Salvando última MOD resposta. Não a melhor.
Fitness final (reg) = 1116.922458744895
