--candidateId=50
--directory=C:\Users\Pc\Desktop\irace2018\irace\execDir
--algorithm=DE
--fitnessFunction=reg
--populationSize=254
--crossoverProbability=0.528
--differentialWeight=0.258
26/11, 15:34:49
[HookRun] Parameters used:
--directory=execDir
--algorithm=DE
--fitnessFunction=reg
--candidateId=50
--populationSize=254
--maxEvaluations=0
--crossoverProbability=0.528
--differentialWeight=0.258

Teste Curitiba!
OK: Recuperou objeto ODMatrix de 'cwb odmatrix.dat'!

OK: Recuperou objeto VirtualSensors de 'cwb virt sen.dat'!

OK: Mudando teste para rede fechada...
ATENCAO: arestasSensor reduzidas para 71, por ser numero maximo de sensores da rede cadastrada.
PROC: Preparando para iniciar DE_71s__0t0... 26/11, 15:34:49
ERROR: Não há registros de viagens para recuperar! (ODmatrix.calcMatrixClust)
INFO: Return antecipado, n=arestasSensorGAMM=71 e t=tempoPrioriGAMM=0; mov.lenght=71 (VirtualSensors.gerArestaMaisMovimentadasIndex)
INFO: descobrirODparIndArestaMaisMov = 1074 casos! - 191/900 pares O-D cobertos
INFO: Existem 1073 relações Prob_OD_aresta!
OK: Iniciando DE com 1 runs! Population size: 254
Generations: 11811
OD =900
Sensores=71
DE_71s__0t0; 26/11, 15:34:49
STATS: Desvio fluxos: Min. -1294,155189; Mean. 149,440718; Max. 2691,554109; p5 -1120,465769; p20 -570,917683; p35 -405,679119; p50 -42,490533; p65 595,4167; p80 961,972069; p95 1614,404961; 
RUN DE_71s__0t0 1/1: Menor custo inicial é 22504.105866880094(RMSE: 521.2309628332678; MAE: 25.807450480241403; GEH: 12.53526467973708) id do melhor indivíduo=204
Melhor da geracao 0: reg(0) = 21118.955606722415 1385.1502601576794
Melhor da geracao 3: reg(3) = 17406.76941805926 3712.186188663156
Melhor da geracao 8: reg(8) = 17079.451473754085 327.317944305174
Melhor da geracao 9: reg(9) = 14181.15942349263 2898.2920502614543
Melhor da geracao 14: reg(14) = 12847.376040142122 1333.7833833505083
Melhor da geracao 17: reg(17) = 12010.66296602272 836.7130741194014
Melhor da geracao 20: reg(20) = 10917.488228715734 1093.1747373069866
Melhor da geracao 24: reg(24) = 10589.165396832987 328.3228318827478
Melhor da geracao 25: reg(25) = 10453.720974624255 135.44442220873134
Melhor da geracao 26: reg(26) = 9665.17861744428 788.5423571799747
Melhor da geracao 27: reg(27) = 9001.71235835292 663.4662590913613
Melhor da geracao 30: reg(30) = 8928.669320814455 73.04303753846398
Melhor da geracao 32: reg(32) = 8382.75520416046 545.9141166539957
Melhor da geracao 33: reg(33) = 8291.997069922416 90.75813423804357
Melhor da geracao 39: reg(39) = 7822.646908343357 469.3501615790592
Melhor da geracao 41: reg(41) = 7411.544417660997 411.10249068235953
Melhor da geracao 42: reg(42) = 7270.397273606232 141.1471440547648
Melhor da geracao 44: reg(44) = 7173.115693471685 97.28158013454777
Melhor da geracao 47: reg(47) = 6868.895350009309 304.22034346237524
Melhor da geracao 50: reg(50) = 6177.363279547188 691.5320704621217
Melhor da geracao 60: reg(60) = 5975.920165719566 201.44311382762135
Melhor da geracao 62: reg(62) = 5348.536724089948 627.3834416296186
Melhor da geracao 66: reg(66) = 5188.97167832642 159.56504576352745
Melhor da geracao 71: reg(71) = 5161.690325784281 27.281352542138848
Melhor da geracao 73: reg(73) = 5130.369911458569 31.32041432571259
Melhor da geracao 75: reg(75) = 4693.874608466583 436.49530299198614
Melhor da geracao 80: reg(80) = 4342.162383343597 351.7122251229857
Melhor da geracao 91: reg(91) = 4260.9491371121185 81.21324623147848
Melhor da geracao 97: reg(97) = 4084.1686668541884 176.78047025793012
Melhor da geracao 101: reg(101) = 3898.6719856083087 185.4966812458797
Melhor da geracao 111: reg(111) = 3831.744628574974 66.92735703333483
Melhor da geracao 115: reg(115) = 3158.8205936256886 672.9240349492852
Melhor da geracao 150: reg(150) = 3085.657594584105 73.16299904158359
Melhor da geracao 160: reg(160) = 3063.554615599079 22.102978985025857
Melhor da geracao 162: reg(162) = 3061.4930160113913 2.0615995876878515
Melhor da geracao 165: reg(165) = 2959.5928186609326 101.90019735045871
Melhor da geracao 168: reg(168) = 2913.3889276910154 46.20389096991721
Melhor da geracao 174: reg(174) = 2774.1535836582943 139.23534403272106
Melhor da geracao 183: reg(183) = 2724.756663589797 49.396920068497366
Melhor da geracao 187: reg(187) = 2648.4802093720205 76.27645421777652
Melhor da geracao 202: reg(202) = 2645.591296556437 2.888912815583353
Melhor da geracao 206: reg(206) = 2601.257569674924 44.33372688151303
Melhor da geracao 209: reg(209) = 2488.333663939531 112.92390573539296
Melhor da geracao 214: reg(214) = 2479.276249135341 9.057414804190103
Melhor da geracao 223: reg(223) = 2401.4448708391496 77.83137829619136
Melhor da geracao 252: reg(252) = 2191.233029427454 210.2118414116958
Melhor da geracao 309: reg(309) = 2154.828671243869 36.40435818358492
Melhor da geracao 311: reg(311) = 2137.996035441973 16.832635801895776
Melhor da geracao 325: reg(325) = 2122.297348444625 15.698686997347977
Melhor da geracao 329: reg(329) = 2112.2733112361175 10.024037208507707
Melhor da geracao 352: reg(352) = 2012.0293827121911 100.24392852392634
Melhor da geracao 375: reg(375) = 2006.049951207144 5.97943150504716
Melhor da geracao 378: reg(378) = 1998.852956538382 7.196994668762045
Melhor da geracao 383: reg(383) = 1983.2177625565644 15.635193981817565
Melhor da geracao 408: reg(408) = 1841.6940450074387 141.52371754912565
Melhor da geracao 455: reg(455) = 1821.4409855395559 20.25305946788285
Melhor da geracao 457: reg(457) = 1818.5103293586503 2.930656180905544
Melhor da geracao 482: reg(482) = 1806.7096626631028 11.800666695547534
Melhor da geracao 483: reg(483) = 1766.9474546983445 39.76220796475832
Melhor da geracao 502: reg(502) = 1758.6558026302655 8.291652068078974
Melhor da geracao 507: reg(507) = 1737.4505381022916 21.205264527973895
Melhor da geracao 539: reg(539) = 1724.1667621388174 13.283775963474227
Melhor da geracao 553: reg(553) = 1705.591406359689 18.57535577912836
Melhor da geracao 585: reg(585) = 1689.6402618498105 15.951144509878532
Melhor da geracao 592: reg(592) = 1673.3465726056845 16.29368924412597
Melhor da geracao 624: reg(624) = 1653.7913611544889 19.555211451195646
Melhor da geracao 632: reg(632) = 1641.9045733458058 11.886787808683039
Melhor da geracao 639: reg(639) = 1582.1107779478446 59.793795397961276
Melhor da geracao 705: reg(705) = 1561.8881520692323 20.222625878612234
Melhor da geracao 711: reg(711) = 1517.9144776189805 43.97367445025179
Melhor da geracao 766: reg(766) = 1495.6765614333074 22.237916185673157
Melhor da geracao 855: reg(855) = 1469.0734099839237 26.60315144938363
Melhor da geracao 870: reg(870) = 1450.0967248346694 18.97668514925431
Melhor da geracao 889: reg(889) = 1442.7752017866558 7.32152304801366
Melhor da geracao 919: reg(919) = 1436.8011588155966 5.974042971059134
Melhor da geracao 1012: reg(1012) = 1431.0175475048356 5.783611310760989
Melhor da geracao 1027: reg(1027) = 1426.6279682135535 4.389579291282189
Melhor da geracao 1028: reg(1028) = 1413.6967032953528 12.931264918200668
Melhor da geracao 1099: reg(1099) = 1409.3683538090286 4.328349486324214
Melhor da geracao 1146: reg(1146) = 1378.322202790487 31.04615101854165
Melhor da geracao 1196: reg(1196) = 1371.0123085046077 7.3098942858791816
Melhor da geracao 1308: reg(1308) = 1367.8318671394413 3.1804413651664163
Melhor da geracao 1324: reg(1324) = 1343.407890911018 24.42397622842327
Melhor da geracao 1353: reg(1353) = 1339.3916555836756 4.016235327342429
Melhor da geracao 1436: reg(1436) = 1320.1611640544768 19.230491529198844
Melhor da geracao 1500: reg(1500) = 1316.4510343759548 3.71012967852198
Melhor da geracao 1662: reg(1662) = 1301.3957549195964 15.055279456358448
Melhor da geracao 1707: reg(1707) = 1301.009753384648 0.3860015349482637
Melhor da geracao 1714: reg(1714) = 1296.219883606722 4.789869777926015
Melhor da geracao 1741: reg(1741) = 1275.3202072270076 20.899676379714492
Melhor da geracao 1804: reg(1804) = 1268.9829237521906 6.3372834748170135
Melhor da geracao 1949: reg(1949) = 1261.7520504497493 7.230873302441296
Melhor da geracao 2055: reg(2055) = 1253.259574128786 8.492476320963306
Melhor da geracao 2089: reg(2089) = 1237.390970235459 15.868603893326963
Melhor da geracao 2098: reg(2098) = 1192.9893148195206 44.40165541593842
Melhor da geracao 2838: reg(2838) = 1191.188551187104 1.800763632416647
Melhor da geracao 2840: reg(2840) = 1191.0265248698959 0.16202631720807403
Melhor da geracao 2841: reg(2841) = 1185.1555352188234 5.8709896510724775
Melhor da geracao 2868: reg(2868) = 1178.9926230374497 6.162912181373713
Melhor da geracao 2916: reg(2916) = 1173.2462191132765 5.746403924173137
Melhor da geracao 3051: reg(3051) = 1154.4296027528867 18.816616360389844
Melhor da geracao 3263: reg(3263) = 1143.5183926240575 10.911210128829225
Melhor da geracao 3445: reg(3445) = 1139.5030257207507 4.015366903306813
Melhor da geracao 3547: reg(3547) = 1138.465361288881 1.0376644318696435
Melhor da geracao 3640: reg(3640) = 1134.1138084518038 4.351552837077179
Melhor da geracao 3778: reg(3778) = 1131.8519660463044 2.261842405499465
Melhor da geracao 3843: reg(3843) = 1128.139215622496 3.712750423808302
Melhor da geracao 3936: reg(3936) = 1126.7628756665754 1.3763399559206846
Melhor da geracao 4128: reg(4128) = 1104.848799042881 21.914076623694427
Melhor da geracao 4762: reg(4762) = 1099.777577828677 5.071221214203888
Melhor da geracao 5113: reg(5113) = 1097.7296408807615 2.0479369479155594
Melhor da geracao 5349: reg(5349) = 1097.6449815540923 0.08465932666922527
Melhor da geracao 5392: reg(5392) = 1093.8672703725322 3.7777111815601074
Melhor da geracao 5671: reg(5671) = 1093.4119171027546 0.45535326977756085
Melhor da geracao 5789: reg(5789) = 1092.8212969213573 0.5906201813972984
Melhor da geracao 5816: reg(5816) = 1089.0301924226205 3.791104498736786
Melhor da geracao 5834: reg(5834) = 1087.6378138424136 1.3923785802069233
Melhor da geracao 5877: reg(5877) = 1080.8525808431766 6.785232999236996
Melhor da geracao 6037: reg(6037) = 1079.6687651610591 1.1838156821174834
Melhor da geracao 6101: reg(6101) = 1078.67345332603 0.9953118350290424
Melhor da geracao 6405: reg(6405) = 1076.1358574784222 2.5375958476079177
Melhor da geracao 6610: reg(6610) = 1062.776453747452 13.359403730970143
Melhor da geracao 6909: reg(6909) = 1062.2735710855604 0.50288266189159
Melhor da geracao 7091: reg(7091) = 1060.8656541292942 1.4079169562662628
Melhor da geracao 7187: reg(7187) = 1058.632871531355 2.232782597939149
Melhor da geracao 8213: reg(8213) = 1058.5736461981624 0.059225333192671314
Melhor da geracao 8349: reg(8349) = 1052.76877490733 5.804871290832352
Melhor da geracao 8409: reg(8409) = 1051.1583095029334 1.6104654043965638
Melhor da geracao 8804: reg(8804) = 1043.046283990194 8.112025512739365
Melhor da geracao 9455: reg(9455) = 1038.461965534428 4.584318455766152
Melhor da geracao 9927: reg(9927) = 1038.040142206164 0.4218233282638266
Melhor da geracao 10528: reg(10528) = 1036.1095174390377 1.9306247671263463
RUN DE_71s__0t0 1/1: Menor  custo  final é 1036.1095174390377
---26/11 15:36:27-----------------------------------------------------
reg(objetivo): 1036.1095174390377
RMSE: 582.9503691781933
MAE: 24.515537069770478
GEH: 2.4806853183051443
pGEH5: 0.8873239436619719
R2Links: 0.959336833077805
R2Odm: 0.14241411988671931
------------------------------------------------------ ´p=73

ALERT: Salvando última MOD resposta. Não a melhor.
Fitness final (reg) = 1036.1095174390377
