--candidateId=51
--directory=C:\Users\Pc\Desktop\irace2018\irace\execDir
--algorithm=DE
--fitnessFunction=reg
--populationSize=290
--crossoverProbability=0.512
--differentialWeight=0.333
26/11, 15:36:27
[HookRun] Parameters used:
--directory=execDir
--algorithm=DE
--fitnessFunction=reg
--candidateId=51
--populationSize=290
--maxEvaluations=0
--crossoverProbability=0.512
--differentialWeight=0.333

Teste Curitiba!
OK: Recuperou objeto ODMatrix de 'cwb odmatrix.dat'!

OK: Recuperou objeto VirtualSensors de 'cwb virt sen.dat'!

OK: Mudando teste para rede fechada...
ATENCAO: arestasSensor reduzidas para 71, por ser numero maximo de sensores da rede cadastrada.
PROC: Preparando para iniciar DE_71s__0t0... 26/11, 15:36:28
ERROR: Não há registros de viagens para recuperar! (ODmatrix.calcMatrixClust)
INFO: Return antecipado, n=arestasSensorGAMM=71 e t=tempoPrioriGAMM=0; mov.lenght=71 (VirtualSensors.gerArestaMaisMovimentadasIndex)
INFO: descobrirODparIndArestaMaisMov = 1074 casos! - 191/900 pares O-D cobertos
INFO: Existem 1073 relações Prob_OD_aresta!
OK: Iniciando DE com 1 runs! Population size: 290
Generations: 10344
OD =900
Sensores=71
DE_71s__0t0; 26/11, 15:36:28
STATS: Desvio fluxos: Min. -1259,278829; Mean. 152,333122; Max. 1729,807054; p5 -1054,972561; p20 -493,167809; p35 -145,90544; p50 31,34606; p65 418,477977; p80 891,827013; p95 1443,811046; 
RUN DE_71s__0t0 1/1: Menor custo inicial é 22266.36998155104(RMSE: 356.7547229686721; MAE: 20.529065658555; GEH: 14.19594598988315) id do melhor indivíduo=160
Melhor da geracao 1: reg(1) = 21634.27479238662 632.0951891644218
Melhor da geracao 3: reg(3) = 19528.021862906662 2106.252929479957
Melhor da geracao 5: reg(5) = 18946.896173841822 581.1256890648401
Melhor da geracao 7: reg(7) = 18285.19658592047 661.6995879213537
Melhor da geracao 9: reg(9) = 17696.842701668327 588.3538842521411
Melhor da geracao 10: reg(10) = 16872.65608308091 824.1866185874169
Melhor da geracao 16: reg(16) = 14974.578854094038 1898.0772289868728
Melhor da geracao 17: reg(17) = 14828.226264136827 146.3525899572105
Melhor da geracao 23: reg(23) = 14695.09427711174 133.13198702508635
Melhor da geracao 24: reg(24) = 13197.29019467396 1497.8040824377804
Melhor da geracao 27: reg(27) = 11816.758669807508 1380.531524866452
Melhor da geracao 30: reg(30) = 11806.54149243289 10.217177374617677
Melhor da geracao 34: reg(34) = 11038.998649504541 767.5428429283493
Melhor da geracao 35: reg(35) = 10382.924091534855 656.0745579696868
Melhor da geracao 45: reg(45) = 10225.63912831614 157.28496321871535
Melhor da geracao 47: reg(47) = 9355.771531067934 869.8675972482051
Melhor da geracao 50: reg(50) = 8904.56091808139 451.2106129865442
Melhor da geracao 52: reg(52) = 8264.216112223607 640.3448058577833
Melhor da geracao 59: reg(59) = 7865.123455469136 399.0926567544702
Melhor da geracao 60: reg(60) = 7784.1908001977645 80.93265527137191
Melhor da geracao 62: reg(62) = 7352.899930364472 431.29086983329216
Melhor da geracao 66: reg(66) = 7023.075123948266 329.82480641620623
Melhor da geracao 71: reg(71) = 6828.510672988074 194.56445096019252
Melhor da geracao 72: reg(72) = 6678.263076184923 150.24759680315037
Melhor da geracao 80: reg(80) = 6192.75438751742 485.5086886675035
Melhor da geracao 83: reg(83) = 6121.956086785358 70.79830073206176
Melhor da geracao 93: reg(93) = 5686.638279700596 435.3178070847616
Melhor da geracao 98: reg(98) = 5640.696450415052 45.94182928554437
Melhor da geracao 99: reg(99) = 5623.660433681452 17.036016733600263
Melhor da geracao 102: reg(102) = 5426.472814738141 197.18761894331055
Melhor da geracao 104: reg(104) = 5176.215779609917 250.25703512822383
Melhor da geracao 117: reg(117) = 5150.877430741778 25.338348868139292
Melhor da geracao 119: reg(119) = 5117.605776358399 33.27165438337852
Melhor da geracao 120: reg(120) = 4777.401590865515 340.2041854928848
Melhor da geracao 132: reg(132) = 4731.779346707022 45.62224415849232
Melhor da geracao 136: reg(136) = 4474.949922751417 256.8294239556053
Melhor da geracao 141: reg(141) = 4138.171328730887 336.77859402053036
Melhor da geracao 173: reg(173) = 3970.185165505474 167.98616322541284
Melhor da geracao 190: reg(190) = 3642.3002226486446 327.8849428568292
Melhor da geracao 223: reg(223) = 3417.1463340908954 225.15388855774927
Melhor da geracao 254: reg(254) = 3201.8690343931353 215.2772996977601
Melhor da geracao 281: reg(281) = 3118.2456456114946 83.62338878164064
Melhor da geracao 297: reg(297) = 3063.317421749238 54.9282238622568
Melhor da geracao 301: reg(301) = 3048.9197829961267 14.397638753111096
Melhor da geracao 313: reg(313) = 2733.168814752998 315.7509682431287
Melhor da geracao 418: reg(418) = 2688.938762449966 44.23005230303215
Melhor da geracao 470: reg(470) = 2562.3667771648597 126.57198528510617
Melhor da geracao 502: reg(502) = 2528.340919810059 34.02585735480079
Melhor da geracao 517: reg(517) = 2364.238285169294 164.1026346407648
Melhor da geracao 645: reg(645) = 2350.1174462781437 14.12083889115047
Melhor da geracao 684: reg(684) = 2349.9067296283915 0.21071664975215754
Melhor da geracao 716: reg(716) = 2324.257114802821 25.649614825570552
Melhor da geracao 746: reg(746) = 2319.2128492679203 5.04426553490066
Melhor da geracao 756: reg(756) = 2304.620656244444 14.592193023476284
Melhor da geracao 757: reg(757) = 2294.86372906323 9.756927181213996
Melhor da geracao 786: reg(786) = 2291.377760182872 3.4859688803580866
Melhor da geracao 803: reg(803) = 2278.087847831622 13.289912351249768
Melhor da geracao 877: reg(877) = 2217.532084281957 60.555763549665244
Melhor da geracao 890: reg(890) = 2195.3641754098985 22.167908872058433
Melhor da geracao 930: reg(930) = 2138.766525429923 56.59764997997536
Melhor da geracao 977: reg(977) = 2120.1000915065674 18.666433923355726
Melhor da geracao 1009: reg(1009) = 2066.318234683398 53.78185682316962
Melhor da geracao 1060: reg(1060) = 2008.2119080697157 58.106326613682086
Melhor da geracao 1070: reg(1070) = 1976.1381314590187 32.073776610696996
Melhor da geracao 1264: reg(1264) = 1905.2028673599973 70.93526409902142
Melhor da geracao 1525: reg(1525) = 1835.2531609063549 69.94970645364242
Melhor da geracao 1717: reg(1717) = 1810.2241888762735 25.028972030081377
Melhor da geracao 1753: reg(1753) = 1803.6613927068954 6.562796169378089
Melhor da geracao 1828: reg(1828) = 1800.7269155962867 2.9344771106086682
Melhor da geracao 1955: reg(1955) = 1747.6076391697213 53.11927642656542
Melhor da geracao 2122: reg(2122) = 1668.817985499471 78.78965367025035
Melhor da geracao 2235: reg(2235) = 1646.350713636468 22.467271863002907
Melhor da geracao 2526: reg(2526) = 1630.6658987409055 15.684814895562567
Melhor da geracao 2619: reg(2619) = 1624.9567790433193 5.709119697586175
Melhor da geracao 2697: reg(2697) = 1590.8579546405858 34.0988244027335
Melhor da geracao 2880: reg(2880) = 1576.3335048763054 14.524449764280462
Melhor da geracao 3429: reg(3429) = 1561.0366504727758 15.29685440352955
Melhor da geracao 3515: reg(3515) = 1543.32058676638 17.716063706395744
Melhor da geracao 3626: reg(3626) = 1493.3047996667574 50.015787099622685
Melhor da geracao 3877: reg(3877) = 1488.5880409175847 4.716758749172641
Melhor da geracao 4678: reg(4678) = 1487.60116037996 0.9868805376247565
Melhor da geracao 4679: reg(4679) = 1471.6185172117719 15.982643168188133
Melhor da geracao 4749: reg(4749) = 1447.6004406472646 24.018076564507282
Melhor da geracao 4911: reg(4911) = 1418.7816248313527 28.818815815911876
Melhor da geracao 4965: reg(4965) = 1387.1320583297004 31.649566501652316
Melhor da geracao 5631: reg(5631) = 1345.0258192450335 42.10623908466687
Melhor da geracao 7023: reg(7023) = 1342.3160881201593 2.7097311248742244
Melhor da geracao 8181: reg(8181) = 1340.8183594054694 1.4977287146898561
Melhor da geracao 8696: reg(8696) = 1281.840025742142 58.978333663327476
RUN DE_71s__0t0 1/1: Menor  custo  final é 1281.840025742142
---26/11 15:38:03-----------------------------------------------------
reg(objetivo): 1281.840025742142
RMSE: 534.6872326063809
MAE: 23.402301361437242
GEH: 3.085718791213847
pGEH5: 0.8591549295774648
R2Links: 0.9496941286449707
R2Odm: 0.17313434289148305
------------------------------------------------------ ´p=148

ALERT: Salvando última MOD resposta. Não a melhor.
Fitness final (reg) = 1281.840025742142
