--candidateId=52
--directory=C:\Users\Pc\Desktop\irace2018\irace\execDir
--algorithm=DE
--fitnessFunction=reg
--populationSize=296
--crossoverProbability=0.56
--differentialWeight=0.277
26/11, 15:38:03
[HookRun] Parameters used:
--directory=execDir
--algorithm=DE
--fitnessFunction=reg
--candidateId=52
--populationSize=296
--maxEvaluations=0
--crossoverProbability=0.56
--differentialWeight=0.277

Teste Curitiba!
OK: Recuperou objeto ODMatrix de 'cwb odmatrix.dat'!

OK: Recuperou objeto VirtualSensors de 'cwb virt sen.dat'!

OK: Mudando teste para rede fechada...
ATENCAO: arestasSensor reduzidas para 71, por ser numero maximo de sensores da rede cadastrada.
PROC: Preparando para iniciar DE_71s__0t0... 26/11, 15:38:03
ERROR: Não há registros de viagens para recuperar! (ODmatrix.calcMatrixClust)
INFO: Return antecipado, n=arestasSensorGAMM=71 e t=tempoPrioriGAMM=0; mov.lenght=71 (VirtualSensors.gerArestaMaisMovimentadasIndex)
INFO: descobrirODparIndArestaMaisMov = 1074 casos! - 191/900 pares O-D cobertos
INFO: Existem 1073 relações Prob_OD_aresta!
OK: Iniciando DE com 1 runs! Population size: 296
Generations: 10135
OD =900
Sensores=71
DE_71s__0t0; 26/11, 15:38:03
STATS: Desvio fluxos: Min. -1065,886853; Mean. 289,912266; Max. 3029,874865; p5 -835,383323; p20 -516,464396; p35 -226,877867; p50 66,107952; p65 404,154017; p80 1008,280817; p95 2531,161289; 
RUN DE_71s__0t0 1/1: Menor custo inicial é 20183.641409086766(RMSE: 454.76050970668956; MAE: 22.693202675985603; GEH: 13.748865892592969) id do melhor indivíduo=197
Melhor da geracao 2: reg(2) = 18782.530561518353 1401.1108475684123
Melhor da geracao 3: reg(3) = 18329.12824283614 453.40231868221235
Melhor da geracao 4: reg(4) = 18038.642576070702 290.4856667654385
Melhor da geracao 6: reg(6) = 15779.797848155917 2258.844727914786
Melhor da geracao 9: reg(9) = 15765.480694638763 14.317153517153201
Melhor da geracao 11: reg(11) = 15113.070873547606 652.4098210911579
Melhor da geracao 13: reg(13) = 14051.156742004288 1061.9141315433171
Melhor da geracao 15: reg(15) = 13785.701041970824 265.4557000334644
Melhor da geracao 16: reg(16) = 12414.55403477065 1371.147007200174
Melhor da geracao 18: reg(18) = 12070.453351480208 344.10068329044225
Melhor da geracao 20: reg(20) = 12068.908736603684 1.544614876524065
Melhor da geracao 21: reg(21) = 11742.851806601915 326.0569300017687
Melhor da geracao 22: reg(22) = 11185.636698363556 557.2151082383589
Melhor da geracao 24: reg(24) = 10970.197512193996 215.43918616956034
Melhor da geracao 25: reg(25) = 9295.597535917053 1674.5999762769425
Melhor da geracao 33: reg(33) = 8661.85451072985 633.7430251872029
Melhor da geracao 35: reg(35) = 8358.023295880706 303.8312148491441
Melhor da geracao 36: reg(36) = 7740.408010945736 617.6152849349701
Melhor da geracao 43: reg(43) = 7726.304377604027 14.10363334170961
Melhor da geracao 44: reg(44) = 7437.6777457779735 288.6266318260532
Melhor da geracao 47: reg(47) = 6872.063607784899 565.6141379930741
Melhor da geracao 55: reg(55) = 6859.2768708070325 12.786736977866894
Melhor da geracao 57: reg(57) = 6668.725923690493 190.55094711653965
Melhor da geracao 59: reg(59) = 6443.347053688799 225.37887000169394
Melhor da geracao 60: reg(60) = 5954.307509366371 489.0395443224279
Melhor da geracao 62: reg(62) = 5739.995938891811 214.31157047455963
Melhor da geracao 71: reg(71) = 5407.590266567751 332.4056723240601
Melhor da geracao 74: reg(74) = 5265.407744622342 142.18252194540946
Melhor da geracao 78: reg(78) = 4861.94026451105 403.4674801112915
Melhor da geracao 92: reg(92) = 4729.039906592147 132.90035791890296
Melhor da geracao 93: reg(93) = 4607.734738553026 121.30516803912178
Melhor da geracao 97: reg(97) = 4510.553275351783 97.18146320124288
Melhor da geracao 98: reg(98) = 4405.892411134631 104.66086421715136
Melhor da geracao 104: reg(104) = 4388.486234649965 17.406176484666503
Melhor da geracao 106: reg(106) = 4223.031068739484 165.4551659104809
Melhor da geracao 113: reg(113) = 4206.112633347154 16.91843539233014
Melhor da geracao 116: reg(116) = 3839.3210017675838 366.7916315795701
Melhor da geracao 125: reg(125) = 3733.52371228909 105.7972894784939
Melhor da geracao 132: reg(132) = 3687.1348221609983 46.38889012809159
Melhor da geracao 135: reg(135) = 3658.589658275107 28.54516388589127
Melhor da geracao 136: reg(136) = 3583.5167056398545 75.07295263525248
Melhor da geracao 142: reg(142) = 3553.309798048804 30.206907591050367
Melhor da geracao 147: reg(147) = 3370.182423178855 183.1273748699491
Melhor da geracao 158: reg(158) = 3293.264581017274 76.91784216158112
Melhor da geracao 167: reg(167) = 3072.5500862384524 220.71449477882152
Melhor da geracao 191: reg(191) = 3005.9055893698946 66.64449686855778
Melhor da geracao 193: reg(193) = 3002.0112106541856 3.894378715709081
Melhor da geracao 199: reg(199) = 2957.105537259614 44.90567339457175
Melhor da geracao 202: reg(202) = 2874.2004313857306 82.90510587388326
Melhor da geracao 205: reg(205) = 2528.6611207764045 345.5393106093261
Melhor da geracao 261: reg(261) = 2490.020678363399 38.64044241300553
Melhor da geracao 275: reg(275) = 2486.8118189536826 3.208859409716297
Melhor da geracao 298: reg(298) = 2430.3361781761596 56.47564077752304
Melhor da geracao 318: reg(318) = 2292.6299872153404 137.70619096081919
Melhor da geracao 375: reg(375) = 2233.790772820661 58.8392143946794
Melhor da geracao 384: reg(384) = 2129.5397758348427 104.25099698581835
Melhor da geracao 450: reg(450) = 2047.84212933649 81.6976464983527
Melhor da geracao 493: reg(493) = 2044.9556490669722 2.886480269517733
Melhor da geracao 501: reg(501) = 2035.8690565755783 9.086592491393958
Melhor da geracao 509: reg(509) = 2022.4414773234153 13.427579252163014
Melhor da geracao 521: reg(521) = 1924.1027904631583 98.33868686025698
Melhor da geracao 551: reg(551) = 1918.965557053576 5.1372334095822225
Melhor da geracao 584: reg(584) = 1916.5366848186347 2.428872234941309
Melhor da geracao 587: reg(587) = 1873.441655910819 43.09502890781573
Melhor da geracao 590: reg(590) = 1859.474703585618 13.966952325200964
Melhor da geracao 600: reg(600) = 1815.251952616819 44.22275096879912
Melhor da geracao 637: reg(637) = 1787.654711513017 27.597241103801935
Melhor da geracao 685: reg(685) = 1715.863449376806 71.79126213621089
Melhor da geracao 747: reg(747) = 1678.7826189123489 37.08083046445722
Melhor da geracao 807: reg(807) = 1656.48521336152 22.2974055508289
Melhor da geracao 849: reg(849) = 1582.084850869837 74.40036249168293
Melhor da geracao 883: reg(883) = 1567.8222841456732 14.26256672416389
Melhor da geracao 964: reg(964) = 1536.4756969883988 31.34658715727437
Melhor da geracao 1007: reg(1007) = 1524.519283432393 11.956413556005828
Melhor da geracao 1071: reg(1071) = 1522.3992587454204 2.120024686972556
Melhor da geracao 1074: reg(1074) = 1521.0151978025121 1.3840609429082633
Melhor da geracao 1087: reg(1087) = 1519.887424368486 1.1277734340260395
Melhor da geracao 1106: reg(1106) = 1503.0344439896983 16.852980378787834
Melhor da geracao 1111: reg(1111) = 1461.5803007939678 41.45414319573047
Melhor da geracao 1281: reg(1281) = 1460.3328100160015 1.2474907779662772
Melhor da geracao 1309: reg(1309) = 1456.250023537254 4.082786478747494
Melhor da geracao 1327: reg(1327) = 1453.4087626317225 2.841260905531499
Melhor da geracao 1437: reg(1437) = 1429.3628933652915 24.045869266431055
Melhor da geracao 1486: reg(1486) = 1404.9811634040784 24.38172996121307
Melhor da geracao 1546: reg(1546) = 1403.775048460983 1.206114943095372
Melhor da geracao 1638: reg(1638) = 1368.485841651194 35.28920680978899
Melhor da geracao 1971: reg(1971) = 1353.7043267519075 14.781514899286549
Melhor da geracao 1991: reg(1991) = 1352.6408777013041 1.0634490506033671
Melhor da geracao 2038: reg(2038) = 1329.0211641989467 23.6197135023574
Melhor da geracao 2091: reg(2091) = 1324.1107695352052 4.910394663741499
Melhor da geracao 2301: reg(2301) = 1320.2156145876856 3.895154947519586
Melhor da geracao 2457: reg(2457) = 1310.4189935059599 9.796621081725789
Melhor da geracao 2459: reg(2459) = 1304.8563784948506 5.562615011109301
Melhor da geracao 2622: reg(2622) = 1299.7168130983114 5.139565396539183
Melhor da geracao 2671: reg(2671) = 1287.7459408428258 11.970872255485574
Melhor da geracao 2771: reg(2771) = 1284.778004340384 2.9679365024417166
Melhor da geracao 2852: reg(2852) = 1264.0954983188792 20.682506021504878
Melhor da geracao 2996: reg(2996) = 1259.88076427772 4.214734041159318
Melhor da geracao 3125: reg(3125) = 1254.0959161286264 5.784848149093477
Melhor da geracao 3354: reg(3354) = 1248.4179283649473 5.677987763679084
Melhor da geracao 3360: reg(3360) = 1247.792078301091 0.6258500638564328
Melhor da geracao 3553: reg(3553) = 1242.2644320893232 5.52764621176766
Melhor da geracao 3565: reg(3565) = 1239.7865455848669 2.4778865044563645
Melhor da geracao 3727: reg(3727) = 1215.535597700044 24.250947884822835
Melhor da geracao 3793: reg(3793) = 1209.1933575407247 6.342240159319317
Melhor da geracao 4024: reg(4024) = 1189.444538376317 19.748819164407678
Melhor da geracao 4511: reg(4511) = 1184.4104260692595 5.034112307057512
Melhor da geracao 4823: reg(4823) = 1182.9708594128824 1.4395666563771101
Melhor da geracao 4862: reg(4862) = 1180.3748663288025 2.5959930840799643
Melhor da geracao 4879: reg(4879) = 1177.869473509012 2.5053928197903588
Melhor da geracao 5046: reg(5046) = 1172.097013285062 5.77246022395002
Melhor da geracao 5164: reg(5164) = 1157.6245358741508 14.472477410911324
Melhor da geracao 5807: reg(5807) = 1150.9145851994103 6.709950674740412
Melhor da geracao 5836: reg(5836) = 1143.5085151241228 7.406070075287516
Melhor da geracao 6060: reg(6060) = 1130.252446880337 13.256068243785876
Melhor da geracao 6724: reg(6724) = 1126.251259248371 4.001187631965877
Melhor da geracao 7190: reg(7190) = 1107.923201392467 18.328057855904035
Melhor da geracao 7297: reg(7297) = 1106.2279285112213 1.695272881245728
Melhor da geracao 7848: reg(7848) = 1102.2434945278317 3.9844339833896356
Melhor da geracao 8352: reg(8352) = 1098.9292329393743 3.3142615884573843
Melhor da geracao 8683: reg(8683) = 1095.12554850724 3.8036844321343324
Melhor da geracao 8999: reg(8999) = 1093.3411310273557 1.7844174798842687
Melhor da geracao 9686: reg(9686) = 1090.0482157325323 3.2929152948233877
Melhor da geracao 9875: reg(9875) = 1088.6130129440419 1.4352027884904146
RUN DE_71s__0t0 1/1: Menor  custo  final é 1088.6130129440419
---26/11 15:39:38-----------------------------------------------------
reg(objetivo): 1088.6130129440419
RMSE: 466.5462906859402
MAE: 23.311697211821492
GEH: 2.6743184440592978
pGEH5: 0.8873239436619719
R2Links: 0.9573584236832395
R2Odm: 0.21146140306129865
------------------------------------------------------ ´p=233

ALERT: Salvando última MOD resposta. Não a melhor.
Fitness final (reg) = 1088.6130129440419
