--candidateId=53
--directory=C:\Users\Pc\Desktop\irace2018\irace\execDir
--algorithm=DE
--fitnessFunction=reg
--populationSize=433
--crossoverProbability=0.592
--differentialWeight=0.193
26/11, 17:41:29
[HookRun] Parameters used:
--directory=execDir
--algorithm=DE
--fitnessFunction=reg
--candidateId=53
--populationSize=433
--maxEvaluations=0
--crossoverProbability=0.592
--differentialWeight=0.193

Teste Curitiba!
OK: Recuperou objeto ODMatrix de 'cwb odmatrix.dat'!

OK: Recuperou objeto VirtualSensors de 'cwb virt sen.dat'!

OK: Mudando teste para rede fechada...
ATENCAO: arestasSensor reduzidas para 71, por ser numero maximo de sensores da rede cadastrada.
PROC: Preparando para iniciar DE_71s__0t0... 26/11, 17:41:29
ERROR: Não há registros de viagens para recuperar! (ODmatrix.calcMatrixClust)
INFO: Return antecipado, n=arestasSensorGAMM=71 e t=tempoPrioriGAMM=0; mov.lenght=71 (VirtualSensors.gerArestaMaisMovimentadasIndex)
INFO: descobrirODparIndArestaMaisMov = 1074 casos! - 191/900 pares O-D cobertos
INFO: Existem 1073 relações Prob_OD_aresta!
OK: Iniciando DE com 1 runs! Population size: 433
Generations: 6928
OD =900
Sensores=71
DE_71s__0t0; 26/11, 17:41:29
STATS: Desvio fluxos: Min. -1256,632903; Mean. 336,278314; Max. 2886,649544; p5 -933,585254; p20 -454,135369; p35 -100,398519; p50 179,267011; p65 675,568529; p80 925,168654; p95 2274,67829; 
RUN DE_71s__0t0 1/1: Menor custo inicial é 21017.771041267784(RMSE: 411.7372084301531; MAE: 20.54078067607013; GEH: 13.152070629879477) id do melhor indivíduo=208
Melhor da geracao 2: reg(2) = 19642.193598230075 1375.5774430377096
Melhor da geracao 3: reg(3) = 19108.956976488935 533.23662174114
Melhor da geracao 4: reg(4) = 18288.21393221963 820.7430442693039
Melhor da geracao 5: reg(5) = 17143.31469316629 1144.8992390533422
Melhor da geracao 6: reg(6) = 16654.02996097319 489.28473219310035
Melhor da geracao 7: reg(7) = 16502.822485906603 151.20747506658518
Melhor da geracao 8: reg(8) = 16363.841611418102 138.98087448850129
Melhor da geracao 9: reg(9) = 13950.080139112339 2413.761472305763
Melhor da geracao 10: reg(10) = 13822.27922372797 127.80091538436864
Melhor da geracao 11: reg(11) = 13515.362025842263 306.9171978857066
Melhor da geracao 12: reg(12) = 12623.862722997752 891.4993028445115
Melhor da geracao 14: reg(14) = 11189.010240883945 1434.8524821138071
Melhor da geracao 16: reg(16) = 10692.421038058072 496.58920282587314
Melhor da geracao 17: reg(17) = 9618.930818090996 1073.490219967076
Melhor da geracao 19: reg(19) = 9527.230871482469 91.69994660852717
Melhor da geracao 22: reg(22) = 9046.607755039411 480.62311644305737
Melhor da geracao 23: reg(23) = 8214.267299316958 832.340455722453
Melhor da geracao 24: reg(24) = 7897.6661049437 316.6011943732583
Melhor da geracao 28: reg(28) = 7687.136874808826 210.52923013487361
Melhor da geracao 29: reg(29) = 7678.651012802174 8.485862006652496
Melhor da geracao 30: reg(30) = 7513.867652800706 164.78336000146737
Melhor da geracao 32: reg(32) = 7341.467913767162 172.3997390335444
Melhor da geracao 34: reg(34) = 7128.685364670141 212.78254909702082
Melhor da geracao 35: reg(35) = 7111.618753949807 17.06661072033421
Melhor da geracao 36: reg(36) = 6864.425228045947 247.19352590386006
Melhor da geracao 37: reg(37) = 6559.462679789451 304.9625482564961
Melhor da geracao 40: reg(40) = 6477.803362246337 81.6593175431135
Melhor da geracao 42: reg(42) = 6477.261513918373 0.5418483279645443
Melhor da geracao 43: reg(43) = 6385.48232099656 91.77919292181286
Melhor da geracao 44: reg(44) = 5795.061863854647 590.4204571419132
Melhor da geracao 48: reg(48) = 5546.194001276726 248.86786257792028
Melhor da geracao 49: reg(49) = 5131.262072428888 414.9319288478382
Melhor da geracao 55: reg(55) = 5060.817735191673 70.44433723721522
Melhor da geracao 58: reg(58) = 5029.412988751626 31.404746440047347
Melhor da geracao 59: reg(59) = 4902.775201439643 126.63778731198272
Melhor da geracao 61: reg(61) = 4901.926196673192 0.8490047664508893
Melhor da geracao 62: reg(62) = 4583.724869430757 318.2013272424347
Melhor da geracao 65: reg(65) = 4402.565839205046 181.15903022571092
Melhor da geracao 69: reg(69) = 4321.4706700579345 81.09516914711185
Melhor da geracao 72: reg(72) = 4267.693664926218 53.77700513171658
Melhor da geracao 73: reg(73) = 4255.1272044950765 12.566460431141422
Melhor da geracao 75: reg(75) = 4088.435985656285 166.69121883879143
Melhor da geracao 78: reg(78) = 4084.9913575792357 3.4446280770494013
Melhor da geracao 79: reg(79) = 4075.5968445666003 9.394513012635343
Melhor da geracao 81: reg(81) = 3794.9596101859297 280.63723438067063
Melhor da geracao 82: reg(82) = 3791.374308297367 3.5853018885627534
Melhor da geracao 87: reg(87) = 3611.931091133215 179.44321716415197
Melhor da geracao 95: reg(95) = 3556.479089395879 55.452001737336104
Melhor da geracao 98: reg(98) = 3508.85079271481 47.62829668106906
Melhor da geracao 99: reg(99) = 3374.142051449631 134.70874126517901
Melhor da geracao 100: reg(100) = 3351.8249162292186 22.317135220412183
Melhor da geracao 103: reg(103) = 3317.0556309811464 34.769285248072265
Melhor da geracao 104: reg(104) = 3308.0347281150935 9.020902866052893
Melhor da geracao 106: reg(106) = 3279.566213704029 28.46851441106446
Melhor da geracao 108: reg(108) = 3178.2578090637267 101.30840464030234
Melhor da geracao 115: reg(115) = 3072.3959088380457 105.86190022568098
Melhor da geracao 123: reg(123) = 2948.884650378796 123.5112584592498
Melhor da geracao 129: reg(129) = 2766.5653831921386 182.31926718665727
Melhor da geracao 149: reg(149) = 2654.5622519925255 112.00313119961311
Melhor da geracao 151: reg(151) = 2611.6642101491047 42.89804184342074
Melhor da geracao 161: reg(161) = 2591.0412758104653 20.622934338639425
Melhor da geracao 167: reg(167) = 2526.1759721812523 64.86530362921303
Melhor da geracao 170: reg(170) = 2521.197462675179 4.978509506073351
Melhor da geracao 176: reg(176) = 2492.5851561947175 28.612306480461484
Melhor da geracao 182: reg(182) = 2489.46037828312 3.124777911597448
Melhor da geracao 183: reg(183) = 2457.6391561949076 31.82122208821238
Melhor da geracao 185: reg(185) = 2293.5400476372643 164.09910855764338
Melhor da geracao 201: reg(201) = 2256.8964957574426 36.64355187982164
Melhor da geracao 215: reg(215) = 2229.433033460885 27.463462296557736
Melhor da geracao 219: reg(219) = 2196.260997292268 33.17203616861707
Melhor da geracao 225: reg(225) = 2114.0740854191863 82.1869118730815
Melhor da geracao 244: reg(244) = 2101.937983542098 12.136101877088095
Melhor da geracao 248: reg(248) = 2093.0111225286387 8.92686101345953
Melhor da geracao 251: reg(251) = 2091.553519428001 1.457603100637698
Melhor da geracao 254: reg(254) = 1989.6446967140168 101.90882271398414
Melhor da geracao 264: reg(264) = 1979.123630378756 10.521066335260912
Melhor da geracao 266: reg(266) = 1961.6459648515192 17.477665527236695
Melhor da geracao 284: reg(284) = 1940.1439721472495 21.501992704269696
Melhor da geracao 285: reg(285) = 1890.8889341445133 49.25503800273623
Melhor da geracao 309: reg(309) = 1881.1609558470695 9.72797829744377
Melhor da geracao 311: reg(311) = 1847.0586206561204 34.102335190949134
Melhor da geracao 317: reg(317) = 1789.2608390419375 57.797781614182895
Melhor da geracao 340: reg(340) = 1762.0756270402094 27.185212001728132
Melhor da geracao 344: reg(344) = 1750.3350516731477 11.740575367061638
Melhor da geracao 345: reg(345) = 1725.3994682823525 24.935583390795273
Melhor da geracao 361: reg(361) = 1687.4096649974204 37.98980328493212
Melhor da geracao 397: reg(397) = 1674.391837646016 13.017827351404321
Melhor da geracao 401: reg(401) = 1665.6309206605374 8.760916985478616
Melhor da geracao 403: reg(403) = 1661.802216781231 3.828703879306431
Melhor da geracao 408: reg(408) = 1660.5705530091932 1.2316637720377912
Melhor da geracao 411: reg(411) = 1652.297242029344 8.273310979849157
Melhor da geracao 416: reg(416) = 1629.358020102382 22.93922192696209
Melhor da geracao 417: reg(417) = 1593.4310574376798 35.92696266470216
Melhor da geracao 445: reg(445) = 1565.9833911332682 27.44766630441154
Melhor da geracao 467: reg(467) = 1553.404957551591 12.578433581677245
Melhor da geracao 472: reg(472) = 1537.9104076578426 15.494549893748399
Melhor da geracao 478: reg(478) = 1535.44263568585 2.4677719719925335
Melhor da geracao 480: reg(480) = 1533.9717518947034 1.4708837911466617
Melhor da geracao 486: reg(486) = 1531.3756564523574 2.5960954423460407
Melhor da geracao 496: reg(496) = 1500.7303082571846 30.6453481951728
Melhor da geracao 504: reg(504) = 1495.5594365272111 5.170871729973442
Melhor da geracao 511: reg(511) = 1486.5615014490452 8.997935078165938
Melhor da geracao 522: reg(522) = 1478.9534043316016 7.608097117443549
Melhor da geracao 539: reg(539) = 1470.1639278542652 8.789476477336393
Melhor da geracao 540: reg(540) = 1465.8747083928915 4.289219461373705
Melhor da geracao 565: reg(565) = 1395.2050977847498 70.66961060814174
Melhor da geracao 616: reg(616) = 1369.5323261873502 25.67277159739956
Melhor da geracao 654: reg(654) = 1368.239177126607 1.2931490607431897
Melhor da geracao 682: reg(682) = 1366.6063466685227 1.6328304580842996
Melhor da geracao 686: reg(686) = 1362.3828527946453 4.223493873877487
Melhor da geracao 687: reg(687) = 1345.7144408613058 16.668411933339485
Melhor da geracao 698: reg(698) = 1343.9686521781482 1.7457886831575706
Melhor da geracao 700: reg(700) = 1333.069380045851 10.899272132297256
Melhor da geracao 709: reg(709) = 1330.716331002715 2.353049043136025
Melhor da geracao 732: reg(732) = 1319.161682223786 11.554648778928822
Melhor da geracao 740: reg(740) = 1308.4914665111637 10.670215712622394
Melhor da geracao 750: reg(750) = 1306.5090662630987 1.9824002480650051
Melhor da geracao 789: reg(789) = 1296.2195779571146 10.28948830598415
Melhor da geracao 790: reg(790) = 1274.7482025241725 21.471375432942068
Melhor da geracao 881: reg(881) = 1273.392462160646 1.3557403635265928
Melhor da geracao 888: reg(888) = 1269.3834669619011 4.008995198744742
Melhor da geracao 900: reg(900) = 1252.3873097139183 16.996157247982865
Melhor da geracao 969: reg(969) = 1251.8333525578369 0.5539571560814238
Melhor da geracao 988: reg(988) = 1251.4646118859487 0.36874067188819026
Melhor da geracao 995: reg(995) = 1238.3379990323172 13.126612853631514
Melhor da geracao 997: reg(997) = 1235.563207256935 2.774791775382255
Melhor da geracao 1002: reg(1002) = 1234.1248622986895 1.4383449582453522
Melhor da geracao 1007: reg(1007) = 1234.047159094742 0.07770320394752162
Melhor da geracao 1019: reg(1019) = 1229.9366401883851 4.110518906356901
Melhor da geracao 1084: reg(1084) = 1223.2053937149965 6.731246473388637
Melhor da geracao 1100: reg(1100) = 1214.8102663427683 8.395127372228217
Melhor da geracao 1139: reg(1139) = 1208.8191421297172 5.99112421305108
Melhor da geracao 1150: reg(1150) = 1188.0894846151361 20.72965751458105
Melhor da geracao 1253: reg(1253) = 1187.8370419889654 0.2524426261707049
Melhor da geracao 1306: reg(1306) = 1158.2224054939961 29.614636494969318
Melhor da geracao 1455: reg(1455) = 1153.5686605133162 4.653744980679903
Melhor da geracao 1533: reg(1533) = 1149.1108793543701 4.457781158946091
Melhor da geracao 1547: reg(1547) = 1148.5567908022085 0.5540885521616019
Melhor da geracao 1556: reg(1556) = 1147.2623588771705 1.2944319250379976
Melhor da geracao 1560: reg(1560) = 1143.2508598184163 4.011499058754225
Melhor da geracao 1581: reg(1581) = 1142.1635159758343 1.0873438425819586
Melhor da geracao 1592: reg(1592) = 1136.413894814783 5.7496211610514365
Melhor da geracao 1630: reg(1630) = 1132.9525755031802 3.461319311602665
Melhor da geracao 1648: reg(1648) = 1127.8002109877077 5.152364515472527
Melhor da geracao 1750: reg(1750) = 1126.5829371856782 1.2172738020294673
Melhor da geracao 1772: reg(1772) = 1120.8752180283198 5.707719157358497
Melhor da geracao 1790: reg(1790) = 1113.6642045222743 7.211013506045447
Melhor da geracao 1895: reg(1895) = 1109.3967702048346 4.267434317439665
Melhor da geracao 1947: reg(1947) = 1109.300011009359 0.09675919547566991
Melhor da geracao 1973: reg(1973) = 1097.3842747465171 11.915736262841847
Melhor da geracao 2107: reg(2107) = 1087.230847419236 10.153427327281179
Melhor da geracao 2201: reg(2201) = 1081.692913271684 5.5379341475520505
Melhor da geracao 2210: reg(2210) = 1076.4724468803415 5.22046639134237
Melhor da geracao 2436: reg(2436) = 1076.078811562077 0.3936353182646144
Melhor da geracao 2530: reg(2530) = 1074.967328798008 1.1114827640687963
Melhor da geracao 2555: reg(2555) = 1064.878814581672 10.08851421633608
Melhor da geracao 2631: reg(2631) = 1061.0328327829043 3.8459817987677525
Melhor da geracao 2694: reg(2694) = 1052.601048589345 8.431784193559224
Melhor da geracao 2735: reg(2735) = 1051.3346661371838 1.2663824521612241
Melhor da geracao 2805: reg(2805) = 1050.157862917653 1.1768032195309388
Melhor da geracao 2818: reg(2818) = 1049.974025291439 0.18383762621397182
Melhor da geracao 2865: reg(2865) = 1048.7925994022182 1.1814258892206908
Melhor da geracao 2874: reg(2874) = 1048.62746667401 0.16513272820816383
Melhor da geracao 2891: reg(2891) = 1047.243372151984 1.3840945220260892
Melhor da geracao 2899: reg(2899) = 1047.070269953382 0.1731021986020096
Melhor da geracao 2902: reg(2902) = 1042.6379413084685 4.4323286449134685
Melhor da geracao 2940: reg(2940) = 1042.3380920711893 0.2998492372792043
Melhor da geracao 2953: reg(2953) = 1041.493369677109 0.844722394080236
Melhor da geracao 3001: reg(3001) = 1037.5776333448082 3.9157363323008667
Melhor da geracao 3057: reg(3057) = 1036.874792828188 0.7028405166201992
Melhor da geracao 3060: reg(3060) = 1036.2781091297002 0.5966836984878228
Melhor da geracao 3107: reg(3107) = 1035.726156494819 0.5519526348812178
Melhor da geracao 3120: reg(3120) = 1033.761935541846 1.964220952972937
Melhor da geracao 3129: reg(3129) = 1032.7448111951596 1.017124346686387
Melhor da geracao 3141: reg(3141) = 1028.6265272245448 4.1182839706148116
Melhor da geracao 3325: reg(3325) = 1028.327670248647 0.29885697589770643
Melhor da geracao 3340: reg(3340) = 1026.5977245109423 1.7299457377048384
Melhor da geracao 3376: reg(3376) = 1025.8896521689394 0.7080723420028789
Melhor da geracao 3452: reg(3452) = 1024.491906570188 1.3977455987514986
Melhor da geracao 3461: reg(3461) = 1021.7462875259388 2.7456190442491106
Melhor da geracao 3554: reg(3554) = 1018.6030465708802 3.143240955058559
Melhor da geracao 3591: reg(3591) = 1017.3305294346711 1.2725171362091032
Melhor da geracao 3600: reg(3600) = 1017.0051460216285 0.325383413042573
Melhor da geracao 3652: reg(3652) = 1015.8592619626935 1.145884058935053
Melhor da geracao 3717: reg(3717) = 1013.2237548402057 2.635507122487752
Melhor da geracao 3821: reg(3821) = 1012.7818022089049 0.4419526313008646
Melhor da geracao 3840: reg(3840) = 1012.2911429074012 0.4906593015036833
Melhor da geracao 3841: reg(3841) = 1009.6852362531656 2.605906654235582
Melhor da geracao 3861: reg(3861) = 1007.7267742078341 1.9584620453315438
Melhor da geracao 3925: reg(3925) = 1007.4000101572294 0.32676405060465186
Melhor da geracao 3972: reg(3972) = 1006.7062336860528 0.6937764711766476
Melhor da geracao 4015: reg(4015) = 1006.5101240136169 0.1961096724359095
Melhor da geracao 4041: reg(4041) = 1006.4246829611341 0.08544105248279266
Melhor da geracao 4052: reg(4052) = 1004.2449588381235 2.179724123010601
Melhor da geracao 4104: reg(4104) = 1004.0810688315063 0.16389000661718
Melhor da geracao 4110: reg(4110) = 1002.5629526764263 1.5181161550799516
Melhor da geracao 4142: reg(4142) = 1000.3645293771434 2.198423299282922
Melhor da geracao 4223: reg(4223) = 1000.1503709873793 0.21415838976406576
Melhor da geracao 4296: reg(4296) = 997.1866315878807 2.9637393994986496
Melhor da geracao 4345: reg(4345) = 996.8964286128904 0.29020297499027947
Melhor da geracao 4390: reg(4390) = 994.2597033478127 2.6367252650777573
Melhor da geracao 4495: reg(4495) = 993.4119163931368 0.8477869546758257
Melhor da geracao 4550: reg(4550) = 993.2036672153126 0.20824917782420016
Melhor da geracao 4560: reg(4560) = 991.4196236430148 1.7840435722978327
Melhor da geracao 4649: reg(4649) = 991.1490498877722 0.2705737552425944
Melhor da geracao 4676: reg(4676) = 989.1383866525726 2.0106632351995586
Melhor da geracao 4721: reg(4721) = 988.6500471373446 0.48833951522806274
Melhor da geracao 4728: reg(4728) = 987.6158243207113 1.0342228166332461
Melhor da geracao 4895: reg(4895) = 987.5595315845876 0.056292736123737086
Melhor da geracao 4920: reg(4920) = 986.4639536299337 1.0955779546538906
Melhor da geracao 5038: reg(5038) = 986.0739922030585 0.38996142687517477
Melhor da geracao 5042: reg(5042) = 985.317115322652 0.756876880406594
Melhor da geracao 5050: reg(5050) = 984.9374914915 0.37962383115188914
Melhor da geracao 5101: reg(5101) = 983.5939355057169 1.343555985783155
Melhor da geracao 5185: reg(5185) = 981.7002408954826 1.89369461023432
Melhor da geracao 5337: reg(5337) = 980.978333297305 0.7219075981776086
Melhor da geracao 5370: reg(5370) = 980.5638242565484 0.41450904075657036
Melhor da geracao 5402: reg(5402) = 980.4186684669833 0.14515578956513764
Melhor da geracao 5430: reg(5430) = 979.8947360905499 0.5239323764333221
Melhor da geracao 5450: reg(5450) = 979.3883810392846 0.5063550512653592
Melhor da geracao 5464: reg(5464) = 978.6064630230715 0.7819180162131261
Melhor da geracao 5584: reg(5584) = 977.7370975050667 0.8693655180047699
Melhor da geracao 5641: reg(5641) = 977.55994427537 0.17715322969672798
Melhor da geracao 5645: reg(5645) = 976.9461785788824 0.613765696487576
Melhor da geracao 5692: reg(5692) = 975.7868193882618 1.1593591906205347
Melhor da geracao 5781: reg(5781) = 975.6688680653376 0.1179513229242275
Melhor da geracao 5810: reg(5810) = 975.0841389226624 0.5847291426752008
Melhor da geracao 5961: reg(5961) = 974.7915865259338 0.2925523967286381
Melhor da geracao 5970: reg(5970) = 974.761635055403 0.02995147053081837
Melhor da geracao 6009: reg(6009) = 974.6659109741936 0.0957240812093687
Melhor da geracao 6036: reg(6036) = 974.6236167394502 0.042294234743394554
Melhor da geracao 6052: reg(6052) = 973.1968234942144 1.4267932452357854
Melhor da geracao 6154: reg(6154) = 972.9994755298195 0.19734796439490765
Melhor da geracao 6158: reg(6158) = 972.9236513601436 0.07582416967591143
Melhor da geracao 6178: reg(6178) = 971.9892400879719 0.9344112721717011
Melhor da geracao 6281: reg(6281) = 971.9561344731524 0.033105614819533
Melhor da geracao 6302: reg(6302) = 971.5386518088791 0.4174826642732796
Melhor da geracao 6328: reg(6328) = 971.5096830861577 0.02896872272140172
Melhor da geracao 6330: reg(6330) = 971.235572704653 0.27411038150466993
Melhor da geracao 6400: reg(6400) = 971.1643093144652 0.07126339018782346
Melhor da geracao 6411: reg(6411) = 970.9419692896878 0.22234002477739523
Melhor da geracao 6441: reg(6441) = 970.8681493886679 0.07381990101987412
Melhor da geracao 6443: reg(6443) = 970.5223332345575 0.34581615411036637
Melhor da geracao 6454: reg(6454) = 969.9610674010418 0.5612658335157903
Melhor da geracao 6508: reg(6508) = 969.8283703911551 0.13269700988666955
Melhor da geracao 6528: reg(6528) = 969.6151212699548 0.21324912120030604
Melhor da geracao 6557: reg(6557) = 969.2659658080951 0.34915546185970925
Melhor da geracao 6583: reg(6583) = 968.8331317743381 0.4328340337569898
Melhor da geracao 6599: reg(6599) = 968.5588532427557 0.27427853158235393
Melhor da geracao 6634: reg(6634) = 968.0699298527016 0.48892339005408303
Melhor da geracao 6655: reg(6655) = 967.5950297280485 0.4749001246531179
Melhor da geracao 6696: reg(6696) = 967.4799945489167 0.11503517913183714
Melhor da geracao 6699: reg(6699) = 966.6133598471881 0.8666347017285716
Melhor da geracao 6766: reg(6766) = 966.3526477466615 0.26071210052657534
Melhor da geracao 6769: reg(6769) = 965.867367643882 0.48528010277959766
Melhor da geracao 6836: reg(6836) = 965.7162080172573 0.15115962662468974
Melhor da geracao 6847: reg(6847) = 965.2122924847691 0.5039155324881222
Melhor da geracao 6861: reg(6861) = 964.9447569991839 0.26753548558519924
Melhor da geracao 6877: reg(6877) = 964.3886837119466 0.5560732872373819
Melhor da geracao 6885: reg(6885) = 964.0134857169888 0.3751979949577162
RUN DE_71s__0t0 1/1: Menor  custo  final é 964.0134857169888
---26/11 17:43:03-----------------------------------------------------
reg(objetivo): 964.0134857169888
RMSE: 406.36002109247727
MAE: 22.763831721983234
GEH: 2.208451823241683
pGEH5: 0.8873239436619719
R2Links: 0.9619717778806612
R2Odm: 0.26134413572689524
------------------------------------------------------ ´p=297

ALERT: Salvando última MOD resposta. Não a melhor.
Fitness final (reg) = 964.0134857169888
