--candidateId=55
--directory=C:\Users\Pc\Desktop\irace2018\irace\execDir
--algorithm=DE
--fitnessFunction=reg
--populationSize=827
--crossoverProbability=0.518
--differentialWeight=0.235
26/11, 17:00:19
[HookRun] Parameters used:
--directory=execDir
--algorithm=DE
--fitnessFunction=reg
--candidateId=55
--populationSize=827
--maxEvaluations=0
--crossoverProbability=0.518
--differentialWeight=0.235

Teste Curitiba!
OK: Recuperou objeto ODMatrix de 'cwb odmatrix.dat'!

OK: Recuperou objeto VirtualSensors de 'cwb virt sen.dat'!

OK: Mudando teste para rede fechada...
ATENCAO: arestasSensor reduzidas para 71, por ser numero maximo de sensores da rede cadastrada.
PROC: Preparando para iniciar DE_71s__0t0... 26/11, 17:00:19
ERROR: Não há registros de viagens para recuperar! (ODmatrix.calcMatrixClust)
INFO: Return antecipado, n=arestasSensorGAMM=71 e t=tempoPrioriGAMM=0; mov.lenght=71 (VirtualSensors.gerArestaMaisMovimentadasIndex)
INFO: descobrirODparIndArestaMaisMov = 1074 casos! - 191/900 pares O-D cobertos
INFO: Existem 1073 relações Prob_OD_aresta!
OK: Iniciando DE com 1 runs! Population size: 827
Generations: 3627
OD =900
Sensores=71
DE_71s__0t0; 26/11, 17:00:19
STATS: Desvio fluxos: Min. -1313,673495; Mean. -97,144636; Max. 1881,418731; p5 -1078,570892; p20 -546,232856; p35 -276,262209; p50 -77,895953; p65 93,969965; p80 232,435062; p95 944,305969; 
RUN DE_71s__0t0 1/1: Menor custo inicial é 20273.932699054723(RMSE: 442.0086083482161; MAE: 22.131434040122848; GEH: 13.64895736832712) id do melhor indivíduo=605
Melhor da geracao 0: reg(0) = 19767.113055271733 506.81964378299017
Melhor da geracao 3: reg(3) = 18970.60529326844 796.5077620032935
Melhor da geracao 4: reg(4) = 17286.5272162062 1684.0780770622405
Melhor da geracao 6: reg(6) = 15959.053383451488 1327.473832754711
Melhor da geracao 7: reg(7) = 14094.118890571097 1864.9344928803912
Melhor da geracao 10: reg(10) = 13990.72623043754 103.392660133557
Melhor da geracao 12: reg(12) = 12392.630016842484 1598.0962135950558
Melhor da geracao 13: reg(13) = 12061.355150239824 331.27486660266004
Melhor da geracao 14: reg(14) = 11765.773209648494 295.58194059132984
Melhor da geracao 17: reg(17) = 11763.068596437468 2.704613211026299
Melhor da geracao 18: reg(18) = 11576.598549591932 186.47004684553576
Melhor da geracao 19: reg(19) = 11455.388133315753 121.21041627617888
Melhor da geracao 20: reg(20) = 11329.922968649413 125.46516466634057
Melhor da geracao 21: reg(21) = 9709.26827179375 1620.6546968556631
Melhor da geracao 22: reg(22) = 9690.523765330025 18.744506463724974
Melhor da geracao 25: reg(25) = 9024.73381498097 665.7899503490553
Melhor da geracao 28: reg(28) = 8941.403416887057 83.33039809391266
Melhor da geracao 30: reg(30) = 8048.374382621837 893.0290342652197
Melhor da geracao 32: reg(32) = 7645.31093400504 403.06344861679736
Melhor da geracao 37: reg(37) = 7562.053216484533 83.25771752050696
Melhor da geracao 39: reg(39) = 7184.883851503624 377.16936498090854
Melhor da geracao 41: reg(41) = 7151.48938679507 33.39446470855455
Melhor da geracao 42: reg(42) = 6590.853984354244 560.6354024408256
Melhor da geracao 45: reg(45) = 6325.448370633086 265.40561372115826
Melhor da geracao 47: reg(47) = 6282.97602733611 42.47234329697585
Melhor da geracao 48: reg(48) = 6210.761955157053 72.21407217905653
Melhor da geracao 51: reg(51) = 6150.066832780601 60.69512237645267
Melhor da geracao 52: reg(52) = 5971.433820382029 178.63301239857174
Melhor da geracao 54: reg(54) = 5574.754192187226 396.6796281948027
Melhor da geracao 60: reg(60) = 5366.528828724348 208.2253634628778
Melhor da geracao 61: reg(61) = 5336.852658807494 29.676169916854633
Melhor da geracao 62: reg(62) = 5164.896709978354 171.95594882913974
Melhor da geracao 65: reg(65) = 5107.118267975658 57.778442002696465
Melhor da geracao 67: reg(67) = 4920.485085759171 186.6331822164866
Melhor da geracao 71: reg(71) = 4693.49576913018 226.98931662899122
Melhor da geracao 72: reg(72) = 4654.30851481625 39.18725431392977
Melhor da geracao 76: reg(76) = 4603.065449297561 51.243065518689036
Melhor da geracao 77: reg(77) = 4487.216020397045 115.8494289005157
Melhor da geracao 79: reg(79) = 4035.481863068167 451.73415732887815
Melhor da geracao 86: reg(86) = 3942.746566929316 92.73529613885103
Melhor da geracao 91: reg(91) = 3780.2068020354495 162.5397648938665
Melhor da geracao 105: reg(105) = 3625.8220121116 154.38478992384944
Melhor da geracao 106: reg(106) = 3457.0753864114067 168.74662570019336
Melhor da geracao 120: reg(120) = 3429.354246808154 27.721139603252595
Melhor da geracao 123: reg(123) = 3398.996393063616 30.35785374453826
Melhor da geracao 125: reg(125) = 3273.534131820618 125.46226124299801
Melhor da geracao 130: reg(130) = 3100.799198292782 172.7349335278359
Melhor da geracao 141: reg(141) = 3098.510241138882 2.2889571538999007
Melhor da geracao 145: reg(145) = 3020.938808253835 77.57143288504722
Melhor da geracao 155: reg(155) = 3010.0554653657787 10.883342888056177
Melhor da geracao 159: reg(159) = 2980.6881469644236 29.367318401355078
Melhor da geracao 161: reg(161) = 2943.057209513533 37.63093745089054
Melhor da geracao 162: reg(162) = 2882.6773872847502 60.379822228782814
Melhor da geracao 170: reg(170) = 2839.5164883361977 43.160898948552585
Melhor da geracao 173: reg(173) = 2798.8157090859604 40.70077925023725
Melhor da geracao 175: reg(175) = 2736.2423309140045 62.57337817195594
Melhor da geracao 181: reg(181) = 2606.199016068291 130.04331484571367
Melhor da geracao 192: reg(192) = 2555.7128110898425 50.48620497844831
Melhor da geracao 195: reg(195) = 2366.5844033350836 189.12840775475888
Melhor da geracao 216: reg(216) = 2300.383025161776 66.2013781733076
Melhor da geracao 250: reg(250) = 2283.370052957525 17.012972204251128
Melhor da geracao 256: reg(256) = 2158.6934198401495 124.67663311737533
Melhor da geracao 286: reg(286) = 2069.1967515870024 89.49666825314716
Melhor da geracao 297: reg(297) = 1973.0484075851916 96.14834400181076
Melhor da geracao 349: reg(349) = 1971.598595920122 1.4498116650695465
Melhor da geracao 360: reg(360) = 1962.556945939892 9.041649980229977
Melhor da geracao 388: reg(388) = 1904.3977546875685 58.15919125232358
Melhor da geracao 394: reg(394) = 1880.4475993710798 23.95015531648869
Melhor da geracao 399: reg(399) = 1874.632202902086 5.8153964689938675
Melhor da geracao 425: reg(425) = 1863.8997321648774 10.732470737208587
Melhor da geracao 428: reg(428) = 1833.8315668928512 30.068165272026135
Melhor da geracao 456: reg(456) = 1787.9412588624684 45.89030803038281
Melhor da geracao 465: reg(465) = 1776.4589588844394 11.482299978029005
Melhor da geracao 483: reg(483) = 1707.06923120549 69.38972767894938
Melhor da geracao 488: reg(488) = 1700.4909244679363 6.578306737553703
Melhor da geracao 547: reg(547) = 1684.207811673819 16.283112794117415
Melhor da geracao 576: reg(576) = 1675.1902606703593 9.01755100345963
Melhor da geracao 586: reg(586) = 1661.80626506079 13.383995609569183
Melhor da geracao 620: reg(620) = 1652.1496536239765 9.656611436813591
Melhor da geracao 648: reg(648) = 1649.2556597060495 2.8939939179269913
Melhor da geracao 654: reg(654) = 1609.9803451047462 39.27531460130331
Melhor da geracao 689: reg(689) = 1603.3225772824721 6.6577678222740815
Melhor da geracao 691: reg(691) = 1587.2240900477648 16.098487234707363
Melhor da geracao 692: reg(692) = 1586.5346485859468 0.689441461817978
Melhor da geracao 695: reg(695) = 1585.4048204322446 1.1298281537021921
Melhor da geracao 696: reg(696) = 1558.7443561239904 26.660464308254177
Melhor da geracao 723: reg(723) = 1558.469713112868 0.2746430111224072
Melhor da geracao 752: reg(752) = 1552.5123338107308 5.957379302137269
Melhor da geracao 789: reg(789) = 1517.4985010827095 35.01383272802127
Melhor da geracao 848: reg(848) = 1492.5050897957333 24.993411286976198
Melhor da geracao 964: reg(964) = 1473.8603252926523 18.644764503080978
Melhor da geracao 1059: reg(1059) = 1453.0421760725092 20.81814922014314
Melhor da geracao 1074: reg(1074) = 1444.5544182762524 8.487757796256801
Melhor da geracao 1102: reg(1102) = 1426.530944701255 18.023473574997297
Melhor da geracao 1153: reg(1153) = 1404.5953055920045 21.935639109250587
Melhor da geracao 1250: reg(1250) = 1394.58528938933 10.010016202674478
Melhor da geracao 1266: reg(1266) = 1384.464018695408 10.121270693922042
Melhor da geracao 1307: reg(1307) = 1367.4417763982128 17.022242297195135
Melhor da geracao 1408: reg(1408) = 1366.402969638588 1.0388067596247765
Melhor da geracao 1461: reg(1461) = 1353.622011560548 12.780958078040157
Melhor da geracao 1512: reg(1512) = 1345.0802750611258 8.541736499422086
Melhor da geracao 1618: reg(1618) = 1343.898829002673 1.1814460584528206
Melhor da geracao 1631: reg(1631) = 1332.2870571461501 11.611771856522864
Melhor da geracao 1638: reg(1638) = 1319.8187844920076 12.468272654142538
Melhor da geracao 1664: reg(1664) = 1312.509828815397 7.308955676610594
Melhor da geracao 1714: reg(1714) = 1308.810906197205 3.6989226181920003
Melhor da geracao 1743: reg(1743) = 1288.9977041091588 19.813202088046182
Melhor da geracao 2007: reg(2007) = 1282.0108924149863 6.986811694172502
Melhor da geracao 2048: reg(2048) = 1261.3367387435705 20.674153671415752
Melhor da geracao 2171: reg(2171) = 1259.2982763956186 2.0384623479519632
Melhor da geracao 2209: reg(2209) = 1236.7536183812954 22.544658014323204
Melhor da geracao 2495: reg(2495) = 1222.0641822988496 14.689436082445809
Melhor da geracao 2811: reg(2811) = 1218.506276796999 3.557905501850655
Melhor da geracao 2826: reg(2826) = 1210.3223916503293 8.183885146669581
Melhor da geracao 2981: reg(2981) = 1207.1272018500772 3.1951898002521375
Melhor da geracao 3043: reg(3043) = 1201.2905757976202 5.83662605245695
Melhor da geracao 3077: reg(3077) = 1193.5057001328846 7.784875664735637
Melhor da geracao 3180: reg(3180) = 1182.09568085309 11.410019279794597
Melhor da geracao 3331: reg(3331) = 1167.5194034736774 14.576277379412659
RUN DE_71s__0t0 1/1: Menor  custo  final é 1167.5194034736774
---26/11 17:01:52-----------------------------------------------------
reg(objetivo): 1167.5194034736774
RMSE: 386.7394846355422
MAE: 20.444167766700634
GEH: 2.8003766258916785
pGEH5: 0.8591549295774648
R2Links: 0.9540140054415464
R2Odm: 0.310837058380619
------------------------------------------------------ ´p=572

ALERT: Salvando última MOD resposta. Não a melhor.
Fitness final (reg) = 1167.5194034736774
