--candidateId=56
--directory=C:\Users\Pc\Desktop\irace2018\irace\execDir
--algorithm=DE
--fitnessFunction=reg
--populationSize=552
--crossoverProbability=0.635
--differentialWeight=0.204
26/11, 17:01:52
[HookRun] Parameters used:
--directory=execDir
--algorithm=DE
--fitnessFunction=reg
--candidateId=56
--populationSize=552
--maxEvaluations=0
--crossoverProbability=0.635
--differentialWeight=0.204

Teste Curitiba!
OK: Recuperou objeto ODMatrix de 'cwb odmatrix.dat'!

OK: Recuperou objeto VirtualSensors de 'cwb virt sen.dat'!

OK: Mudando teste para rede fechada...
ATENCAO: arestasSensor reduzidas para 71, por ser numero maximo de sensores da rede cadastrada.
PROC: Preparando para iniciar DE_71s__0t0... 26/11, 17:01:52
ERROR: Não há registros de viagens para recuperar! (ODmatrix.calcMatrixClust)
INFO: Return antecipado, n=arestasSensorGAMM=71 e t=tempoPrioriGAMM=0; mov.lenght=71 (VirtualSensors.gerArestaMaisMovimentadasIndex)
INFO: descobrirODparIndArestaMaisMov = 1074 casos! - 191/900 pares O-D cobertos
INFO: Existem 1073 relações Prob_OD_aresta!
OK: Iniciando DE com 1 runs! Population size: 552
Generations: 5434
OD =900
Sensores=71
DE_71s__0t0; 26/11, 17:01:52
STATS: Desvio fluxos: Min. -1151,82948; Mean. 161,789555; Max. 2336,713875; p5 -1047,401901; p20 -527,765867; p35 -205,844089; p50 25,341801; p65 366,810309; p80 822,407164; p95 1828,051969; 
RUN DE_71s__0t0 1/1: Menor custo inicial é 21444.506866748805(RMSE: 406.09879740534166; MAE: 21.97087218176755; GEH: 13.980341326734736) id do melhor indivíduo=412
Melhor da geracao 1: reg(1) = 18202.163016645096 3242.343850103709
Melhor da geracao 3: reg(3) = 17425.923431427207 776.2395852178888
Melhor da geracao 6: reg(6) = 17159.01636829408 266.90706313312694
Melhor da geracao 7: reg(7) = 16984.90871461517 174.10765367891145
Melhor da geracao 8: reg(8) = 16198.042966844843 786.8657477703255
Melhor da geracao 9: reg(9) = 13981.455169763072 2216.587797081771
Melhor da geracao 10: reg(10) = 13845.091644536613 136.3635252264594
Melhor da geracao 11: reg(11) = 13188.519512894274 656.5721316423387
Melhor da geracao 12: reg(12) = 11520.74196866149 1667.7775442327838
Melhor da geracao 16: reg(16) = 11151.21763620482 369.5243324566709
Melhor da geracao 18: reg(18) = 10941.310146769167 209.90748943565268
Melhor da geracao 19: reg(19) = 10370.845112060377 570.46503470879
Melhor da geracao 20: reg(20) = 9034.011804135356 1336.8333079250206
Melhor da geracao 25: reg(25) = 8756.616705709766 277.3950984255898
Melhor da geracao 26: reg(26) = 8748.327722034759 8.28898367500733
Melhor da geracao 28: reg(28) = 8140.1961749246175 608.1315471101416
Melhor da geracao 29: reg(29) = 7921.6403597132485 218.555815211369
Melhor da geracao 30: reg(30) = 7231.129597629715 690.5107620835333
Melhor da geracao 35: reg(35) = 7095.988205979828 135.14139164988683
Melhor da geracao 38: reg(38) = 7018.692024639772 77.29618134005614
Melhor da geracao 39: reg(39) = 6824.2657164465645 194.42630819320766
Melhor da geracao 40: reg(40) = 6456.578463125884 367.6872533206806
Melhor da geracao 41: reg(41) = 6157.636409631958 298.9420534939263
Melhor da geracao 42: reg(42) = 6097.443542640182 60.19286699177519
Melhor da geracao 44: reg(44) = 5942.400351148289 155.0431914918936
Melhor da geracao 46: reg(46) = 5739.21797488093 203.18237626735845
Melhor da geracao 47: reg(47) = 5734.95068089808 4.267293982850788
Melhor da geracao 49: reg(49) = 5576.098016708032 158.8526641900471
Melhor da geracao 50: reg(50) = 5560.761060082143 15.336956625889798
Melhor da geracao 51: reg(51) = 5525.21481771595 35.54624236619293
Melhor da geracao 52: reg(52) = 5397.6130088346 127.60180888134983
Melhor da geracao 53: reg(53) = 5127.893347048675 269.7196617859245
Melhor da geracao 59: reg(59) = 4991.562269059473 136.33107798920264
Melhor da geracao 60: reg(60) = 4870.850799222086 120.71146983738709
Melhor da geracao 61: reg(61) = 4416.1391440303005 454.7116551917852
Melhor da geracao 70: reg(70) = 4276.403285858972 139.7358581713288
Melhor da geracao 74: reg(74) = 4165.4903882144745 110.9128976444972
Melhor da geracao 78: reg(78) = 4099.766310204734 65.72407800974088
Melhor da geracao 79: reg(79) = 4009.5946983502913 90.17161185444229
Melhor da geracao 81: reg(81) = 3830.7994001909115 178.79529815937985
Melhor da geracao 87: reg(87) = 3769.230844948768 61.56855524214325
Melhor da geracao 89: reg(89) = 3411.456624405364 357.7742205434042
Melhor da geracao 101: reg(101) = 3372.6533293893276 38.80329501603637
Melhor da geracao 103: reg(103) = 3360.5889455940433 12.064383795284357
Melhor da geracao 113: reg(113) = 3356.108632576775 4.480313017268145
Melhor da geracao 114: reg(114) = 3280.293173972375 75.81545860440019
Melhor da geracao 115: reg(115) = 3230.9052007259343 49.38797324644065
Melhor da geracao 116: reg(116) = 3183.8627345903687 47.04246613556552
Melhor da geracao 119: reg(119) = 3182.5161029595697 1.3466316307990382
Melhor da geracao 120: reg(120) = 3143.427317937823 39.088785021746844
Melhor da geracao 121: reg(121) = 3068.2735795928284 75.15373834499451
Melhor da geracao 126: reg(126) = 2962.235759421147 106.03782017168123
Melhor da geracao 129: reg(129) = 2952.9018659346343 9.333893486512807
Melhor da geracao 134: reg(134) = 2833.942514502049 118.95935143258521
Melhor da geracao 141: reg(141) = 2766.4569241874674 67.48559031458171
Melhor da geracao 144: reg(144) = 2712.218729655162 54.23819453230544
Melhor da geracao 145: reg(145) = 2630.0787610879306 82.13996856723134
Melhor da geracao 149: reg(149) = 2539.2781856900897 90.80057539784093
Melhor da geracao 159: reg(159) = 2449.8554269383494 89.42275875174028
Melhor da geracao 177: reg(177) = 2405.9789115887415 43.87651534960787
Melhor da geracao 186: reg(186) = 2404.4463414138872 1.5325701748542997
Melhor da geracao 199: reg(199) = 2282.6887722530987 121.75756916078853
Melhor da geracao 203: reg(203) = 2259.10230569224 23.586466560858753
Melhor da geracao 213: reg(213) = 2190.2300859244433 68.87221976779665
Melhor da geracao 224: reg(224) = 2187.8905022747335 2.339583649709766
Melhor da geracao 233: reg(233) = 2182.502988717847 5.387513556886461
Melhor da geracao 238: reg(238) = 2166.699806491798 15.803182226049103
Melhor da geracao 240: reg(240) = 2164.1978287761726 2.501977715625344
Melhor da geracao 241: reg(241) = 2152.686850478966 11.510978297206748
Melhor da geracao 242: reg(242) = 2132.205828219144 20.481022259821657
Melhor da geracao 244: reg(244) = 2106.8553783182824 25.350449900861804
Melhor da geracao 252: reg(252) = 2076.910826394991 29.94455192329133
Melhor da geracao 258: reg(258) = 2062.2156202574424 14.695206137548666
Melhor da geracao 262: reg(262) = 1990.4935452739148 71.72207498352759
Melhor da geracao 279: reg(279) = 1960.378146949059 30.115398324855732
Melhor da geracao 285: reg(285) = 1890.8323277237685 69.54581922529064
Melhor da geracao 301: reg(301) = 1883.1893357123931 7.642992011375327
Melhor da geracao 317: reg(317) = 1875.7291445458388 7.460191166554296
Melhor da geracao 331: reg(331) = 1825.5274102247852 50.201734321053664
Melhor da geracao 344: reg(344) = 1785.918725092321 39.60868513246419
Melhor da geracao 346: reg(346) = 1773.1143314372637 12.80439365505731
Melhor da geracao 351: reg(351) = 1755.6628548813953 17.45147655586834
Melhor da geracao 381: reg(381) = 1729.172760263839 26.490094617556224
Melhor da geracao 404: reg(404) = 1686.1604107250196 43.012349538819535
Melhor da geracao 415: reg(415) = 1684.8131969325684 1.3472137924511571
Melhor da geracao 424: reg(424) = 1671.8413581765435 12.971838756024908
Melhor da geracao 438: reg(438) = 1607.6967429372107 64.14461523933278
Melhor da geracao 448: reg(448) = 1607.0909224558218 0.6058204813889461
Melhor da geracao 487: reg(487) = 1605.9600433296766 1.130879126145146
Melhor da geracao 493: reg(493) = 1603.8746540449415 2.085389284735129
Melhor da geracao 505: reg(505) = 1602.3650407579755 1.5096132869659868
Melhor da geracao 511: reg(511) = 1596.0703853035961 6.294655454379381
Melhor da geracao 513: reg(513) = 1593.4312724189792 2.6391128846169067
Melhor da geracao 516: reg(516) = 1574.0560760462474 19.375196372731807
Melhor da geracao 521: reg(521) = 1568.843856126222 5.212219920025518
Melhor da geracao 533: reg(533) = 1562.6082302424588 6.235625883763078
Melhor da geracao 550: reg(550) = 1555.8946700845881 6.713560157870688
Melhor da geracao 554: reg(554) = 1546.8628630605122 9.031807024075988
Melhor da geracao 564: reg(564) = 1545.5782333465065 1.2846297140056322
Melhor da geracao 571: reg(571) = 1524.3909288164607 21.18730453004582
Melhor da geracao 583: reg(583) = 1513.8752250154625 10.515703800998153
Melhor da geracao 586: reg(586) = 1505.4926384853677 8.38258653009484
Melhor da geracao 588: reg(588) = 1493.3009699021072 12.19166858326048
Melhor da geracao 611: reg(611) = 1475.8062236134456 17.494746288661645
Melhor da geracao 652: reg(652) = 1470.2641173262361 5.542106287209435
Melhor da geracao 657: reg(657) = 1450.8593949262722 19.40472239996393
Melhor da geracao 661: reg(661) = 1449.8118709899006 1.04752393637159
Melhor da geracao 668: reg(668) = 1437.9954995333167 11.816371456583965
Melhor da geracao 680: reg(680) = 1430.2654052961664 7.730094237150297
Melhor da geracao 685: reg(685) = 1426.4453000494068 3.8201052467595673
Melhor da geracao 725: reg(725) = 1419.1925649893906 7.252735060016221
Melhor da geracao 728: reg(728) = 1410.1069846154855 9.085580373905032
Melhor da geracao 729: reg(729) = 1398.964354408168 11.142630207317552
Melhor da geracao 745: reg(745) = 1372.1846444384964 26.779709969671558
Melhor da geracao 773: reg(773) = 1371.6211916248565 0.5634528136399695
Melhor da geracao 813: reg(813) = 1361.9014737834766 9.719717841379861
Melhor da geracao 826: reg(826) = 1353.3462025736717 8.555271209804914
Melhor da geracao 847: reg(847) = 1336.7078624270325 16.638340146639166
Melhor da geracao 901: reg(901) = 1291.2395509551257 45.46831147190687
Melhor da geracao 981: reg(981) = 1284.561827916284 6.677723038841577
Melhor da geracao 1016: reg(1016) = 1268.4599860382352 16.101841878048845
Melhor da geracao 1072: reg(1072) = 1267.1589822654319 1.3010037728033694
Melhor da geracao 1079: reg(1079) = 1261.470361435126 5.688620830305808
Melhor da geracao 1089: reg(1089) = 1237.7618835936182 23.70847784150783
Melhor da geracao 1156: reg(1156) = 1232.2327671743542 5.529116419264028
Melhor da geracao 1194: reg(1194) = 1231.061627727499 1.1711394468552498
Melhor da geracao 1201: reg(1201) = 1226.7125670670966 4.349060660402301
Melhor da geracao 1209: reg(1209) = 1210.8309827016944 15.881584365402205
Melhor da geracao 1282: reg(1282) = 1197.6443952985878 13.186587403106614
Melhor da geracao 1295: reg(1295) = 1193.4205538116255 4.223841486962328
Melhor da geracao 1374: reg(1374) = 1192.0956853346672 1.3248684769582724
Melhor da geracao 1383: reg(1383) = 1177.9544060308642 14.141279303803003
Melhor da geracao 1457: reg(1457) = 1171.7252019975524 6.229204033311817
Melhor da geracao 1463: reg(1463) = 1162.5953874940735 9.129814503478883
Melhor da geracao 1583: reg(1583) = 1156.376431031593 6.218956462480492
Melhor da geracao 1592: reg(1592) = 1153.2875494043656 3.0888816272274653
Melhor da geracao 1647: reg(1647) = 1147.2926560044941 5.994893399871444
Melhor da geracao 1655: reg(1655) = 1142.7996475812354 4.493008423258743
Melhor da geracao 1718: reg(1718) = 1141.3790267900993 1.4206207911361162
Melhor da geracao 1761: reg(1761) = 1138.6788077824704 2.7002190076289025
Melhor da geracao 1807: reg(1807) = 1136.042373003201 2.6364347792693934
Melhor da geracao 1809: reg(1809) = 1125.2204329189822 10.821940084218795
Melhor da geracao 1887: reg(1887) = 1123.1787155226425 2.0417173963396635
Melhor da geracao 1908: reg(1908) = 1120.129222637336 3.049492885306563
Melhor da geracao 2021: reg(2021) = 1119.6196654633732 0.5095571739627758
Melhor da geracao 2055: reg(2055) = 1110.8322059902669 8.78745947310631
Melhor da geracao 2077: reg(2077) = 1098.2215507815165 12.610655208750359
Melhor da geracao 2234: reg(2234) = 1094.4936029595926 3.7279478219238626
Melhor da geracao 2256: reg(2256) = 1092.3826892763168 2.1109136832758395
Melhor da geracao 2341: reg(2341) = 1091.5241376988658 0.8585515774509531
Melhor da geracao 2358: reg(2358) = 1084.2581276660876 7.26601003277824
Melhor da geracao 2593: reg(2593) = 1084.218859225506 0.03926844058150891
Melhor da geracao 2615: reg(2615) = 1083.210809259161 1.0080499663451974
Melhor da geracao 2644: reg(2644) = 1078.6085268238296 4.60228243533129
Melhor da geracao 2658: reg(2658) = 1070.41064768453 8.19787913929963
Melhor da geracao 2848: reg(2848) = 1069.4864871870795 0.9241604974504298
Melhor da geracao 2915: reg(2915) = 1067.7653666126514 1.7211205744281415
Melhor da geracao 3036: reg(3036) = 1067.7277140070078 0.037652605643643255
Melhor da geracao 3046: reg(3046) = 1067.188932878502 0.5387811285056614
Melhor da geracao 3047: reg(3047) = 1060.6191095381298 6.569823340372295
Melhor da geracao 3144: reg(3144) = 1060.0348951399276 0.5842143982022208
Melhor da geracao 3187: reg(3187) = 1052.2807349575357 7.754160182391843
Melhor da geracao 3250: reg(3250) = 1051.5574253623827 0.7233095951530686
Melhor da geracao 3265: reg(3265) = 1050.5012063294196 1.0562190329630994
Melhor da geracao 3291: reg(3291) = 1050.3266516263536 0.1745547030659509
Melhor da geracao 3309: reg(3309) = 1050.2804944721133 0.046157154240290765
Melhor da geracao 3311: reg(3311) = 1048.6458885834993 1.6346058886140327
Melhor da geracao 3312: reg(3312) = 1041.10627960103 7.53960898246919
Melhor da geracao 3512: reg(3512) = 1039.6898846130227 1.4163949880073687
Melhor da geracao 3546: reg(3546) = 1039.5288421787448 0.16104243427798792
Melhor da geracao 3602: reg(3602) = 1036.8469882960906 2.6818538826541953
Melhor da geracao 3635: reg(3635) = 1034.7494961169723 2.0974921791182624
Melhor da geracao 3724: reg(3724) = 1030.521097982021 4.228398134951249
Melhor da geracao 3734: reg(3734) = 1026.9591740890821 3.561923892938921
Melhor da geracao 3959: reg(3959) = 1026.2473929923108 0.7117810967713467
Melhor da geracao 4050: reg(4050) = 1025.8553521274832 0.39204086482754974
Melhor da geracao 4165: reg(4165) = 1024.1935647296655 1.6617873978177613
Melhor da geracao 4184: reg(4184) = 1023.2336962438955 0.9598684857700164
Melhor da geracao 4251: reg(4251) = 1023.0105493523439 0.22314689155155065
Melhor da geracao 4258: reg(4258) = 1020.8251299491342 2.185419403209721
Melhor da geracao 4390: reg(4390) = 1020.1636244199246 0.6615055292095349
Melhor da geracao 4461: reg(4461) = 1020.0897587692197 0.07386565070498818
Melhor da geracao 4475: reg(4475) = 1019.8403069436447 0.24945182557496537
Melhor da geracao 4498: reg(4498) = 1019.6984934075984 0.14181353604624292
Melhor da geracao 4527: reg(4527) = 1018.6814401536947 1.0170532539037822
Melhor da geracao 4549: reg(4549) = 1018.0396213721588 0.6418187815359033
Melhor da geracao 4603: reg(4603) = 1015.3275089016831 2.712112470475631
Melhor da geracao 4724: reg(4724) = 1015.1338611148615 0.19364778682165706
Melhor da geracao 4778: reg(4778) = 1014.8098011304827 0.3240599843787777
Melhor da geracao 4890: reg(4890) = 1014.0777837523435 0.7320173781391759
Melhor da geracao 4905: reg(4905) = 1012.9388385048529 1.1389452474905966
Melhor da geracao 5065: reg(5065) = 1011.2648855815848 1.6739529232680752
Melhor da geracao 5185: reg(5185) = 1008.1282594418 3.1366261397848803
Melhor da geracao 5288: reg(5288) = 1007.8455298487354 0.28272959306457324
Melhor da geracao 5413: reg(5413) = 1006.1633600812656 1.6821697674697589
RUN DE_71s__0t0 1/1: Menor  custo  final é 1006.1633600812656
---26/11 17:03:23-----------------------------------------------------
reg(objetivo): 1006.1633600812656
RMSE: 390.76559544913783
MAE: 21.80271011858036
GEH: 2.4102950061413466
pGEH5: 0.8873239436619719
R2Links: 0.9602231533944163
R2Odm: 0.2881903399562073
------------------------------------------------------ ´p=532

ALERT: Salvando última MOD resposta. Não a melhor.
Fitness final (reg) = 1006.1633600812656
