--candidateId=57
--directory=C:\Users\Pc\Desktop\irace2018\irace\execDir
--algorithm=DE
--fitnessFunction=reg
--populationSize=408
--crossoverProbability=0.541
--differentialWeight=0.232
26/11, 17:03:23
[HookRun] Parameters used:
--directory=execDir
--algorithm=DE
--fitnessFunction=reg
--candidateId=57
--populationSize=408
--maxEvaluations=0
--crossoverProbability=0.541
--differentialWeight=0.232

Teste Curitiba!
OK: Recuperou objeto ODMatrix de 'cwb odmatrix.dat'!

OK: Recuperou objeto VirtualSensors de 'cwb virt sen.dat'!

OK: Mudando teste para rede fechada...
ATENCAO: arestasSensor reduzidas para 71, por ser numero maximo de sensores da rede cadastrada.
PROC: Preparando para iniciar DE_71s__0t0... 26/11, 17:03:24
ERROR: Não há registros de viagens para recuperar! (ODmatrix.calcMatrixClust)
INFO: Return antecipado, n=arestasSensorGAMM=71 e t=tempoPrioriGAMM=0; mov.lenght=71 (VirtualSensors.gerArestaMaisMovimentadasIndex)
INFO: descobrirODparIndArestaMaisMov = 1074 casos! - 191/900 pares O-D cobertos
INFO: Existem 1073 relações Prob_OD_aresta!
OK: Iniciando DE com 1 runs! Population size: 408
Generations: 7352
OD =900
Sensores=71
DE_71s__0t0; 26/11, 17:03:24
STATS: Desvio fluxos: Min. -1394,701333; Mean. 208,459149; Max. 3693,739242; p5 -1208,921177; p20 -488,841334; p35 -211,550916; p50 -5,064219; p65 402,078495; p80 894,335346; p95 1959,524413; 
RUN DE_71s__0t0 1/1: Menor custo inicial é 25988.24527869724(RMSE: 511.3322407370027; MAE: 26.053838631342902; GEH: 15.495499953786005) id do melhor indivíduo=50
Melhor da geracao 0: reg(0) = 20880.332956284397 5107.912322412842
Melhor da geracao 2: reg(2) = 20210.245537667237 670.0874186171604
Melhor da geracao 3: reg(3) = 18078.766977902425 2131.4785597648115
Melhor da geracao 8: reg(8) = 17530.31318407055 548.4537938318754
Melhor da geracao 9: reg(9) = 16158.197910076557 1372.1152739939935
Melhor da geracao 10: reg(10) = 14871.226880926859 1286.9710291496976
Melhor da geracao 13: reg(13) = 14601.995908951447 269.2309719754121
Melhor da geracao 14: reg(14) = 12586.90795194721 2015.0879570042362
Melhor da geracao 18: reg(18) = 11773.08125753331 813.8266944139014
Melhor da geracao 21: reg(21) = 11113.357501685028 659.7237558482811
Melhor da geracao 23: reg(23) = 10053.236153748003 1060.1213479370253
Melhor da geracao 25: reg(25) = 9901.99764370111 151.23851004689277
Melhor da geracao 26: reg(26) = 8951.78314076746 950.2145029336498
Melhor da geracao 28: reg(28) = 8673.439698719261 278.343442048199
Melhor da geracao 29: reg(29) = 8207.707963806555 465.7317349127061
Melhor da geracao 36: reg(36) = 7855.821165720474 351.8867980860814
Melhor da geracao 37: reg(37) = 7649.010789413374 206.81037630709943
Melhor da geracao 39: reg(39) = 7218.686681330891 430.3241080824837
Melhor da geracao 41: reg(41) = 7159.515021227625 59.17166010326582
Melhor da geracao 42: reg(42) = 6919.574542994025 239.9404782335996
Melhor da geracao 43: reg(43) = 6261.030579743113 658.5439632509124
Melhor da geracao 50: reg(50) = 5909.2186216153295 351.8119581277833
Melhor da geracao 51: reg(51) = 5447.415827050734 461.8027945645954
Melhor da geracao 60: reg(60) = 4955.634119301029 491.78170774970476
Melhor da geracao 71: reg(71) = 4917.327332933111 38.306786367917994
Melhor da geracao 73: reg(73) = 4798.810089747156 118.51724318595552
Melhor da geracao 74: reg(74) = 4645.729942262528 153.08014748462756
Melhor da geracao 79: reg(79) = 4617.5339389798155 28.19600328271281
Melhor da geracao 80: reg(80) = 4582.684556947871 34.849382031944515
Melhor da geracao 81: reg(81) = 4363.62073681583 219.06382013204075
Melhor da geracao 82: reg(82) = 4285.206703721621 78.41403309420912
Melhor da geracao 87: reg(87) = 3947.680965193442 337.5257385281793
Melhor da geracao 95: reg(95) = 3932.53369936664 15.147265826801686
Melhor da geracao 96: reg(96) = 3688.4879102832115 244.04578908342864
Melhor da geracao 101: reg(101) = 3558.645474168479 129.84243611473266
Melhor da geracao 113: reg(113) = 3442.358310279917 116.28716388856174
Melhor da geracao 118: reg(118) = 3440.234705894519 2.1236043853982665
Melhor da geracao 122: reg(122) = 3279.557295001913 160.67741089260562
Melhor da geracao 137: reg(137) = 3231.2420848117113 48.315210190201924
Melhor da geracao 149: reg(149) = 3145.8931088065146 85.34897600519662
Melhor da geracao 153: reg(153) = 3012.402381132732 133.49072767378266
Melhor da geracao 155: reg(155) = 2936.0188238408527 76.38355729187924
Melhor da geracao 169: reg(169) = 2907.1069139118867 28.911909928965997
Melhor da geracao 173: reg(173) = 2904.4901467253303 2.6167671865564444
Melhor da geracao 177: reg(177) = 2837.11178077906 67.37836594627015
Melhor da geracao 180: reg(180) = 2787.8255089976487 49.286271781411415
Melhor da geracao 182: reg(182) = 2733.9516004165757 53.87390858107301
Melhor da geracao 186: reg(186) = 2733.863910165415 0.08769025116089324
Melhor da geracao 188: reg(188) = 2723.618757115722 10.245153049692817
Melhor da geracao 192: reg(192) = 2706.906040684674 16.712716431048193
Melhor da geracao 196: reg(196) = 2704.3975516218634 2.5084890628104404
Melhor da geracao 197: reg(197) = 2696.096845348079 8.300706273784272
Melhor da geracao 202: reg(202) = 2592.2375436146244 103.85930173345469
Melhor da geracao 209: reg(209) = 2586.4310931275836 5.80645048704082
Melhor da geracao 216: reg(216) = 2416.2806675972874 170.15042553029616
Melhor da geracao 232: reg(232) = 2414.58479211554 1.6958754817474073
Melhor da geracao 244: reg(244) = 2360.321015641372 54.263776474168026
Melhor da geracao 253: reg(253) = 2313.4194379817254 46.90157765964659
Melhor da geracao 269: reg(269) = 2275.0633341654134 38.35610381631204
Melhor da geracao 276: reg(276) = 2248.6723955004877 26.39093866492567
Melhor da geracao 278: reg(278) = 2225.6957219505825 22.976673549905172
Melhor da geracao 282: reg(282) = 2076.23877725685 149.45694469373257
Melhor da geracao 319: reg(319) = 2068.5070842841233 7.731692972726705
Melhor da geracao 320: reg(320) = 2028.1666533865948 40.34043089752845
Melhor da geracao 324: reg(324) = 1968.2583161046023 59.908337281992544
Melhor da geracao 341: reg(341) = 1956.3379502477121 11.920365856890157
Melhor da geracao 354: reg(354) = 1936.4856746461749 19.852275601537258
Melhor da geracao 369: reg(369) = 1910.0844588250013 26.401215821173537
Melhor da geracao 374: reg(374) = 1908.5351201650458 1.5493386599555379
Melhor da geracao 400: reg(400) = 1884.8880873700602 23.647032794985535
Melhor da geracao 408: reg(408) = 1857.3159656014693 27.572121768590932
Melhor da geracao 409: reg(409) = 1847.9860894996673 9.329876101802029
Melhor da geracao 416: reg(416) = 1846.5693599470133 1.4167295526540329
Melhor da geracao 424: reg(424) = 1820.2597905094572 26.309569437556092
Melhor da geracao 441: reg(441) = 1780.0734182345452 40.186372274911946
Melhor da geracao 465: reg(465) = 1749.8625264139032 30.21089182064202
Melhor da geracao 473: reg(473) = 1747.255873846146 2.606652567757237
Melhor da geracao 482: reg(482) = 1744.1512567764985 3.1046170696474746
Melhor da geracao 484: reg(484) = 1722.07575772557 22.075499050928556
Melhor da geracao 490: reg(490) = 1711.775310363898 10.300447361672013
Melhor da geracao 515: reg(515) = 1696.9239118001447 14.851398563753264
Melhor da geracao 533: reg(533) = 1658.5437182519872 38.38019354815742
Melhor da geracao 544: reg(544) = 1657.0880936250705 1.4556246269166877
Melhor da geracao 559: reg(559) = 1619.5699354251867 37.51815819988383
Melhor da geracao 630: reg(630) = 1571.9645856560485 47.60534976913823
Melhor da geracao 663: reg(663) = 1555.7320594046982 16.232526251350237
Melhor da geracao 671: reg(671) = 1534.9443055007175 20.78775390398073
Melhor da geracao 684: reg(684) = 1529.7261264664228 5.218179034294735
Melhor da geracao 709: reg(709) = 1525.3685175203007 4.357608946122127
Melhor da geracao 726: reg(726) = 1520.3466097759874 5.021907744313239
Melhor da geracao 751: reg(751) = 1513.3592118074428 6.987397968544656
Melhor da geracao 764: reg(764) = 1510.7442389200164 2.6149728874263474
Melhor da geracao 797: reg(797) = 1479.7256532419003 31.018585678116096
Melhor da geracao 816: reg(816) = 1472.4048246190753 7.320828622825047
Melhor da geracao 837: reg(837) = 1450.1431281926584 22.261696426416847
Melhor da geracao 900: reg(900) = 1415.9896527295484 34.15347546311
Melhor da geracao 918: reg(918) = 1382.3093212340166 33.680331495531846
Melhor da geracao 1038: reg(1038) = 1375.4633162610878 6.8460049729287675
Melhor da geracao 1119: reg(1119) = 1356.0743006002717 19.389015660816085
Melhor da geracao 1209: reg(1209) = 1354.1521509326121 1.9221496676595962
Melhor da geracao 1226: reg(1226) = 1342.3245132759266 11.82763765668551
Melhor da geracao 1317: reg(1317) = 1311.2029825711952 31.121530704731413
Melhor da geracao 1391: reg(1391) = 1306.5206299052838 4.682352665911367
Melhor da geracao 1506: reg(1506) = 1278.515092101065 28.005537804218875
Melhor da geracao 1602: reg(1602) = 1276.036705336653 2.47838676441188
Melhor da geracao 1685: reg(1685) = 1275.8568953080082 0.17981002864485163
Melhor da geracao 1748: reg(1748) = 1256.158565927393 19.698329380615178
Melhor da geracao 1791: reg(1791) = 1255.653093959039 0.5054719683539588
Melhor da geracao 1807: reg(1807) = 1247.565312733599 8.08778122544004
Melhor da geracao 1830: reg(1830) = 1245.051893821523 2.5134189120760766
Melhor da geracao 1845: reg(1845) = 1226.1883036510176 18.863590170505404
Melhor da geracao 1854: reg(1854) = 1225.2963189169068 0.8919847341107925
Melhor da geracao 1955: reg(1955) = 1212.3463882978729 12.949930619033921
Melhor da geracao 2028: reg(2028) = 1208.6709881834925 3.675400114380409
Melhor da geracao 2192: reg(2192) = 1206.2526709182653 2.418317265227188
Melhor da geracao 2263: reg(2263) = 1197.429627722808 8.82304319545733
Melhor da geracao 2276: reg(2276) = 1194.565300177523 2.864327545284823
Melhor da geracao 2373: reg(2373) = 1194.3559451171466 0.20935506037653795
Melhor da geracao 2435: reg(2435) = 1190.2409975415485 4.11494757559808
Melhor da geracao 2516: reg(2516) = 1179.1247723478646 11.116225193683931
Melhor da geracao 2727: reg(2727) = 1168.6337150819263 10.491057265938252
Melhor da geracao 2792: reg(2792) = 1168.5556959637606 0.07801911816568463
Melhor da geracao 2857: reg(2857) = 1166.1532575653853 2.4024383983753523
Melhor da geracao 2885: reg(2885) = 1162.4454580602662 3.7077995051190555
Melhor da geracao 2896: reg(2896) = 1151.047682862051 11.397775198215186
Melhor da geracao 2919: reg(2919) = 1144.9954518773943 6.052230984656717
Melhor da geracao 3185: reg(3185) = 1140.9383779989926 4.057073878401752
Melhor da geracao 3302: reg(3302) = 1120.7010487573898 20.237329241602765
Melhor da geracao 3651: reg(3651) = 1112.8710831071282 7.829965650261556
Melhor da geracao 4108: reg(4108) = 1110.069489203782 2.801593903346202
Melhor da geracao 4133: reg(4133) = 1105.1965546189099 4.872934584872155
Melhor da geracao 4275: reg(4275) = 1098.5035932881615 6.692961330748403
Melhor da geracao 4440: reg(4440) = 1098.105041205257 0.39855208290441624
Melhor da geracao 4473: reg(4473) = 1096.503792130512 1.6012490747450556
Melhor da geracao 4511: reg(4511) = 1094.0152730548978 2.4885190756142492
Melhor da geracao 4617: reg(4617) = 1093.495505981328 0.5197670735697102
Melhor da geracao 4619: reg(4619) = 1087.964556998851 5.530948982476957
Melhor da geracao 4666: reg(4666) = 1085.9785989434656 1.9859580553854812
Melhor da geracao 4770: reg(4770) = 1082.9655914271768 3.0130075162887806
Melhor da geracao 4837: reg(4837) = 1080.3454928387532 2.620098588423616
Melhor da geracao 4849: reg(4849) = 1079.2098187752667 1.1356740634864764
Melhor da geracao 4858: reg(4858) = 1072.6184853691373 6.591333406129479
Melhor da geracao 4976: reg(4976) = 1072.1950476105653 0.4234377585719358
Melhor da geracao 5099: reg(5099) = 1060.4455948177801 11.749452792785178
Melhor da geracao 5268: reg(5268) = 1058.7646632820374 1.6809315357427295
Melhor da geracao 5585: reg(5585) = 1055.2025495046348 3.562113777402601
Melhor da geracao 5986: reg(5986) = 1054.6037821413158 0.5987673633189843
Melhor da geracao 6048: reg(6048) = 1053.9885100765182 0.6152720647976366
Melhor da geracao 6117: reg(6117) = 1051.3412827835361 2.647227292982052
Melhor da geracao 6165: reg(6165) = 1050.3178305330355 1.023452250500668
Melhor da geracao 6203: reg(6203) = 1050.066664940489 0.2511655925463856
Melhor da geracao 6316: reg(6316) = 1043.1408626465798 6.925802293909328
Melhor da geracao 6668: reg(6668) = 1038.0638449373923 5.07701770918743
Melhor da geracao 7135: reg(7135) = 1034.5380887861538 3.525756151238511
Melhor da geracao 7297: reg(7297) = 1033.6864214251952 0.8516673609585723
Melhor da geracao 7305: reg(7305) = 1029.3082216659393 4.378199759255949
RUN DE_71s__0t0 1/1: Menor  custo  final é 1029.3082216659393
---26/11 17:04:55-----------------------------------------------------
reg(objetivo): 1029.3082216659393
RMSE: 441.0395266883163
MAE: 22.337585738238463
GEH: 2.4878578452982736
pGEH5: 0.8873239436619719
R2Links: 0.9595048756467061
R2Odm: 0.2609617088396533
------------------------------------------------------ ´p=249

ALERT: Salvando última MOD resposta. Não a melhor.
Fitness final (reg) = 1029.3082216659393
