--candidateId=59
--directory=C:\Users\Pc\Desktop\irace2018\irace\execDir
--algorithm=DE
--fitnessFunction=reg
--populationSize=468
--crossoverProbability=0.536
--differentialWeight=0.25
26/11, 17:00:19
[HookRun] Parameters used:
--directory=execDir
--algorithm=DE
--fitnessFunction=reg
--candidateId=59
--populationSize=468
--maxEvaluations=0
--crossoverProbability=0.536
--differentialWeight=0.25

Teste Curitiba!
OK: Recuperou objeto ODMatrix de 'cwb odmatrix.dat'!

OK: Recuperou objeto VirtualSensors de 'cwb virt sen.dat'!

OK: Mudando teste para rede fechada...
ATENCAO: arestasSensor reduzidas para 71, por ser numero maximo de sensores da rede cadastrada.
PROC: Preparando para iniciar DE_71s__0t0... 26/11, 17:00:19
ERROR: Não há registros de viagens para recuperar! (ODmatrix.calcMatrixClust)
INFO: Return antecipado, n=arestasSensorGAMM=71 e t=tempoPrioriGAMM=0; mov.lenght=71 (VirtualSensors.gerArestaMaisMovimentadasIndex)
INFO: descobrirODparIndArestaMaisMov = 1074 casos! - 191/900 pares O-D cobertos
INFO: Existem 1073 relações Prob_OD_aresta!
OK: Iniciando DE com 1 runs! Population size: 468
Generations: 6410
OD =900
Sensores=71
DE_71s__0t0; 26/11, 17:00:19
STATS: Desvio fluxos: Min. -1383,64271; Mean. 373,586148; Max. 4942,802408; p5 -1065,827301; p20 -453,217088; p35 -213,818482; p50 3,430555; p65 442,777009; p80 1354,280034; p95 2398,990785; 
RUN DE_71s__0t0 1/1: Menor custo inicial é 22373.638286168425(RMSE: 397.0163016963922; MAE: 21.55732301013796; GEH: 14.480578594794343) id do melhor indivíduo=12
Melhor da geracao 0: reg(0) = 20066.017929088397 2307.620357080028
Melhor da geracao 1: reg(1) = 17575.877554404546 2490.1403746838514
Melhor da geracao 5: reg(5) = 15495.948224251872 2079.929330152674
Melhor da geracao 6: reg(6) = 13748.4344409148 1747.5137833370718
Melhor da geracao 15: reg(15) = 11814.135854000351 1934.2985869144486
Melhor da geracao 19: reg(19) = 11694.672124119967 119.46372988038456
Melhor da geracao 20: reg(20) = 11503.796899469333 190.87522465063375
Melhor da geracao 23: reg(23) = 11243.492220803724 260.30467866560866
Melhor da geracao 24: reg(24) = 11043.841777618536 199.65044318518812
Melhor da geracao 25: reg(25) = 10070.862054271358 972.9797233471782
Melhor da geracao 26: reg(26) = 9599.709851544463 471.15220272689476
Melhor da geracao 27: reg(27) = 9306.236800104634 293.47305143982885
Melhor da geracao 29: reg(29) = 8786.429904175147 519.8068959294869
Melhor da geracao 31: reg(31) = 8660.443254559197 125.98664961595023
Melhor da geracao 33: reg(33) = 8055.719373552532 604.7238810066656
Melhor da geracao 36: reg(36) = 7650.421128230802 405.29824532172915
Melhor da geracao 38: reg(38) = 7494.639824207683 155.78130402311945
Melhor da geracao 42: reg(42) = 7287.408466988471 207.23135721921153
Melhor da geracao 44: reg(44) = 6956.340343429429 331.06812355904276
Melhor da geracao 45: reg(45) = 6911.701595226255 44.638748203173236
Melhor da geracao 46: reg(46) = 6819.385481972771 92.31611325348422
Melhor da geracao 49: reg(49) = 6718.543894844723 100.84158712804856
Melhor da geracao 52: reg(52) = 6253.028433286931 465.51546155779124
Melhor da geracao 53: reg(53) = 5605.896438554227 647.1319947327047
Melhor da geracao 61: reg(61) = 5423.221494013063 182.6749445411633
Melhor da geracao 64: reg(64) = 4906.211889502363 517.0096045107002
Melhor da geracao 71: reg(71) = 4810.992315694737 95.21957380762615
Melhor da geracao 81: reg(81) = 4773.144085491516 37.84823020322074
Melhor da geracao 82: reg(82) = 4589.065100896393 184.07898459512307
Melhor da geracao 83: reg(83) = 4417.500670719219 171.56443017717447
Melhor da geracao 86: reg(86) = 4264.6191290708375 152.88154164838124
Melhor da geracao 92: reg(92) = 4151.890453662352 112.72867540848529
Melhor da geracao 106: reg(106) = 4044.4857773743015 107.40467628805072
Melhor da geracao 113: reg(113) = 3912.7013645149996 131.78441285930194
Melhor da geracao 122: reg(122) = 3873.5536921029848 39.1476724120148
Melhor da geracao 124: reg(124) = 3860.935080857523 12.61861124546158
Melhor da geracao 126: reg(126) = 3811.1104360077843 49.82464484973889
Melhor da geracao 128: reg(128) = 3727.956112091867 83.1543239159173
Melhor da geracao 129: reg(129) = 3617.3084784789094 110.64763361295763
Melhor da geracao 135: reg(135) = 3578.962525844354 38.34595263455549
Melhor da geracao 140: reg(140) = 3430.167799705412 148.79472613894177
Melhor da geracao 141: reg(141) = 3429.2221139913067 0.9456857141053661
Melhor da geracao 147: reg(147) = 3231.4118875977633 197.81022639354342
Melhor da geracao 164: reg(164) = 3188.863241272175 42.54864632558838
Melhor da geracao 176: reg(176) = 3168.002814915563 20.86042635661215
Melhor da geracao 177: reg(177) = 3120.048421270949 47.9543936446139
Melhor da geracao 180: reg(180) = 3075.6439662311686 44.40445503978026
Melhor da geracao 187: reg(187) = 3009.6953469455652 65.9486192856034
Melhor da geracao 189: reg(189) = 2931.155840415161 78.5395065304042
Melhor da geracao 193: reg(193) = 2896.3772944855887 34.778545929572374
Melhor da geracao 199: reg(199) = 2860.2234590833814 36.15383540220728
Melhor da geracao 200: reg(200) = 2724.2033630951014 136.02009598828
Melhor da geracao 225: reg(225) = 2635.747353916661 88.45600917844058
Melhor da geracao 235: reg(235) = 2629.5196132232145 6.2277406934463215
Melhor da geracao 244: reg(244) = 2522.9690863541136 106.55052686910085
Melhor da geracao 257: reg(257) = 2454.8912106579864 68.0778756961272
Melhor da geracao 266: reg(266) = 2447.676872812294 7.214337845692626
Melhor da geracao 276: reg(276) = 2379.70483158106 67.97204123123402
Melhor da geracao 285: reg(285) = 2338.86313409845 40.841697482610016
Melhor da geracao 299: reg(299) = 2313.973294337474 24.889839760975974
Melhor da geracao 305: reg(305) = 2305.269014861208 8.704279476266038
Melhor da geracao 310: reg(310) = 2290.12723023051 15.141784630697657
Melhor da geracao 323: reg(323) = 2219.2542948842715 70.87293534623859
Melhor da geracao 342: reg(342) = 2207.4688217708663 11.78547311340526
Melhor da geracao 346: reg(346) = 2167.6120253922427 39.856796378623585
Melhor da geracao 348: reg(348) = 2117.442250585568 50.16977480667447
Melhor da geracao 391: reg(391) = 2108.8771989732213 8.565051612346906
Melhor da geracao 394: reg(394) = 2050.2740007522457 58.60319822097563
Melhor da geracao 413: reg(413) = 2006.6742003965462 43.59980035569947
Melhor da geracao 416: reg(416) = 1998.2437870202232 8.430413376323031
Melhor da geracao 434: reg(434) = 1985.334119627384 12.909667392839083
Melhor da geracao 456: reg(456) = 1975.3861681375522 9.947951489831894
Melhor da geracao 459: reg(459) = 1968.7453339347967 6.640834202755514
Melhor da geracao 477: reg(477) = 1932.7272198240455 36.018114110751185
Melhor da geracao 481: reg(481) = 1917.6606646807475 15.066555143298046
Melhor da geracao 501: reg(501) = 1895.4927330430858 22.167931637661695
Melhor da geracao 502: reg(502) = 1892.4019544399412 3.0907786031445994
Melhor da geracao 504: reg(504) = 1876.386076716519 16.015877723422136
Melhor da geracao 518: reg(518) = 1844.1985022624062 32.18757445411279
Melhor da geracao 539: reg(539) = 1836.5498346581935 7.648667604212733
Melhor da geracao 541: reg(541) = 1827.1139019079958 9.435932750197708
Melhor da geracao 567: reg(567) = 1772.2309997775924 54.88290213040341
Melhor da geracao 568: reg(568) = 1752.0638609202679 20.167138857324517
Melhor da geracao 600: reg(600) = 1743.0679386089894 8.995922311278491
Melhor da geracao 615: reg(615) = 1733.7648557770374 9.303082831951997
Melhor da geracao 643: reg(643) = 1714.5573724597473 19.207483317290098
Melhor da geracao 648: reg(648) = 1708.7109028275795 5.846469632167782
Melhor da geracao 656: reg(656) = 1707.900633908706 0.8102689188735894
Melhor da geracao 664: reg(664) = 1692.0509070836333 15.849726825072594
Melhor da geracao 691: reg(691) = 1682.6632146093027 9.387692474330606
Melhor da geracao 700: reg(700) = 1635.9543109550773 46.70890365422542
Melhor da geracao 752: reg(752) = 1614.5883359470715 21.365975008005762
Melhor da geracao 771: reg(771) = 1571.3644499293744 43.22388601769717
Melhor da geracao 902: reg(902) = 1538.7334266882015 32.6310232411729
Melhor da geracao 934: reg(934) = 1534.4142109153559 4.3192157728456095
Melhor da geracao 942: reg(942) = 1528.6306498588099 5.783561056545977
Melhor da geracao 946: reg(946) = 1514.9386659287943 13.691983930015567
Melhor da geracao 968: reg(968) = 1503.3719258738515 11.566740054942784
Melhor da geracao 979: reg(979) = 1498.2632403403322 5.108685533519292
Melhor da geracao 1021: reg(1021) = 1489.5802276582292 8.683012682103026
Melhor da geracao 1025: reg(1025) = 1487.862447210975 1.7177804472541993
Melhor da geracao 1068: reg(1068) = 1484.6395233800483 3.222923830926675
Melhor da geracao 1119: reg(1119) = 1469.4276190995242 15.211904280524095
Melhor da geracao 1161: reg(1161) = 1445.0332088278192 24.394410271705055
Melhor da geracao 1162: reg(1162) = 1441.2893806158418 3.7438282119774158
Melhor da geracao 1187: reg(1187) = 1429.4603009477728 11.829079668068971
Melhor da geracao 1227: reg(1227) = 1394.912407655964 34.547893291808805
Melhor da geracao 1247: reg(1247) = 1383.1829848058521 11.72942285011186
Melhor da geracao 1437: reg(1437) = 1374.6429336524066 8.540051153445575
Melhor da geracao 1439: reg(1439) = 1347.046894422869 27.59603922953761
Melhor da geracao 1604: reg(1604) = 1326.6789042322866 20.367990190582304
Melhor da geracao 1650: reg(1650) = 1314.2286656632898 12.450238568996838
Melhor da geracao 1722: reg(1722) = 1285.6759546435972 28.55271101969265
Melhor da geracao 1945: reg(1945) = 1277.340490535932 8.335464107665075
Melhor da geracao 1978: reg(1978) = 1276.1271527570939 1.213337778838195
Melhor da geracao 2001: reg(2001) = 1268.6335012727845 7.493651484309339
Melhor da geracao 2042: reg(2042) = 1263.5614178596152 5.072083413169366
Melhor da geracao 2099: reg(2099) = 1214.8714807051385 48.68993715447664
Melhor da geracao 2239: reg(2239) = 1214.077641536012 0.7938391691266133
Melhor da geracao 2460: reg(2460) = 1212.1371775440853 1.9404639919266629
Melhor da geracao 2617: reg(2617) = 1198.0005901842403 14.136587359844953
Melhor da geracao 2862: reg(2862) = 1190.7090724196814 7.291517764558876
Melhor da geracao 2973: reg(2973) = 1182.3618347715117 8.347237648169767
Melhor da geracao 3226: reg(3226) = 1165.9544201985238 16.40741457298782
Melhor da geracao 3316: reg(3316) = 1157.221806270515 8.73261392800896
Melhor da geracao 4170: reg(4170) = 1153.9306874920264 3.2911187784884532
Melhor da geracao 4184: reg(4184) = 1149.246883623159 4.6838038688674715
Melhor da geracao 4216: reg(4216) = 1141.3505376720705 7.896345951088506
Melhor da geracao 4234: reg(4234) = 1140.3958682995851 0.9546693724853412
Melhor da geracao 4329: reg(4329) = 1128.1916780275112 12.204190272073902
Melhor da geracao 4687: reg(4687) = 1127.6521799510047 0.5394980765065611
Melhor da geracao 4748: reg(4748) = 1119.9034455525702 7.748734398434408
Melhor da geracao 5270: reg(5270) = 1113.361447339544 6.541998213026318
Melhor da geracao 5368: reg(5368) = 1113.0253344833486 0.3361128561953137
Melhor da geracao 5474: reg(5474) = 1100.1870333206298 12.838301162718835
Melhor da geracao 5930: reg(5930) = 1097.927015745297 2.2600175753327676
Melhor da geracao 5960: reg(5960) = 1092.6865559208102 5.240459824486834
Melhor da geracao 5981: reg(5981) = 1085.7116069158167 6.974949004993505
Melhor da geracao 6030: reg(6030) = 1083.3977209769432 2.3138859388734545
RUN DE_71s__0t0 1/1: Menor  custo  final é 1083.3977209769432
---26/11 17:01:55-----------------------------------------------------
reg(objetivo): 1083.3977209769432
RMSE: 572.9154881301449
MAE: 24.251376209513975
GEH: 2.6102925729529223
pGEH5: 0.8873239436619719
R2Links: 0.9581063266974171
R2Odm: 0.15226207335870912
------------------------------------------------------ ´p=7

ALERT: Salvando última MOD resposta. Não a melhor.
Fitness final (reg) = 1083.3977209769432
