--candidateId=61
--directory=C:\Users\Pc\Desktop\irace2018\irace\execDir
--algorithm=DE
--fitnessFunction=reg
--populationSize=355
--crossoverProbability=0.534
--differentialWeight=0.245
26/11, 17:03:26
[HookRun] Parameters used:
--directory=execDir
--algorithm=DE
--fitnessFunction=reg
--candidateId=61
--populationSize=355
--maxEvaluations=0
--crossoverProbability=0.534
--differentialWeight=0.245

Teste Curitiba!
OK: Recuperou objeto ODMatrix de 'cwb odmatrix.dat'!

OK: Recuperou objeto VirtualSensors de 'cwb virt sen.dat'!

OK: Mudando teste para rede fechada...
ATENCAO: arestasSensor reduzidas para 71, por ser numero maximo de sensores da rede cadastrada.
PROC: Preparando para iniciar DE_71s__0t0... 26/11, 17:03:26
ERROR: Não há registros de viagens para recuperar! (ODmatrix.calcMatrixClust)
INFO: Return antecipado, n=arestasSensorGAMM=71 e t=tempoPrioriGAMM=0; mov.lenght=71 (VirtualSensors.gerArestaMaisMovimentadasIndex)
INFO: descobrirODparIndArestaMaisMov = 1074 casos! - 191/900 pares O-D cobertos
INFO: Existem 1073 relações Prob_OD_aresta!
OK: Iniciando DE com 1 runs! Population size: 355
Generations: 8450
OD =900
Sensores=71
DE_71s__0t0; 26/11, 17:03:27
STATS: Desvio fluxos: Min. -1295,794991; Mean. 57,759345; Max. 2183,403085; p5 -1043,852573; p20 -522,985332; p35 -198,05639; p50 13,362128; p65 277,775831; p80 544,078964; p95 1393,883515; 
RUN DE_71s__0t0 1/1: Menor custo inicial é 22516.910340868853(RMSE: 398.18804180051575; MAE: 20.59267145182904; GEH: 13.522675713076291) id do melhor indivíduo=313
Melhor da geracao 0: reg(0) = 21229.46427581468 1287.4460650541732
Melhor da geracao 3: reg(3) = 17454.975377083014 3774.4888987316663
Melhor da geracao 7: reg(7) = 16895.64684224893 559.3285348340833
Melhor da geracao 8: reg(8) = 15135.977560398145 1759.6692818507854
Melhor da geracao 11: reg(11) = 14345.307508805354 790.6700515927914
Melhor da geracao 14: reg(14) = 14109.96104503639 235.34646376896308
Melhor da geracao 15: reg(15) = 14022.852905306585 87.10813972980577
Melhor da geracao 16: reg(16) = 13674.264722630822 348.58818267576316
Melhor da geracao 17: reg(17) = 13166.512599412998 507.7521232178242
Melhor da geracao 19: reg(19) = 12451.58831608884 714.9242833241569
Melhor da geracao 20: reg(20) = 11560.019679529802 891.5686365590391
Melhor da geracao 22: reg(22) = 10748.420084508707 811.5995950210945
Melhor da geracao 24: reg(24) = 10378.580648197183 369.83943631152397
Melhor da geracao 25: reg(25) = 10302.763394674854 75.81725352232934
Melhor da geracao 27: reg(27) = 9447.794698057849 854.9686966170048
Melhor da geracao 29: reg(29) = 9347.096245563269 100.69845249458012
Melhor da geracao 31: reg(31) = 9130.289718397138 216.80652716613076
Melhor da geracao 32: reg(32) = 9083.206346098601 47.08337229853714
Melhor da geracao 33: reg(33) = 8156.063165124149 927.1431809744518
Melhor da geracao 37: reg(37) = 7453.028625990689 703.0345391334604
Melhor da geracao 39: reg(39) = 7156.57614389108 296.45248209960846
Melhor da geracao 41: reg(41) = 6907.8559272896255 248.72021660145492
Melhor da geracao 45: reg(45) = 6845.7706309174855 62.085296372139965
Melhor da geracao 47: reg(47) = 6659.50815438957 186.26247652791517
Melhor da geracao 48: reg(48) = 6357.268495665147 302.23965872442295
Melhor da geracao 50: reg(50) = 6005.909528333274 351.3589673318738
Melhor da geracao 56: reg(56) = 5828.0372398420395 177.87228849123403
Melhor da geracao 57: reg(57) = 5827.751419758875 0.28582008316425345
Melhor da geracao 61: reg(61) = 5480.824000653886 346.927419104989
Melhor da geracao 65: reg(65) = 5287.800685757172 193.0233148967145
Melhor da geracao 67: reg(67) = 4990.201411732348 297.5992740248239
Melhor da geracao 76: reg(76) = 4825.713536869624 164.4878748627243
Melhor da geracao 78: reg(78) = 4795.843848170836 29.869688698787286
Melhor da geracao 79: reg(79) = 4646.351656927036 149.49219124380033
Melhor da geracao 83: reg(83) = 4563.086607769301 83.26504915773512
Melhor da geracao 84: reg(84) = 4496.482229052321 66.60437871698014
Melhor da geracao 86: reg(86) = 4373.446436723464 123.03579232885659
Melhor da geracao 91: reg(91) = 4370.403923584016 3.042513139447692
Melhor da geracao 94: reg(94) = 4344.5852904167 25.818633167315966
Melhor da geracao 95: reg(95) = 4255.351338530017 89.23395188668383
Melhor da geracao 98: reg(98) = 4129.2919356878665 126.05940284215012
Melhor da geracao 103: reg(103) = 4014.1783590767095 115.11357661115699
Melhor da geracao 104: reg(104) = 3670.0775191616704 344.10083991503916
Melhor da geracao 113: reg(113) = 3629.9658318450247 40.11168731664566
Melhor da geracao 117: reg(117) = 3514.5183467156917 115.44748512933302
Melhor da geracao 131: reg(131) = 3495.0652154925765 19.45313122311518
Melhor da geracao 136: reg(136) = 3483.1170424456623 11.948173046914235
Melhor da geracao 141: reg(141) = 3368.9943420668997 114.1227003787626
Melhor da geracao 142: reg(142) = 3359.8292962580977 9.165045808802006
Melhor da geracao 146: reg(146) = 3334.4289753249695 25.400320933128114
Melhor da geracao 150: reg(150) = 3325.329522421545 9.099452903424663
Melhor da geracao 151: reg(151) = 3242.2586966718204 83.07082574972446
Melhor da geracao 152: reg(152) = 3239.177320871076 3.081375800744354
Melhor da geracao 154: reg(154) = 3074.154329681724 165.02299118935207
Melhor da geracao 169: reg(169) = 2998.3717272421727 75.78260243955128
Melhor da geracao 170: reg(170) = 2885.4525430461267 112.91918419604599
Melhor da geracao 183: reg(183) = 2832.261927371507 53.190615674619494
Melhor da geracao 184: reg(184) = 2830.4377891511767 1.8241382203304966
Melhor da geracao 200: reg(200) = 2829.3558531878 1.0819359633765089
Melhor da geracao 205: reg(205) = 2806.4453891890535 22.910463998746764
Melhor da geracao 206: reg(206) = 2729.1587856990336 77.28660349001984
Melhor da geracao 208: reg(208) = 2697.5160172117144 31.642768487319245
Melhor da geracao 218: reg(218) = 2680.7191447208684 16.796872490846
Melhor da geracao 222: reg(222) = 2623.070528558875 57.64861616199323
Melhor da geracao 223: reg(223) = 2615.9345167813203 7.136011777554813
Melhor da geracao 227: reg(227) = 2547.685374110392 68.24914267092845
Melhor da geracao 245: reg(245) = 2493.160053940629 54.525320169762836
Melhor da geracao 262: reg(262) = 2426.079416349802 67.08063759082688
Melhor da geracao 273: reg(273) = 2297.365228211659 128.71418813814307
Melhor da geracao 301: reg(301) = 2296.3041286848675 1.0610995267916223
Melhor da geracao 307: reg(307) = 2295.8464225863204 0.457706098547078
Melhor da geracao 313: reg(313) = 2239.852964215991 55.993458370329336
Melhor da geracao 317: reg(317) = 2226.91700331734 12.935960898651047
Melhor da geracao 322: reg(322) = 2211.130147884177 15.786855433163055
Melhor da geracao 334: reg(334) = 2141.5031438223614 69.62700406181557
Melhor da geracao 353: reg(353) = 2138.6015153712665 2.9016284510948935
Melhor da geracao 364: reg(364) = 2125.029724025056 13.571791346210375
Melhor da geracao 375: reg(375) = 2086.8191149462095 38.21060907884657
Melhor da geracao 378: reg(378) = 2068.246535564622 18.57257938158773
Melhor da geracao 383: reg(383) = 2052.591923778156 15.65461178646592
Melhor da geracao 388: reg(388) = 2019.5472538417912 33.0446699363647
Melhor da geracao 411: reg(411) = 2016.4861157840726 3.0611380577186083
Melhor da geracao 417: reg(417) = 1984.2204178499726 32.26569793409999
Melhor da geracao 418: reg(418) = 1963.8205665247644 20.399851325208147
Melhor da geracao 444: reg(444) = 1957.3589935300615 6.4615729947029195
Melhor da geracao 447: reg(447) = 1946.3896615121882 10.969332017873285
Melhor da geracao 450: reg(450) = 1932.1862766211625 14.203384891025735
Melhor da geracao 454: reg(454) = 1928.5432820294664 3.6429945916961515
Melhor da geracao 460: reg(460) = 1846.3862204363165 82.15706159314982
Melhor da geracao 502: reg(502) = 1832.3829534060976 14.003267030218922
Melhor da geracao 505: reg(505) = 1825.114797109586 7.268156296511506
Melhor da geracao 507: reg(507) = 1810.9520264878586 14.162770621727532
Melhor da geracao 532: reg(532) = 1753.1206269830207 57.83139950483792
Melhor da geracao 560: reg(560) = 1716.5956288476166 36.524998135404076
Melhor da geracao 594: reg(594) = 1693.8933601069268 22.70226874068976
Melhor da geracao 608: reg(608) = 1684.4119673666269 9.481392740299952
Melhor da geracao 613: reg(613) = 1661.2761011975028 23.13586616912403
Melhor da geracao 646: reg(646) = 1652.5390853415015 8.737015856001335
Melhor da geracao 650: reg(650) = 1643.4590817458347 9.080003595666767
Melhor da geracao 654: reg(654) = 1629.4754801468061 13.983601599028589
Melhor da geracao 671: reg(671) = 1608.807979238055 20.667500908751208
Melhor da geracao 676: reg(676) = 1597.4662694014687 11.341709836586233
Melhor da geracao 715: reg(715) = 1592.5797538400986 4.886515561370061
Melhor da geracao 729: reg(729) = 1590.450740079641 2.1290137604576103
Melhor da geracao 757: reg(757) = 1554.0332594679603 36.41748061168073
Melhor da geracao 767: reg(767) = 1535.698318692125 18.33494077583532
Melhor da geracao 775: reg(775) = 1531.9153144278966 3.783004264228339
Melhor da geracao 785: reg(785) = 1531.546566791059 0.3687476368377247
Melhor da geracao 801: reg(801) = 1530.403478446497 1.1430883445618747
Melhor da geracao 810: reg(810) = 1526.58888612389 3.814592322607041
Melhor da geracao 829: reg(829) = 1523.164552383099 3.4243337407910985
Melhor da geracao 841: reg(841) = 1476.5516064324825 46.61294595061645
Melhor da geracao 907: reg(907) = 1459.2224038358438 17.329202596638652
Melhor da geracao 959: reg(959) = 1458.0505118281806 1.1718920076632457
Melhor da geracao 993: reg(993) = 1433.85508778758 24.19542404060053
Melhor da geracao 1025: reg(1025) = 1418.5014603797722 15.353627407807835
Melhor da geracao 1055: reg(1055) = 1401.5151741303057 16.986286249466502
Melhor da geracao 1149: reg(1149) = 1395.679635470044 5.835538660261591
Melhor da geracao 1249: reg(1249) = 1360.065521036054 35.61411443399015
Melhor da geracao 1305: reg(1305) = 1355.8126876386475 4.252833397406448
Melhor da geracao 1352: reg(1352) = 1350.8112991179487 5.001388520698811
Melhor da geracao 1359: reg(1359) = 1345.1192654908664 5.69203362708231
Melhor da geracao 1418: reg(1418) = 1332.355430734679 12.763834756187407
Melhor da geracao 1456: reg(1456) = 1321.651091124905 10.704339609774024
Melhor da geracao 1490: reg(1490) = 1304.1721073428273 17.47898378207765
Melhor da geracao 1518: reg(1518) = 1302.698034610555 1.4740727322723615
Melhor da geracao 1530: reg(1530) = 1294.7095854419626 7.988449168592297
Melhor da geracao 1539: reg(1539) = 1290.7324654020372 3.9771200399254667
Melhor da geracao 1754: reg(1754) = 1288.3359229791563 2.3965424228808843
Melhor da geracao 1760: reg(1760) = 1287.4803218656577 0.8556011134985511
Melhor da geracao 1772: reg(1772) = 1281.909647569658 5.570674295999652
Melhor da geracao 1796: reg(1796) = 1270.5904683606764 11.319179208981723
Melhor da geracao 1818: reg(1818) = 1260.7978460653694 9.792622295306955
Melhor da geracao 1919: reg(1919) = 1252.1626860430526 8.635160022316768
Melhor da geracao 2058: reg(2058) = 1239.5315024966876 12.631183546365037
Melhor da geracao 2189: reg(2189) = 1236.36939847191 3.162104024777591
Melhor da geracao 2358: reg(2358) = 1234.8100339318728 1.5593645400372225
Melhor da geracao 2423: reg(2423) = 1229.8453616317686 4.964672300104212
Melhor da geracao 2486: reg(2486) = 1224.403759936187 5.441601695581539
Melhor da geracao 2598: reg(2598) = 1185.8726519565 38.53110797968702
Melhor da geracao 3258: reg(3258) = 1179.7691271322074 6.103524824292663
Melhor da geracao 3505: reg(3505) = 1163.4224662791867 16.346660853020694
Melhor da geracao 3927: reg(3927) = 1159.8674591954755 3.555007083711189
Melhor da geracao 3930: reg(3930) = 1152.5474050810196 7.320054114455843
Melhor da geracao 4009: reg(4009) = 1152.1063100443178 0.4410950367018813
Melhor da geracao 4730: reg(4730) = 1151.8178461852817 0.2884638590360282
Melhor da geracao 4799: reg(4799) = 1146.0035900278256 5.814256157456157
Melhor da geracao 4852: reg(4852) = 1145.9171974638589 0.08639256396668316
Melhor da geracao 4888: reg(4888) = 1144.4374336364892 1.479763827369652
Melhor da geracao 4899: reg(4899) = 1144.341354361185 0.09607927530419147
Melhor da geracao 4941: reg(4941) = 1140.3689009700436 3.972453391141471
Melhor da geracao 4972: reg(4972) = 1108.5815058739886 31.78739509605498
Melhor da geracao 5468: reg(5468) = 1104.1749221934906 4.406583680497988
Melhor da geracao 6367: reg(6367) = 1097.1578599553188 7.017062238171775
Melhor da geracao 6419: reg(6419) = 1092.7241993733148 4.433660582003995
Melhor da geracao 6521: reg(6521) = 1087.9707221088668 4.753477264448065
Melhor da geracao 6772: reg(6772) = 1077.6448450636865 10.325877045180277
Melhor da geracao 7661: reg(7661) = 1069.94897373337 7.69587133031655
Melhor da geracao 8312: reg(8312) = 1069.128735322788 0.820238410581851
RUN DE_71s__0t0 1/1: Menor  custo  final é 1069.128735322788
---26/11 17:04:58-----------------------------------------------------
reg(objetivo): 1069.128735322788
RMSE: 415.33065374052035
MAE: 22.319152854028868
GEH: 2.6958406439021725
pGEH5: 0.8873239436619719
R2Links: 0.958078341243394
R2Odm: 0.2664387790047508
------------------------------------------------------ ´p=213

ALERT: Salvando última MOD resposta. Não a melhor.
Fitness final (reg) = 1069.128735322788
