--candidateId=63
--directory=C:\Users\Pc\Desktop\irace2018\irace\execDir
--algorithm=DE
--fitnessFunction=reg
--populationSize=307
--crossoverProbability=0.54
--differentialWeight=0.225
26/11, 17:06:34
[HookRun] Parameters used:
--directory=execDir
--algorithm=DE
--fitnessFunction=reg
--candidateId=63
--populationSize=307
--maxEvaluations=0
--crossoverProbability=0.54
--differentialWeight=0.225

Teste Curitiba!
OK: Recuperou objeto ODMatrix de 'cwb odmatrix.dat'!

OK: Recuperou objeto VirtualSensors de 'cwb virt sen.dat'!

OK: Mudando teste para rede fechada...
ATENCAO: arestasSensor reduzidas para 71, por ser numero maximo de sensores da rede cadastrada.
PROC: Preparando para iniciar DE_71s__0t0... 26/11, 17:06:34
ERROR: Não há registros de viagens para recuperar! (ODmatrix.calcMatrixClust)
INFO: Return antecipado, n=arestasSensorGAMM=71 e t=tempoPrioriGAMM=0; mov.lenght=71 (VirtualSensors.gerArestaMaisMovimentadasIndex)
INFO: descobrirODparIndArestaMaisMov = 1074 casos! - 191/900 pares O-D cobertos
INFO: Existem 1073 relações Prob_OD_aresta!
OK: Iniciando DE com 1 runs! Population size: 307
Generations: 9771
OD =900
Sensores=71
DE_71s__0t0; 26/11, 17:06:34
STATS: Desvio fluxos: Min. -1285,535791; Mean. 306,680134; Max. 4603,049964; p5 -1039,564932; p20 -513,308815; p35 -367,626867; p50 -6,0; p65 352,398633; p80 1320,276318; p95 2229,543127; 
RUN DE_71s__0t0 1/1: Menor custo inicial é 18060.713681702116(RMSE: 379.3452416910746; MAE: 20.585016936632368; GEH: 13.11609971821321) id do melhor indivíduo=267
Melhor da geracao 3: reg(3) = 16410.729366858825 1649.984314843292
Melhor da geracao 8: reg(8) = 15963.302534954555 447.4268319042694
Melhor da geracao 9: reg(9) = 14566.56493498173 1396.7375999728247
Melhor da geracao 11: reg(11) = 14553.73177201917 12.833162962560891
Melhor da geracao 12: reg(12) = 13838.527098080514 715.2046739386551
Melhor da geracao 13: reg(13) = 12424.427901910512 1414.099196170002
Melhor da geracao 16: reg(16) = 11312.850275906378 1111.5776260041348
Melhor da geracao 20: reg(20) = 11191.675038331334 121.17523757504387
Melhor da geracao 21: reg(21) = 10949.799507888247 241.87553044308697
Melhor da geracao 22: reg(22) = 10780.048321049515 169.75118683873188
Melhor da geracao 23: reg(23) = 10254.88297573164 525.1653453178751
Melhor da geracao 24: reg(24) = 10076.725122502106 178.15785322953343
Melhor da geracao 26: reg(26) = 9421.366590040723 655.3585324613832
Melhor da geracao 28: reg(28) = 8915.624114447684 505.74247559303876
Melhor da geracao 29: reg(29) = 8215.469656041805 700.1544584058793
Melhor da geracao 31: reg(31) = 7723.743652976783 491.72600306502227
Melhor da geracao 35: reg(35) = 7443.984930758628 279.7587222181546
Melhor da geracao 37: reg(37) = 6453.0576564054945 990.9272743531337
Melhor da geracao 39: reg(39) = 6406.4151936818325 46.64246272366199
Melhor da geracao 43: reg(43) = 6179.134255248143 227.2809384336897
Melhor da geracao 46: reg(46) = 6046.709432670207 132.42482257793563
Melhor da geracao 48: reg(48) = 5845.356847708091 201.35258496211645
Melhor da geracao 53: reg(53) = 5537.846330827723 307.5105168803675
Melhor da geracao 54: reg(54) = 5417.664554325689 120.18177650203415
Melhor da geracao 57: reg(57) = 5332.417483495888 85.24707082980149
Melhor da geracao 60: reg(60) = 5064.83101492834 267.58646856754785
Melhor da geracao 67: reg(67) = 5057.26569260288 7.5653223254594195
Melhor da geracao 68: reg(68) = 4917.212095008043 140.0535975948369
Melhor da geracao 69: reg(69) = 4882.236312894906 34.97578211313703
Melhor da geracao 70: reg(70) = 4724.339800183269 157.89651271163711
Melhor da geracao 71: reg(71) = 4461.863127109913 262.4766730733563
Melhor da geracao 75: reg(75) = 4397.085156858735 64.77797025117798
Melhor da geracao 77: reg(77) = 4219.005456354714 178.07970050402128
Melhor da geracao 84: reg(84) = 4177.890013179146 41.115443175567634
Melhor da geracao 89: reg(89) = 3990.2201093836 187.6699037955459
Melhor da geracao 93: reg(93) = 3934.712723016646 55.50738636695405
Melhor da geracao 97: reg(97) = 3812.5148785309966 122.19784448564951
Melhor da geracao 105: reg(105) = 3765.6076676477146 46.907210883282005
Melhor da geracao 106: reg(106) = 3689.992375477999 75.61529216971576
Melhor da geracao 111: reg(111) = 3523.0944060178495 166.8979694601494
Melhor da geracao 118: reg(118) = 3388.471501176031 134.62290484181858
Melhor da geracao 124: reg(124) = 3308.4877063258405 79.9837948501904
Melhor da geracao 127: reg(127) = 2959.2863210982764 349.20138522756406
Melhor da geracao 142: reg(142) = 2922.816455100388 36.46986599788852
Melhor da geracao 143: reg(143) = 2874.6815851393144 48.13486996107349
Melhor da geracao 148: reg(148) = 2802.3065927210105 72.37499241830392
Melhor da geracao 157: reg(157) = 2774.421678592895 27.88491412811527
Melhor da geracao 164: reg(164) = 2632.857569026343 141.56410956655236
Melhor da geracao 173: reg(173) = 2588.9478101056347 43.9097589207081
Melhor da geracao 177: reg(177) = 2588.5054077912187 0.4424023144160856
Melhor da geracao 181: reg(181) = 2561.401288141645 27.104119649573477
Melhor da geracao 185: reg(185) = 2518.599814346184 42.801473795461334
Melhor da geracao 189: reg(189) = 2356.983716850067 161.6160974961167
Melhor da geracao 205: reg(205) = 2311.6278343566437 45.35588249342345
Melhor da geracao 212: reg(212) = 2292.7319993766214 18.8958349800223
Melhor da geracao 219: reg(219) = 2257.089592981733 35.64240639488844
Melhor da geracao 236: reg(236) = 2251.4833419170704 5.6062510646625014
Melhor da geracao 238: reg(238) = 2208.7898178488704 42.69352406820008
Melhor da geracao 244: reg(244) = 2196.598894376143 12.190923472727263
Melhor da geracao 247: reg(247) = 2183.480362325243 13.118532050900285
Melhor da geracao 257: reg(257) = 2126.4882825344434 56.99207979079938
Melhor da geracao 268: reg(268) = 2111.235453185888 15.252829348555224
Melhor da geracao 274: reg(274) = 2105.6523360834144 5.583117102473807
Melhor da geracao 277: reg(277) = 2093.803041961024 11.849294122390347
Melhor da geracao 286: reg(286) = 2018.4111324304306 75.39190953059347
Melhor da geracao 302: reg(302) = 1937.5978695592596 80.81326287117099
Melhor da geracao 320: reg(320) = 1932.5425726656201 5.055296893639479
Melhor da geracao 335: reg(335) = 1932.132608708317 0.4099639573030345
Melhor da geracao 337: reg(337) = 1911.8042840313315 20.32832467698563
Melhor da geracao 339: reg(339) = 1876.2336920233251 35.570592008006315
Melhor da geracao 341: reg(341) = 1852.3567597956437 23.876932227681436
Melhor da geracao 348: reg(348) = 1845.993107591673 6.363652203970787
Melhor da geracao 362: reg(362) = 1801.2175425302166 44.77556506145629
Melhor da geracao 378: reg(378) = 1793.5235205658178 7.694021964398871
Melhor da geracao 381: reg(381) = 1787.4279620877894 6.095558478028352
Melhor da geracao 386: reg(386) = 1744.602198634105 42.82576345368443
Melhor da geracao 398: reg(398) = 1734.9118202557759 9.690378378329115
Melhor da geracao 419: reg(419) = 1697.5068887514371 37.40493150433872
Melhor da geracao 431: reg(431) = 1682.7681817834866 14.73870696795052
Melhor da geracao 468: reg(468) = 1640.4440808585814 42.324100924905224
Melhor da geracao 475: reg(475) = 1631.16382381668 9.28025704190145
Melhor da geracao 481: reg(481) = 1625.3891408022846 5.77468301439535
Melhor da geracao 488: reg(488) = 1592.447163757944 32.94197704434055
Melhor da geracao 506: reg(506) = 1578.2017100373014 14.245453720642672
Melhor da geracao 531: reg(531) = 1577.8492387348788 0.3524713024226003
Melhor da geracao 532: reg(532) = 1556.9224814308755 20.92675730400333
Melhor da geracao 548: reg(548) = 1524.6371534705318 32.28532796034369
Melhor da geracao 562: reg(562) = 1469.650722305678 54.986431164853684
Melhor da geracao 645: reg(645) = 1467.561114015582 2.0896082900960664
Melhor da geracao 666: reg(666) = 1457.335878828882 10.225235186700047
Melhor da geracao 670: reg(670) = 1445.2963300347385 12.039548794143457
Melhor da geracao 684: reg(684) = 1443.777433254644 1.5188967800945647
Melhor da geracao 693: reg(693) = 1437.994211579628 5.783221675015966
Melhor da geracao 699: reg(699) = 1433.867979639861 4.126231939766967
Melhor da geracao 723: reg(723) = 1422.9906984151405 10.877281224720491
Melhor da geracao 727: reg(727) = 1417.0477774236888 5.942920991451729
Melhor da geracao 739: reg(739) = 1412.4779083512497 4.569869072439133
Melhor da geracao 754: reg(754) = 1408.3308355375543 4.147072813695331
Melhor da geracao 785: reg(785) = 1394.960948538094 13.369886999460277
Melhor da geracao 793: reg(793) = 1393.8449332398668 1.1160152982272393
Melhor da geracao 802: reg(802) = 1393.4176590354095 0.4272742044572624
Melhor da geracao 829: reg(829) = 1378.2949343639978 15.122724671411788
Melhor da geracao 844: reg(844) = 1362.990618772326 15.304315591671866
Melhor da geracao 849: reg(849) = 1362.5194650228111 0.4711537495147695
Melhor da geracao 878: reg(878) = 1345.974365308984 16.545099713827085
Melhor da geracao 934: reg(934) = 1339.7268830642493 6.247482244734783
Melhor da geracao 942: reg(942) = 1337.81853603216 1.9083470320892957
Melhor da geracao 994: reg(994) = 1317.977340166549 19.84119586561087
Melhor da geracao 1030: reg(1030) = 1309.890359184769 8.086980981780016
Melhor da geracao 1086: reg(1086) = 1305.4321063884713 4.4582527962977565
Melhor da geracao 1088: reg(1088) = 1299.5395523741252 5.89255401434616
Melhor da geracao 1130: reg(1130) = 1287.1790845613546 12.360467812770594
Melhor da geracao 1185: reg(1185) = 1285.7613738108691 1.417710750485412
Melhor da geracao 1251: reg(1251) = 1244.7426105554114 41.01876325545777
Melhor da geracao 1347: reg(1347) = 1243.7118972631508 1.0307132922605433
Melhor da geracao 1445: reg(1445) = 1243.3958209810237 0.3160762821271419
Melhor da geracao 1453: reg(1453) = 1234.0239634143713 9.371857566652352
Melhor da geracao 1486: reg(1486) = 1232.029756189114 1.9942072252572416
Melhor da geracao 1527: reg(1527) = 1221.0683167158663 10.961439473247765
Melhor da geracao 1530: reg(1530) = 1217.2312314816088 3.837085234257529
Melhor da geracao 1568: reg(1568) = 1207.3690656143062 9.862165867302565
Melhor da geracao 1607: reg(1607) = 1203.3697632695632 3.9993023447430005
Melhor da geracao 1623: reg(1623) = 1185.3385433053973 18.031219964165984
Melhor da geracao 1832: reg(1832) = 1185.061884752218 0.2766585531792316
Melhor da geracao 1917: reg(1917) = 1184.6257272354287 0.4361575167893079
Melhor da geracao 1921: reg(1921) = 1175.6694693645973 8.95625787083145
Melhor da geracao 1932: reg(1932) = 1175.5943426702163 0.07512669438096964
Melhor da geracao 1942: reg(1942) = 1173.7220523716612 1.8722902985550718
Melhor da geracao 1965: reg(1965) = 1163.7051902548487 10.01686211681249
Melhor da geracao 2054: reg(2054) = 1163.1612574656492 0.5439327891995163
Melhor da geracao 2106: reg(2106) = 1161.1801035452015 1.9811539204476958
Melhor da geracao 2112: reg(2112) = 1160.6534019039245 0.5267016412769863
Melhor da geracao 2119: reg(2119) = 1160.6112294329846 0.04217247093993137
Melhor da geracao 2136: reg(2136) = 1151.8674127931265 8.743816639858096
Melhor da geracao 2169: reg(2169) = 1139.9300674432923 11.937345349834231
Melhor da geracao 2284: reg(2284) = 1135.4452986235947 4.484768819697592
Melhor da geracao 2327: reg(2327) = 1125.3572238490938 10.08807477450091
Melhor da geracao 2443: reg(2443) = 1125.2864112325053 0.07081261658845506
Melhor da geracao 2458: reg(2458) = 1118.5477961997306 6.73861503277476
Melhor da geracao 2589: reg(2589) = 1105.7584651610894 12.789331038641194
Melhor da geracao 2626: reg(2626) = 1102.417303652966 3.3411615081233776
Melhor da geracao 2745: reg(2745) = 1101.5026172347118 0.9146864182541776
Melhor da geracao 2807: reg(2807) = 1094.9118655560292 6.590751678682636
Melhor da geracao 2894: reg(2894) = 1091.1134783776927 3.7983871783364975
Melhor da geracao 2896: reg(2896) = 1091.0208040344726 0.09267434322009649
Melhor da geracao 2922: reg(2922) = 1090.4351983136073 0.5856057208652601
Melhor da geracao 2947: reg(2947) = 1087.1625927141586 3.2726055994487524
Melhor da geracao 3009: reg(3009) = 1079.1565595137229 8.006033200435695
Melhor da geracao 3027: reg(3027) = 1078.0819886071185 1.0745709066043219
Melhor da geracao 3178: reg(3178) = 1074.8829664486295 3.199022158489015
Melhor da geracao 3194: reg(3194) = 1068.057038930021 6.825927518608523
Melhor da geracao 3316: reg(3316) = 1060.10106930796 7.955969622061048
Melhor da geracao 3395: reg(3395) = 1059.4290695240218 0.6719997839381904
Melhor da geracao 3639: reg(3639) = 1051.1605310730536 8.268538450968208
Melhor da geracao 3787: reg(3787) = 1049.872486351656 1.2880447213974549
Melhor da geracao 3955: reg(3955) = 1049.859144036297 0.01334231535906838
Melhor da geracao 4123: reg(4123) = 1044.1085372129749 5.750606823322187
Melhor da geracao 4245: reg(4245) = 1041.5566367197816 2.551900493193216
Melhor da geracao 4421: reg(4421) = 1040.2087058387629 1.3479308810187831
Melhor da geracao 4750: reg(4750) = 1032.1393201914263 8.069385647336503
Melhor da geracao 4975: reg(4975) = 1026.9119240279426 5.227396163483718
Melhor da geracao 5653: reg(5653) = 1026.828641327441 0.08328270050174069
Melhor da geracao 5759: reg(5759) = 1024.6988866921658 2.1297546352750487
Melhor da geracao 5931: reg(5931) = 1023.82912226469 0.8697644274758431
Melhor da geracao 5944: reg(5944) = 1021.0814181138276 2.7477041508624325
Melhor da geracao 5971: reg(5971) = 1021.0308261176999 0.05059199612765042
Melhor da geracao 6128: reg(6128) = 1018.6925502525985 2.338275865101423
Melhor da geracao 6264: reg(6264) = 1014.3670626798187 4.325487572779821
Melhor da geracao 6560: reg(6560) = 1013.2595886356963 1.1074740441223412
Melhor da geracao 6632: reg(6632) = 1012.9532436024554 0.30634503324097295
Melhor da geracao 6646: reg(6646) = 1008.688569170311 4.264674432144375
Melhor da geracao 7066: reg(7066) = 1008.3371379521793 0.35143121813166545
Melhor da geracao 7104: reg(7104) = 1007.9756298266266 0.3615081255527457
Melhor da geracao 7190: reg(7190) = 1004.3232863363742 3.652343490252406
Melhor da geracao 7554: reg(7554) = 1003.2347371261458 1.0885492102283933
Melhor da geracao 7777: reg(7777) = 1002.8058380295921 0.4288990965536641
Melhor da geracao 7888: reg(7888) = 999.0445020529518 3.761335976640339
Melhor da geracao 8020: reg(8020) = 997.4398192628945 1.604682790057268
Melhor da geracao 8146: reg(8146) = 996.5788483910927 0.8609708718017828
Melhor da geracao 8155: reg(8155) = 995.6540965200265 0.924751871066178
Melhor da geracao 8189: reg(8189) = 994.0163272176711 1.637769302355423
Melhor da geracao 8840: reg(8840) = 990.4850788660594 3.53124835161168
Melhor da geracao 9312: reg(9312) = 990.4184041676114 0.06667469844808238
Melhor da geracao 9370: reg(9370) = 989.5450269888506 0.8733771787607338
Melhor da geracao 9439: reg(9439) = 989.2543367191453 0.29069026970535106
Melhor da geracao 9548: reg(9548) = 986.164133998175 3.0902027209702965
RUN DE_71s__0t0 1/1: Menor  custo  final é 986.164133998175
---26/11 17:08:18-----------------------------------------------------
reg(objetivo): 986.164133998175
RMSE: 404.1631770061481
MAE: 22.742543914173126
GEH: 2.326195132198189
pGEH5: 0.9014084507042254
R2Links: 0.9607553298065448
R2Odm: 0.2848331056028109
------------------------------------------------------ ´p=264

ALERT: Salvando última MOD resposta. Não a melhor.
Fitness final (reg) = 986.164133998175
