--candidateId=64
--directory=C:\Users\Pc\Desktop\irace2018\irace\execDir
--algorithm=DE
--fitnessFunction=reg
--populationSize=820
--crossoverProbability=0.521
--differentialWeight=0.143
26/11, 17:08:18
[HookRun] Parameters used:
--directory=execDir
--algorithm=DE
--fitnessFunction=reg
--candidateId=64
--populationSize=820
--maxEvaluations=0
--crossoverProbability=0.521
--differentialWeight=0.143

Teste Curitiba!
OK: Recuperou objeto ODMatrix de 'cwb odmatrix.dat'!

OK: Recuperou objeto VirtualSensors de 'cwb virt sen.dat'!

OK: Mudando teste para rede fechada...
ATENCAO: arestasSensor reduzidas para 71, por ser numero maximo de sensores da rede cadastrada.
PROC: Preparando para iniciar DE_71s__0t0... 26/11, 17:08:19
ERROR: Não há registros de viagens para recuperar! (ODmatrix.calcMatrixClust)
INFO: Return antecipado, n=arestasSensorGAMM=71 e t=tempoPrioriGAMM=0; mov.lenght=71 (VirtualSensors.gerArestaMaisMovimentadasIndex)
INFO: descobrirODparIndArestaMaisMov = 1074 casos! - 191/900 pares O-D cobertos
INFO: Existem 1073 relações Prob_OD_aresta!
OK: Iniciando DE com 1 runs! Population size: 820
Generations: 3658
OD =900
Sensores=71
DE_71s__0t0; 26/11, 17:08:19
STATS: Desvio fluxos: Min. -1052,369281; Mean. 554,813684; Max. 3937,735164; p5 -922,796925; p20 -519,214625; p35 -39,128526; p50 291,900357; p65 911,858261; p80 1369,24471; p95 3003,784654; 
RUN DE_71s__0t0 1/1: Menor custo inicial é 19017.09303803639(RMSE: 362.8941219991553; MAE: 20.708554511192094; GEH: 12.715867166753723) id do melhor indivíduo=627
Melhor da geracao 1: reg(1) = 18260.91709162472 756.1759464116694
Melhor da geracao 4: reg(4) = 18227.828551443818 33.08854018090278
Melhor da geracao 6: reg(6) = 15269.843317711597 2957.985233732221
Melhor da geracao 8: reg(8) = 14315.2351481976 954.6081695139965
Melhor da geracao 9: reg(9) = 12523.031836107746 1792.203312089854
Melhor da geracao 11: reg(11) = 12265.631663147406 257.40017296034057
Melhor da geracao 13: reg(13) = 12110.744344369683 154.8873187777226
Melhor da geracao 14: reg(14) = 11656.88127203391 453.8630723357728
Melhor da geracao 15: reg(15) = 11357.344575888817 299.5366961450927
Melhor da geracao 16: reg(16) = 11097.584017895333 259.7605579934843
Melhor da geracao 17: reg(17) = 10196.938483728245 900.645534167088
Melhor da geracao 19: reg(19) = 9331.486427710217 865.4520560180281
Melhor da geracao 23: reg(23) = 8677.14850008669 654.3379276235264
Melhor da geracao 25: reg(25) = 8417.681806856464 259.46669323022616
Melhor da geracao 26: reg(26) = 8353.684497988845 63.99730886761972
Melhor da geracao 27: reg(27) = 7655.351039818816 698.3334581700283
Melhor da geracao 30: reg(30) = 7636.968686335047 18.382353483769293
Melhor da geracao 31: reg(31) = 7586.338095770918 50.63059056412931
Melhor da geracao 32: reg(32) = 7567.335878210861 19.002217560057034
Melhor da geracao 33: reg(33) = 7402.284877282909 165.05100092795146
Melhor da geracao 34: reg(34) = 6831.9946843530715 570.2901929298378
Melhor da geracao 36: reg(36) = 6404.340979974985 427.65370437808633
Melhor da geracao 39: reg(39) = 5901.54772537904 502.79325459594565
Melhor da geracao 43: reg(43) = 5860.743267533991 40.804457845049
Melhor da geracao 45: reg(45) = 5858.027429534066 2.715837999924588
Melhor da geracao 46: reg(46) = 5785.973053304554 72.05437622951194
Melhor da geracao 48: reg(48) = 5513.303011536973 272.6700417675811
Melhor da geracao 49: reg(49) = 5260.222185657015 253.08082587995796
Melhor da geracao 54: reg(54) = 4741.046347446493 519.1758382105218
Melhor da geracao 57: reg(57) = 4654.977116131331 86.06923131516214
Melhor da geracao 64: reg(64) = 4420.754617696164 234.22249843516693
Melhor da geracao 66: reg(66) = 4374.56559748466 46.1890202115037
Melhor da geracao 70: reg(70) = 4349.579707903481 24.985889581179435
Melhor da geracao 72: reg(72) = 4121.656382456578 227.9233254469027
Melhor da geracao 77: reg(77) = 4068.0699113540127 53.58647110256561
Melhor da geracao 80: reg(80) = 3999.3375392384655 68.73237211554715
Melhor da geracao 81: reg(81) = 3787.4751442383554 211.86239500011015
Melhor da geracao 89: reg(89) = 3787.2499672563945 0.22517698196088531
Melhor da geracao 91: reg(91) = 3737.242336476313 50.0076307800814
Melhor da geracao 92: reg(92) = 3633.727851921362 103.5144845549512
Melhor da geracao 95: reg(95) = 3587.488486278043 46.239365643318706
Melhor da geracao 99: reg(99) = 3516.8381989339746 70.6502873440686
Melhor da geracao 100: reg(100) = 3382.121740277862 134.71645865611254
Melhor da geracao 102: reg(102) = 3345.2544959384745 36.867244339387526
Melhor da geracao 109: reg(109) = 3233.419829616651 111.83466632182353
Melhor da geracao 110: reg(110) = 3164.2479880172905 69.1718415993605
Melhor da geracao 119: reg(119) = 3108.6228671568524 55.625120860438074
Melhor da geracao 122: reg(122) = 2992.7975866330953 115.8252805237571
Melhor da geracao 130: reg(130) = 2932.817361455609 59.98022517748632
Melhor da geracao 135: reg(135) = 2861.807415626445 71.00994582916383
Melhor da geracao 140: reg(140) = 2836.9042026906777 24.903212935767442
Melhor da geracao 146: reg(146) = 2756.714576852831 80.1896258378465
Melhor da geracao 150: reg(150) = 2690.8549121133815 65.85966473944973
Melhor da geracao 155: reg(155) = 2595.4774631944215 95.37744891896
Melhor da geracao 159: reg(159) = 2589.743275025603 5.734188168818491
Melhor da geracao 165: reg(165) = 2471.8629511120857 117.88032391351726
Melhor da geracao 176: reg(176) = 2459.762418657851 12.10053245423478
Melhor da geracao 177: reg(177) = 2443.710133246979 16.052285410872173
Melhor da geracao 181: reg(181) = 2343.9854889345174 99.72464431246135
Melhor da geracao 193: reg(193) = 2273.1426393522834 70.84284958223407
Melhor da geracao 201: reg(201) = 2252.652613887694 20.490025464589507
Melhor da geracao 207: reg(207) = 2239.799291514508 12.853322373186074
Melhor da geracao 215: reg(215) = 2201.439287645048 38.36000386945989
Melhor da geracao 218: reg(218) = 2170.3045576301897 31.134730014858178
Melhor da geracao 220: reg(220) = 2059.3492588006466 110.95529882954315
Melhor da geracao 237: reg(237) = 2025.755896842876 33.59336195777064
Melhor da geracao 244: reg(244) = 2018.5998179251962 7.156078917679679
Melhor da geracao 253: reg(253) = 2009.1791814709952 9.42063645420103
Melhor da geracao 254: reg(254) = 1994.5598680502849 14.619313420710341
Melhor da geracao 257: reg(257) = 1943.9479626387608 50.61190541152405
Melhor da geracao 259: reg(259) = 1936.9423608389823 7.00560179977856
Melhor da geracao 262: reg(262) = 1910.278106144286 26.664254694696183
Melhor da geracao 271: reg(271) = 1907.7780809067995 2.500025237486625
Melhor da geracao 273: reg(273) = 1902.1155482230718 5.662532683727704
Melhor da geracao 274: reg(274) = 1857.5125974060302 44.602950817041574
Melhor da geracao 278: reg(278) = 1802.0419659961656 55.47063140986461
Melhor da geracao 304: reg(304) = 1768.7452680759898 33.2966979201758
Melhor da geracao 312: reg(312) = 1759.0298667052687 9.71540137072111
Melhor da geracao 319: reg(319) = 1739.2622138356194 19.767652869649282
Melhor da geracao 328: reg(328) = 1738.0987668517594 1.1634469838600126
Melhor da geracao 336: reg(336) = 1737.4629064078674 0.6358604438919429
Melhor da geracao 337: reg(337) = 1735.2924567206087 2.1704496872587242
Melhor da geracao 338: reg(338) = 1708.1873975780225 27.105059142586242
Melhor da geracao 341: reg(341) = 1703.2459434326831 4.941454145339321
Melhor da geracao 350: reg(350) = 1689.0075534136959 14.238390018987275
Melhor da geracao 355: reg(355) = 1686.9569096931955 2.050643720500375
Melhor da geracao 356: reg(356) = 1659.3541413423327 27.60276835086279
Melhor da geracao 366: reg(366) = 1658.0858701988984 1.2682711434342764
Melhor da geracao 368: reg(368) = 1615.782099600916 42.30377059798252
Melhor da geracao 394: reg(394) = 1603.5220206745903 12.260078926325605
Melhor da geracao 408: reg(408) = 1580.4875697128055 23.03445096178484
Melhor da geracao 412: reg(412) = 1557.8333077539285 22.654261958876987
Melhor da geracao 429: reg(429) = 1550.591722125271 7.2415856286575035
Melhor da geracao 440: reg(440) = 1528.4591925998718 22.13252952539915
Melhor da geracao 455: reg(455) = 1521.704109501164 6.755083098707701
Melhor da geracao 462: reg(462) = 1510.8504185045074 10.853690996656724
Melhor da geracao 472: reg(472) = 1505.0570119663598 5.793406538147565
Melhor da geracao 480: reg(480) = 1499.8686889905266 5.188322975833216
Melhor da geracao 482: reg(482) = 1487.2425545908727 12.626134399653893
Melhor da geracao 502: reg(502) = 1485.0150598229573 2.2274947679154593
Melhor da geracao 507: reg(507) = 1466.1757866505523 18.839273172405
Melhor da geracao 526: reg(526) = 1449.9392343649188 16.23655228563348
Melhor da geracao 535: reg(535) = 1448.799140338395 1.140094026523684
Melhor da geracao 540: reg(540) = 1448.1325974289489 0.666542909446207
Melhor da geracao 544: reg(544) = 1438.356295332545 9.776302096403924
Melhor da geracao 550: reg(550) = 1437.948345118037 0.4079502145079914
Melhor da geracao 552: reg(552) = 1422.5451089475307 15.403236170506261
Melhor da geracao 559: reg(559) = 1420.2017827021923 2.343326245338403
Melhor da geracao 574: reg(574) = 1416.017130897057 4.184651805135218
Melhor da geracao 577: reg(577) = 1394.4582691647754 21.558861732281684
Melhor da geracao 597: reg(597) = 1388.069623014265 6.38864615051034
Melhor da geracao 633: reg(633) = 1381.4329884205795 6.636634593685585
Melhor da geracao 653: reg(653) = 1376.660599757834 4.77238866274547
Melhor da geracao 659: reg(659) = 1372.5025192355743 4.158080522259752
Melhor da geracao 680: reg(680) = 1363.8089755673905 8.693543668183793
Melhor da geracao 707: reg(707) = 1347.8475802156727 15.961395351717783
Melhor da geracao 739: reg(739) = 1318.9190259628076 28.92855425286507
Melhor da geracao 811: reg(811) = 1308.7778275004432 10.1411984623644
Melhor da geracao 817: reg(817) = 1305.43841966755 3.33940783289313
Melhor da geracao 838: reg(838) = 1300.8345245689743 4.6038950985757765
Melhor da geracao 865: reg(865) = 1288.146882535966 12.687642033008387
Melhor da geracao 882: reg(882) = 1277.7516013654079 10.395281170558064
Melhor da geracao 909: reg(909) = 1275.1739396848104 2.57766168059743
Melhor da geracao 952: reg(952) = 1272.2330689070707 2.9408707777397467
Melhor da geracao 961: reg(961) = 1255.9357929708078 16.29727593626285
Melhor da geracao 992: reg(992) = 1255.2523937078656 0.6833992629422028
Melhor da geracao 1037: reg(1037) = 1253.526218333382 1.726175374483546
Melhor da geracao 1038: reg(1038) = 1241.8098578552165 11.716360478165598
Melhor da geracao 1077: reg(1077) = 1238.7388820013991 3.0709758538173446
Melhor da geracao 1083: reg(1083) = 1235.286904990626 3.4519770107731347
Melhor da geracao 1147: reg(1147) = 1233.4956544821828 1.7912505084432269
Melhor da geracao 1148: reg(1148) = 1231.2298802490222 2.2657742331605277
Melhor da geracao 1170: reg(1170) = 1223.6540964795058 7.57578376951642
Melhor da geracao 1183: reg(1183) = 1222.8666633444145 0.7874331350913053
Melhor da geracao 1206: reg(1206) = 1221.1712180725413 1.6954452718732682
Melhor da geracao 1207: reg(1207) = 1220.5184940908716 0.6527239816696238
Melhor da geracao 1225: reg(1225) = 1219.2610862138008 1.2574078770708184
Melhor da geracao 1229: reg(1229) = 1217.0528616264487 2.208224587352106
Melhor da geracao 1239: reg(1239) = 1216.0884420537755 0.9644195726732505
Melhor da geracao 1251: reg(1251) = 1213.0937885472852 2.9946535064902946
Melhor da geracao 1253: reg(1253) = 1212.0525870251336 1.0412015221515958
Melhor da geracao 1267: reg(1267) = 1211.6529909438907 0.39959608124286206
Melhor da geracao 1270: reg(1270) = 1207.6629025215454 3.990088422345252
Melhor da geracao 1292: reg(1292) = 1206.610721070006 1.0521814515393544
Melhor da geracao 1299: reg(1299) = 1206.550184827548 0.06053624245805622
Melhor da geracao 1303: reg(1303) = 1203.227967654222 3.322217173325953
Melhor da geracao 1334: reg(1334) = 1199.6810129845055 3.5469546697165697
Melhor da geracao 1335: reg(1335) = 1197.4380208842458 2.2429921002596984
Melhor da geracao 1340: reg(1340) = 1194.9461600858315 2.4918607984143364
Melhor da geracao 1368: reg(1368) = 1193.801582798481 1.1445772873505575
Melhor da geracao 1373: reg(1373) = 1189.9105051327433 3.891077665737612
Melhor da geracao 1390: reg(1390) = 1186.6727891138723 3.2377160188709695
Melhor da geracao 1431: reg(1431) = 1185.9319515983136 0.7408375155587237
Melhor da geracao 1437: reg(1437) = 1182.96446826238 2.9674833359335935
Melhor da geracao 1462: reg(1462) = 1178.4420170332999 4.522451229080161
Melhor da geracao 1476: reg(1476) = 1177.126740917275 1.315276116024961
Melhor da geracao 1496: reg(1496) = 1175.0380774383539 2.0886634789210348
Melhor da geracao 1502: reg(1502) = 1174.9642446619175 0.07383277643634756
Melhor da geracao 1517: reg(1517) = 1174.664985678001 0.29925898391661576
Melhor da geracao 1518: reg(1518) = 1169.219074214372 5.445911463628818
Melhor da geracao 1544: reg(1544) = 1167.3600835010461 1.8589907133259658
Melhor da geracao 1576: reg(1576) = 1167.2207848006547 0.13929870039146408
Melhor da geracao 1583: reg(1583) = 1167.119215229967 0.10156957068761585
Melhor da geracao 1591: reg(1591) = 1166.158350749692 0.9608644802749495
Melhor da geracao 1593: reg(1593) = 1165.8942131044414 0.2641376452506847
Melhor da geracao 1595: reg(1595) = 1165.7509268358385 0.1432862686028784
Melhor da geracao 1596: reg(1596) = 1165.2938504426106 0.45707639322790783
Melhor da geracao 1597: reg(1597) = 1163.4359814771292 1.8578689654814298
Melhor da geracao 1598: reg(1598) = 1163.286459149194 0.1495223279353013
Melhor da geracao 1617: reg(1617) = 1163.0014258114418 0.28503333775211104
Melhor da geracao 1627: reg(1627) = 1162.6048761852394 0.3965496262023862
Melhor da geracao 1629: reg(1629) = 1162.4798594056329 0.12501677960653979
Melhor da geracao 1635: reg(1635) = 1162.1643960510883 0.3154633545445904
Melhor da geracao 1637: reg(1637) = 1161.1757722920884 0.9886237589998927
Melhor da geracao 1642: reg(1642) = 1159.5889163426007 1.586855949487699
Melhor da geracao 1643: reg(1643) = 1158.2546060112486 1.3343103313520714
Melhor da geracao 1661: reg(1661) = 1157.027393115167 1.22721289608171
Melhor da geracao 1666: reg(1666) = 1156.1912385237342 0.8361545914326598
Melhor da geracao 1707: reg(1707) = 1155.93892102351 0.2523175002243079
Melhor da geracao 1708: reg(1708) = 1155.0424098231156 0.8965112003943432
Melhor da geracao 1723: reg(1723) = 1154.3763375011479 0.6660723219677038
Melhor da geracao 1726: reg(1726) = 1154.353639196374 0.022698304773939526
Melhor da geracao 1728: reg(1728) = 1154.2841628176343 0.06947637873963686
Melhor da geracao 1729: reg(1729) = 1152.0304863051324 2.2536765125018974
Melhor da geracao 1751: reg(1751) = 1151.8170188325753 0.21346747255711307
Melhor da geracao 1761: reg(1761) = 1150.9538221346968 0.8631966978784931
Melhor da geracao 1772: reg(1772) = 1150.543954414881 0.40986771981579295
Melhor da geracao 1778: reg(1778) = 1149.4633344612007 1.0806199536802978
Melhor da geracao 1802: reg(1802) = 1148.2095892052334 1.2537452559672602
Melhor da geracao 1812: reg(1812) = 1146.8454766155212 1.3641125897122492
Melhor da geracao 1828: reg(1828) = 1146.7611762478289 0.08430036769232174
Melhor da geracao 1830: reg(1830) = 1142.869595712708 3.8915805351209656
Melhor da geracao 1843: reg(1843) = 1141.8623483958463 1.0072473168615943
Melhor da geracao 1897: reg(1897) = 1141.8014513229903 0.06089707285605073
Melhor da geracao 1899: reg(1899) = 1141.738916446147 0.06253487684330139
Melhor da geracao 1903: reg(1903) = 1141.6815877834988 0.05732866264816039
Melhor da geracao 1905: reg(1905) = 1141.4583575533936 0.22323023010517318
Melhor da geracao 1906: reg(1906) = 1140.6547468409883 0.803610712405316
Melhor da geracao 1909: reg(1909) = 1139.9027478355067 0.7519990054815935
Melhor da geracao 1914: reg(1914) = 1138.4437843141159 1.4589635213908423
Melhor da geracao 1931: reg(1931) = 1138.2474034807144 0.19638083340146295
Melhor da geracao 1938: reg(1938) = 1137.2601449321178 0.9872585485966283
Melhor da geracao 1945: reg(1945) = 1137.0820668083952 0.17807812372257104
Melhor da geracao 1947: reg(1947) = 1137.0115797736248 0.07048703477039453
Melhor da geracao 1952: reg(1952) = 1136.4717145430138 0.5398652306109852
Melhor da geracao 1965: reg(1965) = 1136.156373432588 0.3153411104258339
Melhor da geracao 1968: reg(1968) = 1135.28127083858 0.8751025940080126
Melhor da geracao 1980: reg(1980) = 1133.9351541800086 1.3461166585714182
Melhor da geracao 2009: reg(2009) = 1133.5029298009194 0.4322243790891207
Melhor da geracao 2018: reg(2018) = 1133.2241100966169 0.2788197043025775
Melhor da geracao 2023: reg(2023) = 1132.4527135338694 0.7713965627474408
Melhor da geracao 2025: reg(2025) = 1132.0360052038172 0.4167083300521881
Melhor da geracao 2050: reg(2050) = 1131.6114194827603 0.4245857210569284
Melhor da geracao 2053: reg(2053) = 1129.8945161553315 1.7169033274287813
Melhor da geracao 2075: reg(2075) = 1129.0151191825187 0.8793969728128559
Melhor da geracao 2095: reg(2095) = 1128.8653879409778 0.14973124154084871
Melhor da geracao 2098: reg(2098) = 1128.3346364237314 0.5307515172464718
Melhor da geracao 2100: reg(2100) = 1128.0960762177874 0.23856020594394067
Melhor da geracao 2103: reg(2103) = 1128.0429411029338 0.05313511485360323
Melhor da geracao 2109: reg(2109) = 1127.680081686148 0.3628594167857955
Melhor da geracao 2111: reg(2111) = 1127.4799620997296 0.20011958641839556
Melhor da geracao 2127: reg(2127) = 1127.3025617738347 0.17740032589495058
Melhor da geracao 2128: reg(2128) = 1126.7094829035775 0.593078870257159
Melhor da geracao 2148: reg(2148) = 1126.5798870648255 0.12959583875203862
Melhor da geracao 2151: reg(2151) = 1126.4133557265495 0.16653133827594502
Melhor da geracao 2152: reg(2152) = 1125.6241207838384 0.7892349427111185
Melhor da geracao 2167: reg(2167) = 1125.290851885051 0.3332688987873098
Melhor da geracao 2180: reg(2180) = 1124.370867814671 0.9199840703799964
Melhor da geracao 2186: reg(2186) = 1123.739918630426 0.6309491842450825
Melhor da geracao 2201: reg(2201) = 1123.6410924065842 0.0988262238417974
Melhor da geracao 2211: reg(2211) = 1123.4683435758159 0.17274883076834158
Melhor da geracao 2216: reg(2216) = 1123.3640140283499 0.10432954746602263
Melhor da geracao 2218: reg(2218) = 1123.233590935986 0.1304230923637988
Melhor da geracao 2224: reg(2224) = 1122.8222392369444 0.41135169904168833
Melhor da geracao 2234: reg(2234) = 1121.6373662772783 1.1848729596661087
Melhor da geracao 2259: reg(2259) = 1121.5160656364533 0.12130064082498393
Melhor da geracao 2274: reg(2274) = 1121.2783303606207 0.23773527583261966
Melhor da geracao 2276: reg(2276) = 1120.9993003551763 0.2790300054443833
Melhor da geracao 2286: reg(2286) = 1120.6277244946295 0.3715758605467272
Melhor da geracao 2300: reg(2300) = 1119.7452179676486 0.8825065269809329
Melhor da geracao 2316: reg(2316) = 1118.5022366169826 1.242981350666014
Melhor da geracao 2346: reg(2346) = 1118.4398269778742 0.062409639108409465
Melhor da geracao 2352: reg(2352) = 1117.5550833062998 0.8847436715743697
Melhor da geracao 2366: reg(2366) = 1117.4684661658312 0.08661714046866109
Melhor da geracao 2380: reg(2380) = 1117.2472638107329 0.2212023550982849
Melhor da geracao 2390: reg(2390) = 1116.6613504331235 0.5859133776093586
Melhor da geracao 2414: reg(2414) = 1116.454735425012 0.20661500811161204
Melhor da geracao 2416: reg(2416) = 1116.069137857237 0.3855975677749939
Melhor da geracao 2423: reg(2423) = 1115.965451579721 0.10368627751586246
Melhor da geracao 2426: reg(2426) = 1115.8394220380933 0.1260295416277586
Melhor da geracao 2431: reg(2431) = 1115.420813390334 0.41860864775935624
Melhor da geracao 2435: reg(2435) = 1114.8145304599057 0.6062829304282786
Melhor da geracao 2461: reg(2461) = 1114.7613801018535 0.05315035805210755
Melhor da geracao 2466: reg(2466) = 1114.7601649971068 0.0012151047467341414
Melhor da geracao 2478: reg(2478) = 1114.7098364116518 0.050328585454963104
Melhor da geracao 2482: reg(2482) = 1114.6999664747345 0.009869936917311861
Melhor da geracao 2484: reg(2484) = 1114.6090223244548 0.09094415027971081
Melhor da geracao 2487: reg(2487) = 1114.306498797841 0.30252352661386794
Melhor da geracao 2489: reg(2489) = 1114.2335766762465 0.07292212159450173
Melhor da geracao 2491: reg(2491) = 1114.0541690326233 0.17940764362310802
Melhor da geracao 2506: reg(2506) = 1113.8170339333558 0.2371350992675616
Melhor da geracao 2516: reg(2516) = 1113.7917114526804 0.025322480675413317
Melhor da geracao 2518: reg(2518) = 1113.675344503875 0.1163669488053074
Melhor da geracao 2526: reg(2526) = 1113.6041334988493 0.07121100502581612
Melhor da geracao 2527: reg(2527) = 1113.2549037931658 0.3492297056834559
Melhor da geracao 2532: reg(2532) = 1113.1987162838498 0.05618750931603245
Melhor da geracao 2537: reg(2537) = 1113.1405119345966 0.05820434925317386
Melhor da geracao 2538: reg(2538) = 1113.002550020219 0.13796191437768357
Melhor da geracao 2554: reg(2554) = 1111.823408479645 1.1791415405739372
Melhor da geracao 2599: reg(2599) = 1111.3609569500393 0.46245152960568703
Melhor da geracao 2601: reg(2601) = 1111.199949774231 0.16100717580820856
Melhor da geracao 2621: reg(2621) = 1111.1999471387824 2.6354487090429757E-6
Melhor da geracao 2623: reg(2623) = 1110.9106734295294 0.2892737092529387
Melhor da geracao 2637: reg(2637) = 1110.605030602824 0.3056428267054798
Melhor da geracao 2653: reg(2653) = 1110.284081828436 0.32094877438794356
Melhor da geracao 2671: reg(2671) = 1110.267678088474 0.016403739962015607
Melhor da geracao 2679: reg(2679) = 1109.9236560660954 0.34402202237856727
Melhor da geracao 2687: reg(2687) = 1109.8941874517418 0.02946861435361825
Melhor da geracao 2691: reg(2691) = 1109.5546897624479 0.3394976892939212
Melhor da geracao 2711: reg(2711) = 1109.4653032859578 0.0893864764900627
Melhor da geracao 2721: reg(2721) = 1109.4598373207004 0.005465965257371863
Melhor da geracao 2730: reg(2730) = 1109.3056724386963 0.1541648820041246
Melhor da geracao 2731: reg(2731) = 1109.3014424529922 0.00422998570411437
Melhor da geracao 2732: reg(2732) = 1108.9026729348855 0.39876951810674655
Melhor da geracao 2734: reg(2734) = 1108.766132366338 0.13654056854738883
Melhor da geracao 2746: reg(2746) = 1108.5658635085713 0.20026885776678682
Melhor da geracao 2761: reg(2761) = 1108.1528369157409 0.41302659283041976
Melhor da geracao 2802: reg(2802) = 1108.0383372974409 0.11449961829998756
Melhor da geracao 2808: reg(2808) = 1107.9172158632307 0.12112143421018118
Melhor da geracao 2820: reg(2820) = 1107.6426311965388 0.27458466669190784
Melhor da geracao 2826: reg(2826) = 1107.613978471933 0.02865272460576307
Melhor da geracao 2829: reg(2829) = 1107.341914607515 0.27206386441798713
Melhor da geracao 2849: reg(2849) = 1107.3239575445396 0.017957062975483495
Melhor da geracao 2850: reg(2850) = 1107.2495596299427 0.07439791459682965
Melhor da geracao 2855: reg(2855) = 1107.092524201223 0.157035428719837
Melhor da geracao 2885: reg(2885) = 1106.8240131914108 0.2685110098120731
Melhor da geracao 2894: reg(2894) = 1106.6517090825425 0.17230410886827485
Melhor da geracao 2904: reg(2904) = 1106.3740928384393 0.2776162441032284
Melhor da geracao 2928: reg(2928) = 1106.3597837349153 0.0143091035240559
Melhor da geracao 2933: reg(2933) = 1106.2760680830456 0.08371565186962471
Melhor da geracao 2936: reg(2936) = 1106.2535944242024 0.02247365884318242
Melhor da geracao 2945: reg(2945) = 1106.2299676646521 0.023626759550325005
Melhor da geracao 2949: reg(2949) = 1105.9819648960408 0.24800276861128623
Melhor da geracao 2961: reg(2961) = 1105.954116417753 0.027848478287751277
Melhor da geracao 2964: reg(2964) = 1105.9531351388157 9.81278937388197E-4
Melhor da geracao 2967: reg(2967) = 1105.8940895353053 0.05904560351041255
Melhor da geracao 2968: reg(2968) = 1105.876385566754 0.01770396855135914
Melhor da geracao 2971: reg(2971) = 1105.7488091771618 0.12757638959215
Melhor da geracao 2991: reg(2991) = 1105.6246601902544 0.12414898690735754
Melhor da geracao 3004: reg(3004) = 1105.6043213744495 0.020338815804961996
Melhor da geracao 3008: reg(3008) = 1105.5938047116347 0.01051666281477992
Melhor da geracao 3009: reg(3009) = 1105.5608180447998 0.032986666834858624
Melhor da geracao 3014: reg(3014) = 1105.5263255192938 0.034492525506038874
Melhor da geracao 3016: reg(3016) = 1105.304064714774 0.2222608045196921
Melhor da geracao 3027: reg(3027) = 1105.2368141185318 0.0672505962422747
Melhor da geracao 3037: reg(3037) = 1105.2213448242692 0.015469294262629774
Melhor da geracao 3047: reg(3047) = 1105.117618115308 0.10372670896117597
Melhor da geracao 3055: reg(3055) = 1105.0757365868467 0.04188152846131743
Melhor da geracao 3058: reg(3058) = 1104.9526297329323 0.12310685391435072
Melhor da geracao 3064: reg(3064) = 1104.927570527047 0.025059205885327174
Melhor da geracao 3071: reg(3071) = 1104.8683161916304 0.0592543354166537
Melhor da geracao 3072: reg(3072) = 1104.816902774742 0.05141341688840839
Melhor da geracao 3077: reg(3077) = 1104.8042255057112 0.012677269030746174
Melhor da geracao 3082: reg(3082) = 1104.667208402862 0.13701710284931323
Melhor da geracao 3096: reg(3096) = 1104.552014860773 0.11519354208894583
Melhor da geracao 3115: reg(3115) = 1104.501788651463 0.05022620931003985
Melhor da geracao 3126: reg(3126) = 1104.5010317638623 7.568876005734637E-4
Melhor da geracao 3127: reg(3127) = 1104.4072157761989 0.09381598766344723
Melhor da geracao 3135: reg(3135) = 1104.3750757801777 0.032139996021214756
Melhor da geracao 3137: reg(3137) = 1104.3457704773984 0.029305302779221165
Melhor da geracao 3150: reg(3150) = 1104.3441284129053 0.001642064493125872
Melhor da geracao 3151: reg(3151) = 1104.328563724432 0.015564688473432398
Melhor da geracao 3153: reg(3153) = 1104.3161122454 0.01245147903182442
Melhor da geracao 3155: reg(3155) = 1104.2448079880176 0.07130425738250779
Melhor da geracao 3156: reg(3156) = 1104.22579773717 0.01901025084748653
Melhor da geracao 3161: reg(3161) = 1104.2129010848505 0.012896652319568602
Melhor da geracao 3165: reg(3165) = 1104.1630538496695 0.04984723518100509
Melhor da geracao 3171: reg(3171) = 1104.155924270744 0.007129578925514579
Melhor da geracao 3178: reg(3178) = 1104.0788425838286 0.07708168691533501
Melhor da geracao 3184: reg(3184) = 1103.9833375678757 0.09550501595299465
Melhor da geracao 3190: reg(3190) = 1103.9163752777874 0.0669622900882132
Melhor da geracao 3204: reg(3204) = 1103.831549685421 0.08482559236654197
Melhor da geracao 3218: reg(3218) = 1103.7420868183285 0.08946286709237938
Melhor da geracao 3228: reg(3228) = 1103.6904123053112 0.05167451301736037
Melhor da geracao 3231: reg(3231) = 1103.6679776405624 0.02243466474874367
Melhor da geracao 3248: reg(3248) = 1103.5896089015623 0.07836873900009778
Melhor da geracao 3249: reg(3249) = 1103.5857064939848 0.0039024075774705125
Melhor da geracao 3260: reg(3260) = 1103.5708947582937 0.014811735691182548
Melhor da geracao 3264: reg(3264) = 1103.5005885631288 0.07030619516490333
Melhor da geracao 3266: reg(3266) = 1103.4702491689873 0.03033939414149245
Melhor da geracao 3269: reg(3269) = 1103.4531177420456 0.01713142694165981
Melhor da geracao 3274: reg(3274) = 1103.4356812354206 0.0174365066250175
Melhor da geracao 3281: reg(3281) = 1103.4218937304347 0.01378750498588488
Melhor da geracao 3285: reg(3285) = 1103.4097749911634 0.012118739271272716
Melhor da geracao 3286: reg(3286) = 1103.3105730163663 0.09920197479709714
Melhor da geracao 3294: reg(3294) = 1103.2935954953475 0.016977521018816333
Melhor da geracao 3301: reg(3301) = 1103.2471561476168 0.04643934773071123
Melhor da geracao 3304: reg(3304) = 1103.1208096903224 0.12634645729440308
Melhor da geracao 3337: reg(3337) = 1103.095511420099 0.02529827022340214
Melhor da geracao 3339: reg(3339) = 1102.981516352159 0.1139950679400954
Melhor da geracao 3343: reg(3343) = 1102.9688258097317 0.012690542427208129
Melhor da geracao 3359: reg(3359) = 1102.8887415498461 0.08008425988555246
Melhor da geracao 3369: reg(3369) = 1102.864200192015 0.024541357831139976
Melhor da geracao 3381: reg(3381) = 1102.8534600268167 0.010740165198285467
Melhor da geracao 3385: reg(3385) = 1102.817380901802 0.036079125014794045
Melhor da geracao 3388: reg(3388) = 1102.7915366144887 0.02584428731324806
Melhor da geracao 3389: reg(3389) = 1102.7691581708805 0.02237844360820418
Melhor da geracao 3394: reg(3394) = 1102.7118023140417 0.05735585683873978
Melhor da geracao 3396: reg(3396) = 1102.6681296974375 0.04367261660422628
Melhor da geracao 3408: reg(3408) = 1102.6638791436292 0.0042505538083332794
Melhor da geracao 3413: reg(3413) = 1102.6270785901477 0.036800553481498355
Melhor da geracao 3419: reg(3419) = 1102.575477563272 0.05160102687568724
Melhor da geracao 3429: reg(3429) = 1102.5634073917377 0.012070171534332985
Melhor da geracao 3436: reg(3436) = 1102.5594803989916 0.003926992746073665
Melhor da geracao 3437: reg(3437) = 1102.4248007013944 0.1346796975972211
Melhor da geracao 3461: reg(3461) = 1102.4208146198405 0.00398608155387592
Melhor da geracao 3463: reg(3463) = 1102.41979106408 0.0010235557604119094
Melhor da geracao 3465: reg(3465) = 1102.3286898462022 0.0911012178778492
Melhor da geracao 3476: reg(3476) = 1102.2933599020357 0.03532994416650581
Melhor da geracao 3484: reg(3484) = 1102.2902112921333 0.0031486099023823044
Melhor da geracao 3485: reg(3485) = 1102.277728624652 0.012482667481435783
Melhor da geracao 3492: reg(3492) = 1102.2494255162035 0.02830310844842643
Melhor da geracao 3495: reg(3495) = 1102.2358059424655 0.013619573737969404
Melhor da geracao 3498: reg(3498) = 1102.2183593304878 0.017446611977675275
Melhor da geracao 3502: reg(3502) = 1102.2134936053103 0.004865725177523927
Melhor da geracao 3505: reg(3505) = 1102.181155969215 0.03233763609523521
Melhor da geracao 3511: reg(3511) = 1102.1406400114213 0.04051595779378658
Melhor da geracao 3515: reg(3515) = 1102.1393774577548 0.0012625536664927495
Melhor da geracao 3521: reg(3521) = 1102.1167499161131 0.02262754164166836
Melhor da geracao 3527: reg(3527) = 1102.114852797303 0.0018971188101204461
Melhor da geracao 3528: reg(3528) = 1102.1137684535317 0.0010843437712537707
Melhor da geracao 3529: reg(3529) = 1102.088203564932 0.02556488859977435
Melhor da geracao 3530: reg(3530) = 1102.0277895557747 0.060414009157284454
Melhor da geracao 3538: reg(3538) = 1101.9907554103145 0.03703414546021122
Melhor da geracao 3544: reg(3544) = 1101.9711971519002 0.019558258414235752
Melhor da geracao 3556: reg(3556) = 1101.952062920633 0.01913423126734415
Melhor da geracao 3557: reg(3557) = 1101.94079882235 0.011264098282936175
Melhor da geracao 3561: reg(3561) = 1101.9384107474348 0.002388074915188554
Melhor da geracao 3563: reg(3563) = 1101.8888483746478 0.04956237278702247
Melhor da geracao 3568: reg(3568) = 1101.867039544105 0.021808830542795477
Melhor da geracao 3574: reg(3574) = 1101.8654221177383 0.001617426366692598
Melhor da geracao 3575: reg(3575) = 1101.8523385338729 0.01308358386540931
Melhor da geracao 3580: reg(3580) = 1101.8251992837704 0.027139250102436563
Melhor da geracao 3581: reg(3581) = 1101.8224940944026 0.002705189367816274
Melhor da geracao 3582: reg(3582) = 1101.8042553501298 0.01823874427282135
Melhor da geracao 3590: reg(3590) = 1101.8032949459832 9.604041465536284E-4
Melhor da geracao 3591: reg(3591) = 1101.7872179518242 0.01607699415899333
Melhor da geracao 3596: reg(3596) = 1101.7504994702813 0.03671848154294821
Melhor da geracao 3604: reg(3604) = 1101.7304054729161 0.020093997365165706
Melhor da geracao 3607: reg(3607) = 1101.7188182271864 0.01158724572974279
Melhor da geracao 3608: reg(3608) = 1101.6775102548293 0.04130797235711725
Melhor da geracao 3619: reg(3619) = 1101.6553388120103 0.022171442818944342
Melhor da geracao 3624: reg(3624) = 1101.6551737562306 1.6505577968928264E-4
Melhor da geracao 3625: reg(3625) = 1101.641122360633 0.014051395597562077
Melhor da geracao 3630: reg(3630) = 1101.635177604933 0.005944755700056703
Melhor da geracao 3631: reg(3631) = 1101.635018854129 1.587508040756802E-4
Melhor da geracao 3632: reg(3632) = 1101.6293712041747 0.005647649954198641
Melhor da geracao 3634: reg(3634) = 1101.617752327316 0.011618876858619842
Melhor da geracao 3635: reg(3635) = 1101.6136316920072 0.004120635308936471
Melhor da geracao 3640: reg(3640) = 1101.530588769996 0.08304292201114549
Melhor da geracao 3643: reg(3643) = 1101.5192009026657 0.011387867330313384
Melhor da geracao 3657: reg(3657) = 1101.5137605646244 0.005440338041353243
RUN DE_71s__0t0 1/1: Menor  custo  final é 1101.5137605646244
---26/11 17:10:01-----------------------------------------------------
reg(objetivo): 1101.5137605646244
RMSE: 370.7575023816967
MAE: 21.534925707443
GEH: 2.3465552632974425
pGEH5: 0.8732394366197183
R2Links: 0.9573581324891062
R2Odm: 0.3428788126220129
------------------------------------------------------ ´p=457

ALERT: Salvando última MOD resposta. Não a melhor.
Fitness final (reg) = 1101.5137605646244
