--candidateId=67
--directory=C:\Users\Pc\Desktop\irace2018\irace\execDir
--algorithm=DE
--fitnessFunction=reg
--populationSize=525
--crossoverProbability=0.507
--differentialWeight=0.214
26/11, 17:06:43
[HookRun] Parameters used:
--directory=execDir
--algorithm=DE
--fitnessFunction=reg
--candidateId=67
--populationSize=525
--maxEvaluations=0
--crossoverProbability=0.507
--differentialWeight=0.214

Teste Curitiba!
OK: Recuperou objeto ODMatrix de 'cwb odmatrix.dat'!

OK: Recuperou objeto VirtualSensors de 'cwb virt sen.dat'!

OK: Mudando teste para rede fechada...
ATENCAO: arestasSensor reduzidas para 71, por ser numero maximo de sensores da rede cadastrada.
PROC: Preparando para iniciar DE_71s__0t0... 26/11, 17:06:43
ERROR: Não há registros de viagens para recuperar! (ODmatrix.calcMatrixClust)
INFO: Return antecipado, n=arestasSensorGAMM=71 e t=tempoPrioriGAMM=0; mov.lenght=71 (VirtualSensors.gerArestaMaisMovimentadasIndex)
INFO: descobrirODparIndArestaMaisMov = 1074 casos! - 191/900 pares O-D cobertos
INFO: Existem 1073 relações Prob_OD_aresta!
OK: Iniciando DE com 1 runs! Population size: 525
Generations: 5714
OD =900
Sensores=71
DE_71s__0t0; 26/11, 17:06:43
STATS: Desvio fluxos: Min. -1401,300097; Mean. 156,56183; Max. 2275,895983; p5 -1197,348036; p20 -703,353551; p35 -203,772663; p50 9,477257; p65 322,907452; p80 823,26644; p95 2019,128882; 
RUN DE_71s__0t0 1/1: Menor custo inicial é 23187.066047621778(RMSE: 369.6137762897658; MAE: 21.1290741111983; GEH: 14.290614245685884) id do melhor indivíduo=4
Melhor da geracao 0: reg(0) = 22672.935225058027 514.1308225637513
Melhor da geracao 1: reg(1) = 20039.964310861404 2632.970914196623
Melhor da geracao 2: reg(2) = 18438.54065970699 1601.423651154415
Melhor da geracao 4: reg(4) = 17467.67499734828 970.8656623587085
Melhor da geracao 8: reg(8) = 16716.959772602215 750.7152247460654
Melhor da geracao 9: reg(9) = 15473.112934338806 1243.8468382634092
Melhor da geracao 10: reg(10) = 13149.284960248053 2323.827974090753
Melhor da geracao 12: reg(12) = 12090.595900928292 1058.6890593197604
Melhor da geracao 14: reg(14) = 11272.329805779314 818.2660951489779
Melhor da geracao 18: reg(18) = 10593.728457569423 678.6013482098915
Melhor da geracao 20: reg(20) = 10428.573738649546 165.15471891987727
Melhor da geracao 21: reg(21) = 9988.892081758304 439.6816568912418
Melhor da geracao 22: reg(22) = 8996.013474770656 992.8786069876478
Melhor da geracao 27: reg(27) = 8299.648088424154 696.3653863465024
Melhor da geracao 28: reg(28) = 7566.629026775933 733.0190616482205
Melhor da geracao 30: reg(30) = 7368.885094716339 197.74393205959404
Melhor da geracao 35: reg(35) = 7215.460398556676 153.42469615966274
Melhor da geracao 39: reg(39) = 6589.898154211404 625.5622443452721
Melhor da geracao 40: reg(40) = 6585.888382956352 4.009771255052328
Melhor da geracao 41: reg(41) = 6537.514178460988 48.37420449536421
Melhor da geracao 42: reg(42) = 6264.447688259675 273.0664902013132
Melhor da geracao 44: reg(44) = 6017.609863724772 246.8378245349022
Melhor da geracao 46: reg(46) = 5862.955989754872 154.65387396990081
Melhor da geracao 52: reg(52) = 5858.206099452671 4.749890302200583
Melhor da geracao 53: reg(53) = 5318.305057138972 539.9010423136988
Melhor da geracao 58: reg(58) = 5231.409101713483 86.89595542548886
Melhor da geracao 59: reg(59) = 5035.725581583339 195.68352013014464
Melhor da geracao 61: reg(61) = 4915.062090674962 120.66349090837684
Melhor da geracao 62: reg(62) = 4686.872669701675 228.18942097328727
Melhor da geracao 67: reg(67) = 4577.444816246578 109.42785345509674
Melhor da geracao 70: reg(70) = 4539.7874837397385 37.65733250683934
Melhor da geracao 72: reg(72) = 4519.14198171792 20.645502021818174
Melhor da geracao 74: reg(74) = 4242.053488088037 277.0884936298835
Melhor da geracao 80: reg(80) = 4138.265444971022 103.78804311701515
Melhor da geracao 83: reg(83) = 4052.1855767979796 86.07986817304209
Melhor da geracao 85: reg(85) = 3946.3679132128846 105.81766358509503
Melhor da geracao 91: reg(91) = 3846.7283027038966 99.63961050898797
Melhor da geracao 94: reg(94) = 3833.9599690601217 12.768333643774895
Melhor da geracao 99: reg(99) = 3823.2239514411053 10.736017619016366
Melhor da geracao 100: reg(100) = 3782.325296766113 40.898654674992486
Melhor da geracao 102: reg(102) = 3767.4008192890046 14.924477477108212
Melhor da geracao 103: reg(103) = 3695.4556733484337 71.94514594057091
Melhor da geracao 106: reg(106) = 3636.8559122263387 58.59976112209506
Melhor da geracao 109: reg(109) = 3276.360983259369 360.49492896696984
Melhor da geracao 117: reg(117) = 3143.3258762266137 133.03510703275515
Melhor da geracao 135: reg(135) = 3009.312765707041 134.01311051957282
Melhor da geracao 143: reg(143) = 3006.0586876105863 3.2540780964545775
Melhor da geracao 146: reg(146) = 3002.596715872866 3.4619717377204324
Melhor da geracao 148: reg(148) = 2940.921110877462 61.67560499540377
Melhor da geracao 152: reg(152) = 2798.92052680521 142.00058407225197
Melhor da geracao 165: reg(165) = 2516.1563952890206 282.76413151618954
Melhor da geracao 198: reg(198) = 2448.154874742587 68.00152054643377
Melhor da geracao 209: reg(209) = 2426.7578245829263 21.397050159660466
Melhor da geracao 211: reg(211) = 2410.074760752717 16.68306383020945
Melhor da geracao 217: reg(217) = 2365.816900961135 44.25785979158172
Melhor da geracao 223: reg(223) = 2285.6430775632684 80.17382339786673
Melhor da geracao 232: reg(232) = 2238.9563030589684 46.68677450430005
Melhor da geracao 244: reg(244) = 2196.457203009623 42.49910004934554
Melhor da geracao 248: reg(248) = 2162.747860055338 33.70934295428469
Melhor da geracao 264: reg(264) = 2124.626127270164 38.12173278517412
Melhor da geracao 285: reg(285) = 1978.385534280275 146.24059298988914
Melhor da geracao 328: reg(328) = 1949.7610522738219 28.624482006453036
Melhor da geracao 341: reg(341) = 1913.146240990342 36.61481128347987
Melhor da geracao 350: reg(350) = 1881.5153412717768 31.63089971856516
Melhor da geracao 351: reg(351) = 1845.3409779438678 36.17436332790908
Melhor da geracao 366: reg(366) = 1806.8449576998835 38.496020243984276
Melhor da geracao 397: reg(397) = 1795.9126811938936 10.932276505989876
Melhor da geracao 398: reg(398) = 1743.1505266075867 52.762154586306906
Melhor da geracao 411: reg(411) = 1723.017149432464 20.133377175122632
Melhor da geracao 463: reg(463) = 1703.5337711608383 19.483378271625725
Melhor da geracao 483: reg(483) = 1690.637234012252 12.896537148586276
Melhor da geracao 484: reg(484) = 1684.4160352059978 6.221198806254279
Melhor da geracao 486: reg(486) = 1658.5526505649132 25.86338464108462
Melhor da geracao 521: reg(521) = 1652.9588092371894 5.593841327723794
Melhor da geracao 523: reg(523) = 1607.589406379539 45.36940285765036
Melhor da geracao 534: reg(534) = 1568.7951263176035 38.794280061935524
Melhor da geracao 569: reg(569) = 1562.34307884226 6.452047475343534
Melhor da geracao 574: reg(574) = 1527.8014526451918 34.541626197068126
Melhor da geracao 622: reg(622) = 1521.4447166542218 6.356735990970037
Melhor da geracao 643: reg(643) = 1520.5729293938452 0.87178726037655
Melhor da geracao 657: reg(657) = 1510.896802216613 9.676127177232274
Melhor da geracao 672: reg(672) = 1496.4282952828767 14.468506933736307
Melhor da geracao 674: reg(674) = 1466.5901364333322 29.83815884954447
Melhor da geracao 686: reg(686) = 1451.8731605166724 14.716975916659749
Melhor da geracao 698: reg(698) = 1451.4814868845094 0.39167363216301965
Melhor da geracao 708: reg(708) = 1446.6105045746203 4.8709823098890865
Melhor da geracao 717: reg(717) = 1445.5899783490486 1.020526225571757
Melhor da geracao 721: reg(721) = 1437.3676700031297 8.222308345918918
Melhor da geracao 737: reg(737) = 1434.8427381514423 2.52493185168737
Melhor da geracao 741: reg(741) = 1428.6951420370865 6.1475961143557925
Melhor da geracao 747: reg(747) = 1422.0358790018654 6.659263035221102
Melhor da geracao 787: reg(787) = 1414.3315350971468 7.704343904718598
Melhor da geracao 793: reg(793) = 1404.821261609151 9.510273487995846
Melhor da geracao 809: reg(809) = 1395.5519981442033 9.269263464947699
Melhor da geracao 828: reg(828) = 1365.2232830521873 30.328715092015955
Melhor da geracao 843: reg(843) = 1360.5789691443592 4.644313907828064
Melhor da geracao 873: reg(873) = 1339.5637166508684 21.015252493490834
Melhor da geracao 967: reg(967) = 1320.379582458385 19.184134192483498
Melhor da geracao 981: reg(981) = 1314.6341549745348 5.745427483850108
Melhor da geracao 1054: reg(1054) = 1313.494071846125 1.1400831284097421
Melhor da geracao 1067: reg(1067) = 1310.158866885009 3.3352049611160055
Melhor da geracao 1070: reg(1070) = 1307.781807576307 2.3770593087019734
Melhor da geracao 1071: reg(1071) = 1306.08855231905 1.6932552572570785
Melhor da geracao 1093: reg(1093) = 1302.729592567797 3.3589597512529963
Melhor da geracao 1150: reg(1150) = 1292.9104715433214 9.819121024475635
Melhor da geracao 1177: reg(1177) = 1284.7890743556281 8.12139718769322
Melhor da geracao 1180: reg(1180) = 1281.1248492052546 3.664225150373568
Melhor da geracao 1194: reg(1194) = 1279.7134568680624 1.4113923371921828
Melhor da geracao 1250: reg(1250) = 1266.1541519172226 13.55930495083976
Melhor da geracao 1279: reg(1279) = 1262.727701489778 3.4264504274447063
Melhor da geracao 1322: reg(1322) = 1253.994823392168 8.732878097609955
Melhor da geracao 1407: reg(1407) = 1248.9402792629696 5.054544129198348
Melhor da geracao 1441: reg(1441) = 1233.7080560988513 15.232223164118295
Melhor da geracao 1469: reg(1469) = 1228.3578206379507 5.350235460900649
Melhor da geracao 1491: reg(1491) = 1224.7614045842781 3.596416053672556
Melhor da geracao 1493: reg(1493) = 1218.6085931378357 6.152811446442456
Melhor da geracao 1599: reg(1599) = 1205.5658423740479 13.042750763787808
Melhor da geracao 1718: reg(1718) = 1198.0582525313896 7.507589842658263
Melhor da geracao 1829: reg(1829) = 1197.8987558760464 0.15949665534321866
Melhor da geracao 1850: reg(1850) = 1177.422172508674 20.476583367372314
Melhor da geracao 2054: reg(2054) = 1176.725426651015 0.6967458576591525
Melhor da geracao 2086: reg(2086) = 1172.6891749977806 4.036251653234331
Melhor da geracao 2136: reg(2136) = 1164.1634282535153 8.525746744265234
Melhor da geracao 2188: reg(2188) = 1142.707515689186 21.45591256432931
Melhor da geracao 2310: reg(2310) = 1138.1264920465132 4.58102364267279
Melhor da geracao 2646: reg(2646) = 1136.3029022171509 1.8235898293623904
Melhor da geracao 2649: reg(2649) = 1136.1503839701957 0.15251824695519645
Melhor da geracao 2673: reg(2673) = 1134.731357467724 1.4190265024717519
Melhor da geracao 2682: reg(2682) = 1123.8584035052713 10.872953962452584
Melhor da geracao 2837: reg(2837) = 1123.1453650244628 0.7130384808085637
Melhor da geracao 2937: reg(2937) = 1120.2250992434294 2.920265781033322
Melhor da geracao 2949: reg(2949) = 1117.3918563793502 2.8332428640792386
Melhor da geracao 3020: reg(3020) = 1107.7827912017417 9.6090651776085
Melhor da geracao 3210: reg(3210) = 1105.776509695874 2.006281505867719
Melhor da geracao 3213: reg(3213) = 1104.63235608997 1.1441536059039663
Melhor da geracao 3321: reg(3321) = 1090.9494232408492 13.682932849120789
Melhor da geracao 3686: reg(3686) = 1088.820369966598 2.1290532742511914
Melhor da geracao 3706: reg(3706) = 1088.5994712677568 0.22089869884121072
Melhor da geracao 3722: reg(3722) = 1088.3901257069342 0.20934556082261224
Melhor da geracao 3750: reg(3750) = 1079.802266502058 8.587859204876167
Melhor da geracao 3771: reg(3771) = 1077.1521960397006 2.650070462357462
Melhor da geracao 3937: reg(3937) = 1075.828617116157 1.3235789235436641
Melhor da geracao 4047: reg(4047) = 1073.9648498194954 1.8637672966615355
Melhor da geracao 4052: reg(4052) = 1073.1597387543711 0.8051110651242652
Melhor da geracao 4162: reg(4162) = 1068.3068929439758 4.852845810395365
Melhor da geracao 4291: reg(4291) = 1062.3164610656659 5.9904318783098915
Melhor da geracao 4416: reg(4416) = 1061.6240082896284 0.6924527760374986
Melhor da geracao 4440: reg(4440) = 1053.5737030354878 8.05030525414054
Melhor da geracao 4759: reg(4759) = 1052.7423630258522 0.8313400096355963
Melhor da geracao 4810: reg(4810) = 1051.2079193458985 1.5344436799537107
Melhor da geracao 4828: reg(4828) = 1043.6794846901153 7.528434655783258
Melhor da geracao 5332: reg(5332) = 1036.8483579056856 6.831126784429671
RUN DE_71s__0t0 1/1: Menor  custo  final é 1036.8483579056856
---26/11 17:08:29-----------------------------------------------------
reg(objetivo): 1036.8483579056856
RMSE: 486.25868716930336
MAE: 23.156070405102575
GEH: 2.477154602157137
pGEH5: 0.8873239436619719
R2Links: 0.9593090578656963
R2Odm: 0.20519855348028224
------------------------------------------------------ ´p=231

ALERT: Salvando última MOD resposta. Não a melhor.
Fitness final (reg) = 1036.8483579056856
