--candidateId=68
--directory=C:\Users\Pc\Desktop\irace2018\irace\execDir
--algorithm=DE
--fitnessFunction=reg
--populationSize=306
--crossoverProbability=0.511
--differentialWeight=0.243
26/11, 17:08:29
[HookRun] Parameters used:
--directory=execDir
--algorithm=DE
--fitnessFunction=reg
--candidateId=68
--populationSize=306
--maxEvaluations=0
--crossoverProbability=0.511
--differentialWeight=0.243

Teste Curitiba!
OK: Recuperou objeto ODMatrix de 'cwb odmatrix.dat'!

OK: Recuperou objeto VirtualSensors de 'cwb virt sen.dat'!

OK: Mudando teste para rede fechada...
ATENCAO: arestasSensor reduzidas para 71, por ser numero maximo de sensores da rede cadastrada.
PROC: Preparando para iniciar DE_71s__0t0... 26/11, 17:08:29
ERROR: Não há registros de viagens para recuperar! (ODmatrix.calcMatrixClust)
INFO: Return antecipado, n=arestasSensorGAMM=71 e t=tempoPrioriGAMM=0; mov.lenght=71 (VirtualSensors.gerArestaMaisMovimentadasIndex)
INFO: descobrirODparIndArestaMaisMov = 1074 casos! - 191/900 pares O-D cobertos
INFO: Existem 1073 relações Prob_OD_aresta!
OK: Iniciando DE com 1 runs! Population size: 306
Generations: 9803
OD =900
Sensores=71
DE_71s__0t0; 26/11, 17:08:29
STATS: Desvio fluxos: Min. -1396,937197; Mean. -71,594356; Max. 2021,047206; p5 -1241,602157; p20 -625,615375; p35 -369,944355; p50 -127,819502; p65 105,982249; p80 350,459706; p95 1409,268399; 
RUN DE_71s__0t0 1/1: Menor custo inicial é 24157.182520667604(RMSE: 378.74715541612727; MAE: 22.164190810305772; GEH: 15.0716686862591) id do melhor indivíduo=41
Melhor da geracao 0: reg(0) = 21053.58175895116 3103.6007617164432
Melhor da geracao 1: reg(1) = 20617.761716838544 435.82004211261665
Melhor da geracao 3: reg(3) = 19547.515446946658 1070.2462698918862
Melhor da geracao 4: reg(4) = 19060.157392037912 487.35805490874554
Melhor da geracao 7: reg(7) = 18525.76723345324 534.3901585846725
Melhor da geracao 8: reg(8) = 17825.206299877816 700.5609335754234
Melhor da geracao 9: reg(9) = 16607.70697696865 1217.499322909167
Melhor da geracao 10: reg(10) = 14519.367496232016 2088.339480736633
Melhor da geracao 11: reg(11) = 14446.974258126065 72.39323810595124
Melhor da geracao 16: reg(16) = 13502.386352968038 944.5879051580268
Melhor da geracao 17: reg(17) = 13269.960395037131 232.42595793090732
Melhor da geracao 18: reg(18) = 12521.021956958124 748.938438079007
Melhor da geracao 21: reg(21) = 11690.673312365281 830.3486445928429
Melhor da geracao 22: reg(22) = 11646.534059083146 44.13925328213554
Melhor da geracao 23: reg(23) = 10542.232812084418 1104.301246998728
Melhor da geracao 25: reg(25) = 9506.155503173508 1036.0773089109098
Melhor da geracao 27: reg(27) = 8821.751805192003 684.4036979815046
Melhor da geracao 30: reg(30) = 8460.40415570832 361.3476494836832
Melhor da geracao 35: reg(35) = 7962.270847028753 498.13330867956665
Melhor da geracao 36: reg(36) = 7832.088010021683 130.1828370070707
Melhor da geracao 39: reg(39) = 7193.775812419473 638.3121976022094
Melhor da geracao 44: reg(44) = 6931.873117142326 261.90269527714736
Melhor da geracao 45: reg(45) = 6783.848384378978 148.02473276334786
Melhor da geracao 47: reg(47) = 6554.8637533037245 228.98463107525367
Melhor da geracao 50: reg(50) = 6445.671064540445 109.19268876327988
Melhor da geracao 51: reg(51) = 6383.132851132806 62.53821340763898
Melhor da geracao 52: reg(52) = 6094.4446998409685 288.68815129183713
Melhor da geracao 58: reg(58) = 5781.700346247169 312.74435359379913
Melhor da geracao 61: reg(61) = 5444.5664731335755 337.13387311359384
Melhor da geracao 65: reg(65) = 5372.0705267937155 72.49594633985998
Melhor da geracao 67: reg(67) = 5225.829706800431 146.24081999328428
Melhor da geracao 69: reg(69) = 5022.786918921644 203.04278787878684
Melhor da geracao 74: reg(74) = 4860.447109815085 162.3398091065592
Melhor da geracao 75: reg(75) = 4842.224685808602 18.22242400648338
Melhor da geracao 76: reg(76) = 4721.489096828865 120.73558897973726
Melhor da geracao 77: reg(77) = 4688.297437694277 33.19165913458801
Melhor da geracao 79: reg(79) = 4452.846317799378 235.4511198948985
Melhor da geracao 85: reg(85) = 4336.910703177613 115.93561462176513
Melhor da geracao 90: reg(90) = 4297.135726198819 39.77497697879426
Melhor da geracao 94: reg(94) = 4199.453886897024 97.68183930179475
Melhor da geracao 96: reg(96) = 3940.9161617694463 258.5377251275777
Melhor da geracao 102: reg(102) = 3921.096296922982 19.819864846464043
Melhor da geracao 104: reg(104) = 3838.540584785959 82.55571213702342
Melhor da geracao 109: reg(109) = 3763.2898219290655 75.25076285689329
Melhor da geracao 113: reg(113) = 3552.1700330495005 211.11978887956502
Melhor da geracao 121: reg(121) = 3526.722528553179 25.44750449632147
Melhor da geracao 124: reg(124) = 3476.6956254913302 50.02690306184877
Melhor da geracao 127: reg(127) = 3407.8529039690816 68.84272152224867
Melhor da geracao 128: reg(128) = 3242.407383041984 165.44552092709773
Melhor da geracao 133: reg(133) = 3151.457145965108 90.95023707687596
Melhor da geracao 137: reg(137) = 3027.1163920617723 124.34075390333555
Melhor da geracao 152: reg(152) = 2986.5133830503078 40.603009011464565
Melhor da geracao 154: reg(154) = 2932.0079833029918 54.505399747316005
Melhor da geracao 156: reg(156) = 2801.5759775536444 130.43200574934735
Melhor da geracao 173: reg(173) = 2775.887144138032 25.688833415612407
Melhor da geracao 186: reg(186) = 2730.8928815346812 44.99426260335076
Melhor da geracao 193: reg(193) = 2670.4150186028537 60.47786293182753
Melhor da geracao 201: reg(201) = 2456.9453387849658 213.46967981788794
Melhor da geracao 211: reg(211) = 2404.154598280664 52.79074050430199
Melhor da geracao 251: reg(251) = 2378.231330301724 25.923267978939748
Melhor da geracao 252: reg(252) = 2331.570551786725 46.66077851499904
Melhor da geracao 259: reg(259) = 2317.1145136072046 14.45603817952042
Melhor da geracao 268: reg(268) = 2192.2052859289124 124.90922767829215
Melhor da geracao 298: reg(298) = 2161.7823510144235 30.422934914488906
Melhor da geracao 299: reg(299) = 2158.261136976187 3.521214038236394
Melhor da geracao 308: reg(308) = 2143.3604617918854 14.90067518430169
Melhor da geracao 312: reg(312) = 2137.368220608846 5.9922411830393685
Melhor da geracao 319: reg(319) = 2059.691271514074 77.67694909477223
Melhor da geracao 329: reg(329) = 2048.6226739776043 11.068597536469497
Melhor da geracao 345: reg(345) = 2005.1039302859292 43.51874369167513
Melhor da geracao 358: reg(358) = 2001.153313710487 3.9506165754421545
Melhor da geracao 363: reg(363) = 1988.4620942012878 12.6912195091993
Melhor da geracao 381: reg(381) = 1948.2552784021107 40.20681579917709
Melhor da geracao 383: reg(383) = 1935.1882957316984 13.066982670412244
Melhor da geracao 386: reg(386) = 1907.0924106237733 28.09588510792514
Melhor da geracao 406: reg(406) = 1880.0533527601056 27.039057863667722
Melhor da geracao 408: reg(408) = 1824.627306226455 55.426046533650606
Melhor da geracao 427: reg(427) = 1802.456983632082 22.17032259437292
Melhor da geracao 463: reg(463) = 1738.3163623802498 64.14062125183227
Melhor da geracao 516: reg(516) = 1728.7879850290512 9.528377351198515
Melhor da geracao 533: reg(533) = 1720.625765423601 8.162219605450218
Melhor da geracao 534: reg(534) = 1703.70048375643 16.92528166717102
Melhor da geracao 556: reg(556) = 1689.1934926298343 14.506991126595722
Melhor da geracao 564: reg(564) = 1678.7707504301543 10.422742199679988
Melhor da geracao 570: reg(570) = 1664.9947094253057 13.776041004848594
Melhor da geracao 577: reg(577) = 1646.0340967918967 18.960612633409028
Melhor da geracao 596: reg(596) = 1645.9880936644208 0.04600312747584212
Melhor da geracao 606: reg(606) = 1631.2792928247047 14.708800839716105
Melhor da geracao 620: reg(620) = 1609.7996658572963 21.47962696740842
Melhor da geracao 638: reg(638) = 1608.355636887095 1.444028970201316
Melhor da geracao 662: reg(662) = 1597.720442061043 10.63519482605193
Melhor da geracao 664: reg(664) = 1587.1893156663364 10.531126394706689
Melhor da geracao 665: reg(665) = 1580.2786043409842 6.9107113253521675
Melhor da geracao 666: reg(666) = 1574.6489728335875 5.6296315073966525
Melhor da geracao 707: reg(707) = 1513.6486722716606 61.000300561926906
Melhor da geracao 800: reg(800) = 1498.787322489043 14.861349782617708
Melhor da geracao 832: reg(832) = 1497.4139873981794 1.3733350908635202
Melhor da geracao 846: reg(846) = 1496.4088586531616 1.005128745017828
Melhor da geracao 862: reg(862) = 1465.5156053967821 30.893253256379467
Melhor da geracao 896: reg(896) = 1456.7840426752534 8.73156272152869
Melhor da geracao 928: reg(928) = 1451.14145611778 5.642586557473351
Melhor da geracao 949: reg(949) = 1442.9787098312358 8.162746286544234
Melhor da geracao 966: reg(966) = 1419.1755234647765 23.803186366459386
Melhor da geracao 986: reg(986) = 1413.5862468232037 5.589276641572724
Melhor da geracao 1042: reg(1042) = 1397.6311035403744 15.95514328282934
Melhor da geracao 1123: reg(1123) = 1386.7850188362443 10.846084704130135
Melhor da geracao 1124: reg(1124) = 1377.231590287899 9.55342854834521
Melhor da geracao 1174: reg(1174) = 1346.5151471686777 30.716443119221367
Melhor da geracao 1274: reg(1274) = 1328.495142336286 18.020004832391578
Melhor da geracao 1470: reg(1470) = 1327.2504978892755 1.2446444470106144
Melhor da geracao 1501: reg(1501) = 1305.382148455612 21.868349433663525
Melhor da geracao 1517: reg(1517) = 1292.1321786863416 13.249969769270365
Melhor da geracao 1562: reg(1562) = 1286.1073446339863 6.024834052355345
Melhor da geracao 1631: reg(1631) = 1272.3418964080731 13.765448225913133
Melhor da geracao 1645: reg(1645) = 1242.6963262645675 29.645570143505665
Melhor da geracao 2000: reg(2000) = 1240.8010555854453 1.8952706791221772
Melhor da geracao 2098: reg(2098) = 1237.0140248405135 3.787030744931826
Melhor da geracao 2100: reg(2100) = 1235.20839205957 1.8056327809433697
Melhor da geracao 2146: reg(2146) = 1221.5629790570745 13.645413002495616
Melhor da geracao 2190: reg(2190) = 1212.331242896722 9.231736160352511
Melhor da geracao 2271: reg(2271) = 1201.5516715937617 10.779571302960221
Melhor da geracao 2326: reg(2326) = 1201.2900068798808 0.2616647138809185
Melhor da geracao 2446: reg(2446) = 1196.737655498237 4.552351381643803
Melhor da geracao 2452: reg(2452) = 1196.2764720375844 0.46118346065259175
Melhor da geracao 2466: reg(2466) = 1191.7375509833994 4.538921054185039
Melhor da geracao 2483: reg(2483) = 1190.1894408296994 1.5481101537000086
Melhor da geracao 2508: reg(2508) = 1186.227930009279 3.9615108204204716
Melhor da geracao 2517: reg(2517) = 1181.8432110444883 4.384718964790636
Melhor da geracao 2552: reg(2552) = 1172.8503092398748 8.992901804613439
Melhor da geracao 2724: reg(2724) = 1170.55175612102 2.2985531188548975
Melhor da geracao 2797: reg(2797) = 1163.3403069046744 7.2114492163455
Melhor da geracao 2840: reg(2840) = 1153.313726158389 10.02658074628539
Melhor da geracao 2919: reg(2919) = 1148.9737883212158 4.339937837173238
Melhor da geracao 3032: reg(3032) = 1147.569576516795 1.404211804420811
Melhor da geracao 3053: reg(3053) = 1139.8905498548802 7.679026661914804
Melhor da geracao 3080: reg(3080) = 1131.0852741592216 8.805275695658565
Melhor da geracao 3212: reg(3212) = 1129.7388493368558 1.3464248223658615
Melhor da geracao 3243: reg(3243) = 1120.7728382898556 8.966011047000165
Melhor da geracao 3300: reg(3300) = 1105.968173624256 14.804664665599603
Melhor da geracao 3576: reg(3576) = 1102.0119975657042 3.9561760585518186
Melhor da geracao 3719: reg(3719) = 1099.0500844360604 2.96191312964379
Melhor da geracao 3735: reg(3735) = 1095.9765998505006 3.073484585559754
Melhor da geracao 3766: reg(3766) = 1095.1715450607196 0.8050547897810247
Melhor da geracao 3837: reg(3837) = 1092.0493100741637 3.1222349865558954
Melhor da geracao 3862: reg(3862) = 1088.51309565499 3.5362144191738025
Melhor da geracao 3871: reg(3871) = 1085.1341166642117 3.3789789907782506
Melhor da geracao 4008: reg(4008) = 1070.3915876585743 14.74252900563738
Melhor da geracao 4514: reg(4514) = 1067.6763973304244 2.7151903281499017
Melhor da geracao 4608: reg(4608) = 1066.6106371311237 1.065760199300712
Melhor da geracao 4646: reg(4646) = 1059.662580564803 6.948056566320702
Melhor da geracao 4802: reg(4802) = 1055.1640413111174 4.4985392536855215
Melhor da geracao 4952: reg(4952) = 1052.681638882987 2.482402428130399
Melhor da geracao 5025: reg(5025) = 1047.2022629505848 5.479375932402263
Melhor da geracao 5837: reg(5837) = 1047.1226631397128 0.07959981087196866
Melhor da geracao 5913: reg(5913) = 1039.275833939911 7.846829199801732
Melhor da geracao 6003: reg(6003) = 1039.0901650743983 0.18566886551275275
Melhor da geracao 6115: reg(6115) = 1036.2302552792657 2.8599097951325803
Melhor da geracao 6266: reg(6266) = 1034.1379155676689 2.0923397115968783
Melhor da geracao 6451: reg(6451) = 1032.4669233275624 1.6709922401064432
Melhor da geracao 6594: reg(6594) = 1031.1333377505507 1.3335855770117178
Melhor da geracao 6808: reg(6808) = 1030.0524320474453 1.0809057031053726
Melhor da geracao 7039: reg(7039) = 1028.74090092969 1.311531117755294
Melhor da geracao 7190: reg(7190) = 1028.3289219374533 0.4119789922367545
Melhor da geracao 7318: reg(7318) = 1025.8117141821547 2.517207755298614
Melhor da geracao 7689: reg(7689) = 1024.936481191652 0.8752329905025817
Melhor da geracao 7821: reg(7821) = 1022.1211129137072 2.8153682779449127
Melhor da geracao 7882: reg(7882) = 1015.2710963771623 6.850016536544899
Melhor da geracao 9053: reg(9053) = 1014.2738578900769 0.997238487085383
Melhor da geracao 9279: reg(9279) = 1011.7901186988431 2.4837391912337807
Melhor da geracao 9384: reg(9384) = 1006.6900625618599 5.1000561369831985
Melhor da geracao 9734: reg(9734) = 1005.3222144184764 1.367848143383526
RUN DE_71s__0t0 1/1: Menor  custo  final é 1005.3222144184764
---26/11 17:10:08-----------------------------------------------------
reg(objetivo): 1005.3222144184764
RMSE: 742.1290762380713
MAE: 25.81586696627083
GEH: 2.392499804413599
pGEH5: 0.9014084507042254
R2Links: 0.9601636660250928
R2Odm: 0.0967643436157218
------------------------------------------------------ ´p=194

ALERT: Salvando última MOD resposta. Não a melhor.
Fitness final (reg) = 1005.3222144184764
