--candidateId=71
--directory=C:\Users\Pc\Desktop\irace2018\irace\execDir
--algorithm=DE
--fitnessFunction=reg
--populationSize=114
--crossoverProbability=0.523
--differentialWeight=0.287
26/11, 17:59:52
[HookRun] Parameters used:
--directory=execDir
--algorithm=DE
--fitnessFunction=reg
--candidateId=71
--populationSize=114
--maxEvaluations=0
--crossoverProbability=0.523
--differentialWeight=0.287

Teste Curitiba!
OK: Recuperou objeto ODMatrix de 'cwb odmatrix.dat'!

OK: Recuperou objeto VirtualSensors de 'cwb virt sen.dat'!

OK: Mudando teste para rede fechada...
ATENCAO: arestasSensor reduzidas para 71, por ser numero maximo de sensores da rede cadastrada.
PROC: Preparando para iniciar DE_71s__0t0... 26/11, 17:59:52
ERROR: Não há registros de viagens para recuperar! (ODmatrix.calcMatrixClust)
INFO: Return antecipado, n=arestasSensorGAMM=71 e t=tempoPrioriGAMM=0; mov.lenght=71 (VirtualSensors.gerArestaMaisMovimentadasIndex)
INFO: descobrirODparIndArestaMaisMov = 1074 casos! - 191/900 pares O-D cobertos
INFO: Existem 1073 relações Prob_OD_aresta!
OK: Iniciando DE com 1 runs! Population size: 114
Generations: 26315
OD =900
Sensores=71
DE_71s__0t0; 26/11, 17:59:52
STATS: Desvio fluxos: Min. -1361,488835; Mean. 326,281605; Max. 4096,940397; p5 -1058,988627; p20 -497,61052; p35 -182,771176; p50 22,003659; p65 486,613859; p80 892,114486; p95 3250,062083; 
RUN DE_71s__0t0 1/1: Menor custo inicial é 24000.000398274577(RMSE: 531.6931503909291; MAE: 25.360609390573693; GEH: 15.198490560569521) id do melhor indivíduo=72
Melhor da geracao 0: reg(0) = 22872.15513685413 1127.845261420447
Melhor da geracao 4: reg(4) = 19283.93868363353 3588.2164532206007
Melhor da geracao 9: reg(9) = 17895.853805271236 1388.0848783622932
Melhor da geracao 10: reg(10) = 16580.036115951254 1315.8176893199816
Melhor da geracao 13: reg(13) = 15515.498259533348 1064.5378564179064
Melhor da geracao 16: reg(16) = 14703.812007500714 811.686252032634
Melhor da geracao 19: reg(19) = 12289.110405244424 2414.7016022562893
Melhor da geracao 22: reg(22) = 11006.020817735098 1283.0895875093265
Melhor da geracao 27: reg(27) = 10882.418220997519 123.602596737579
Melhor da geracao 29: reg(29) = 10869.073984380959 13.34423661656001
Melhor da geracao 33: reg(33) = 9851.091207191177 1017.9827771897817
Melhor da geracao 34: reg(34) = 9486.225930761588 364.86527642958936
Melhor da geracao 38: reg(38) = 7855.213202388119 1631.0127283734691
Melhor da geracao 41: reg(41) = 7694.210426988395 161.00277539972376
Melhor da geracao 45: reg(45) = 6762.1349539404155 932.0754730479794
Melhor da geracao 56: reg(56) = 6502.966731472292 259.16822246812353
Melhor da geracao 61: reg(61) = 6295.491978472479 207.47475299981306
Melhor da geracao 64: reg(64) = 6237.158421157978 58.33355731450047
Melhor da geracao 68: reg(68) = 5952.908858079614 284.2495630783642
Melhor da geracao 69: reg(69) = 5917.528895129194 35.37996295042012
Melhor da geracao 70: reg(70) = 5916.236924312982 1.2919708162116876
Melhor da geracao 71: reg(71) = 5663.0248806621885 253.21204365079393
Melhor da geracao 73: reg(73) = 5649.268367625613 13.756513036575598
Melhor da geracao 78: reg(78) = 5448.047643125823 201.22072449978987
Melhor da geracao 79: reg(79) = 5425.403365150966 22.644277974856777
Melhor da geracao 81: reg(81) = 5396.936374911538 28.466990239428014
Melhor da geracao 82: reg(82) = 5389.753210894564 7.183164016973933
Melhor da geracao 84: reg(84) = 5329.633850426867 60.119360467697334
Melhor da geracao 85: reg(85) = 4869.387937703206 460.2459127236607
Melhor da geracao 89: reg(89) = 4508.824150667562 360.56378703564405
Melhor da geracao 105: reg(105) = 4454.516687715355 54.30746295220706
Melhor da geracao 110: reg(110) = 4439.87530090659 14.641386808764764
Melhor da geracao 111: reg(111) = 3931.956387463761 507.9189134428293
Melhor da geracao 134: reg(134) = 3916.1610773802154 15.7953100835457
Melhor da geracao 135: reg(135) = 3727.4546863835794 188.70639099663595
Melhor da geracao 138: reg(138) = 3652.0249116414852 75.4297747420942
Melhor da geracao 143: reg(143) = 3641.2168382366895 10.808073404795778
Melhor da geracao 145: reg(145) = 3603.378774919493 37.83806331719643
Melhor da geracao 149: reg(149) = 3322.69056881812 280.688206101373
Melhor da geracao 158: reg(158) = 3288.3598082856433 34.33076053247669
Melhor da geracao 189: reg(189) = 3183.2062409512223 105.15356733442104
Melhor da geracao 193: reg(193) = 3177.2109575258587 5.995283425363596
Melhor da geracao 195: reg(195) = 3162.4285947549965 14.782362770862164
Melhor da geracao 201: reg(201) = 3156.5808399139382 5.847754841058304
Melhor da geracao 210: reg(210) = 3052.8374527937535 103.7433871201847
Melhor da geracao 217: reg(217) = 3012.548221948764 40.28923084498956
Melhor da geracao 221: reg(221) = 2915.2075869441533 97.3406350046107
Melhor da geracao 240: reg(240) = 2901.5436276466844 13.663959297468864
Melhor da geracao 247: reg(247) = 2780.7945324439115 120.74909520277288
Melhor da geracao 256: reg(256) = 2780.1837757164267 0.6107567274848407
Melhor da geracao 259: reg(259) = 2753.3005621335196 26.883213582907047
Melhor da geracao 269: reg(269) = 2717.2968417417464 36.003720391773186
Melhor da geracao 271: reg(271) = 2550.414002278255 166.88283946349156
Melhor da geracao 306: reg(306) = 2437.5080703800954 112.90593189815945
Melhor da geracao 320: reg(320) = 2418.261641617584 19.24642876251164
Melhor da geracao 326: reg(326) = 2383.554252267577 34.707389350006906
Melhor da geracao 335: reg(335) = 2347.7470476083336 35.807204659243325
Melhor da geracao 337: reg(337) = 2343.3519401673384 4.395107440995162
Melhor da geracao 351: reg(351) = 2326.517233507241 16.834706660097254
Melhor da geracao 355: reg(355) = 2279.9892434371095 46.52799007013164
Melhor da geracao 357: reg(357) = 2220.91624528145 59.07299815565966
Melhor da geracao 369: reg(369) = 2159.0214658326327 61.89477944881719
Melhor da geracao 378: reg(378) = 2154.628371832037 4.393094000595738
Melhor da geracao 405: reg(405) = 2122.1455509851276 32.48282084690936
Melhor da geracao 413: reg(413) = 2062.8207966720433 59.32475431308421
Melhor da geracao 472: reg(472) = 2030.2118849659112 32.608911706132176
Melhor da geracao 478: reg(478) = 2006.2010363323375 24.010848633573687
Melhor da geracao 510: reg(510) = 1961.5442383711263 44.65679796121117
Melhor da geracao 513: reg(513) = 1904.6408642329507 56.90337413817565
Melhor da geracao 563: reg(563) = 1852.0883037443127 52.55256048863794
Melhor da geracao 592: reg(592) = 1797.1168709950546 54.971432749258156
Melhor da geracao 628: reg(628) = 1764.1943366369328 32.922534358121766
Melhor da geracao 667: reg(667) = 1756.0176798125453 8.176656824387464
Melhor da geracao 674: reg(674) = 1746.8738410039182 9.143838808627152
Melhor da geracao 678: reg(678) = 1671.6577184662078 75.21612253771036
Melhor da geracao 684: reg(684) = 1658.3940863973187 13.263632068889137
Melhor da geracao 737: reg(737) = 1654.0668929494682 4.3271934478505045
Melhor da geracao 742: reg(742) = 1634.995725617107 19.071167332361256
Melhor da geracao 762: reg(762) = 1608.0072728754922 26.988452741614765
Melhor da geracao 785: reg(785) = 1576.088843226278 31.918429649214204
Melhor da geracao 860: reg(860) = 1562.9876505796333 13.101192646644677
Melhor da geracao 891: reg(891) = 1535.8164470069505 27.17120357268277
Melhor da geracao 971: reg(971) = 1530.2910431634 5.525403843550521
Melhor da geracao 975: reg(975) = 1521.704250143272 8.58679302012797
Melhor da geracao 981: reg(981) = 1520.9796754070542 0.7245747362178463
Melhor da geracao 984: reg(984) = 1505.7771673350776 15.202508071976581
Melhor da geracao 996: reg(996) = 1479.578604706442 26.1985626286355
Melhor da geracao 1010: reg(1010) = 1473.0893764387472 6.489228267694898
Melhor da geracao 1095: reg(1095) = 1452.5523691990793 20.5370072396679
Melhor da geracao 1143: reg(1143) = 1441.4811432300364 11.071225969042871
Melhor da geracao 1145: reg(1145) = 1438.5388870811894 2.9422561488470365
Melhor da geracao 1153: reg(1153) = 1430.67694325953 7.861943821659452
Melhor da geracao 1161: reg(1161) = 1421.719355643267 8.957587616263027
Melhor da geracao 1176: reg(1176) = 1421.1899215326466 0.5294341106202864
Melhor da geracao 1203: reg(1203) = 1419.8225592382353 1.3673622944113504
Melhor da geracao 1209: reg(1209) = 1401.975603319033 17.846955919202173
Melhor da geracao 1230: reg(1230) = 1399.9894180317322 1.9861852873009411
Melhor da geracao 1268: reg(1268) = 1374.1633780427794 25.826039988952743
Melhor da geracao 1364: reg(1364) = 1371.3466860513804 2.8166919913990114
Melhor da geracao 1393: reg(1393) = 1355.3592422032068 15.987443848173598
Melhor da geracao 1407: reg(1407) = 1355.1174895538798 0.24175264932705431
Melhor da geracao 1439: reg(1439) = 1354.2929833072587 0.8245062466210129
Melhor da geracao 1444: reg(1444) = 1352.7610952540906 1.5318880531681316
Melhor da geracao 1472: reg(1472) = 1351.4550741849541 1.3060210691364773
Melhor da geracao 1502: reg(1502) = 1313.2310848256802 38.2239893592739
Melhor da geracao 1600: reg(1600) = 1293.5766887564514 19.654396069228824
Melhor da geracao 1791: reg(1791) = 1289.6617585302727 3.9149302261787398
Melhor da geracao 1798: reg(1798) = 1279.9302649380777 9.731493592194965
Melhor da geracao 1818: reg(1818) = 1264.5153055785888 15.414959359488876
Melhor da geracao 1872: reg(1872) = 1255.8645176053312 8.650787973257593
Melhor da geracao 1967: reg(1967) = 1253.9293623848432 1.9351552204880136
Melhor da geracao 2049: reg(2049) = 1253.5859799026553 0.3433824821879625
Melhor da geracao 2064: reg(2064) = 1235.6116917513762 17.974288151279097
Melhor da geracao 2133: reg(2133) = 1235.1682236914653 0.443468059910856
Melhor da geracao 2139: reg(2139) = 1232.217338254427 2.9508854370383233
Melhor da geracao 2233: reg(2233) = 1227.3208915071395 4.896446747287428
Melhor da geracao 2259: reg(2259) = 1209.1442861341368 18.176605373002758
Melhor da geracao 2399: reg(2399) = 1205.2958764191178 3.848409715018988
Melhor da geracao 2422: reg(2422) = 1200.7583391605845 4.537537258533348
Melhor da geracao 2430: reg(2430) = 1191.2428250269431 9.515514133641318
Melhor da geracao 2485: reg(2485) = 1188.5172258930972 2.72559913384589
Melhor da geracao 2504: reg(2504) = 1182.9951248509135 5.522101042183749
Melhor da geracao 2543: reg(2543) = 1181.8226928197537 1.1724320311598149
Melhor da geracao 2589: reg(2589) = 1175.948479812847 5.874213006906757
Melhor da geracao 2615: reg(2615) = 1175.7003948788756 0.24808493397131315
Melhor da geracao 2622: reg(2622) = 1170.3618494653142 5.338545413561405
Melhor da geracao 2629: reg(2629) = 1168.3033472927211 2.05850217259308
Melhor da geracao 2665: reg(2665) = 1163.8887136081084 4.4146336846126815
Melhor da geracao 2697: reg(2697) = 1150.6155448085408 13.273168799567657
Melhor da geracao 2861: reg(2861) = 1143.51501228999 7.1005325185508354
Melhor da geracao 2952: reg(2952) = 1140.7901722376628 2.724840052327181
Melhor da geracao 3049: reg(3049) = 1139.5548876935763 1.2352845440864257
Melhor da geracao 3053: reg(3053) = 1137.6051315332086 1.9497561603677696
Melhor da geracao 3078: reg(3078) = 1133.7008776624764 3.904253870732191
Melhor da geracao 3099: reg(3099) = 1129.2561877904504 4.444689872025947
Melhor da geracao 3194: reg(3194) = 1128.7228441276452 0.5333436628052368
Melhor da geracao 3258: reg(3258) = 1110.7595685579224 17.963275569722782
Melhor da geracao 3389: reg(3389) = 1109.2331201606564 1.5264483972659946
Melhor da geracao 3447: reg(3447) = 1106.4363754611484 2.7967446995080536
Melhor da geracao 3533: reg(3533) = 1101.9965327576886 4.439842703459817
Melhor da geracao 3667: reg(3667) = 1098.60917325179 3.38735950589853
Melhor da geracao 3697: reg(3697) = 1097.3536552332168 1.2555180185731842
Melhor da geracao 3718: reg(3718) = 1090.882506594688 6.471148638528803
Melhor da geracao 3748: reg(3748) = 1083.4512102764572 7.431296318230807
Melhor da geracao 3927: reg(3927) = 1081.4939448080654 1.9572654683918245
Melhor da geracao 4042: reg(4042) = 1079.9202595355123 1.5736852725531207
Melhor da geracao 4082: reg(4082) = 1078.5594540608438 1.3608054746684957
Melhor da geracao 4103: reg(4103) = 1070.90857733119 7.6508767296538736
Melhor da geracao 4189: reg(4189) = 1069.3457146001879 1.562862731002042
Melhor da geracao 4238: reg(4238) = 1064.9040557784244 4.44165882176344
Melhor da geracao 4297: reg(4297) = 1063.0807995190985 1.8232562593259445
Melhor da geracao 4313: reg(4313) = 1056.1703642900195 6.910435229078985
Melhor da geracao 4411: reg(4411) = 1055.794085051505 0.37627923851459855
Melhor da geracao 4462: reg(4462) = 1052.6910784343133 3.103006617191568
Melhor da geracao 4469: reg(4469) = 1051.4206271895112 1.2704512448021887
Melhor da geracao 4470: reg(4470) = 1049.8839894449034 1.5366377446077877
Melhor da geracao 4565: reg(4565) = 1045.4048865182037 4.479102926699625
Melhor da geracao 4597: reg(4597) = 1043.7389333119881 1.6659532062155904
Melhor da geracao 4618: reg(4618) = 1042.5070341236421 1.2318991883460058
Melhor da geracao 4690: reg(4690) = 1040.36899839186 2.138035731782111
Melhor da geracao 4748: reg(4748) = 1037.3175792152251 3.0514191766349086
Melhor da geracao 4783: reg(4783) = 1037.120698672517 0.1968805427081861
Melhor da geracao 4833: reg(4833) = 1035.1896433600562 1.931055312460785
Melhor da geracao 4951: reg(4951) = 1032.0500463189644 3.139597041091747
Melhor da geracao 5109: reg(5109) = 1029.4780654003748 2.5719809185895883
Melhor da geracao 5295: reg(5295) = 1028.7878626012582 0.6902027991166051
Melhor da geracao 5304: reg(5304) = 1026.2645330638832 2.523329537375048
Melhor da geracao 5351: reg(5351) = 1026.0138118313855 0.25072123249765355
Melhor da geracao 5361: reg(5361) = 1024.5658799609196 1.4479318704659363
Melhor da geracao 5430: reg(5430) = 1022.6486043039216 1.9172756569979583
Melhor da geracao 5503: reg(5503) = 1021.7221040331501 0.9265002707714984
Melhor da geracao 5641: reg(5641) = 1017.49761732577 4.2244867073801515
Melhor da geracao 5779: reg(5779) = 1016.6564320386889 0.841185287081089
Melhor da geracao 5841: reg(5841) = 1014.3293578616632 2.327074177025679
Melhor da geracao 6014: reg(6014) = 1008.7076450583197 5.621712803343485
Melhor da geracao 6308: reg(6308) = 1008.5466927780391 0.16095228028063957
Melhor da geracao 6347: reg(6347) = 1006.5611579345908 1.9855348434482494
Melhor da geracao 6363: reg(6363) = 1005.8578763916265 0.7032815429643051
Melhor da geracao 6513: reg(6513) = 1005.6890465212483 0.16882987037820385
Melhor da geracao 6549: reg(6549) = 1005.3614520245543 0.32759449669401874
Melhor da geracao 6558: reg(6558) = 1003.8552966812211 1.5061553433331483
Melhor da geracao 6691: reg(6691) = 1003.3211017715264 0.5341949096947474
Melhor da geracao 6742: reg(6742) = 1002.9971938093072 0.32390796221920937
Melhor da geracao 6756: reg(6756) = 1002.2909319362548 0.7062618730524264
Melhor da geracao 6800: reg(6800) = 999.8463354680059 2.4445964682488466
Melhor da geracao 6903: reg(6903) = 998.5292080845724 1.317127383433558
Melhor da geracao 6967: reg(6967) = 998.5246818845197 0.004526200052623608
Melhor da geracao 6999: reg(6999) = 998.5109002533136 0.013781631206143174
Melhor da geracao 7028: reg(7028) = 998.4122484838142 0.09865176949938359
Melhor da geracao 7064: reg(7064) = 997.3485770937747 1.0636713900395307
Melhor da geracao 7165: reg(7165) = 996.6728158332646 0.6757612605100576
Melhor da geracao 7225: reg(7225) = 995.5282669094939 1.1445489237706852
Melhor da geracao 7245: reg(7245) = 994.884626686642 0.6436402228519
Melhor da geracao 7354: reg(7354) = 993.725024692705 1.1596019939370308
Melhor da geracao 7415: reg(7415) = 992.9993286853894 0.7256960073156051
Melhor da geracao 7432: reg(7432) = 992.5035471021491 0.495781583240273
Melhor da geracao 7456: reg(7456) = 991.5774983556333 0.9260487465157894
Melhor da geracao 7536: reg(7536) = 991.3918728845794 0.18562547105398153
Melhor da geracao 7618: reg(7618) = 989.5396341389633 1.8522387456160914
Melhor da geracao 7734: reg(7734) = 989.3698082249522 0.16982591401108493
Melhor da geracao 7848: reg(7848) = 988.8784126230968 0.49139560185540176
Melhor da geracao 7902: reg(7902) = 988.461638813849 0.41677380924772933
Melhor da geracao 7910: reg(7910) = 986.7884974873623 1.673141326486757
Melhor da geracao 8000: reg(8000) = 986.1729496023671 0.6155478849951805
Melhor da geracao 8149: reg(8149) = 985.8821168562805 0.2908327460866076
Melhor da geracao 8233: reg(8233) = 985.8472269174696 0.034889938810920285
Melhor da geracao 8276: reg(8276) = 985.3205008687465 0.5267260487230487
Melhor da geracao 8337: reg(8337) = 982.0990218952538 3.221478973492708
Melhor da geracao 8605: reg(8605) = 980.31927509776 1.7797467974937717
Melhor da geracao 8856: reg(8856) = 979.9372749827136 0.38200011504648046
Melhor da geracao 8901: reg(8901) = 978.8292724242207 1.108002558492899
Melhor da geracao 8930: reg(8930) = 977.8047862011181 1.024486223102599
Melhor da geracao 9033: reg(9033) = 977.3090711126107 0.49571508850738155
Melhor da geracao 9136: reg(9136) = 977.2877527328063 0.021318379804370124
Melhor da geracao 9204: reg(9204) = 975.1471009265374 2.14065180626892
Melhor da geracao 9214: reg(9214) = 974.805086536906 0.34201438963145847
Melhor da geracao 9346: reg(9346) = 973.921290235722 0.8837963011839065
Melhor da geracao 9376: reg(9376) = 973.7090064910873 0.2122837446347603
Melhor da geracao 9385: reg(9385) = 973.6586399422491 0.05036654883815572
Melhor da geracao 9422: reg(9422) = 972.2703232841309 1.3883166581182422
Melhor da geracao 9501: reg(9501) = 972.2145135170854 0.05580976704550267
Melhor da geracao 9524: reg(9524) = 971.8688876396199 0.34562587746552254
Melhor da geracao 9557: reg(9557) = 971.7613972284558 0.10749041116400804
Melhor da geracao 9595: reg(9595) = 971.3706964665641 0.39070076189170777
Melhor da geracao 9628: reg(9628) = 969.8441577622234 1.5265387043407372
Melhor da geracao 9643: reg(9643) = 969.59966332008 0.24449444214337746
Melhor da geracao 9661: reg(9661) = 968.5200567744596 1.079606545620436
Melhor da geracao 9776: reg(9776) = 968.3035413216185 0.21651545284112217
Melhor da geracao 9819: reg(9819) = 967.6187144737418 0.6848268478767068
Melhor da geracao 9867: reg(9867) = 966.9058895947117 0.7128248790301086
Melhor da geracao 9987: reg(9987) = 965.974789539935 0.9311000547766071
Melhor da geracao 10024: reg(10024) = 965.695041124682 0.27974841525303873
Melhor da geracao 10027: reg(10027) = 965.3627750939863 0.3322660306956777
Melhor da geracao 10080: reg(10080) = 964.4809219234705 0.8818531705157966
Melhor da geracao 10131: reg(10131) = 964.1677413334579 0.313180590012621
Melhor da geracao 10151: reg(10151) = 962.9841662817271 1.183575051730827
Melhor da geracao 10371: reg(10371) = 961.4684540365819 1.5157122451452096
Melhor da geracao 10450: reg(10450) = 960.886304060951 0.5821499756308413
Melhor da geracao 10467: reg(10467) = 960.8012240539691 0.08508000698191154
Melhor da geracao 10513: reg(10513) = 960.6604013650999 0.140822688869207
Melhor da geracao 10571: reg(10571) = 960.2299317592782 0.43046960582171323
Melhor da geracao 10612: reg(10612) = 960.1717724079231 0.05815935135512973
Melhor da geracao 10624: reg(10624) = 960.1116902564466 0.06008215147642204
Melhor da geracao 10701: reg(10701) = 959.2296333048248 0.8820569516218484
Melhor da geracao 10784: reg(10784) = 959.1498969123677 0.07973639245710729
Melhor da geracao 10831: reg(10831) = 959.1059889531542 0.04390795921347035
Melhor da geracao 10892: reg(10892) = 958.6156222113466 0.49036674180763384
Melhor da geracao 10940: reg(10940) = 958.5378289488091 0.07779326253751151
Melhor da geracao 10941: reg(10941) = 958.215019748247 0.32280920056211926
Melhor da geracao 10953: reg(10953) = 958.0651915917534 0.14982815649352688
Melhor da geracao 11008: reg(11008) = 957.9301061640784 0.1350854276749942
Melhor da geracao 11105: reg(11105) = 957.8618069601994 0.06829920387906441
Melhor da geracao 11253: reg(11253) = 957.362420181318 0.49938677888133043
Melhor da geracao 11260: reg(11260) = 957.2158539559089 0.14656622540917397
Melhor da geracao 11276: reg(11276) = 956.8561813888709 0.3596725670379328
Melhor da geracao 11328: reg(11328) = 956.5695215628047 0.28665982606628404
Melhor da geracao 11502: reg(11502) = 956.2991110326367 0.2704105301679647
Melhor da geracao 11544: reg(11544) = 956.0605680803202 0.23854295231649303
Melhor da geracao 11583: reg(11583) = 955.844689119679 0.21587896064124834
Melhor da geracao 11585: reg(11585) = 955.6067011745108 0.23798794516812904
Melhor da geracao 11621: reg(11621) = 955.4159228345173 0.1907783399934715
Melhor da geracao 11653: reg(11653) = 955.3201699144855 0.09575292003182767
Melhor da geracao 11745: reg(11745) = 954.613251028832 0.706918885653522
Melhor da geracao 11933: reg(11933) = 954.5486032066576 0.06464782217437914
Melhor da geracao 11989: reg(11989) = 954.261927927185 0.2866752794726608
Melhor da geracao 11990: reg(11990) = 954.1631263336135 0.09880159357146567
Melhor da geracao 12014: reg(12014) = 953.834579486464 0.32854684714948235
Melhor da geracao 12075: reg(12075) = 953.7732914530089 0.061288033455070945
Melhor da geracao 12141: reg(12141) = 953.2011765609224 0.5721148920865744
Melhor da geracao 12234: reg(12234) = 952.263837918404 0.937338642518398
Melhor da geracao 12451: reg(12451) = 952.1838355589633 0.08000235944064116
Melhor da geracao 12481: reg(12481) = 952.0269024685358 0.1569330904275148
Melhor da geracao 12609: reg(12609) = 951.8884994836172 0.13840298491857084
Melhor da geracao 12708: reg(12708) = 951.4846609674252 0.40383851619208144
Melhor da geracao 12784: reg(12784) = 951.4481818139492 0.036479153475966086
Melhor da geracao 12864: reg(12864) = 951.3133990182406 0.1347827957085883
Melhor da geracao 12972: reg(12972) = 951.244846594938 0.06855242330254896
Melhor da geracao 12998: reg(12998) = 951.1906613551594 0.05418523977868972
Melhor da geracao 13000: reg(13000) = 951.0518140788387 0.13884727632068916
Melhor da geracao 13005: reg(13005) = 950.9904267649774 0.061387313861246184
Melhor da geracao 13154: reg(13154) = 950.6957670682679 0.2946596967095729
Melhor da geracao 13157: reg(13157) = 950.5966291465813 0.0991379216865198
Melhor da geracao 13281: reg(13281) = 950.4764580989508 0.12017104763049247
Melhor da geracao 13310: reg(13310) = 949.8140673994096 0.6623906995412199
Melhor da geracao 13545: reg(13545) = 949.7672206744998 0.04684672490986941
Melhor da geracao 13546: reg(13546) = 949.4901131034522 0.2771075710475088
Melhor da geracao 13602: reg(13602) = 948.9924692918179 0.49764381163436155
Melhor da geracao 13771: reg(13771) = 948.5737759460379 0.41869334577995687
Melhor da geracao 13802: reg(13802) = 948.1029455127723 0.47083043326563256
Melhor da geracao 13956: reg(13956) = 947.989888541541 0.1130569712313445
Melhor da geracao 14010: reg(14010) = 947.8394882872832 0.15040025425776093
Melhor da geracao 14071: reg(14071) = 947.763523875263 0.07596441202019832
Melhor da geracao 14123: reg(14123) = 947.7148184311143 0.04870544414870892
Melhor da geracao 14124: reg(14124) = 947.5382410833096 0.17657734780470946
Melhor da geracao 14165: reg(14165) = 947.4106054620308 0.12763562127872774
Melhor da geracao 14216: reg(14216) = 946.9013836190655 0.509221842965303
Melhor da geracao 14488: reg(14488) = 946.8558513958743 0.045532223191230514
Melhor da geracao 14525: reg(14525) = 946.842386966231 0.013464429643363474
Melhor da geracao 14530: reg(14530) = 946.7609742591092 0.08141270712178539
Melhor da geracao 14578: reg(14578) = 946.6003743337054 0.16059992540374424
Melhor da geracao 14687: reg(14687) = 946.3687452479911 0.23162908571430307
Melhor da geracao 14691: reg(14691) = 946.2898027889185 0.07894245907266395
Melhor da geracao 14753: reg(14753) = 946.1488228049991 0.14097998391935107
Melhor da geracao 14771: reg(14771) = 945.7220778131153 0.4267449918837656
Melhor da geracao 14989: reg(14989) = 945.6677509923851 0.05432682073023898
Melhor da geracao 15118: reg(15118) = 945.5371778075271 0.13057318485800806
Melhor da geracao 15164: reg(15164) = 945.4433294044916 0.09384840303550845
Melhor da geracao 15228: reg(15228) = 945.2980471602117 0.14528224427988334
Melhor da geracao 15354: reg(15354) = 945.2436437245898 0.05440343562190719
Melhor da geracao 15389: reg(15389) = 945.1780103575545 0.06563336703527511
Melhor da geracao 15395: reg(15395) = 945.086806641779 0.09120371577546393
Melhor da geracao 15525: reg(15525) = 944.7238900532922 0.3629165884868826
Melhor da geracao 15643: reg(15643) = 944.7188305488507 0.005059504441419449
Melhor da geracao 15686: reg(15686) = 944.64075967595 0.07807087290075287
Melhor da geracao 15703: reg(15703) = 944.3644509641416 0.2763087118083831
Melhor da geracao 15837: reg(15837) = 944.2897471885798 0.07470377556182939
Melhor da geracao 15882: reg(15882) = 944.0826080643152 0.20713912426458592
Melhor da geracao 16098: reg(16098) = 943.7189276502797 0.36368041403545703
Melhor da geracao 16249: reg(16249) = 943.6896679805441 0.02925966973566574
Melhor da geracao 16257: reg(16257) = 943.5805282247183 0.10913975582582225
Melhor da geracao 16321: reg(16321) = 943.5475742391977 0.0329539855205212
Melhor da geracao 16322: reg(16322) = 943.1718073429189 0.375766896278833
Melhor da geracao 16380: reg(16380) = 943.0793325903032 0.09247475261565796
Melhor da geracao 16497: reg(16497) = 942.874386869313 0.2049457209902812
Melhor da geracao 16625: reg(16625) = 942.855027885389 0.01935898392400759
Melhor da geracao 16673: reg(16673) = 942.8219591680518 0.03306871733718708
Melhor da geracao 16696: reg(16696) = 942.7958191187657 0.026140049286027534
Melhor da geracao 16715: reg(16715) = 942.7840347311082 0.01178438765748524
Melhor da geracao 16733: reg(16733) = 942.6013934723986 0.1826412587096229
Melhor da geracao 16770: reg(16770) = 942.5560751146468 0.045318357751853
Melhor da geracao 16845: reg(16845) = 942.5170395274673 0.03903558717945543
Melhor da geracao 16852: reg(16852) = 942.5088282449524 0.008211282514935192
Melhor da geracao 16917: reg(16917) = 942.4831410244515 0.0256872205009131
Melhor da geracao 16920: reg(16920) = 942.3065597364447 0.17658128800678696
Melhor da geracao 16999: reg(16999) = 942.2800070831279 0.02655265331679857
Melhor da geracao 17116: reg(17116) = 942.1626453497377 0.11736173339022571
Melhor da geracao 17147: reg(17147) = 941.9491218278934 0.21352352184430856
Melhor da geracao 17211: reg(17211) = 941.8840113494715 0.06511047842184325
Melhor da geracao 17346: reg(17346) = 941.8215843953244 0.06242695414709942
Melhor da geracao 17394: reg(17394) = 941.7633561269864 0.058228268337984446
Melhor da geracao 17428: reg(17428) = 941.6017286326739 0.16162749431248358
Melhor da geracao 17554: reg(17554) = 941.4515493804137 0.15017925226027273
Melhor da geracao 17616: reg(17616) = 941.4069096249432 0.04463975547048449
Melhor da geracao 17678: reg(17678) = 941.3395789685738 0.06733065636933588
Melhor da geracao 17682: reg(17682) = 941.201982549027 0.13759641954686685
Melhor da geracao 17844: reg(17844) = 941.097977049717 0.10400549931000569
Melhor da geracao 17905: reg(17905) = 940.708419844497 0.3895572052199441
Melhor da geracao 18088: reg(18088) = 940.673981823938 0.034438020559036886
Melhor da geracao 18308: reg(18308) = 940.6427403258117 0.031241498126291845
Melhor da geracao 18316: reg(18316) = 940.6277991407594 0.014941185052293804
Melhor da geracao 18344: reg(18344) = 940.4565244906408 0.17127465011856202
Melhor da geracao 18354: reg(18354) = 940.3998067222714 0.05671776836948084
Melhor da geracao 18395: reg(18395) = 940.3815852261155 0.018221496155888417
Melhor da geracao 18448: reg(18448) = 940.3270173552288 0.0545678708866717
Melhor da geracao 18450: reg(18450) = 940.222769867614 0.10424748761477076
Melhor da geracao 18517: reg(18517) = 940.2038257114069 0.018944156207112428
Melhor da geracao 18531: reg(18531) = 940.1687422514124 0.03508345999455287
Melhor da geracao 18576: reg(18576) = 940.1157326098171 0.05300964159528121
Melhor da geracao 18628: reg(18628) = 940.1026823966612 0.013050213155906931
Melhor da geracao 18658: reg(18658) = 940.0886526045186 0.01402979214253719
Melhor da geracao 18721: reg(18721) = 939.9661412213248 0.12251138319379606
Melhor da geracao 18726: reg(18726) = 939.9317466977997 0.034394523525179466
Melhor da geracao 18734: reg(18734) = 939.9063694308527 0.025377266946975396
Melhor da geracao 18798: reg(18798) = 939.7847935434892 0.12157588736351954
Melhor da geracao 18885: reg(18885) = 939.7610257179256 0.02376782556359558
Melhor da geracao 18934: reg(18934) = 939.7374972076836 0.023528510241931144
Melhor da geracao 18967: reg(18967) = 939.6979014522989 0.03959575538476656
Melhor da geracao 19012: reg(19012) = 939.6570631979262 0.04083825437271571
Melhor da geracao 19093: reg(19093) = 939.628658118707 0.028405079219169238
Melhor da geracao 19158: reg(19158) = 939.5116928772561 0.1169652414508846
Melhor da geracao 19216: reg(19216) = 939.4425946036234 0.06909827363267596
Melhor da geracao 19385: reg(19385) = 939.3782373201842 0.06435728343922165
Melhor da geracao 19460: reg(19460) = 939.3080122117556 0.07022510842864449
Melhor da geracao 19518: reg(19518) = 939.218761319404 0.08925089235151518
Melhor da geracao 19536: reg(19536) = 939.2090780259072 0.009683293496891565
Melhor da geracao 19564: reg(19564) = 939.098342246627 0.1107357792801622
Melhor da geracao 19594: reg(19594) = 939.0166850788905 0.08165716773646636
Melhor da geracao 19855: reg(19855) = 938.9831342299079 0.033550848982599746
Melhor da geracao 19860: reg(19860) = 938.9710253698154 0.012108860092553186
Melhor da geracao 19876: reg(19876) = 938.845164431776 0.12586093803940912
Melhor da geracao 19933: reg(19933) = 938.8328213511687 0.012343080607251977
Melhor da geracao 20068: reg(20068) = 938.8111204518224 0.02170089934634234
Melhor da geracao 20104: reg(20104) = 938.7552957938951 0.055824657927246335
Melhor da geracao 20123: reg(20123) = 938.733362090196 0.021933703699119178
Melhor da geracao 20130: reg(20130) = 938.7057203617799 0.02764172841614254
Melhor da geracao 20186: reg(20186) = 938.665321499247 0.04039886253281111
Melhor da geracao 20269: reg(20269) = 938.5687629207272 0.09655857851987548
Melhor da geracao 20310: reg(20310) = 938.5464490495219 0.022313871205255964
Melhor da geracao 20352: reg(20352) = 938.5236888088656 0.022760240656339192
Melhor da geracao 20391: reg(20391) = 938.5111624073586 0.012526401506988805
Melhor da geracao 20490: reg(20490) = 938.4107597514859 0.10040265587269914
Melhor da geracao 20549: reg(20549) = 938.375305985606 0.03545376587987903
Melhor da geracao 20589: reg(20589) = 938.3351492851974 0.040156700408601864
Melhor da geracao 20631: reg(20631) = 938.3124400565745 0.022709228622943556
Melhor da geracao 20645: reg(20645) = 938.2205320811701 0.09190797540441054
Melhor da geracao 20797: reg(20797) = 938.1384616537914 0.08207042737865322
Melhor da geracao 20876: reg(20876) = 938.0933903055817 0.045071348209717144
Melhor da geracao 20948: reg(20948) = 938.0689502718178 0.02444003376388082
Melhor da geracao 20994: reg(20994) = 938.067535482126 0.0014147896918075276
Melhor da geracao 21021: reg(21021) = 938.0183425084194 0.0491929737065675
Melhor da geracao 21108: reg(21108) = 938.0035157376869 0.014826770732497607
Melhor da geracao 21137: reg(21137) = 937.972557541489 0.030958196197957477
Melhor da geracao 21250: reg(21250) = 937.9575330170399 0.015024524449131604
Melhor da geracao 21292: reg(21292) = 937.9565257900746 0.001007226965271002
Melhor da geracao 21298: reg(21298) = 937.9517530404613 0.004772749613266569
Melhor da geracao 21329: reg(21329) = 937.9151342383319 0.0366188021293965
Melhor da geracao 21407: reg(21407) = 937.7834855015911 0.1316487367407717
Melhor da geracao 21538: reg(21538) = 937.7199505354242 0.06353496616691245
Melhor da geracao 21697: reg(21697) = 937.6702619673612 0.04968856806306121
Melhor da geracao 21739: reg(21739) = 937.6356929270814 0.03456904027973451
Melhor da geracao 21881: reg(21881) = 937.5754920752345 0.06020085184695745
Melhor da geracao 21916: reg(21916) = 937.575403802421 8.827281351386773E-5
Melhor da geracao 22115: reg(22115) = 937.5480057774084 0.027398025012530525
Melhor da geracao 22160: reg(22160) = 937.53298461323 0.01502116417839261
Melhor da geracao 22201: reg(22201) = 937.5170079707939 0.015976642436157817
Melhor da geracao 22214: reg(22214) = 937.5059757655282 0.011032205265678385
Melhor da geracao 22218: reg(22218) = 937.4749436687591 0.031032096769081363
Melhor da geracao 22229: reg(22229) = 937.4410011183717 0.033942550387450865
Melhor da geracao 22289: reg(22289) = 937.4151022920298 0.025898826341858694
Melhor da geracao 22309: reg(22309) = 937.3945821216611 0.020520170368740764
Melhor da geracao 22355: reg(22355) = 937.3223915691672 0.07219055249390749
Melhor da geracao 22447: reg(22447) = 937.2951771033539 0.027214465813244715
Melhor da geracao 22480: reg(22480) = 937.2878157756643 0.00736132768963671
Melhor da geracao 22500: reg(22500) = 937.2545237601149 0.033292015549363896
Melhor da geracao 22557: reg(22557) = 937.2431391430422 0.011384617072735637
Melhor da geracao 22558: reg(22558) = 937.1133793569722 0.12975978606993976
Melhor da geracao 22651: reg(22651) = 937.0974099596501 0.01596939732212377
Melhor da geracao 22685: reg(22685) = 937.0903802919651 0.0070296676850603035
Melhor da geracao 22706: reg(22706) = 937.0849832568593 0.005397035105715986
Melhor da geracao 22722: reg(22722) = 937.0742987971136 0.010684459745789354
Melhor da geracao 22760: reg(22760) = 937.0663943902287 0.007904406884904347
Melhor da geracao 22770: reg(22770) = 937.0160156196521 0.050378770576571696
Melhor da geracao 22827: reg(22827) = 937.0024772841812 0.013538335470911989
Melhor da geracao 22839: reg(22839) = 936.9863835273989 0.016093756782311175
Melhor da geracao 22867: reg(22867) = 936.9187203803203 0.06766314707851961
Melhor da geracao 22927: reg(22927) = 936.900739162796 0.017981217524379645
Melhor da geracao 22992: reg(22992) = 936.8984209487023 0.0023182140936341966
Melhor da geracao 23028: reg(23028) = 936.8089850567889 0.08943589191346746
Melhor da geracao 23043: reg(23043) = 936.7957102032645 0.013274853524308128
Melhor da geracao 23079: reg(23079) = 936.7698010520639 0.025909151200607994
Melhor da geracao 23081: reg(23081) = 936.7506405543409 0.01916049772307815
Melhor da geracao 23088: reg(23088) = 936.7483014602415 0.0023390940993976983
Melhor da geracao 23134: reg(23134) = 936.7311818477355 0.017119612506007797
Melhor da geracao 23137: reg(23137) = 936.70562880602 0.025553041715511426
Melhor da geracao 23151: reg(23151) = 936.6859441084118 0.01968469760811331
Melhor da geracao 23225: reg(23225) = 936.6697536348507 0.01619047356109604
Melhor da geracao 23271: reg(23271) = 936.6540775212113 0.015676113639415235
Melhor da geracao 23291: reg(23291) = 936.6166279188897 0.03744960232165795
Melhor da geracao 23316: reg(23316) = 936.5893768235601 0.027251095329575037
Melhor da geracao 23349: reg(23349) = 936.5310650821418 0.05831174141826523
Melhor da geracao 23427: reg(23427) = 936.5053254200266 0.02573966211525658
Melhor da geracao 23465: reg(23465) = 936.500102303328 0.0052231166985166055
Melhor da geracao 23520: reg(23520) = 936.487837080822 0.012265222506016471
Melhor da geracao 23521: reg(23521) = 936.4550604859348 0.03277659488719564
Melhor da geracao 23523: reg(23523) = 936.4454426234815 0.009617862453296766
Melhor da geracao 23599: reg(23599) = 936.4408414807388 0.004601142742785669
Melhor da geracao 23648: reg(23648) = 936.3914719180407 0.04936956269807524
Melhor da geracao 23660: reg(23660) = 936.3852892568448 0.006182661195907713
Melhor da geracao 23709: reg(23709) = 936.3708385861939 0.014450670650830943
Melhor da geracao 23712: reg(23712) = 936.3651247161605 0.0057138700334462555
Melhor da geracao 23717: reg(23717) = 936.3566921567943 0.008432559366156056
Melhor da geracao 23725: reg(23725) = 936.2604133205193 0.09627883627501888
Melhor da geracao 23839: reg(23839) = 936.2457644377016 0.014648882817709818
Melhor da geracao 23864: reg(23864) = 936.1909968678028 0.05476756989878595
Melhor da geracao 23892: reg(23892) = 936.1887296888066 0.002267178996248731
Melhor da geracao 23929: reg(23929) = 936.1774101735998 0.011319515206764663
Melhor da geracao 23953: reg(23953) = 936.1605335222042 0.01687665139559158
Melhor da geracao 23960: reg(23960) = 936.0899937444965 0.07053977770772235
Melhor da geracao 24040: reg(24040) = 936.0788673986206 0.01112634587593675
Melhor da geracao 24043: reg(24043) = 936.0602410013836 0.01862639723697157
Melhor da geracao 24044: reg(24044) = 936.050201226459 0.01003977492462127
Melhor da geracao 24051: reg(24051) = 936.0359270738314 0.014274152627535841
Melhor da geracao 24068: reg(24068) = 936.0267556645647 0.009171409266741648
Melhor da geracao 24087: reg(24087) = 936.0085368317937 0.018218832771026428
Melhor da geracao 24102: reg(24102) = 935.9382696535749 0.07026717821872808
Melhor da geracao 24150: reg(24150) = 935.9151431565546 0.023126497020371062
Melhor da geracao 24187: reg(24187) = 935.9048237676321 0.010319388922425787
Melhor da geracao 24199: reg(24199) = 935.8803432689547 0.024480498677462492
Melhor da geracao 24236: reg(24236) = 935.8634368528357 0.016906416119013556
Melhor da geracao 24243: reg(24243) = 935.8614069224657 0.0020299303699857774
Melhor da geracao 24244: reg(24244) = 935.8497903769527 0.01161654551299307
Melhor da geracao 24265: reg(24265) = 935.8245064873845 0.02528388956818617
Melhor da geracao 24284: reg(24284) = 935.7765607478186 0.047945739565875556
Melhor da geracao 24302: reg(24302) = 935.7753654630495 0.0011952847690963608
Melhor da geracao 24332: reg(24332) = 935.7494883052525 0.025877157797026484
Melhor da geracao 24376: reg(24376) = 935.7351820574745 0.01430624777799494
Melhor da geracao 24404: reg(24404) = 935.686754693534 0.04842736394050462
Melhor da geracao 24423: reg(24423) = 935.683954068695 0.0028006248389829125
Melhor da geracao 24459: reg(24459) = 935.683757884704 1.9618399096543726E-4
Melhor da geracao 24469: reg(24469) = 935.6717832128903 0.01197467181373213
Melhor da geracao 24474: reg(24474) = 935.6716644497054 1.1876318490067206E-4
Melhor da geracao 24477: reg(24477) = 935.6589709421033 0.01269350760207999
Melhor da geracao 24483: reg(24483) = 935.6428124866039 0.016158455499407864
Melhor da geracao 24530: reg(24530) = 935.6182250588581 0.02458742774581424
Melhor da geracao 24550: reg(24550) = 935.6041537751336 0.014071283724547357
Melhor da geracao 24569: reg(24569) = 935.5949937728094 0.009160002324165362
Melhor da geracao 24578: reg(24578) = 935.5860675675128 0.008926205296575063
Melhor da geracao 24631: reg(24631) = 935.5746055828424 0.01146198467040449
Melhor da geracao 24633: reg(24633) = 935.5353304696047 0.03927511323774979
Melhor da geracao 24673: reg(24673) = 935.5031051017397 0.032225367864953114
Melhor da geracao 24714: reg(24714) = 935.4991577103118 0.003947391427914226
Melhor da geracao 24758: reg(24758) = 935.4958759083818 0.00328180193002936
Melhor da geracao 24769: reg(24769) = 935.4900468066762 0.00582910170555806
Melhor da geracao 24772: reg(24772) = 935.4887905529242 0.0012562537519897887
Melhor da geracao 24781: reg(24781) = 935.4794412079175 0.009349345006739895
Melhor da geracao 24792: reg(24792) = 935.4772539671715 0.0021872407460250542
Melhor da geracao 24799: reg(24799) = 935.4465834258903 0.030670541281210717
Melhor da geracao 24821: reg(24821) = 935.4421487579441 0.004434667946156878
Melhor da geracao 24824: reg(24824) = 935.4396986709329 0.0024500870111978656
Melhor da geracao 24831: reg(24831) = 935.4283664484878 0.011332222445048501
Melhor da geracao 24852: reg(24852) = 935.4179606021225 0.01040584636530184
Melhor da geracao 24854: reg(24854) = 935.407288336026 0.01067226609654881
Melhor da geracao 24878: reg(24878) = 935.3860296243637 0.021258711662312635
Melhor da geracao 24916: reg(24916) = 935.3848825634974 0.0011470608662875748
Melhor da geracao 24929: reg(24929) = 935.3666555882719 0.01822697522550243
Melhor da geracao 24950: reg(24950) = 935.347431969851 0.019223618420937783
Melhor da geracao 24969: reg(24969) = 935.3361188919414 0.011313077909562708
Melhor da geracao 25003: reg(25003) = 935.3129103867208 0.02320850522062301
Melhor da geracao 25037: reg(25037) = 935.2904009111543 0.022509475566494075
Melhor da geracao 25093: reg(25093) = 935.2728681445354 0.017532766618842288
Melhor da geracao 25143: reg(25143) = 935.2382757836461 0.03459236088929174
Melhor da geracao 25162: reg(25162) = 935.2343480054215 0.003927778224692702
Melhor da geracao 25262: reg(25262) = 935.2321898648754 0.0021581405460437963
Melhor da geracao 25299: reg(25299) = 935.2272227749253 0.004967089950127956
Melhor da geracao 25305: reg(25305) = 935.2085914831965 0.01863129172875233
Melhor da geracao 25310: reg(25310) = 935.2051604423193 0.0034310408772171286
Melhor da geracao 25322: reg(25322) = 935.1994309369835 0.0057295053358075165
Melhor da geracao 25331: reg(25331) = 935.1954828786469 0.003948058336618487
Melhor da geracao 25338: reg(25338) = 935.1811892800989 0.014293598547965303
Melhor da geracao 25340: reg(25340) = 935.1764026521221 0.004786627976841373
Melhor da geracao 25376: reg(25376) = 935.1696506496827 0.006752002439384341
Melhor da geracao 25396: reg(25396) = 935.1658418665133 0.0038087831693474072
Melhor da geracao 25400: reg(25400) = 935.1654280889933 4.1377752006610535E-4
Melhor da geracao 25410: reg(25410) = 935.1560210786703 0.009407010323002396
Melhor da geracao 25412: reg(25412) = 935.1504033703076 0.005617708362706253
Melhor da geracao 25414: reg(25414) = 935.1348218066634 0.015581563644218477
Melhor da geracao 25427: reg(25427) = 935.1288848872856 0.005936919377745653
Melhor da geracao 25445: reg(25445) = 935.117612220145 0.011272667140588055
Melhor da geracao 25450: reg(25450) = 935.0984058598573 0.0192063602877397
Melhor da geracao 25502: reg(25502) = 935.0845479310518 0.013857928805464326
Melhor da geracao 25507: reg(25507) = 935.0842081647532 3.397662985662464E-4
Melhor da geracao 25512: reg(25512) = 935.0816197526141 0.002588412139175489
Melhor da geracao 25520: reg(25520) = 935.0762361514925 0.005383601121593529
Melhor da geracao 25536: reg(25536) = 935.0546145001966 0.021621651295845368
Melhor da geracao 25566: reg(25566) = 935.0528598967355 0.0017546034611086725
Melhor da geracao 25574: reg(25574) = 935.036790259111 0.016069637624582356
Melhor da geracao 25578: reg(25578) = 935.019056573951 0.017733685159896595
Melhor da geracao 25586: reg(25586) = 934.9964962738248 0.022560300126201582
Melhor da geracao 25650: reg(25650) = 934.9873341384667 0.00916213535811039
Melhor da geracao 25688: reg(25688) = 934.9702029477245 0.01713119074224778
Melhor da geracao 25698: reg(25698) = 934.9480864757675 0.022116471957019712
Melhor da geracao 25723: reg(25723) = 934.9381738053993 0.009912670368180443
Melhor da geracao 25743: reg(25743) = 934.9263927263349 0.011781079064348887
Melhor da geracao 25745: reg(25745) = 934.9197841152599 0.006608611075080262
Melhor da geracao 25764: reg(25764) = 934.9090036651504 0.010780450109450612
Melhor da geracao 25785: reg(25785) = 934.9085031767993 5.004883511219305E-4
Melhor da geracao 25800: reg(25800) = 934.8807583905336 0.02774478626565724
Melhor da geracao 25825: reg(25825) = 934.8583337890905 0.022424601443162828
Melhor da geracao 25840: reg(25840) = 934.8463551811961 0.011978607894320703
Melhor da geracao 25849: reg(25849) = 934.8374319299465 0.008923251249598252
Melhor da geracao 25897: reg(25897) = 934.8342776107652 0.0031543191813625526
Melhor da geracao 25917: reg(25917) = 934.8120175554851 0.022260055280071356
Melhor da geracao 25928: reg(25928) = 934.8054501633708 0.006567392114334325
Melhor da geracao 25939: reg(25939) = 934.8040497004282 0.0014004629425699022
Melhor da geracao 25988: reg(25988) = 934.7732354284981 0.03081427193012587
Melhor da geracao 26023: reg(26023) = 934.7633919388104 0.00984348968768245
Melhor da geracao 26049: reg(26049) = 934.7472028913016 0.016189047508760268
Melhor da geracao 26050: reg(26050) = 934.7353104515653 0.011892439736357119
Melhor da geracao 26071: reg(26071) = 934.6916172601642 0.04369319140107564
Melhor da geracao 26092: reg(26092) = 934.6868976485225 0.00471961164168988
Melhor da geracao 26113: reg(26113) = 934.6854702893228 0.0014273591997380208
Melhor da geracao 26118: reg(26118) = 934.6801097624735 0.005360526849244707
Melhor da geracao 26132: reg(26132) = 934.6626293179324 0.017480444541092766
Melhor da geracao 26154: reg(26154) = 934.6528622475556 0.00976707037682445
Melhor da geracao 26183: reg(26183) = 934.6499636303812 0.0028986171744236344
Melhor da geracao 26196: reg(26196) = 934.6382590739618 0.011704556419431356
Melhor da geracao 26210: reg(26210) = 934.6342903648477 0.003968709114019475
Melhor da geracao 26235: reg(26235) = 934.6236264706292 0.010663894218509995
Melhor da geracao 26237: reg(26237) = 934.5820790558337 0.041547414795559234
Melhor da geracao 26306: reg(26306) = 934.5648061824157 0.017272873417937262
RUN DE_71s__0t0 1/1: Menor  custo  final é 934.5648061824157
---26/11 18:01:26-----------------------------------------------------
reg(objetivo): 934.5648061824157
RMSE: 1285.710964571481
MAE: 34.276836016120775
GEH: 2.059544446191339
pGEH5: 0.8873239436619719
R2Links: 0.9632647419418803
R2Odm: 0.024606832457282856
------------------------------------------------------ ´p=44

ALERT: Salvando última MOD resposta. Não a melhor.
Fitness final (reg) = 934.5648061824157
