--candidateId=74
--directory=C:\Users\Pc\Desktop\irace2018\irace\execDir
--algorithm=DE
--fitnessFunction=reg
--populationSize=448
--crossoverProbability=0.51
--differentialWeight=0.195
26/11, 17:13:21
[HookRun] Parameters used:
--directory=execDir
--algorithm=DE
--fitnessFunction=reg
--candidateId=74
--populationSize=448
--maxEvaluations=0
--crossoverProbability=0.51
--differentialWeight=0.195

Teste Curitiba!
OK: Recuperou objeto ODMatrix de 'cwb odmatrix.dat'!

OK: Recuperou objeto VirtualSensors de 'cwb virt sen.dat'!

OK: Mudando teste para rede fechada...
ATENCAO: arestasSensor reduzidas para 71, por ser numero maximo de sensores da rede cadastrada.
PROC: Preparando para iniciar DE_71s__0t0... 26/11, 17:13:21
ERROR: Não há registros de viagens para recuperar! (ODmatrix.calcMatrixClust)
INFO: Return antecipado, n=arestasSensorGAMM=71 e t=tempoPrioriGAMM=0; mov.lenght=71 (VirtualSensors.gerArestaMaisMovimentadasIndex)
INFO: descobrirODparIndArestaMaisMov = 1074 casos! - 191/900 pares O-D cobertos
INFO: Existem 1073 relações Prob_OD_aresta!
OK: Iniciando DE com 1 runs! Population size: 448
Generations: 6696
OD =900
Sensores=71
DE_71s__0t0; 26/11, 17:13:21
STATS: Desvio fluxos: Min. -1322,727211; Mean. 144,531338; Max. 3291,327429; p5 -1116,900864; p20 -599,030819; p35 -308,9811; p50 -20,254742; p65 288,373226; p80 706,454431; p95 2244,473411; 
RUN DE_71s__0t0 1/1: Menor custo inicial é 22606.24304744565(RMSE: 379.36578782390325; MAE: 20.34027921810481; GEH: 14.860608984762845) id do melhor indivíduo=27
Melhor da geracao 1: reg(1) = 22424.06566422987 182.1773832157778
Melhor da geracao 2: reg(2) = 21007.500002646306 1416.565661583565
Melhor da geracao 3: reg(3) = 19270.166525979294 1737.3334766670123
Melhor da geracao 4: reg(4) = 17412.444719965995 1857.7218060132982
Melhor da geracao 6: reg(6) = 15231.216951344593 2181.227768621402
Melhor da geracao 9: reg(9) = 13786.89914443697 1444.317806907624
Melhor da geracao 10: reg(10) = 13692.245646811632 94.65349762533697
Melhor da geracao 12: reg(12) = 12671.540739924078 1020.7049068875549
Melhor da geracao 15: reg(15) = 12336.075750891065 335.4649890330129
Melhor da geracao 17: reg(17) = 11129.903886303 1206.1718645880646
Melhor da geracao 18: reg(18) = 10824.334645752542 305.56924055045783
Melhor da geracao 19: reg(19) = 10368.980364184286 455.35428156825583
Melhor da geracao 21: reg(21) = 9373.908807603215 995.0715565810715
Melhor da geracao 23: reg(23) = 9182.667153437475 191.24165416574033
Melhor da geracao 24: reg(24) = 9170.023682405916 12.643471031558875
Melhor da geracao 25: reg(25) = 9099.11799585873 70.90568654718481
Melhor da geracao 26: reg(26) = 8979.293582801145 119.82441305758584
Melhor da geracao 27: reg(27) = 7630.595252103313 1348.6983306978318
Melhor da geracao 31: reg(31) = 7573.625040969845 56.97021113346818
Melhor da geracao 32: reg(32) = 7237.1776278970765 336.44741307276854
Melhor da geracao 35: reg(35) = 6864.5600561218735 372.61757177520303
Melhor da geracao 38: reg(38) = 6694.429051789594 170.1310043322792
Melhor da geracao 39: reg(39) = 6392.624280288739 301.80477150085517
Melhor da geracao 41: reg(41) = 5564.968698655922 827.6555816328173
Melhor da geracao 49: reg(49) = 5471.196669540978 93.7720291149435
Melhor da geracao 51: reg(51) = 5458.586908925204 12.609760615774576
Melhor da geracao 52: reg(52) = 5283.929624774524 174.65728415067952
Melhor da geracao 53: reg(53) = 5283.2721586026955 0.6574661718286734
Melhor da geracao 55: reg(55) = 5186.431198070949 96.84096053174653
Melhor da geracao 56: reg(56) = 4971.639407350847 214.79179072010174
Melhor da geracao 58: reg(58) = 4897.126444150932 74.51296319991525
Melhor da geracao 60: reg(60) = 4699.725570133085 197.40087401784695
Melhor da geracao 61: reg(61) = 4562.7056627650045 137.01990736808057
Melhor da geracao 62: reg(62) = 4370.856140318738 191.84952244626675
Melhor da geracao 69: reg(69) = 4100.73000591096 270.1261344077775
Melhor da geracao 74: reg(74) = 3601.1490374271693 499.5809684837909
Melhor da geracao 85: reg(85) = 3490.076859915585 111.07217751158441
Melhor da geracao 94: reg(94) = 3401.536888838854 88.53997107673104
Melhor da geracao 97: reg(97) = 3219.478982564985 182.05790627386887
Melhor da geracao 102: reg(102) = 3118.4638909349173 101.01509163006767
Melhor da geracao 108: reg(108) = 3117.9999708817877 0.463920053129641
Melhor da geracao 114: reg(114) = 3113.8380700176517 4.161900864135987
Melhor da geracao 115: reg(115) = 3070.7445912589287 43.093478758722995
Melhor da geracao 117: reg(117) = 3052.7091465310873 18.035444727841423
Melhor da geracao 118: reg(118) = 3029.027030689353 23.68211584173423
Melhor da geracao 119: reg(119) = 2805.784701774481 223.2423289148719
Melhor da geracao 132: reg(132) = 2805.063711488182 0.7209902862991839
Melhor da geracao 133: reg(133) = 2786.238898571119 18.8248129170629
Melhor da geracao 140: reg(140) = 2672.1468850595193 114.09201351159982
Melhor da geracao 146: reg(146) = 2632.6472103225824 39.49967473693687
Melhor da geracao 151: reg(151) = 2544.6420281068426 88.00518221573975
Melhor da geracao 163: reg(163) = 2468.4273559145736 76.21467219226906
Melhor da geracao 172: reg(172) = 2409.4283699047305 58.998986009843065
Melhor da geracao 174: reg(174) = 2405.339122553377 4.089247351353606
Melhor da geracao 175: reg(175) = 2378.7036833970164 26.635439156360462
Melhor da geracao 181: reg(181) = 2361.224906058357 17.478777338659256
Melhor da geracao 188: reg(188) = 2247.3871545344523 113.8377515239049
Melhor da geracao 202: reg(202) = 2242.9309862935897 4.456168240862553
Melhor da geracao 203: reg(203) = 2211.855343574067 31.075642719522875
Melhor da geracao 216: reg(216) = 2211.7524427122603 0.10290086180657454
Melhor da geracao 217: reg(217) = 2187.3136063124803 24.43883639978003
Melhor da geracao 221: reg(221) = 2174.659400160082 12.654206152398274
Melhor da geracao 229: reg(229) = 2163.0836380515034 11.575762108578601
Melhor da geracao 230: reg(230) = 2144.670083080653 18.413554970850328
Melhor da geracao 231: reg(231) = 2097.544634117702 47.12544896295094
Melhor da geracao 234: reg(234) = 2086.991473288832 10.553160828870205
Melhor da geracao 236: reg(236) = 2079.0002361835964 7.991237105235541
Melhor da geracao 243: reg(243) = 2073.3053947747912 5.694841408805132
Melhor da geracao 244: reg(244) = 2017.1050279572335 56.20036681755778
Melhor da geracao 261: reg(261) = 1992.3163077764104 24.78872018082302
Melhor da geracao 263: reg(263) = 1948.2929827862997 44.02332499011072
Melhor da geracao 265: reg(265) = 1923.152825931505 25.140156854794668
Melhor da geracao 266: reg(266) = 1879.7900871994102 43.36273873209484
Melhor da geracao 282: reg(282) = 1860.2085352883298 19.581551911080396
Melhor da geracao 283: reg(283) = 1840.565028147684 19.643507140645852
Melhor da geracao 285: reg(285) = 1838.5771183408563 1.9879098068277017
Melhor da geracao 287: reg(287) = 1802.1383166992227 36.43880164163352
Melhor da geracao 300: reg(300) = 1783.6368188800031 18.501497819219594
Melhor da geracao 314: reg(314) = 1747.9703917382071 35.66642714179602
Melhor da geracao 324: reg(324) = 1742.0587200945545 5.911671643652653
Melhor da geracao 330: reg(330) = 1720.6775272238121 21.381192870742325
Melhor da geracao 335: reg(335) = 1674.7268112155234 45.95071600828874
Melhor da geracao 342: reg(342) = 1647.744435618878 26.982375596645397
Melhor da geracao 357: reg(357) = 1647.532403030532 0.21203258834611916
Melhor da geracao 364: reg(364) = 1642.8962929495606 4.636110080971321
Melhor da geracao 375: reg(375) = 1638.2631962213309 4.633096728229702
Melhor da geracao 392: reg(392) = 1633.7004853741703 4.562710847160588
Melhor da geracao 394: reg(394) = 1614.0363667654613 19.664118608709032
Melhor da geracao 401: reg(401) = 1598.2932003602382 15.743166405223064
Melhor da geracao 405: reg(405) = 1547.7899963546758 50.50320400556234
Melhor da geracao 424: reg(424) = 1544.0246011588406 3.7653951958352536
Melhor da geracao 441: reg(441) = 1486.2094318795807 57.81516927925986
Melhor da geracao 480: reg(480) = 1485.1116290010636 1.0978028785170864
Melhor da geracao 495: reg(495) = 1483.6300693527958 1.4815596482678757
Melhor da geracao 507: reg(507) = 1478.449998205805 5.180071146990713
Melhor da geracao 508: reg(508) = 1476.5830187239335 1.8669794818715673
Melhor da geracao 512: reg(512) = 1456.8561164925454 19.726902231388067
Melhor da geracao 513: reg(513) = 1399.7983778137364 57.05773867880907
Melhor da geracao 569: reg(569) = 1392.1367664805675 7.661611333168821
Melhor da geracao 584: reg(584) = 1379.1824480482492 12.95431843231836
Melhor da geracao 608: reg(608) = 1375.9247271140055 3.2577209342437072
Melhor da geracao 622: reg(622) = 1370.5074375078723 5.417289606133181
Melhor da geracao 629: reg(629) = 1360.8430733451967 9.66436416267561
Melhor da geracao 631: reg(631) = 1337.3326584207641 23.510414924432553
Melhor da geracao 668: reg(668) = 1312.7679560789772 24.56470234178687
Melhor da geracao 695: reg(695) = 1301.919079213682 10.848876865295324
Melhor da geracao 717: reg(717) = 1287.8706570077557 14.048422205926272
Melhor da geracao 749: reg(749) = 1284.1434374361322 3.7272195716234364
Melhor da geracao 785: reg(785) = 1284.013286396261 0.13015103987117982
Melhor da geracao 786: reg(786) = 1280.073550862176 3.9397355340850027
Melhor da geracao 809: reg(809) = 1266.9179382923942 13.155612569781852
Melhor da geracao 810: reg(810) = 1263.9800139088957 2.937924383498512
Melhor da geracao 828: reg(828) = 1256.2551239363872 7.724889972508436
Melhor da geracao 865: reg(865) = 1256.2186172443423 0.03650669204489532
Melhor da geracao 867: reg(867) = 1247.0394688594258 9.179148384916516
Melhor da geracao 876: reg(876) = 1238.4162970185428 8.62317184088306
Melhor da geracao 931: reg(931) = 1228.7587708848203 9.657526133722513
Melhor da geracao 938: reg(938) = 1206.4461914718338 22.31257941298645
Melhor da geracao 1000: reg(1000) = 1204.0159374093166 2.4302540625171787
Melhor da geracao 1019: reg(1019) = 1203.3823485699781 0.6335888393384721
Melhor da geracao 1050: reg(1050) = 1199.8951599883562 3.487188581621922
Melhor da geracao 1051: reg(1051) = 1193.4462590424566 6.448900945899595
Melhor da geracao 1067: reg(1067) = 1192.5247819946844 0.9214770477722141
Melhor da geracao 1109: reg(1109) = 1183.1772095146746 9.34757248000983
Melhor da geracao 1111: reg(1111) = 1176.3967021836243 6.78050733105033
Melhor da geracao 1121: reg(1121) = 1174.3277947589338 2.068907424690451
Melhor da geracao 1153: reg(1153) = 1169.8196402634826 4.508154495451208
Melhor da geracao 1162: reg(1162) = 1168.0244142118147 1.7952260516678962
Melhor da geracao 1181: reg(1181) = 1166.8936150690315 1.1307991427831894
Melhor da geracao 1235: reg(1235) = 1166.769913996888 0.1237010721436036
Melhor da geracao 1249: reg(1249) = 1166.47466242217 0.295251574717895
Melhor da geracao 1264: reg(1264) = 1165.6431052992973 0.8315571228727094
Melhor da geracao 1274: reg(1274) = 1165.5926295583383 0.05047574095897289
Melhor da geracao 1276: reg(1276) = 1164.7757105550543 0.8169190032840561
Melhor da geracao 1279: reg(1279) = 1151.259240820816 13.516469734238171
Melhor da geracao 1306: reg(1306) = 1148.8981221010536 2.361118719762544
Melhor da geracao 1316: reg(1316) = 1143.1853902701375 5.712731830916027
Melhor da geracao 1345: reg(1345) = 1140.8130548634172 2.3723354067203672
Melhor da geracao 1361: reg(1361) = 1138.7026329172504 2.1104219461667526
Melhor da geracao 1449: reg(1449) = 1135.1649931977167 3.537639719533672
Melhor da geracao 1450: reg(1450) = 1131.838816046074 3.326177151642696
Melhor da geracao 1452: reg(1452) = 1129.8688461875558 1.9699698585181977
Melhor da geracao 1453: reg(1453) = 1120.0634013706594 9.805444816896397
Melhor da geracao 1522: reg(1522) = 1114.4907075101514 5.572693860508025
Melhor da geracao 1540: reg(1540) = 1113.1242721273186 1.366435382832833
Melhor da geracao 1601: reg(1601) = 1112.204716705063 0.9195554222555984
Melhor da geracao 1607: reg(1607) = 1110.4206551062914 1.7840615987715864
Melhor da geracao 1661: reg(1661) = 1106.5200852011963 3.9005699050951534
Melhor da geracao 1706: reg(1706) = 1103.717353408187 2.802731793009343
Melhor da geracao 1711: reg(1711) = 1103.4308983242436 0.28645508394333774
Melhor da geracao 1717: reg(1717) = 1100.8607799421327 2.570118382110877
Melhor da geracao 1755: reg(1755) = 1100.4618892822332 0.3988906598995072
Melhor da geracao 1763: reg(1763) = 1100.3997668449692 0.062122437263951724
Melhor da geracao 1767: reg(1767) = 1100.18652698026 0.21323986470929412
Melhor da geracao 1797: reg(1797) = 1099.9358472708082 0.25067970945178786
Melhor da geracao 1803: reg(1803) = 1099.9345852991926 0.0012619716155768401
Melhor da geracao 1810: reg(1810) = 1090.0628332711697 9.871752028022911
Melhor da geracao 1863: reg(1863) = 1087.6879783892284 2.3748548819412463
Melhor da geracao 1890: reg(1890) = 1087.6445425516965 0.043435837531887955
Melhor da geracao 1908: reg(1908) = 1083.8037535434573 3.8407890082391987
Melhor da geracao 1924: reg(1924) = 1080.2876070850198 3.516146458437561
Melhor da geracao 1990: reg(1990) = 1079.5126677116405 0.7749393733793113
Melhor da geracao 1992: reg(1992) = 1075.4143129179556 4.098354793684848
Melhor da geracao 1994: reg(1994) = 1074.880445637707 0.5338672802486144
Melhor da geracao 2015: reg(2015) = 1072.0043612320792 2.8760844056278074
Melhor da geracao 2053: reg(2053) = 1070.1259751061157 1.878386125963516
Melhor da geracao 2054: reg(2054) = 1069.705625566977 0.42034953913866957
Melhor da geracao 2091: reg(2091) = 1068.8587761263088 0.8468494406681657
Melhor da geracao 2152: reg(2152) = 1066.9073583486017 1.9514177777070927
Melhor da geracao 2153: reg(2153) = 1066.282660145688 0.6246982029138053
Melhor da geracao 2168: reg(2168) = 1064.6943205121895 1.5883396334984354
Melhor da geracao 2226: reg(2226) = 1063.618019462622 1.076301049567519
Melhor da geracao 2235: reg(2235) = 1062.7140485457248 0.9039709168971513
Melhor da geracao 2249: reg(2249) = 1061.4260712686314 1.2879772770934323
Melhor da geracao 2251: reg(2251) = 1059.8854012706063 1.5406699980251233
Melhor da geracao 2264: reg(2264) = 1059.3540343523432 0.5313669182630747
Melhor da geracao 2276: reg(2276) = 1059.2092570104453 0.1447773418979068
Melhor da geracao 2287: reg(2287) = 1055.6407973549615 3.568459655483821
Melhor da geracao 2335: reg(2335) = 1054.3871868353424 1.2536105196190874
Melhor da geracao 2358: reg(2358) = 1051.586817526314 2.800369309028383
Melhor da geracao 2373: reg(2373) = 1050.450764240782 1.1360532855319434
Melhor da geracao 2401: reg(2401) = 1050.2435347884518 0.20722945233023893
Melhor da geracao 2419: reg(2419) = 1049.657851772975 0.5856830154768886
Melhor da geracao 2466: reg(2466) = 1048.5397354145919 1.1181163583830767
Melhor da geracao 2475: reg(2475) = 1046.6009382514362 1.938797163155641
Melhor da geracao 2500: reg(2500) = 1043.243369519381 3.3575687320551424
Melhor da geracao 2558: reg(2558) = 1037.578971797897 5.664397721483965
Melhor da geracao 2683: reg(2683) = 1032.7549062073324 4.8240655905647145
Melhor da geracao 2821: reg(2821) = 1027.968177386271 4.786728821061388
Melhor da geracao 2904: reg(2904) = 1026.0936970102453 1.8744803760257582
Melhor da geracao 2966: reg(2966) = 1025.975389495608 0.11830751463730849
Melhor da geracao 2978: reg(2978) = 1025.4654907332638 0.5098987623441644
Melhor da geracao 3023: reg(3023) = 1022.8377114980746 2.627779235189223
Melhor da geracao 3032: reg(3032) = 1022.3933874123408 0.4443240857337969
Melhor da geracao 3088: reg(3088) = 1021.6172488412822 0.7761385710585955
Melhor da geracao 3124: reg(3124) = 1021.4830022280776 0.13424661320459563
Melhor da geracao 3127: reg(3127) = 1020.1471554561223 1.3358467719552891
Melhor da geracao 3172: reg(3172) = 1019.0445540762796 1.1026013798426675
Melhor da geracao 3192: reg(3192) = 1015.7823998860616 3.2621541902179843
Melhor da geracao 3310: reg(3310) = 1015.1473171376018 0.6350827484598085
Melhor da geracao 3358: reg(3358) = 1014.9255239071286 0.22179323047316757
Melhor da geracao 3365: reg(3365) = 1013.3078401139313 1.6176837931973296
Melhor da geracao 3402: reg(3402) = 1011.4041137214157 1.9037263925156367
Melhor da geracao 3491: reg(3491) = 1009.2780691786078 2.126044542807904
Melhor da geracao 3639: reg(3639) = 1006.6785900673805 2.5994791112273106
Melhor da geracao 3724: reg(3724) = 1006.5614375993468 0.11715246803362334
Melhor da geracao 3784: reg(3784) = 1005.2219725876191 1.3394650117277251
Melhor da geracao 3834: reg(3834) = 1003.9342689890432 1.2877035985759449
Melhor da geracao 3920: reg(3920) = 1002.8332594159783 1.1010095730648572
Melhor da geracao 3937: reg(3937) = 1001.1628928862668 1.6703665297114867
Melhor da geracao 4100: reg(4100) = 1000.7135534557236 0.4493394305432048
Melhor da geracao 4129: reg(4129) = 999.0419589931987 1.6715944625249222
Melhor da geracao 4140: reg(4140) = 997.4412682209052 1.6006907722935466
Melhor da geracao 4244: reg(4244) = 996.7891136839133 0.6521545369918158
Melhor da geracao 4307: reg(4307) = 995.7668526851817 1.0222609987316673
Melhor da geracao 4338: reg(4338) = 994.734772807765 1.0320798774166633
Melhor da geracao 4414: reg(4414) = 994.628873330756 0.10589947700896118
Melhor da geracao 4420: reg(4420) = 994.615348414135 0.013524916621008742
Melhor da geracao 4439: reg(4439) = 993.9359166245428 0.6794317895922859
Melhor da geracao 4463: reg(4463) = 993.862637355927 0.07327926861580636
Melhor da geracao 4505: reg(4505) = 993.3073234940895 0.555313861837476
Melhor da geracao 4508: reg(4508) = 991.9714807413452 1.33584275274427
Melhor da geracao 4584: reg(4584) = 991.4972506357835 0.47423010556167355
Melhor da geracao 4638: reg(4638) = 991.2964663497452 0.20078428603835619
Melhor da geracao 4657: reg(4657) = 989.9656764570641 1.3307898926810822
Melhor da geracao 4726: reg(4726) = 988.7173335372681 1.2483429197959595
Melhor da geracao 4768: reg(4768) = 987.7070687027531 1.0102648345150556
Melhor da geracao 4834: reg(4834) = 986.725517908827 0.9815507939260897
Melhor da geracao 4858: reg(4858) = 985.896875390625 0.8286425182019457
Melhor da geracao 4922: reg(4922) = 985.8576560953869 0.039219295238126506
Melhor da geracao 4930: reg(4930) = 985.6369599894873 0.22069610589960575
Melhor da geracao 4945: reg(4945) = 984.8576401645848 0.7793198249024726
Melhor da geracao 4989: reg(4989) = 984.4926573832461 0.3649827813387674
Melhor da geracao 5039: reg(5039) = 983.6967825852006 0.7958747980454746
Melhor da geracao 5188: reg(5188) = 982.5287109082567 1.168071676943896
Melhor da geracao 5260: reg(5260) = 982.4359955971382 0.09271531111846798
Melhor da geracao 5270: reg(5270) = 981.39788451463 1.0381110825081805
Melhor da geracao 5326: reg(5326) = 980.3251203511192 1.0727641635108967
Melhor da geracao 5425: reg(5425) = 980.0513616125762 0.27375873854293786
Melhor da geracao 5450: reg(5450) = 978.8742303822673 1.1771312303088735
Melhor da geracao 5515: reg(5515) = 978.3524672870797 0.5217630951876799
Melhor da geracao 5627: reg(5627) = 978.2766739719349 0.07579331514477872
Melhor da geracao 5642: reg(5642) = 977.1308054053004 1.1458685666344763
Melhor da geracao 5654: reg(5654) = 975.6553958061406 1.475409599159775
Melhor da geracao 5857: reg(5857) = 975.4650801436725 0.19031566246815146
Melhor da geracao 5913: reg(5913) = 975.3923627830903 0.07271736058214628
Melhor da geracao 5921: reg(5921) = 975.2860794402035 0.10628334288685437
Melhor da geracao 5942: reg(5942) = 974.3322188826481 0.9538605575553447
Melhor da geracao 5959: reg(5959) = 973.8749960482291 0.45722283441898526
Melhor da geracao 6068: reg(6068) = 973.7208422250333 0.1541538231958839
Melhor da geracao 6070: reg(6070) = 973.365253473634 0.3555887513992957
Melhor da geracao 6158: reg(6158) = 972.9727454953372 0.39250797829674866
Melhor da geracao 6241: reg(6241) = 972.8851680531674 0.0875774421698452
Melhor da geracao 6248: reg(6248) = 972.6794652254849 0.20570282768244397
Melhor da geracao 6309: reg(6309) = 972.2395559529953 0.4399092724896718
Melhor da geracao 6343: reg(6343) = 971.7819837758644 0.4575721771308281
Melhor da geracao 6367: reg(6367) = 970.8261215283298 0.9558622475345828
Melhor da geracao 6495: reg(6495) = 970.5525733403401 0.2735481879897179
Melhor da geracao 6563: reg(6563) = 970.3297589822329 0.22281435810725725
Melhor da geracao 6597: reg(6597) = 969.8946770990162 0.43508188321663965
Melhor da geracao 6625: reg(6625) = 969.6493113658291 0.24536573318709998
Melhor da geracao 6690: reg(6690) = 969.4057318921451 0.243579473684008
RUN DE_71s__0t0 1/1: Menor  custo  final é 969.4057318921451
---26/11 17:14:50-----------------------------------------------------
reg(objetivo): 969.4057318921451
RMSE: 371.0132857934055
MAE: 21.249772705733502
GEH: 2.2389231494587043
pGEH5: 0.8873239436619719
R2Links: 0.9618097540080472
R2Odm: 0.3386914539005928
------------------------------------------------------ ´p=177

ALERT: Salvando última MOD resposta. Não a melhor.
Fitness final (reg) = 969.4057318921451
