--candidateId=75
--directory=C:\Users\Pc\Desktop\irace2018\irace\execDir
--algorithm=DE
--fitnessFunction=reg
--populationSize=491
--crossoverProbability=0.519
--differentialWeight=0.172
26/11, 17:14:51
[HookRun] Parameters used:
--directory=execDir
--algorithm=DE
--fitnessFunction=reg
--candidateId=75
--populationSize=491
--maxEvaluations=0
--crossoverProbability=0.519
--differentialWeight=0.172

Teste Curitiba!
OK: Recuperou objeto ODMatrix de 'cwb odmatrix.dat'!

OK: Recuperou objeto VirtualSensors de 'cwb virt sen.dat'!

OK: Mudando teste para rede fechada...
ATENCAO: arestasSensor reduzidas para 71, por ser numero maximo de sensores da rede cadastrada.
PROC: Preparando para iniciar DE_71s__0t0... 26/11, 17:14:51
ERROR: Não há registros de viagens para recuperar! (ODmatrix.calcMatrixClust)
INFO: Return antecipado, n=arestasSensorGAMM=71 e t=tempoPrioriGAMM=0; mov.lenght=71 (VirtualSensors.gerArestaMaisMovimentadasIndex)
INFO: descobrirODparIndArestaMaisMov = 1074 casos! - 191/900 pares O-D cobertos
INFO: Existem 1073 relações Prob_OD_aresta!
OK: Iniciando DE com 1 runs! Population size: 491
Generations: 6109
OD =900
Sensores=71
DE_71s__0t0; 26/11, 17:14:51
STATS: Desvio fluxos: Min. -1389,192307; Mean. 538,09419; Max. 2414,555851; p5 -797,485497; p20 -174,959394; p35 90,341954; p50 513,674361; p65 837,705618; p80 1149,33542; p95 2046,432986; 
RUN DE_71s__0t0 1/1: Menor custo inicial é 19073.2746646531(RMSE: 476.5216350069456; MAE: 24.896334697950333; GEH: 13.281135818472855) id do melhor indivíduo=387
Melhor da geracao 3: reg(3) = 18312.214472457934 761.0601921951675
Melhor da geracao 4: reg(4) = 17219.865538743023 1092.3489337149113
Melhor da geracao 7: reg(7) = 15874.01016672198 1345.855372021042
Melhor da geracao 9: reg(9) = 13881.226443875741 1992.7837228462395
Melhor da geracao 10: reg(10) = 13696.24214948394 184.9842943918011
Melhor da geracao 13: reg(13) = 11754.504987227514 1941.737162256426
Melhor da geracao 16: reg(16) = 11382.186576841621 372.318410385893
Melhor da geracao 17: reg(17) = 10050.331901181002 1331.8546756606193
Melhor da geracao 19: reg(19) = 9665.9321540009 384.39974718010126
Melhor da geracao 22: reg(22) = 8865.177263201924 800.7548907989767
Melhor da geracao 26: reg(26) = 8614.242101472739 250.93516172918498
Melhor da geracao 28: reg(28) = 8142.27886084224 471.96324063049906
Melhor da geracao 29: reg(29) = 8060.646911256789 81.63194958545046
Melhor da geracao 30: reg(30) = 7005.180966609842 1055.4659446469477
Melhor da geracao 34: reg(34) = 6948.206185029583 56.97478158025842
Melhor da geracao 35: reg(35) = 6387.677832056902 560.5283529726812
Melhor da geracao 36: reg(36) = 6303.967461366642 83.71037069025988
Melhor da geracao 38: reg(38) = 6287.137372023867 16.830089342774954
Melhor da geracao 40: reg(40) = 5805.965208520758 481.172163503109
Melhor da geracao 45: reg(45) = 5502.933810556733 303.031397964025
Melhor da geracao 53: reg(53) = 5278.7927191414665 224.1410914152666
Melhor da geracao 55: reg(55) = 4880.117735608546 398.6749835329201
Melhor da geracao 59: reg(59) = 4857.349798117678 22.767937490868462
Melhor da geracao 60: reg(60) = 4762.452308357305 94.89748976037299
Melhor da geracao 63: reg(63) = 4723.066648188202 39.385660169103176
Melhor da geracao 64: reg(64) = 4541.841509153822 181.22513903437994
Melhor da geracao 67: reg(67) = 4342.079060302035 199.76244885178676
Melhor da geracao 70: reg(70) = 4228.703682918717 113.37537738331775
Melhor da geracao 72: reg(72) = 4137.405841747002 91.29784117171494
Melhor da geracao 76: reg(76) = 4052.467280769901 84.93856097710113
Melhor da geracao 79: reg(79) = 3919.9101019318277 132.55717883807347
Melhor da geracao 81: reg(81) = 3819.989945612226 99.92015631960157
Melhor da geracao 86: reg(86) = 3675.383691720535 144.60625389169127
Melhor da geracao 93: reg(93) = 3406.770205812306 268.613485908229
Melhor da geracao 100: reg(100) = 3301.778674102909 104.9915317093969
Melhor da geracao 105: reg(105) = 3287.8217571344217 13.956916968487349
Melhor da geracao 106: reg(106) = 3215.2212437979856 72.60051333643605
Melhor da geracao 114: reg(114) = 3173.226183369952 41.99506042803341
Melhor da geracao 118: reg(118) = 2993.953045248287 179.2731381216654
Melhor da geracao 120: reg(120) = 2949.2475082066844 44.70553704160238
Melhor da geracao 126: reg(126) = 2938.0760133451963 11.1714948614881
Melhor da geracao 131: reg(131) = 2851.0043560714507 87.07165727374559
Melhor da geracao 133: reg(133) = 2714.4566305338876 136.5477255375631
Melhor da geracao 138: reg(138) = 2713.36329864201 1.093331891877824
Melhor da geracao 140: reg(140) = 2689.310774871574 24.052523770435982
Melhor da geracao 141: reg(141) = 2631.4665299366898 57.844244934884046
Melhor da geracao 144: reg(144) = 2606.8501953015066 24.616334635183193
Melhor da geracao 156: reg(156) = 2593.345129703091 13.505065598415513
Melhor da geracao 157: reg(157) = 2523.954332233561 69.39079746952984
Melhor da geracao 160: reg(160) = 2447.6381618985274 76.3161703350338
Melhor da geracao 161: reg(161) = 2370.6767531040605 76.96140879446693
Melhor da geracao 166: reg(166) = 2288.2487610830894 82.42799202097103
Melhor da geracao 187: reg(187) = 2276.3926608132797 11.856100269809758
Melhor da geracao 189: reg(189) = 2276.0877040667287 0.3049567465509426
Melhor da geracao 191: reg(191) = 2220.2576198882816 55.83008417844712
Melhor da geracao 195: reg(195) = 2114.111284872758 106.14633501552362
Melhor da geracao 206: reg(206) = 2112.2788047844037 1.8324800883542594
Melhor da geracao 209: reg(209) = 2106.0704975299536 6.208307254450119
Melhor da geracao 212: reg(212) = 2090.625053168608 15.445444361345835
Melhor da geracao 220: reg(220) = 2080.3176276226454 10.30742554596236
Melhor da geracao 222: reg(222) = 2031.939968692622 48.37765893002347
Melhor da geracao 228: reg(228) = 1991.570866179546 40.36910251307586
Melhor da geracao 234: reg(234) = 1941.384337061587 50.186529117959026
Melhor da geracao 237: reg(237) = 1932.0656300875225 9.318706974064526
Melhor da geracao 244: reg(244) = 1912.3105577673427 19.755072320179806
Melhor da geracao 253: reg(253) = 1890.9437005815066 21.366857185836125
Melhor da geracao 264: reg(264) = 1872.5380687980678 18.40563178343882
Melhor da geracao 271: reg(271) = 1849.588587406312 22.949481391755853
Melhor da geracao 275: reg(275) = 1838.1609956588463 11.427591747465613
Melhor da geracao 285: reg(285) = 1830.8695979135607 7.291397745285622
Melhor da geracao 287: reg(287) = 1730.7415338936123 100.1280640199484
Melhor da geracao 317: reg(317) = 1705.713266361222 25.028267532390373
Melhor da geracao 318: reg(318) = 1689.3295804584784 16.383685902743537
Melhor da geracao 321: reg(321) = 1653.8672731686784 35.46230728980004
Melhor da geracao 365: reg(365) = 1633.5647368300704 20.30253633860798
Melhor da geracao 368: reg(368) = 1615.0040398747183 18.560696955352114
Melhor da geracao 369: reg(369) = 1595.0547027850964 19.94933708962185
Melhor da geracao 385: reg(385) = 1592.659808996112 2.3948937889845183
Melhor da geracao 389: reg(389) = 1592.3694347719809 0.2903742241310283
Melhor da geracao 392: reg(392) = 1584.4453314879638 7.924103284017065
Melhor da geracao 393: reg(393) = 1569.2673983874906 15.177933100473183
Melhor da geracao 407: reg(407) = 1549.7931009371339 19.474297450356744
Melhor da geracao 417: reg(417) = 1540.4371410190063 9.35595991812761
Melhor da geracao 426: reg(426) = 1509.943807554018 30.493333464988382
Melhor da geracao 433: reg(433) = 1500.7244988517457 9.219308702272201
Melhor da geracao 437: reg(437) = 1474.5410292824156 26.1834695693301
Melhor da geracao 472: reg(472) = 1472.0690663058783 2.47196297653727
Melhor da geracao 473: reg(473) = 1471.2719005706067 0.7971657352716193
Melhor da geracao 474: reg(474) = 1458.9880507176513 12.283849852955427
Melhor da geracao 476: reg(476) = 1416.1400701712128 42.84798054643852
Melhor da geracao 503: reg(503) = 1416.0658804747327 0.07418969648006168
Melhor da geracao 510: reg(510) = 1413.6824669926284 2.383413482104288
Melhor da geracao 536: reg(536) = 1387.3216530254829 26.360813967145532
Melhor da geracao 548: reg(548) = 1384.6887065084247 2.6329465170581443
Melhor da geracao 569: reg(569) = 1381.1406738757616 3.54803263266308
Melhor da geracao 570: reg(570) = 1370.6614427315933 10.479231144168352
Melhor da geracao 579: reg(579) = 1342.3344934334434 28.326949298149884
Melhor da geracao 654: reg(654) = 1331.106875275605 11.227618157838378
Melhor da geracao 680: reg(680) = 1328.0939907929496 3.0128844826554086
Melhor da geracao 689: reg(689) = 1322.2788927262675 5.81509806668214
Melhor da geracao 690: reg(690) = 1304.5576327923854 17.72125993388204
Melhor da geracao 714: reg(714) = 1290.5215155942826 14.03611719810283
Melhor da geracao 729: reg(729) = 1281.5803981297972 8.941117464485387
Melhor da geracao 762: reg(762) = 1260.9764825963598 20.60391553343743
Melhor da geracao 800: reg(800) = 1249.3619288063194 11.614553790040418
Melhor da geracao 844: reg(844) = 1239.7634144293922 9.598514376927142
Melhor da geracao 863: reg(863) = 1239.6030202352417 0.1603941941505127
Melhor da geracao 909: reg(909) = 1230.7906477192048 8.81237251603693
Melhor da geracao 930: reg(930) = 1226.84295928871 3.947688430494736
Melhor da geracao 941: reg(941) = 1216.9119119279771 9.931047360732919
Melhor da geracao 983: reg(983) = 1209.9330097341508 6.978902193826343
Melhor da geracao 1007: reg(1007) = 1207.2586735423642 2.6743361917865514
Melhor da geracao 1011: reg(1011) = 1204.794862086085 2.4638114562792452
Melhor da geracao 1028: reg(1028) = 1197.8159818981883 6.978880187896721
Melhor da geracao 1072: reg(1072) = 1193.1349150130034 4.681066885184919
Melhor da geracao 1074: reg(1074) = 1192.8995963867976 0.2353186262057534
Melhor da geracao 1078: reg(1078) = 1184.0668067500428 8.832789636754796
Melhor da geracao 1121: reg(1121) = 1183.9779590356231 0.08884771441967132
Melhor da geracao 1125: reg(1125) = 1183.844355620723 0.13360341490010796
Melhor da geracao 1130: reg(1130) = 1181.3941588326527 2.4501967880703432
Melhor da geracao 1137: reg(1137) = 1176.257027130792 5.137131701860653
Melhor da geracao 1149: reg(1149) = 1175.6753824749562 0.5816446558358166
Melhor da geracao 1151: reg(1151) = 1172.436723135034 3.238659339922151
Melhor da geracao 1154: reg(1154) = 1170.5792244484962 1.8574986865378378
Melhor da geracao 1164: reg(1164) = 1167.596613691263 2.9826107572332603
Melhor da geracao 1180: reg(1180) = 1165.3114985219804 2.2851151692825624
Melhor da geracao 1182: reg(1182) = 1157.9551369946912 7.356361527289209
Melhor da geracao 1184: reg(1184) = 1154.4786395970216 3.4764973976696183
Melhor da geracao 1202: reg(1202) = 1153.1199037228146 1.3587358742070137
Melhor da geracao 1228: reg(1228) = 1151.5756903558597 1.5442133669548639
Melhor da geracao 1230: reg(1230) = 1147.1499167575182 4.425773598341493
Melhor da geracao 1243: reg(1243) = 1142.725293948761 4.424622808757249
Melhor da geracao 1324: reg(1324) = 1142.4263342462225 0.29895970253846826
Melhor da geracao 1330: reg(1330) = 1138.4955293168557 3.9308049293667864
Melhor da geracao 1344: reg(1344) = 1133.7289538330688 4.766575483786937
Melhor da geracao 1357: reg(1357) = 1128.9919285645517 4.737025268517073
Melhor da geracao 1379: reg(1379) = 1118.0833913202064 10.908537244345325
Melhor da geracao 1463: reg(1463) = 1117.6069950315716 0.4763962886347599
Melhor da geracao 1476: reg(1476) = 1115.1222912360588 2.4847037955128144
Melhor da geracao 1481: reg(1481) = 1111.5351597675015 3.587131468557345
Melhor da geracao 1489: reg(1489) = 1109.6851124470961 1.8500473204053378
Melhor da geracao 1500: reg(1500) = 1108.9241504489821 0.7609619981139986
Melhor da geracao 1501: reg(1501) = 1106.9117087161646 2.0124417328174786
Melhor da geracao 1513: reg(1513) = 1100.6931120968766 6.218596619288064
Melhor da geracao 1579: reg(1579) = 1097.3097720865157 3.3833400103608255
Melhor da geracao 1615: reg(1615) = 1097.2197010211535 0.09007106536228093
Melhor da geracao 1617: reg(1617) = 1095.5137445955763 1.705956425577142
Melhor da geracao 1630: reg(1630) = 1090.9258778010746 4.587866794501679
Melhor da geracao 1645: reg(1645) = 1088.4296397160365 2.496238085038158
Melhor da geracao 1660: reg(1660) = 1082.3574153166887 6.0722243993477605
Melhor da geracao 1679: reg(1679) = 1082.008632564743 0.3487827519456914
Melhor da geracao 1724: reg(1724) = 1079.1770930311468 2.831539533596242
Melhor da geracao 1732: reg(1732) = 1078.764918314965 0.4121747161818803
Melhor da geracao 1767: reg(1767) = 1076.839832988216 1.925085326749013
Melhor da geracao 1800: reg(1800) = 1075.1638172504483 1.6760157377675569
Melhor da geracao 1813: reg(1813) = 1073.6714236248542 1.4923936255941044
Melhor da geracao 1814: reg(1814) = 1069.9086522823854 3.7627713424687954
Melhor da geracao 1860: reg(1860) = 1066.6995127709188 3.209139511466674
Melhor da geracao 1879: reg(1879) = 1065.2680509570519 1.4314618138669175
Melhor da geracao 1883: reg(1883) = 1062.6677127994149 2.6003381576369975
Melhor da geracao 1919: reg(1919) = 1062.2732100197936 0.39450277962123437
Melhor da geracao 1936: reg(1936) = 1060.0398431441065 2.2333668756871248
Melhor da geracao 1956: reg(1956) = 1057.028852950811 3.0109901932955836
Melhor da geracao 2013: reg(2013) = 1055.5178586187292 1.5109943320817365
Melhor da geracao 2014: reg(2014) = 1055.291831012704 0.22602760602512717
Melhor da geracao 2029: reg(2029) = 1055.279687938293 0.012143074411142152
Melhor da geracao 2034: reg(2034) = 1054.3786214027778 0.9010665355151559
Melhor da geracao 2038: reg(2038) = 1051.8468573638904 2.5317640388873315
Melhor da geracao 2075: reg(2075) = 1051.7201693953712 0.12668796851926345
Melhor da geracao 2076: reg(2076) = 1048.587328294731 3.132841100640235
Melhor da geracao 2096: reg(2096) = 1047.755859870733 0.831468423997876
Melhor da geracao 2139: reg(2139) = 1047.4324620377502 0.3233978329828915
Melhor da geracao 2143: reg(2143) = 1042.6092696405665 4.823192397183675
Melhor da geracao 2174: reg(2174) = 1040.7169285074694 1.892341133097034
Melhor da geracao 2257: reg(2257) = 1035.1345677802008 5.582360727268679
Melhor da geracao 2304: reg(2304) = 1034.2551278936346 0.8794398865661606
Melhor da geracao 2309: reg(2309) = 1033.9640013379203 0.2911265557142997
Melhor da geracao 2331: reg(2331) = 1033.4766591821692 0.48734215575109374
Melhor da geracao 2337: reg(2337) = 1030.8925081734446 2.584151008724575
Melhor da geracao 2378: reg(2378) = 1028.3725168985839 2.519991274860786
Melhor da geracao 2390: reg(2390) = 1026.1844117470835 2.1881051515003946
Melhor da geracao 2409: reg(2409) = 1023.807536772726 2.3768749743574062
Melhor da geracao 2475: reg(2475) = 1023.2345744759111 0.5729622968149215
Melhor da geracao 2501: reg(2501) = 1019.9402200319544 3.294354443956763
Melhor da geracao 2546: reg(2546) = 1019.5230894322744 0.41713059967992194
Melhor da geracao 2547: reg(2547) = 1019.3737382988943 0.1493511333801507
Melhor da geracao 2585: reg(2585) = 1018.1012998797022 1.272438419192099
Melhor da geracao 2593: reg(2593) = 1015.8731971338934 2.228102745808769
Melhor da geracao 2615: reg(2615) = 1015.6663486820887 0.20684845180471712
Melhor da geracao 2633: reg(2633) = 1013.1976789727125 2.4686697093761722
Melhor da geracao 2636: reg(2636) = 1012.511565117057 0.6861138556555488
Melhor da geracao 2701: reg(2701) = 1012.4228940478392 0.08867106921775303
Melhor da geracao 2703: reg(2703) = 1011.5641544743229 0.8587395735163454
Melhor da geracao 2715: reg(2715) = 1011.4312845473006 0.13286992702228417
Melhor da geracao 2719: reg(2719) = 1010.7784110290123 0.6528735182882883
Melhor da geracao 2741: reg(2741) = 1009.6497637221247 1.1286473068876148
Melhor da geracao 2752: reg(2752) = 1008.3865136580199 1.2632500641047955
Melhor da geracao 2781: reg(2781) = 1007.5543510557474 0.8321626022725468
Melhor da geracao 2791: reg(2791) = 1007.5239341312302 0.03041692451711242
Melhor da geracao 2802: reg(2802) = 1003.9424245678298 3.5815095634004592
Melhor da geracao 2876: reg(2876) = 1003.3955509990328 0.5468735687969684
Melhor da geracao 2883: reg(2883) = 1003.3912500943419 0.004300904690921925
Melhor da geracao 2922: reg(2922) = 1000.8841410631243 2.507109031217624
Melhor da geracao 2955: reg(2955) = 999.6178833680633 1.2662576950609719
Melhor da geracao 2962: reg(2962) = 998.8413478763758 0.7765354916874685
Melhor da geracao 3024: reg(3024) = 996.1748776360887 2.66647024028714
Melhor da geracao 3113: reg(3113) = 994.1368522662619 2.038025369826755
Melhor da geracao 3142: reg(3142) = 993.2447667199218 0.8920855463401267
Melhor da geracao 3156: reg(3156) = 989.8543471837636 3.3904195361582197
Melhor da geracao 3314: reg(3314) = 989.1866948400826 0.6676523436809703
Melhor da geracao 3328: reg(3328) = 988.8178207075381 0.3688741325445335
Melhor da geracao 3361: reg(3361) = 988.7580577057654 0.059763001772694224
Melhor da geracao 3380: reg(3380) = 987.3053390562744 1.4527186494909756
Melhor da geracao 3429: reg(3429) = 987.292973868712 0.012365187562409119
Melhor da geracao 3431: reg(3431) = 987.0315677890114 0.2614060797005777
Melhor da geracao 3434: reg(3434) = 986.5721813817112 0.4593864073002578
Melhor da geracao 3456: reg(3456) = 986.5345841436632 0.03759723804796522
Melhor da geracao 3458: reg(3458) = 985.4902482098337 1.0443359338295295
Melhor da geracao 3465: reg(3465) = 985.4475017270938 0.04274648273985804
Melhor da geracao 3490: reg(3490) = 985.4381338595201 0.009367867573701005
Melhor da geracao 3513: reg(3513) = 985.2999193963117 0.13821446320844188
Melhor da geracao 3518: reg(3518) = 985.1289509980137 0.17096839829798682
Melhor da geracao 3520: reg(3520) = 985.0581308977338 0.07082010027988872
Melhor da geracao 3532: reg(3532) = 984.5593618306478 0.49876906708595925
Melhor da geracao 3541: reg(3541) = 984.3487281571134 0.210633673534403
Melhor da geracao 3542: reg(3542) = 984.3087427047273 0.039985452386190445
Melhor da geracao 3551: reg(3551) = 983.680082188505 0.6286605162222259
Melhor da geracao 3556: reg(3556) = 982.8849340790449 0.7951481094601149
Melhor da geracao 3605: reg(3605) = 982.8321127712984 0.0528213077465125
Melhor da geracao 3608: reg(3608) = 982.823591589763 0.008521181535343203
Melhor da geracao 3621: reg(3621) = 981.9977843892867 0.8258072004763335
Melhor da geracao 3649: reg(3649) = 981.8932283017323 0.10455608755444246
Melhor da geracao 3650: reg(3650) = 981.4628637448587 0.4303645568735419
Melhor da geracao 3681: reg(3681) = 980.521869467316 0.9409942775426998
Melhor da geracao 3756: reg(3756) = 980.1173779975711 0.4044914697449258
Melhor da geracao 3771: reg(3771) = 980.1037004508079 0.013677546763233295
Melhor da geracao 3785: reg(3785) = 979.4768457235944 0.6268547272135265
Melhor da geracao 3787: reg(3787) = 979.4686699578513 0.008175765743089869
Melhor da geracao 3793: reg(3793) = 978.1572592151509 1.3114107427003319
Melhor da geracao 3889: reg(3889) = 978.1362094606333 0.021049754517662222
Melhor da geracao 3895: reg(3895) = 977.7199350789273 0.41627438170598907
Melhor da geracao 3909: reg(3909) = 977.7039758921946 0.01595918673262986
Melhor da geracao 3917: reg(3917) = 977.5164095688007 0.18756632339398038
Melhor da geracao 3926: reg(3926) = 977.441292279084 0.07511728971667253
Melhor da geracao 3934: reg(3934) = 977.2449495954396 0.19634268364438867
Melhor da geracao 3951: reg(3951) = 976.9595705314622 0.2853790639774161
Melhor da geracao 3965: reg(3965) = 976.9057305342844 0.05383999717776078
Melhor da geracao 3975: reg(3975) = 976.8774967627303 0.02823377155414164
Melhor da geracao 3979: reg(3979) = 976.8015977247221 0.0758990380081741
Melhor da geracao 3993: reg(3993) = 976.5610435463208 0.2405541784013394
Melhor da geracao 3994: reg(3994) = 976.3614967971207 0.1995467492000671
Melhor da geracao 4018: reg(4018) = 976.2859004536725 0.07559634344818278
Melhor da geracao 4021: reg(4021) = 976.2616185223633 0.02428193130924683
Melhor da geracao 4025: reg(4025) = 975.9798615979612 0.28175692440208877
Melhor da geracao 4033: reg(4033) = 975.9672348275697 0.012626770391534592
Melhor da geracao 4046: reg(4046) = 975.376452981561 0.5907818460086673
Melhor da geracao 4051: reg(4051) = 974.5395057952222 0.8369471863387616
Melhor da geracao 4142: reg(4142) = 974.495162279403 0.04434351581926421
Melhor da geracao 4144: reg(4144) = 974.417155351741 0.07800692766193151
Melhor da geracao 4145: reg(4145) = 974.2542050291065 0.16295032263451503
Melhor da geracao 4152: reg(4152) = 973.6325248870005 0.6216801421060154
Melhor da geracao 4197: reg(4197) = 973.1552126581615 0.4773122288389686
Melhor da geracao 4246: reg(4246) = 972.7772771445472 0.37793551361437494
Melhor da geracao 4258: reg(4258) = 972.6960214997957 0.08125564475142255
Melhor da geracao 4270: reg(4270) = 972.6954148527492 6.066470465384555E-4
Melhor da geracao 4271: reg(4271) = 972.6095635598274 0.08585129292180227
Melhor da geracao 4273: reg(4273) = 972.3981830149015 0.21138054492587344
Melhor da geracao 4280: reg(4280) = 971.9699141131346 0.4282689017669554
Melhor da geracao 4321: reg(4321) = 971.9328528459027 0.03706126723182024
Melhor da geracao 4328: reg(4328) = 971.9214728539675 0.01137999193520045
Melhor da geracao 4330: reg(4330) = 971.823177332961 0.09829552100654837
Melhor da geracao 4340: reg(4340) = 971.6747451151666 0.14843221779437954
Melhor da geracao 4353: reg(4353) = 971.4875806585334 0.18716445663324066
Melhor da geracao 4354: reg(4354) = 971.4318685449359 0.05571211359745121
Melhor da geracao 4356: reg(4356) = 971.3699166032626 0.06195194167332829
Melhor da geracao 4357: reg(4357) = 971.3665952525633 0.0033213506992524344
Melhor da geracao 4363: reg(4363) = 971.2928759037159 0.07371934884747589
Melhor da geracao 4377: reg(4377) = 970.914591661827 0.37828424188887766
Melhor da geracao 4388: reg(4388) = 970.897412270413 0.017179391413947087
Melhor da geracao 4401: reg(4401) = 970.8089738637616 0.08843840665144853
Melhor da geracao 4404: reg(4404) = 970.806558519241 0.0024153445206138713
Melhor da geracao 4406: reg(4406) = 970.8055297115594 0.0010288076815641034
Melhor da geracao 4407: reg(4407) = 970.669612840815 0.1359168707443814
Melhor da geracao 4413: reg(4413) = 970.6249932344621 0.04461960635296691
Melhor da geracao 4416: reg(4416) = 970.5605683723794 0.06442486208266018
Melhor da geracao 4420: reg(4420) = 970.5479218815838 0.01264649079564606
Melhor da geracao 4438: reg(4438) = 970.3353405813748 0.21258130020896715
Melhor da geracao 4446: reg(4446) = 970.2803496314002 0.05499094997458087
Melhor da geracao 4449: reg(4449) = 969.8102641842322 0.47008544716800316
Melhor da geracao 4476: reg(4476) = 969.7861047613516 0.024159422880643433
Melhor da geracao 4478: reg(4478) = 969.625836893103 0.1602678682485248
Melhor da geracao 4480: reg(4480) = 969.5343154478815 0.09152144522158778
Melhor da geracao 4509: reg(4509) = 969.4165523812228 0.11776306665865377
Melhor da geracao 4528: reg(4528) = 969.3909692007362 0.025583180486592028
Melhor da geracao 4530: reg(4530) = 969.337591934595 0.0533772661411831
Melhor da geracao 4532: reg(4532) = 969.2962714774776 0.04132045711742194
Melhor da geracao 4535: reg(4535) = 969.1311831590968 0.16508831838075366
Melhor da geracao 4540: reg(4540) = 968.9150855927238 0.2160975663730369
Melhor da geracao 4564: reg(4564) = 968.8957419763337 0.019343616390074203
Melhor da geracao 4568: reg(4568) = 968.6741312521843 0.22161072414940008
Melhor da geracao 4591: reg(4591) = 968.45737651546 0.21675473672428325
Melhor da geracao 4598: reg(4598) = 968.3315767320421 0.1257997834179605
Melhor da geracao 4615: reg(4615) = 968.2936949391794 0.03788179286266313
Melhor da geracao 4619: reg(4619) = 968.1512971042117 0.14239783496770997
Melhor da geracao 4622: reg(4622) = 968.0551895487092 0.09610755550249905
Melhor da geracao 4629: reg(4629) = 968.0448597025533 0.01032984615596888
Melhor da geracao 4636: reg(4636) = 967.80994996483 0.23490973772322832
Melhor da geracao 4647: reg(4647) = 967.7809325215778 0.029017443252200792
Melhor da geracao 4651: reg(4651) = 967.5166085406315 0.26432398094630116
Melhor da geracao 4681: reg(4681) = 967.4218494146882 0.09475912594336933
Melhor da geracao 4685: reg(4685) = 967.3850265124344 0.036822902253788925
Melhor da geracao 4699: reg(4699) = 967.341133893612 0.043892618822383156
Melhor da geracao 4701: reg(4701) = 967.3350279344909 0.006105959121100568
Melhor da geracao 4702: reg(4702) = 967.2913671137492 0.04366082074170663
Melhor da geracao 4710: reg(4710) = 967.2683152057086 0.023051908040542912
Melhor da geracao 4714: reg(4714) = 967.1504310215104 0.1178841841982603
Melhor da geracao 4717: reg(4717) = 966.9905008338308 0.1599301876796062
Melhor da geracao 4727: reg(4727) = 966.952988490398 0.03751234343280885
Melhor da geracao 4740: reg(4740) = 966.930640221003 0.022348269394910858
Melhor da geracao 4741: reg(4741) = 966.8296647676644 0.1009754533386058
Melhor da geracao 4750: reg(4750) = 966.6678310979038 0.16183366976065372
Melhor da geracao 4769: reg(4769) = 966.5751873552789 0.09264374262488673
Melhor da geracao 4787: reg(4787) = 966.546628066032 0.028559289246913977
Melhor da geracao 4793: reg(4793) = 966.4994308079999 0.047197258032042555
Melhor da geracao 4797: reg(4797) = 966.4969249596752 0.002505848324744875
Melhor da geracao 4798: reg(4798) = 966.4928454909787 0.0040794686965455185
Melhor da geracao 4800: reg(4800) = 966.4636112018588 0.029234289119813184
Melhor da geracao 4801: reg(4801) = 966.4126470528753 0.05096414898355306
Melhor da geracao 4802: reg(4802) = 966.3710526634965 0.04159438937881532
Melhor da geracao 4806: reg(4806) = 966.1861679595213 0.18488470397517176
Melhor da geracao 4820: reg(4820) = 966.1629614205807 0.023206538940598875
Melhor da geracao 4822: reg(4822) = 966.1417599689454 0.021201451635306512
Melhor da geracao 4843: reg(4843) = 965.939278587121 0.2024813818244411
Melhor da geracao 4872: reg(4872) = 965.8635019971694 0.07577658995160164
Melhor da geracao 4882: reg(4882) = 965.8533765296655 0.010125467503826258
Melhor da geracao 4888: reg(4888) = 965.8496405190557 0.0037360106098276447
Melhor da geracao 4892: reg(4892) = 965.7306191509148 0.11902136814092046
Melhor da geracao 4903: reg(4903) = 965.6810533548371 0.04956579607767253
Melhor da geracao 4909: reg(4909) = 965.6789070921672 0.002146262669953103
Melhor da geracao 4911: reg(4911) = 965.6707486378949 0.00815845427223394
Melhor da geracao 4912: reg(4912) = 965.6679456495548 0.0028029883401359257
Melhor da geracao 4918: reg(4918) = 965.6676039966858 3.4165286899678904E-4
Melhor da geracao 4919: reg(4919) = 965.6481509865259 0.019453010159850237
Melhor da geracao 4921: reg(4921) = 965.5949666154909 0.053184371035058575
Melhor da geracao 4922: reg(4922) = 965.5781918982618 0.01677471722905466
Melhor da geracao 4927: reg(4927) = 965.4789551207722 0.09923677748963655
Melhor da geracao 4940: reg(4940) = 965.4667114455291 0.01224367524309855
Melhor da geracao 4942: reg(4942) = 965.3860743708049 0.08063707472422266
Melhor da geracao 4946: reg(4946) = 965.3439890782585 0.04208529254640325
Melhor da geracao 4953: reg(4953) = 965.2774256318778 0.06656344638065548
Melhor da geracao 4957: reg(4957) = 965.2590425348418 0.01838309703600771
Melhor da geracao 4974: reg(4974) = 965.2403760293286 0.018666505513238008
Melhor da geracao 4976: reg(4976) = 965.2154517404176 0.02492428891093823
Melhor da geracao 4980: reg(4980) = 965.1678436868942 0.04760805352339048
Melhor da geracao 4987: reg(4987) = 965.1489042922784 0.0189393946158134
Melhor da geracao 4992: reg(4992) = 965.1300355763607 0.018868715917733425
Melhor da geracao 4998: reg(4998) = 965.1239170880863 0.006118488274410083
Melhor da geracao 5002: reg(5002) = 965.091197521099 0.032719566987225335
Melhor da geracao 5004: reg(5004) = 965.050102449711 0.041095071388099313
Melhor da geracao 5008: reg(5008) = 964.9330822343848 0.11702021532619256
Melhor da geracao 5022: reg(5022) = 964.8900828545512 0.04299937983353175
Melhor da geracao 5029: reg(5029) = 964.8507913788821 0.039291475669074316
Melhor da geracao 5034: reg(5034) = 964.7304890747547 0.12030230412744913
Melhor da geracao 5045: reg(5045) = 964.6906609952076 0.03982807954707823
Melhor da geracao 5056: reg(5056) = 964.6624788501574 0.02818214505020933
Melhor da geracao 5069: reg(5069) = 964.6196733042306 0.04280554592685348
Melhor da geracao 5074: reg(5074) = 964.6005549820168 0.019118322213785177
Melhor da geracao 5079: reg(5079) = 964.5805494373332 0.020005544683613152
Melhor da geracao 5080: reg(5080) = 964.5674993553042 0.013050082028939869
Melhor da geracao 5085: reg(5085) = 964.5291376684409 0.03836168686336805
Melhor da geracao 5090: reg(5090) = 964.5082364138509 0.020901254589944074
Melhor da geracao 5094: reg(5094) = 964.504937244552 0.003299169298884408
Melhor da geracao 5098: reg(5098) = 964.4937795487957 0.011157695756310204
Melhor da geracao 5100: reg(5100) = 964.4183122056609 0.07546734313484649
Melhor da geracao 5108: reg(5108) = 964.3206247313541 0.09768747430678104
Melhor da geracao 5121: reg(5121) = 964.3049238119983 0.015700919355822407
Melhor da geracao 5134: reg(5134) = 964.218950308305 0.0859735036932534
Melhor da geracao 5137: reg(5137) = 964.1943022125631 0.024648095741895304
Melhor da geracao 5144: reg(5144) = 964.1789509126373 0.015351299925782769
Melhor da geracao 5152: reg(5152) = 964.1778573818516 0.0010935307857380394
Melhor da geracao 5159: reg(5159) = 964.1379018329959 0.039955548855687084
Melhor da geracao 5163: reg(5163) = 964.0963387341411 0.04156309885479459
Melhor da geracao 5176: reg(5176) = 964.0197666580153 0.07657207612578532
Melhor da geracao 5189: reg(5189) = 963.958342275836 0.06142438217932522
Melhor da geracao 5197: reg(5197) = 963.9301262614243 0.028216014411668766
Melhor da geracao 5198: reg(5198) = 963.921990909302 0.008135352122280892
Melhor da geracao 5210: reg(5210) = 963.9103829028538 0.01160800644822757
Melhor da geracao 5212: reg(5212) = 963.8909545511328 0.019428351720989667
Melhor da geracao 5213: reg(5213) = 963.8620437818854 0.028910769247431745
Melhor da geracao 5215: reg(5215) = 963.8473768886181 0.014666893267303749
Melhor da geracao 5225: reg(5225) = 963.8315687088813 0.01580817973683679
Melhor da geracao 5226: reg(5226) = 963.792928441588 0.038640267293317265
Melhor da geracao 5227: reg(5227) = 963.7916853872152 0.0012430543727077747
Melhor da geracao 5230: reg(5230) = 963.7105188429902 0.08116654422508418
Melhor da geracao 5236: reg(5236) = 963.672025186753 0.03849365623716494
Melhor da geracao 5246: reg(5246) = 963.6441497325113 0.027875454241666375
Melhor da geracao 5253: reg(5253) = 963.6362066438704 0.007943088640899987
Melhor da geracao 5258: reg(5258) = 963.6292784012302 0.006928242640242388
Melhor da geracao 5265: reg(5265) = 963.62191928267 0.00735911856020266
Melhor da geracao 5266: reg(5266) = 963.5814923496382 0.040426933031767476
Melhor da geracao 5268: reg(5268) = 963.5753425754842 0.006149774153982435
Melhor da geracao 5269: reg(5269) = 963.5650062393973 0.010336336086879783
Melhor da geracao 5277: reg(5277) = 963.5355061569767 0.02950008242066815
Melhor da geracao 5283: reg(5283) = 963.4595811835517 0.07592497342500337
Melhor da geracao 5290: reg(5290) = 963.4178142651117 0.0417669184399756
Melhor da geracao 5297: reg(5297) = 963.395725311642 0.022088953469733497
Melhor da geracao 5304: reg(5304) = 963.3949739896979 7.513219441079855E-4
Melhor da geracao 5307: reg(5307) = 963.3835761578767 0.011397831821113869
Melhor da geracao 5311: reg(5311) = 963.3811977516524 0.0023784062243521475
Melhor da geracao 5314: reg(5314) = 963.3768387622259 0.004358989426464177
Melhor da geracao 5315: reg(5315) = 963.3706393401483 0.006199422077656891
Melhor da geracao 5316: reg(5316) = 963.3151225675131 0.05551677263520105
Melhor da geracao 5327: reg(5327) = 963.3025075605408 0.012615006972282572
Melhor da geracao 5328: reg(5328) = 963.296939061042 0.005568499498735946
Melhor da geracao 5333: reg(5333) = 963.2741739384934 0.022765122548662475
Melhor da geracao 5334: reg(5334) = 963.2733611774463 8.127610470864965E-4
Melhor da geracao 5338: reg(5338) = 963.2522522634412 0.021108914005139923
Melhor da geracao 5341: reg(5341) = 963.2310873218108 0.02116494163033167
Melhor da geracao 5342: reg(5342) = 963.1906861519567 0.04040116985413533
Melhor da geracao 5345: reg(5345) = 963.1680799981009 0.022606153855804223
Melhor da geracao 5352: reg(5352) = 963.1535997742651 0.01448022383578973
Melhor da geracao 5354: reg(5354) = 963.119049187146 0.03455058711915626
Melhor da geracao 5365: reg(5365) = 963.1163792120217 0.0026699751242631464
Melhor da geracao 5366: reg(5366) = 963.0771321845305 0.03924702749122844
Melhor da geracao 5376: reg(5376) = 963.0461032351682 0.0310289493622804
Melhor da geracao 5377: reg(5377) = 963.0229249537844 0.02317828138382083
Melhor da geracao 5378: reg(5378) = 963.0201082391555 0.002816714628806949
Melhor da geracao 5384: reg(5384) = 962.9505524643791 0.06955577477640418
Melhor da geracao 5389: reg(5389) = 962.9468641083918 0.0036883559873786
Melhor da geracao 5398: reg(5398) = 962.9250816121184 0.02178249627331752
Melhor da geracao 5403: reg(5403) = 962.9201493617802 0.0049322503382427385
Melhor da geracao 5405: reg(5405) = 962.8916511995966 0.028498162183609566
Melhor da geracao 5407: reg(5407) = 962.8778421866689 0.013809012927708864
Melhor da geracao 5414: reg(5414) = 962.8460009161688 0.03184127050008101
Melhor da geracao 5418: reg(5418) = 962.8205503729265 0.025450543242300228
Melhor da geracao 5428: reg(5428) = 962.7933149592512 0.027235413675271047
Melhor da geracao 5430: reg(5430) = 962.7728868509453 0.020428108305964088
Melhor da geracao 5439: reg(5439) = 962.769868444905 0.0030184060402689283
Melhor da geracao 5447: reg(5447) = 962.7598228440605 0.010045600844478031
Melhor da geracao 5448: reg(5448) = 962.7494641967133 0.010358647347175065
Melhor da geracao 5452: reg(5452) = 962.7110478644427 0.038416332270685416
Melhor da geracao 5459: reg(5459) = 962.7072056396463 0.0038422247963580958
Melhor da geracao 5465: reg(5465) = 962.7038565986669 0.003349040979401252
Melhor da geracao 5467: reg(5467) = 962.6925918526917 0.011264745975154256
Melhor da geracao 5468: reg(5468) = 962.6781306344001 0.014461218291671685
Melhor da geracao 5471: reg(5471) = 962.673891810642 0.004238823758100807
Melhor da geracao 5473: reg(5473) = 962.6713279809051 0.0025638297369141583
Melhor da geracao 5477: reg(5477) = 962.6547494328646 0.016578548040456553
Melhor da geracao 5482: reg(5482) = 962.6400001985047 0.014749234359896946
Melhor da geracao 5483: reg(5483) = 962.6371414389661 0.002858759538639788
Melhor da geracao 5484: reg(5484) = 962.6179765649647 0.01916487400137612
Melhor da geracao 5487: reg(5487) = 962.5718638899083 0.04611267505640626
Melhor da geracao 5508: reg(5508) = 962.5502793686182 0.021584521290037628
Melhor da geracao 5509: reg(5509) = 962.548435039014 0.0018443296042960355
Melhor da geracao 5511: reg(5511) = 962.5456357165523 0.0027993224616693624
Melhor da geracao 5512: reg(5512) = 962.5008491563093 0.04478656024298289
Melhor da geracao 5522: reg(5522) = 962.4852248562984 0.015624300010927072
Melhor da geracao 5532: reg(5532) = 962.4637091581872 0.021515698111215897
Melhor da geracao 5541: reg(5541) = 962.4507789156993 0.012930242487868782
Melhor da geracao 5544: reg(5544) = 962.4155532029422 0.03522571275709652
Melhor da geracao 5560: reg(5560) = 962.407528736867 0.008024466075198688
Melhor da geracao 5564: reg(5564) = 962.401485247788 0.006043489079047504
Melhor da geracao 5565: reg(5565) = 962.4014099459312 7.53018567820618E-5
Melhor da geracao 5566: reg(5566) = 962.3789277190624 0.022482226868760335
Melhor da geracao 5576: reg(5576) = 962.3243805810987 0.05454713796370925
Melhor da geracao 5594: reg(5594) = 962.2926210130795 0.031759568019197104
Melhor da geracao 5604: reg(5604) = 962.288257472082 0.004363540997474047
Melhor da geracao 5607: reg(5607) = 962.2749820957238 0.013275376358251378
Melhor da geracao 5609: reg(5609) = 962.2646184689168 0.01036362680702041
Melhor da geracao 5619: reg(5619) = 962.2612399562165 0.0033785127002374793
Melhor da geracao 5620: reg(5620) = 962.2609921948151 2.477614013969287E-4
Melhor da geracao 5623: reg(5623) = 962.2570829489196 0.0039092458955565235
Melhor da geracao 5625: reg(5625) = 962.2516848648406 0.005398084078933607
Melhor da geracao 5627: reg(5627) = 962.2309244733741 0.020760391466524197
Melhor da geracao 5630: reg(5630) = 962.217505864326 0.013418609048130747
Melhor da geracao 5635: reg(5635) = 962.2077565297204 0.00974933460554439
Melhor da geracao 5645: reg(5645) = 962.1939701804838 0.013786349236625028
Melhor da geracao 5649: reg(5649) = 962.1886114412766 0.005358739207167673
Melhor da geracao 5651: reg(5651) = 962.1805614206389 0.008050020637710986
Melhor da geracao 5656: reg(5656) = 962.1609658595114 0.019595561127516703
Melhor da geracao 5658: reg(5658) = 962.1403777427336 0.020588116777844334
Melhor da geracao 5664: reg(5664) = 962.1317241641764 0.008653578557186847
Melhor da geracao 5673: reg(5673) = 962.1143834247607 0.01734073941565839
Melhor da geracao 5680: reg(5680) = 962.1120405648101 0.002342859950658749
Melhor da geracao 5683: reg(5683) = 962.0920526425883 0.019987922221730514
Melhor da geracao 5684: reg(5684) = 962.0856706614867 0.006381981101640122
Melhor da geracao 5687: reg(5687) = 962.065208152183 0.020462509303683873
Melhor da geracao 5693: reg(5693) = 962.0603823218154 0.004825830367622075
Melhor da geracao 5701: reg(5701) = 962.0599036524642 4.7866935119600384E-4
Melhor da geracao 5705: reg(5705) = 962.0569232791303 0.002980373333912212
Melhor da geracao 5706: reg(5706) = 962.0215518003229 0.035371478807405765
Melhor da geracao 5715: reg(5715) = 962.0114840962157 0.01006770410720037
Melhor da geracao 5716: reg(5716) = 961.9904093055893 0.021074790626357753
Melhor da geracao 5724: reg(5724) = 961.9708979977763 0.019511307812990708
Melhor da geracao 5731: reg(5731) = 961.9705972560122 3.007417641356369E-4
Melhor da geracao 5738: reg(5738) = 961.9490962086437 0.021501047368474246
Melhor da geracao 5751: reg(5751) = 961.9465418709981 0.002554337645619853
Melhor da geracao 5752: reg(5752) = 961.9404637765241 0.006078094473991769
Melhor da geracao 5759: reg(5759) = 961.9391939069739 0.0012698695502422197
Melhor da geracao 5762: reg(5762) = 961.9343821340003 0.004811772973539519
Melhor da geracao 5763: reg(5763) = 961.9091349536748 0.02524718032555029
Melhor da geracao 5767: reg(5767) = 961.8965321997975 0.012602753877217765
Melhor da geracao 5772: reg(5772) = 961.890608223968 0.00592397582954618
Melhor da geracao 5778: reg(5778) = 961.8802196824814 0.010388541486577196
Melhor da geracao 5784: reg(5784) = 961.8758157543311 0.0044039281502818994
Melhor da geracao 5789: reg(5789) = 961.8748833370614 9.324172697233735E-4
Melhor da geracao 5790: reg(5790) = 961.8569134988117 0.017969838249769055
Melhor da geracao 5793: reg(5793) = 961.8521340141596 0.004779484652090105
Melhor da geracao 5797: reg(5797) = 961.8511957896311 9.382245284541568E-4
Melhor da geracao 5798: reg(5798) = 961.8510941377858 1.0165184528432292E-4
Melhor da geracao 5800: reg(5800) = 961.8407346474679 0.010359490317910058
Melhor da geracao 5802: reg(5802) = 961.8402861986626 4.484488052867164E-4
Melhor da geracao 5803: reg(5803) = 961.8401273965683 1.5880209434726567E-4
Melhor da geracao 5806: reg(5806) = 961.8256958966457 0.01443149992257986
Melhor da geracao 5809: reg(5809) = 961.808791331064 0.016904565581739917
Melhor da geracao 5812: reg(5812) = 961.8081717845432 6.195465207383677E-4
Melhor da geracao 5814: reg(5814) = 961.8060267269864 0.0021450575568451313
Melhor da geracao 5818: reg(5818) = 961.8023314255628 0.0036953014235905357
Melhor da geracao 5821: reg(5821) = 961.7996207424793 0.002710683083478216
Melhor da geracao 5823: reg(5823) = 961.7993027554472 3.1798703207641665E-4
Melhor da geracao 5824: reg(5824) = 961.7890760910726 0.010226664374613392
Melhor da geracao 5829: reg(5829) = 961.7693879477214 0.0196881433512317
Melhor da geracao 5833: reg(5833) = 961.7581023812978 0.011285566423566706
Melhor da geracao 5839: reg(5839) = 961.7467283110744 0.01137407022338266
Melhor da geracao 5844: reg(5844) = 961.7398158101026 0.006912500971793634
Melhor da geracao 5847: reg(5847) = 961.7292492122258 0.010566597876845663
Melhor da geracao 5848: reg(5848) = 961.7260149208836 0.003234291342209872
Melhor da geracao 5857: reg(5857) = 961.718110867596 0.007904053287575152
Melhor da geracao 5861: reg(5861) = 961.7161787652955 0.0019321023005431925
Melhor da geracao 5865: reg(5865) = 961.7126477380802 0.003531027215217364
Melhor da geracao 5867: reg(5867) = 961.696118654062 0.01652908401820241
Melhor da geracao 5871: reg(5871) = 961.6943331235615 0.001785530500569621
Melhor da geracao 5872: reg(5872) = 961.6869240811242 0.00740904243730256
Melhor da geracao 5874: reg(5874) = 961.6854005328016 0.001523548322552415
Melhor da geracao 5877: reg(5877) = 961.678313261662 0.0070872711396532395
Melhor da geracao 5882: reg(5882) = 961.6720102908456 0.006302970816363995
Melhor da geracao 5883: reg(5883) = 961.6606602937982 0.011349997047432225
Melhor da geracao 5890: reg(5890) = 961.6480342239859 0.01262606981231329
Melhor da geracao 5891: reg(5891) = 961.6460590806754 0.0019751433104602256
Melhor da geracao 5897: reg(5897) = 961.6458652550672 1.9382560822123196E-4
Melhor da geracao 5899: reg(5899) = 961.6399458785068 0.005919376560427736
Melhor da geracao 5900: reg(5900) = 961.6371759734008 0.0027699051059926205
Melhor da geracao 5902: reg(5902) = 961.6362256546845 9.503187162636095E-4
Melhor da geracao 5903: reg(5903) = 961.6278760691924 0.008349585492055667
Melhor da geracao 5904: reg(5904) = 961.6257469852918 0.002129083900626938
Melhor da geracao 5907: reg(5907) = 961.6241892249402 0.0015577603516021554
Melhor da geracao 5908: reg(5908) = 961.5816306913074 0.04255853363281403
Melhor da geracao 5921: reg(5921) = 961.5728759148428 0.008754776464570568
Melhor da geracao 5926: reg(5926) = 961.5664672035252 0.006408711317590132
Melhor da geracao 5936: reg(5936) = 961.5503488752879 0.01611832823732584
Melhor da geracao 5938: reg(5938) = 961.5477171580056 0.002631717282270074
Melhor da geracao 5942: reg(5942) = 961.530106408933 0.01761074907267357
Melhor da geracao 5950: reg(5950) = 961.5256789456912 0.004427463241768237
Melhor da geracao 5951: reg(5951) = 961.5168206454822 0.008858300208999026
Melhor da geracao 5956: reg(5956) = 961.5072223686735 0.0095982768086742
Melhor da geracao 5957: reg(5957) = 961.5036866072707 0.0035357614028725948
Melhor da geracao 5963: reg(5963) = 961.5022987518954 0.0013878553752419975
Melhor da geracao 5964: reg(5964) = 961.4995892411686 0.00270951072684511
Melhor da geracao 5965: reg(5965) = 961.498209347759 0.0013798934095348159
Melhor da geracao 5966: reg(5966) = 961.4899525018425 0.008256845916548627
Melhor da geracao 5972: reg(5972) = 961.4798938056653 0.010058696177225102
Melhor da geracao 5976: reg(5976) = 961.4772725797764 0.0026212258889017903
Melhor da geracao 5977: reg(5977) = 961.4756722717589 0.0016003080174868956
Melhor da geracao 5978: reg(5978) = 961.4714656863104 0.004206585448514488
Melhor da geracao 5979: reg(5979) = 961.4635835421503 0.007882144160021198
Melhor da geracao 5982: reg(5982) = 961.4617518668908 0.0018316752594955688
Melhor da geracao 5984: reg(5984) = 961.4593887058032 0.002363161087600929
Melhor da geracao 5987: reg(5987) = 961.4556336523526 0.0037550534506181066
Melhor da geracao 5988: reg(5988) = 961.4552607273897 3.729249629031983E-4
Melhor da geracao 5989: reg(5989) = 961.447288803815 0.007971923574700668
Melhor da geracao 5994: reg(5994) = 961.4448071984241 0.0024816053909262337
Melhor da geracao 5996: reg(5996) = 961.4278931645811 0.01691403384302248
Melhor da geracao 6002: reg(6002) = 961.4250768914898 0.0028162730912981715
Melhor da geracao 6003: reg(6003) = 961.422687473783 0.002389417706808672
Melhor da geracao 6006: reg(6006) = 961.4115716660166 0.01111580776637311
Melhor da geracao 6009: reg(6009) = 961.4113740608716 1.976051449901206E-4
Melhor da geracao 6016: reg(6016) = 961.4013668298944 0.01000723097718037
Melhor da geracao 6017: reg(6017) = 961.385856917551 0.015509912343418364
Melhor da geracao 6022: reg(6022) = 961.384074757156 0.0017821603950096687
Melhor da geracao 6024: reg(6024) = 961.3813914168117 0.0026833403443333737
Melhor da geracao 6027: reg(6027) = 961.3810269712877 3.6444552392822516E-4
Melhor da geracao 6030: reg(6030) = 961.3776061144872 0.003420856800516958
Melhor da geracao 6031: reg(6031) = 961.3768372914391 7.688230481335268E-4
Melhor da geracao 6034: reg(6034) = 961.3635941566572 0.013243134781873778
Melhor da geracao 6039: reg(6039) = 961.3567842163686 0.006809940288576399
Melhor da geracao 6040: reg(6040) = 961.35315919745 0.003625018918569367
Melhor da geracao 6044: reg(6044) = 961.3503135195057 0.0028456779443786218
Melhor da geracao 6046: reg(6046) = 961.3391379423266 0.011175577179074025
Melhor da geracao 6052: reg(6052) = 961.3344591658307 0.004678776495893544
Melhor da geracao 6055: reg(6055) = 961.326527824457 0.007931341373705436
Melhor da geracao 6058: reg(6058) = 961.3246501826944 0.0018776417625758768
Melhor da geracao 6067: reg(6067) = 961.3201483482452 0.004501834449229136
Melhor da geracao 6069: reg(6069) = 961.3176809498023 0.002467398442945523
Melhor da geracao 6070: reg(6070) = 961.3062227875037 0.011458162298595198
Melhor da geracao 6080: reg(6080) = 961.3049762425032 0.0012465450004128797
Melhor da geracao 6081: reg(6081) = 961.3047532256322 2.2301687101844436E-4
Melhor da geracao 6083: reg(6083) = 961.290739554998 0.014013670634199116
Melhor da geracao 6087: reg(6087) = 961.2899941258241 7.454291738895336E-4
Melhor da geracao 6088: reg(6088) = 961.280201171891 0.009792953933128956
Melhor da geracao 6094: reg(6094) = 961.2656583741117 0.014542797779313332
Melhor da geracao 6103: reg(6103) = 961.2634594480072 0.0021989261044836894
Melhor da geracao 6107: reg(6107) = 961.2560090067591 0.007450441248124662
RUN DE_71s__0t0 1/1: Menor  custo  final é 961.2560090067591
---26/11 17:16:26-----------------------------------------------------
reg(objetivo): 961.2560090067591
RMSE: 416.98041227164595
MAE: 23.267673525070528
GEH: 2.142448044170407
pGEH5: 0.8873239436619719
R2Links: 0.96230250356715
R2Odm: 0.2569092698217954
------------------------------------------------------ ´p=356

ALERT: Salvando última MOD resposta. Não a melhor.
Fitness final (reg) = 961.2560090067591
