--candidateId=76
--directory=C:\Users\Pc\Desktop\irace2018\irace\execDir
--algorithm=DE
--fitnessFunction=reg
--populationSize=366
--crossoverProbability=0.544
--differentialWeight=0.201
26/11, 17:59:52
[HookRun] Parameters used:
--directory=execDir
--algorithm=DE
--fitnessFunction=reg
--candidateId=76
--populationSize=366
--maxEvaluations=0
--crossoverProbability=0.544
--differentialWeight=0.201

Teste Curitiba!
OK: Recuperou objeto ODMatrix de 'cwb odmatrix.dat'!

OK: Recuperou objeto VirtualSensors de 'cwb virt sen.dat'!

OK: Mudando teste para rede fechada...
ATENCAO: arestasSensor reduzidas para 71, por ser numero maximo de sensores da rede cadastrada.
PROC: Preparando para iniciar DE_71s__0t0... 26/11, 17:59:52
ERROR: Não há registros de viagens para recuperar! (ODmatrix.calcMatrixClust)
INFO: Return antecipado, n=arestasSensorGAMM=71 e t=tempoPrioriGAMM=0; mov.lenght=71 (VirtualSensors.gerArestaMaisMovimentadasIndex)
INFO: descobrirODparIndArestaMaisMov = 1074 casos! - 191/900 pares O-D cobertos
INFO: Existem 1073 relações Prob_OD_aresta!
OK: Iniciando DE com 1 runs! Population size: 366
Generations: 8196
OD =900
Sensores=71
DE_71s__0t0; 26/11, 17:59:52
STATS: Desvio fluxos: Min. -1347,704395; Mean. 298,003038; Max. 3449,44993; p5 -1225,816822; p20 -589,315542; p35 -152,315162; p50 82,347285; p65 472,932418; p80 1261,613534; p95 2209,489344; 
RUN DE_71s__0t0 1/1: Menor custo inicial é 22109.18232196846(RMSE: 388.32811178157186; MAE: 21.169752684347433; GEH: 14.460765134859903) id do melhor indivíduo=195
Melhor da geracao 0: reg(0) = 20883.368604206014 1225.8137177624449
Melhor da geracao 1: reg(1) = 19626.74731201729 1256.6212921887236
Melhor da geracao 2: reg(2) = 19198.348127320583 428.3991846967074
Melhor da geracao 3: reg(3) = 16877.465917307425 2320.8822100131583
Melhor da geracao 5: reg(5) = 14507.695684673894 2369.770232633531
Melhor da geracao 10: reg(10) = 13009.402564802615 1498.2931198712795
Melhor da geracao 13: reg(13) = 11795.423051384147 1213.9795134184678
Melhor da geracao 15: reg(15) = 11421.392843164882 374.03020821926475
Melhor da geracao 16: reg(16) = 10201.648281411124 1219.7445617537578
Melhor da geracao 17: reg(17) = 10055.206784449367 146.44149696175737
Melhor da geracao 18: reg(18) = 9959.678657217599 95.52812723176794
Melhor da geracao 19: reg(19) = 9927.496967855965 32.1816893616342
Melhor da geracao 20: reg(20) = 9839.30966409942 88.18730375654377
Melhor da geracao 21: reg(21) = 9689.069096100084 150.24056799933715
Melhor da geracao 23: reg(23) = 8732.592929080913 956.476167019171
Melhor da geracao 25: reg(25) = 8274.60891595682 457.9840131240926
Melhor da geracao 26: reg(26) = 8086.458897028841 188.15001892797864
Melhor da geracao 28: reg(28) = 7800.183731106334 286.27516592250777
Melhor da geracao 29: reg(29) = 7218.3413308520585 581.8424002542752
Melhor da geracao 33: reg(33) = 6506.631848848147 711.709482003912
Melhor da geracao 40: reg(40) = 6340.702385238943 165.9294636092036
Melhor da geracao 42: reg(42) = 6298.819221702879 41.883163536063876
Melhor da geracao 43: reg(43) = 6279.533697623498 19.285524079381503
Melhor da geracao 44: reg(44) = 6160.0302526717 119.50344495179797
Melhor da geracao 45: reg(45) = 5711.919334988876 448.11091768282404
Melhor da geracao 51: reg(51) = 5589.732861456518 122.18647353235792
Melhor da geracao 52: reg(52) = 5472.91529630875 116.81756514776771
Melhor da geracao 53: reg(53) = 5399.742020527324 73.17327578142613
Melhor da geracao 54: reg(54) = 5098.366397635863 301.3756228914608
Melhor da geracao 56: reg(56) = 5051.271234683011 47.09516295285175
Melhor da geracao 58: reg(58) = 5011.380859834197 39.890374848814645
Melhor da geracao 61: reg(61) = 4908.020409325519 103.36045050867779
Melhor da geracao 62: reg(62) = 4900.692846174135 7.327563151383401
Melhor da geracao 63: reg(63) = 4668.552593930062 232.14025224407305
Melhor da geracao 67: reg(67) = 4442.372521659421 226.18007227064118
Melhor da geracao 69: reg(69) = 4303.4499619107355 138.92255974868567
Melhor da geracao 70: reg(70) = 4280.412963901213 23.036998009522904
Melhor da geracao 73: reg(73) = 4196.10285251444 84.3101113867724
Melhor da geracao 79: reg(79) = 4053.963453343621 142.13939917081916
Melhor da geracao 80: reg(80) = 3824.243241122449 229.720212221172
Melhor da geracao 90: reg(90) = 3711.680874862149 112.56236626030022
Melhor da geracao 91: reg(91) = 3652.599488577691 59.08138628445795
Melhor da geracao 92: reg(92) = 3613.861479138307 38.73800943938386
Melhor da geracao 94: reg(94) = 3602.2455077562136 11.615971382093448
Melhor da geracao 102: reg(102) = 3505.519351619261 96.72615613695234
Melhor da geracao 105: reg(105) = 3493.0527480960104 12.466603523250797
Melhor da geracao 107: reg(107) = 3465.454113299041 27.598634796969236
Melhor da geracao 109: reg(109) = 3442.8260448549727 22.628068444068504
Melhor da geracao 111: reg(111) = 3421.7944595131776 21.031585341795108
Melhor da geracao 112: reg(112) = 3376.4386852957186 45.35577421745893
Melhor da geracao 113: reg(113) = 3323.868024788391 52.57066050732783
Melhor da geracao 114: reg(114) = 3227.656760473124 96.21126431526682
Melhor da geracao 115: reg(115) = 3180.8134857288505 46.84327474427346
Melhor da geracao 116: reg(116) = 3137.2359053408495 43.577580388001024
Melhor da geracao 126: reg(126) = 3080.270111150712 56.96579419013733
Melhor da geracao 127: reg(127) = 2933.6759172796924 146.5941938710198
Melhor da geracao 131: reg(131) = 2853.3653524174747 80.31056486221769
Melhor da geracao 135: reg(135) = 2806.3686709854674 46.996681432007335
Melhor da geracao 143: reg(143) = 2750.1090929922816 56.25957799318576
Melhor da geracao 145: reg(145) = 2737.7079543273353 12.401138664946302
Melhor da geracao 146: reg(146) = 2732.2953212111393 5.412633116196048
Melhor da geracao 149: reg(149) = 2660.6331370456323 71.66218416550691
Melhor da geracao 153: reg(153) = 2619.9920296493888 40.64110739624357
Melhor da geracao 154: reg(154) = 2550.4714222606535 69.52060738873524
Melhor da geracao 165: reg(165) = 2503.675670273817 46.79575198683642
Melhor da geracao 168: reg(168) = 2444.678735351013 58.99693492280403
Melhor da geracao 177: reg(177) = 2399.1553769004167 45.523358450596334
Melhor da geracao 185: reg(185) = 2379.8433438934767 19.312033006940055
Melhor da geracao 188: reg(188) = 2368.9265231316563 10.916820761820418
Melhor da geracao 190: reg(190) = 2366.8478419904977 2.0786811411585404
Melhor da geracao 195: reg(195) = 2321.7328451191393 45.11499687135847
Melhor da geracao 199: reg(199) = 2287.700817830619 34.03202728852011
Melhor da geracao 203: reg(203) = 2262.3395286178275 25.36128921279169
Melhor da geracao 217: reg(217) = 2255.891913873577 6.447614744250586
Melhor da geracao 218: reg(218) = 2212.8524019715474 43.03951190202952
Melhor da geracao 220: reg(220) = 2180.339103194488 32.51329877705939
Melhor da geracao 222: reg(222) = 2134.0222670123903 46.31683618209763
Melhor da geracao 224: reg(224) = 2128.1632115346188 5.859055477771562
Melhor da geracao 230: reg(230) = 2118.661315989626 9.501895544992749
Melhor da geracao 238: reg(238) = 2095.9375655952563 22.723750394369745
Melhor da geracao 243: reg(243) = 2093.4341794847114 2.5033861105448523
Melhor da geracao 251: reg(251) = 2075.1054034074186 18.328776077292787
Melhor da geracao 255: reg(255) = 1994.15904750367 80.94635590374855
Melhor da geracao 272: reg(272) = 1964.950153605239 29.208893898431143
Melhor da geracao 280: reg(280) = 1951.0304294040222 13.919724201216695
Melhor da geracao 281: reg(281) = 1907.3793044801114 43.65112492391086
Melhor da geracao 302: reg(302) = 1905.6592546804443 1.7200497996670947
Melhor da geracao 306: reg(306) = 1890.1524046896436 15.506849990800674
Melhor da geracao 308: reg(308) = 1884.8656200666896 5.286784622953974
Melhor da geracao 312: reg(312) = 1883.632235017498 1.233385049191611
Melhor da geracao 315: reg(315) = 1845.9218024552556 37.71043256224243
Melhor da geracao 321: reg(321) = 1810.5648816877413 35.35692076751434
Melhor da geracao 332: reg(332) = 1804.5585069835993 6.00637470414199
Melhor da geracao 334: reg(334) = 1782.0560191585917 22.50248782500762
Melhor da geracao 336: reg(336) = 1781.4804911005401 0.5755280580515318
Melhor da geracao 340: reg(340) = 1763.7437921043695 17.736698996170617
Melhor da geracao 344: reg(344) = 1698.0893312347494 65.65446086962015
Melhor da geracao 368: reg(368) = 1668.7708028632774 29.318528371471984
Melhor da geracao 384: reg(384) = 1631.40296503715 37.36783782612747
Melhor da geracao 389: reg(389) = 1613.844211418991 17.55875361815879
Melhor da geracao 405: reg(405) = 1613.1424437648805 0.7017676541106539
Melhor da geracao 417: reg(417) = 1609.600982928837 3.5414608360433704
Melhor da geracao 420: reg(420) = 1608.1813315789445 1.419651349892547
Melhor da geracao 423: reg(423) = 1603.397500745124 4.7838308338205024
Melhor da geracao 424: reg(424) = 1577.815085949277 25.582414795846944
Melhor da geracao 432: reg(432) = 1569.6938842238776 8.121201725399487
Melhor da geracao 450: reg(450) = 1561.3629380244895 8.330946199388109
Melhor da geracao 459: reg(459) = 1547.7147284929106 13.648209531578914
Melhor da geracao 472: reg(472) = 1538.7291009634594 8.985627529451222
Melhor da geracao 477: reg(477) = 1536.250619232284 2.478481731175407
Melhor da geracao 480: reg(480) = 1506.9544475269447 29.296171705339248
Melhor da geracao 484: reg(484) = 1502.1827015583272 4.771745968617552
Melhor da geracao 494: reg(494) = 1489.351004202979 12.83169735534807
Melhor da geracao 503: reg(503) = 1481.6171813957285 7.73382280725059
Melhor da geracao 516: reg(516) = 1471.11695691246 10.50022448326854
Melhor da geracao 527: reg(527) = 1468.1229698695945 2.993987042865456
Melhor da geracao 529: reg(529) = 1459.500266471038 8.622703398556496
Melhor da geracao 530: reg(530) = 1449.4471209111998 10.053145559838185
Melhor da geracao 549: reg(549) = 1441.599579046934 7.84754186426585
Melhor da geracao 555: reg(555) = 1415.800226935869 25.79935211106499
Melhor da geracao 583: reg(583) = 1400.4447456068547 15.35548132901431
Melhor da geracao 603: reg(603) = 1391.05612722869 9.388618378164665
Melhor da geracao 614: reg(614) = 1372.5840878281026 18.47203940058739
Melhor da geracao 658: reg(658) = 1369.8822999280128 2.701787900089812
Melhor da geracao 668: reg(668) = 1323.534087140512 46.34821278750087
Melhor da geracao 738: reg(738) = 1312.7439665491333 10.790120591378582
Melhor da geracao 765: reg(765) = 1307.8871400711541 4.856826477979212
Melhor da geracao 789: reg(789) = 1258.0248227637194 49.86231730743475
Melhor da geracao 904: reg(904) = 1255.4806361436642 2.544186620055143
Melhor da geracao 919: reg(919) = 1248.9080107610648 6.572625382599426
Melhor da geracao 951: reg(951) = 1247.7403821242237 1.1676286368410729
Melhor da geracao 953: reg(953) = 1212.0533903589887 35.68699176523501
Melhor da geracao 995: reg(995) = 1210.1665360270895 1.8868543318992579
Melhor da geracao 1014: reg(1014) = 1206.0467326289554 4.119803398134081
Melhor da geracao 1086: reg(1086) = 1187.8526461254771 18.194086503478275
Melhor da geracao 1088: reg(1088) = 1180.3603640520591 7.492282073417982
Melhor da geracao 1145: reg(1145) = 1178.1145255921165 2.245838459942661
Melhor da geracao 1189: reg(1189) = 1172.5264332411532 5.588092350963279
Melhor da geracao 1224: reg(1224) = 1171.813655830534 0.7127774106193101
Melhor da geracao 1249: reg(1249) = 1155.7343191536233 16.079336676910543
Melhor da geracao 1336: reg(1336) = 1140.8774614591553 14.85685769446809
Melhor da geracao 1390: reg(1390) = 1134.3978546118954 6.479606847259902
Melhor da geracao 1546: reg(1546) = 1130.843528311128 3.554326300767343
Melhor da geracao 1553: reg(1553) = 1128.0674565402603 2.776071770867702
Melhor da geracao 1557: reg(1557) = 1112.6488933524213 15.418563187839027
Melhor da geracao 1752: reg(1752) = 1111.9192803392905 0.7296130131308018
Melhor da geracao 1756: reg(1756) = 1107.1486054493355 4.770674889954989
Melhor da geracao 1780: reg(1780) = 1107.1128597693398 0.0357456799956708
Melhor da geracao 1788: reg(1788) = 1106.8228019953497 0.2900577739901564
Melhor da geracao 1794: reg(1794) = 1099.6522235490802 7.170578446269474
Melhor da geracao 1816: reg(1816) = 1096.385494635153 3.2667289139271816
Melhor da geracao 1867: reg(1867) = 1092.2571759932312 4.128318641921851
Melhor da geracao 1893: reg(1893) = 1090.5900080120466 1.667167981184548
Melhor da geracao 1898: reg(1898) = 1084.711619394208 5.878388617838709
Melhor da geracao 1902: reg(1902) = 1083.1996250299194 1.5119943642885119
Melhor da geracao 2029: reg(2029) = 1070.2223481409733 12.977276888946108
Melhor da geracao 2246: reg(2246) = 1069.5134560174479 0.708892123525402
Melhor da geracao 2256: reg(2256) = 1066.9520445770545 2.5614114403933854
Melhor da geracao 2262: reg(2262) = 1064.0348322771172 2.9172122999373187
Melhor da geracao 2264: reg(2264) = 1064.0240693996843 0.010762877432853202
Melhor da geracao 2308: reg(2308) = 1063.0531899537837 0.970879445900664
Melhor da geracao 2375: reg(2375) = 1063.0323754852498 0.020814468533899344
Melhor da geracao 2398: reg(2398) = 1060.9235350641018 2.1088404211479883
Melhor da geracao 2414: reg(2414) = 1058.1247972541214 2.7987378099803664
Melhor da geracao 2568: reg(2568) = 1057.6717266688197 0.4530705853017025
Melhor da geracao 2588: reg(2588) = 1052.3304753856542 5.341251283165548
Melhor da geracao 2592: reg(2592) = 1052.0395084216857 0.290966963968458
Melhor da geracao 2636: reg(2636) = 1051.7030373439154 0.33647107777028396
Melhor da geracao 2658: reg(2658) = 1047.089268976619 4.613768367296416
Melhor da geracao 2761: reg(2761) = 1043.9446028168306 3.1446661597883576
Melhor da geracao 2796: reg(2796) = 1043.72042814374 0.22417467309060157
Melhor da geracao 2846: reg(2846) = 1043.1238744483276 0.5965536954124673
Melhor da geracao 2873: reg(2873) = 1038.1335960543065 4.990278394021061
Melhor da geracao 2976: reg(2976) = 1038.0845269004276 0.04906915387891786
Melhor da geracao 2985: reg(2985) = 1036.7287924200907 1.3557344803368778
Melhor da geracao 3024: reg(3024) = 1033.807176835772 2.9216155843187153
Melhor da geracao 3105: reg(3105) = 1032.8169336435442 0.9902431922278083
Melhor da geracao 3267: reg(3267) = 1030.8771636682663 1.9397699752778408
Melhor da geracao 3271: reg(3271) = 1029.7573018068344 1.1198618614319003
Melhor da geracao 3399: reg(3399) = 1028.365120620925 1.3921811859095214
Melhor da geracao 3436: reg(3436) = 1026.7395929260913 1.625527694833636
Melhor da geracao 3535: reg(3535) = 1026.3578838716726 0.38170905441870673
Melhor da geracao 3546: reg(3546) = 1023.6520442744742 2.7058395971984055
Melhor da geracao 3570: reg(3570) = 1023.3842416993109 0.2678025751632731
Melhor da geracao 3616: reg(3616) = 1022.5401357250014 0.8441059743095138
Melhor da geracao 3751: reg(3751) = 1020.0014232039794 2.5387125210220347
Melhor da geracao 3948: reg(3948) = 1019.1390922581874 0.8623309457919959
Melhor da geracao 3956: reg(3956) = 1017.8987019987431 1.2403902594442116
Melhor da geracao 4064: reg(4064) = 1016.7040620089183 1.19463998982485
Melhor da geracao 4223: reg(4223) = 1008.602342905502 8.101719103416258
Melhor da geracao 4339: reg(4339) = 1007.5424629518072 1.0598799536948036
Melhor da geracao 4746: reg(4746) = 1007.3101794955378 0.23228345626944247
Melhor da geracao 4781: reg(4781) = 1006.6232326826263 0.6869468129115148
Melhor da geracao 4793: reg(4793) = 1006.3476138057862 0.2756188768400989
Melhor da geracao 4828: reg(4828) = 1006.3085154892476 0.03909831653857054
Melhor da geracao 4847: reg(4847) = 1005.3915539944785 0.9169614947691116
Melhor da geracao 4947: reg(4947) = 1003.8981233662886 1.4934306281899126
Melhor da geracao 4976: reg(4976) = 1003.6014604189991 0.29666294728951925
Melhor da geracao 4991: reg(4991) = 1003.2707001252023 0.3307602937967431
Melhor da geracao 5050: reg(5050) = 1001.9464332667582 1.3242668584441617
Melhor da geracao 5141: reg(5141) = 1000.4006505485395 1.5457827182186747
Melhor da geracao 5192: reg(5192) = 999.3363941181417 1.0642564303977906
Melhor da geracao 5235: reg(5235) = 997.9351089930014 1.401285125140248
Melhor da geracao 5250: reg(5250) = 997.0083889436219 0.9267200493795826
Melhor da geracao 5379: reg(5379) = 995.8141980296854 1.1941909139364952
Melhor da geracao 5411: reg(5411) = 995.7054951969266 0.10870283275880865
Melhor da geracao 5412: reg(5412) = 995.6989094544335 0.006585742493030011
Melhor da geracao 5421: reg(5421) = 995.3040121076066 0.39489734682695143
Melhor da geracao 5431: reg(5431) = 995.0649879369416 0.23902417066494763
Melhor da geracao 5475: reg(5475) = 993.8803722710219 1.1846156659197504
Melhor da geracao 5497: reg(5497) = 992.9877789278813 0.892593343140561
Melhor da geracao 5537: reg(5537) = 991.9044776537728 1.0833012741085213
Melhor da geracao 5543: reg(5543) = 991.4501781853462 0.45429946842659774
Melhor da geracao 5591: reg(5591) = 990.9796398906659 0.4705382946802956
Melhor da geracao 5605: reg(5605) = 990.3427973933203 0.6368424973455831
Melhor da geracao 5636: reg(5636) = 990.181502574322 0.1612948189982717
Melhor da geracao 5653: reg(5653) = 990.0572293494872 0.12427322483483749
Melhor da geracao 5672: reg(5672) = 989.5076848409599 0.5495445085273332
Melhor da geracao 5680: reg(5680) = 989.2556529475958 0.25203189336411924
Melhor da geracao 5724: reg(5724) = 987.5707246650109 1.684928282584906
Melhor da geracao 5870: reg(5870) = 986.059544566316 1.5111800986948083
Melhor da geracao 5934: reg(5934) = 983.3761378361121 2.6834067302039557
Melhor da geracao 6029: reg(6029) = 983.2841701893404 0.09196764677164992
Melhor da geracao 6037: reg(6037) = 982.9135512431361 0.3706189462043312
Melhor da geracao 6038: reg(6038) = 981.6474230829721 1.266128160164044
Melhor da geracao 6084: reg(6084) = 981.3006108815923 0.34681220137974833
Melhor da geracao 6146: reg(6146) = 980.876833497253 0.42377738433935974
Melhor da geracao 6170: reg(6170) = 978.236237154117 2.6405963431359396
Melhor da geracao 6269: reg(6269) = 977.7837489483336 0.45248820578342475
Melhor da geracao 6373: reg(6373) = 977.7036048891807 0.0801440591528717
Melhor da geracao 6385: reg(6385) = 976.4403339322866 1.2632709568940754
Melhor da geracao 6468: reg(6468) = 976.1915068260253 0.2488271062613876
Melhor da geracao 6480: reg(6480) = 975.3927947551473 0.7987120708779685
Melhor da geracao 6543: reg(6543) = 974.9625304428735 0.43026431227383455
Melhor da geracao 6606: reg(6606) = 974.4516874711879 0.5108429716855198
Melhor da geracao 6630: reg(6630) = 974.2026524888267 0.24903498236119503
Melhor da geracao 6658: reg(6658) = 972.120922729509 2.0817297593177955
Melhor da geracao 6770: reg(6770) = 970.8738686337513 1.247054095757676
Melhor da geracao 6850: reg(6850) = 970.704039996448 0.16982863730322606
Melhor da geracao 6940: reg(6940) = 970.6719031764737 0.03213681997431195
Melhor da geracao 6970: reg(6970) = 969.9991097033283 0.6727934731454752
Melhor da geracao 7037: reg(7037) = 969.5829858938213 0.4161238095069848
Melhor da geracao 7075: reg(7075) = 968.7225262970009 0.8604595968204194
Melhor da geracao 7208: reg(7208) = 967.9842186900106 0.7383076069902472
Melhor da geracao 7340: reg(7340) = 967.5584406659605 0.4257780240501461
Melhor da geracao 7403: reg(7403) = 966.8956209471869 0.6628197187735623
Melhor da geracao 7466: reg(7466) = 966.7206314417987 0.17498950538822555
Melhor da geracao 7504: reg(7504) = 966.5230278564497 0.1976035853489293
Melhor da geracao 7541: reg(7541) = 966.3486188766848 0.17440897976496217
Melhor da geracao 7558: reg(7558) = 966.0100310933659 0.3385877833188715
Melhor da geracao 7677: reg(7677) = 965.8236791279086 0.1863519654573338
Melhor da geracao 7695: reg(7695) = 965.407539396395 0.4161397315135673
Melhor da geracao 7723: reg(7723) = 965.2958797462494 0.11165965014561152
Melhor da geracao 7761: reg(7761) = 964.9728178704021 0.3230618758473156
Melhor da geracao 7770: reg(7770) = 964.2516869163187 0.7211309540833781
Melhor da geracao 7898: reg(7898) = 963.7533054218782 0.4983814944405367
Melhor da geracao 8032: reg(8032) = 962.873354797951 0.8799506239271295
Melhor da geracao 8130: reg(8130) = 961.6309206925113 1.24243410543977
RUN DE_71s__0t0 1/1: Menor  custo  final é 961.6309206925113
---26/11 18:01:29-----------------------------------------------------
reg(objetivo): 961.6309206925113
RMSE: 411.5066552076036
MAE: 23.271781445492657
GEH: 2.1996452743849706
pGEH5: 0.9014084507042254
R2Links: 0.9622288212696684
R2Odm: 0.284494462924889
------------------------------------------------------ ´p=71

ALERT: Salvando última MOD resposta. Não a melhor.
Fitness final (reg) = 961.6309206925113
