--candidateId=77
--directory=C:\Users\Pc\Desktop\irace2018\irace\execDir
--algorithm=DE
--fitnessFunction=reg
--populationSize=347
--crossoverProbability=0.597
--differentialWeight=0.223
26/11, 17:43:04
[HookRun] Parameters used:
--directory=execDir
--algorithm=DE
--fitnessFunction=reg
--candidateId=77
--populationSize=347
--maxEvaluations=0
--crossoverProbability=0.597
--differentialWeight=0.223

Teste Curitiba!
OK: Recuperou objeto ODMatrix de 'cwb odmatrix.dat'!

OK: Recuperou objeto VirtualSensors de 'cwb virt sen.dat'!

OK: Mudando teste para rede fechada...
ATENCAO: arestasSensor reduzidas para 71, por ser numero maximo de sensores da rede cadastrada.
PROC: Preparando para iniciar DE_71s__0t0... 26/11, 17:43:04
ERROR: Não há registros de viagens para recuperar! (ODmatrix.calcMatrixClust)
INFO: Return antecipado, n=arestasSensorGAMM=71 e t=tempoPrioriGAMM=0; mov.lenght=71 (VirtualSensors.gerArestaMaisMovimentadasIndex)
INFO: descobrirODparIndArestaMaisMov = 1074 casos! - 191/900 pares O-D cobertos
INFO: Existem 1073 relações Prob_OD_aresta!
OK: Iniciando DE com 1 runs! Population size: 347
Generations: 8645
OD =900
Sensores=71
DE_71s__0t0; 26/11, 17:43:04
STATS: Desvio fluxos: Min. -1399,028425; Mean. 167,985087; Max. 3438,116206; p5 -895,53823; p20 -538,505452; p35 -217,276711; p50 90,369453; p65 416,341699; p80 810,621239; p95 1558,447766; 
RUN DE_71s__0t0 1/1: Menor custo inicial é 21614.52415113026(RMSE: 455.89202602651955; MAE: 22.707945043320567; GEH: 12.798299164423472) id do melhor indivíduo=94
Melhor da geracao 1: reg(1) = 19099.341518005916 2515.182633124343
Melhor da geracao 4: reg(4) = 18966.62662746529 132.71489054062476
Melhor da geracao 5: reg(5) = 18616.8967362402 349.7298912250917
Melhor da geracao 6: reg(6) = 17013.945152698845 1602.951583541355
Melhor da geracao 7: reg(7) = 16777.99168105161 235.95347164723353
Melhor da geracao 8: reg(8) = 15194.16532164698 1583.8263594046311
Melhor da geracao 10: reg(10) = 15009.688408503784 184.47691314319673
Melhor da geracao 11: reg(11) = 13881.172710717574 1128.5156977862098
Melhor da geracao 12: reg(12) = 12852.595145349196 1028.5775653683777
Melhor da geracao 15: reg(15) = 11496.279285767394 1356.3158595818022
Melhor da geracao 18: reg(18) = 11476.253959178048 20.02532658934615
Melhor da geracao 19: reg(19) = 11039.219717050082 437.0342421279656
Melhor da geracao 20: reg(20) = 10899.528440570972 139.69127647911046
Melhor da geracao 22: reg(22) = 10379.482504794338 520.045935776634
Melhor da geracao 23: reg(23) = 9963.06862882062 416.41387597371795
Melhor da geracao 25: reg(25) = 9114.424164238124 848.6444645824959
Melhor da geracao 27: reg(27) = 8312.501904033512 801.922260204612
Melhor da geracao 29: reg(29) = 8246.322498786598 66.17940524691403
Melhor da geracao 30: reg(30) = 8239.460446458466 6.86205232813154
Melhor da geracao 32: reg(32) = 8219.306386672026 20.154059786440484
Melhor da geracao 34: reg(34) = 7957.6039034335445 261.70248323848136
Melhor da geracao 35: reg(35) = 7687.819397873126 269.78450556041844
Melhor da geracao 36: reg(36) = 7594.131915583786 93.68748228933964
Melhor da geracao 37: reg(37) = 7267.878198691362 326.25371689242456
Melhor da geracao 38: reg(38) = 7231.307235372303 36.57096331905905
Melhor da geracao 39: reg(39) = 6884.8316968442805 346.4755385280223
Melhor da geracao 41: reg(41) = 6768.321306108597 116.51039073568336
Melhor da geracao 42: reg(42) = 6654.163911626562 114.15739448203476
Melhor da geracao 44: reg(44) = 6588.462285924626 65.70162570193679
Melhor da geracao 46: reg(46) = 6241.520532953147 346.9417529714783
Melhor da geracao 48: reg(48) = 5781.577633544342 459.9428994088057
Melhor da geracao 51: reg(51) = 5466.08599839648 315.4916351478614
Melhor da geracao 57: reg(57) = 5373.4105157437625 92.67548265271762
Melhor da geracao 58: reg(58) = 5245.754692477937 127.65582326582535
Melhor da geracao 60: reg(60) = 4962.035042515806 283.71964996213137
Melhor da geracao 64: reg(64) = 4869.260008411951 92.77503410385452
Melhor da geracao 67: reg(67) = 4504.447971836465 364.8120365754867
Melhor da geracao 77: reg(77) = 4319.040309051456 185.40766278500905
Melhor da geracao 80: reg(80) = 4308.153540101035 10.886768950420446
Melhor da geracao 83: reg(83) = 3995.625745560186 312.5277945408493
Melhor da geracao 89: reg(89) = 3781.770616793138 213.85512876704797
Melhor da geracao 91: reg(91) = 3755.9845449245868 25.786071868551062
Melhor da geracao 99: reg(99) = 3545.7253555191774 210.25918940540942
Melhor da geracao 104: reg(104) = 3506.6589533069355 39.06640221224188
Melhor da geracao 105: reg(105) = 3402.0265014624083 104.63245184452717
Melhor da geracao 115: reg(115) = 3298.0081525938463 104.01834886856204
Melhor da geracao 116: reg(116) = 3057.1140828938596 240.89406969998663
Melhor da geracao 130: reg(130) = 3055.831720036917 1.2823628569426546
Melhor da geracao 139: reg(139) = 3042.800553393087 13.031166643830147
Melhor da geracao 143: reg(143) = 3026.9319832802225 15.86857011286429
Melhor da geracao 144: reg(144) = 2989.6822218816633 37.24976139855926
Melhor da geracao 146: reg(146) = 2941.969277043544 47.712944838119256
Melhor da geracao 149: reg(149) = 2845.0411106716165 96.92816637192755
Melhor da geracao 153: reg(153) = 2833.1208738104597 11.920236861156809
Melhor da geracao 154: reg(154) = 2806.64517564429 26.475698166169877
Melhor da geracao 157: reg(157) = 2631.6906083714953 174.95456727279452
Melhor da geracao 173: reg(173) = 2596.420642776132 35.269965595363374
Melhor da geracao 177: reg(177) = 2538.4065650190078 58.01407775712414
Melhor da geracao 185: reg(185) = 2458.814402245469 79.5921627735388
Melhor da geracao 190: reg(190) = 2447.091944180476 11.722458064993134
Melhor da geracao 197: reg(197) = 2414.020655828685 33.07128835179083
Melhor da geracao 198: reg(198) = 2300.347855992275 113.67279983640992
Melhor da geracao 214: reg(214) = 2240.034690004657 60.31316598761805
Melhor da geracao 222: reg(222) = 2201.409945773056 38.6247442316012
Melhor da geracao 233: reg(233) = 2146.252009270647 55.15793650240903
Melhor da geracao 235: reg(235) = 2125.2803552024084 20.971654068238422
Melhor da geracao 245: reg(245) = 2046.6468544878435 78.63350071456489
Melhor da geracao 256: reg(256) = 2041.1676685424811 5.47918594536236
Melhor da geracao 267: reg(267) = 2030.713332858496 10.454335683985164
Melhor da geracao 282: reg(282) = 2022.958320918098 7.755011940397935
Melhor da geracao 290: reg(290) = 2001.4183197781983 21.540001139899687
Melhor da geracao 296: reg(296) = 1981.7299486489567 19.68837112924166
Melhor da geracao 297: reg(297) = 1968.976481242471 12.753467406485697
Melhor da geracao 305: reg(305) = 1916.7571747207492 52.21930652172182
Melhor da geracao 323: reg(323) = 1910.5799914292284 6.177183291520805
Melhor da geracao 329: reg(329) = 1880.9770831865517 29.602908242676676
Melhor da geracao 348: reg(348) = 1866.2960538711243 14.681029315427395
Melhor da geracao 352: reg(352) = 1836.7715579283442 29.52449594278005
Melhor da geracao 357: reg(357) = 1806.2826057117918 30.488952216552434
Melhor da geracao 378: reg(378) = 1779.4813653940805 26.80124031771129
Melhor da geracao 391: reg(391) = 1773.4204431705455 6.060922223535044
Melhor da geracao 404: reg(404) = 1742.6959458520807 30.724497318464728
Melhor da geracao 419: reg(419) = 1737.1120287541312 5.583917097949552
Melhor da geracao 430: reg(430) = 1735.562873981008 1.5491547731232913
Melhor da geracao 435: reg(435) = 1731.833261754907 3.729612226100926
Melhor da geracao 441: reg(441) = 1609.3810223162168 122.45223943869019
Melhor da geracao 485: reg(485) = 1589.4385318716104 19.942490444606392
Melhor da geracao 514: reg(514) = 1578.559636459467 10.878895412143493
Melhor da geracao 570: reg(570) = 1545.4424980185997 33.117138440867166
Melhor da geracao 599: reg(599) = 1532.040515045709 13.401982972890664
Melhor da geracao 623: reg(623) = 1524.1589587109195 7.881556334789593
Melhor da geracao 638: reg(638) = 1486.0462987648136 38.11265994610585
Melhor da geracao 656: reg(656) = 1467.4085088290801 18.637789935733508
Melhor da geracao 688: reg(688) = 1451.7381959517052 15.670312877374954
Melhor da geracao 718: reg(718) = 1445.0257124880195 6.712483463685658
Melhor da geracao 759: reg(759) = 1400.0214144410481 45.00429804697137
Melhor da geracao 839: reg(839) = 1364.958205362404 35.06320907864415
Melhor da geracao 867: reg(867) = 1337.8916457773475 27.06655958505644
Melhor da geracao 1005: reg(1005) = 1327.1816831497538 10.709962627593768
Melhor da geracao 1074: reg(1074) = 1297.6985470827035 29.483136067050282
Melhor da geracao 1193: reg(1193) = 1291.093532566413 6.6050145162905665
Melhor da geracao 1249: reg(1249) = 1280.6529617642987 10.44057080211428
Melhor da geracao 1307: reg(1307) = 1277.7101210342134 2.9428407300852086
Melhor da geracao 1339: reg(1339) = 1268.069982355441 9.640138678772473
Melhor da geracao 1365: reg(1365) = 1255.9365558919696 12.133426463471324
Melhor da geracao 1401: reg(1401) = 1248.9417862620235 6.994769629946177
Melhor da geracao 1406: reg(1406) = 1238.1309340186604 10.810852243363115
Melhor da geracao 1459: reg(1459) = 1231.683554356225 6.447379662435424
Melhor da geracao 1563: reg(1563) = 1228.7505199500256 2.93303440619934
Melhor da geracao 1576: reg(1576) = 1223.404241946744 5.346278003281668
Melhor da geracao 1600: reg(1600) = 1220.5301326658898 2.8741092808541
Melhor da geracao 1649: reg(1649) = 1217.7396919648274 2.79044070106238
Melhor da geracao 1683: reg(1683) = 1197.246626333629 20.493065631198533
Melhor da geracao 1706: reg(1706) = 1195.5390908366085 1.7075354970204444
Melhor da geracao 1768: reg(1768) = 1184.319165488721 11.21992534788751
Melhor da geracao 1908: reg(1908) = 1159.867319157942 24.451846330779063
Melhor da geracao 2070: reg(2070) = 1156.5385501304286 3.3287690275133173
Melhor da geracao 2115: reg(2115) = 1153.7330877941135 2.8054623363150313
Melhor da geracao 2183: reg(2183) = 1146.843612511041 6.889475283072443
Melhor da geracao 2192: reg(2192) = 1135.5427849707457 11.300827540295359
Melhor da geracao 2234: reg(2234) = 1130.925701822921 4.617083147824815
Melhor da geracao 2373: reg(2373) = 1129.8061276160904 1.1195742068305208
Melhor da geracao 2384: reg(2384) = 1127.5563790772414 2.249748538848962
Melhor da geracao 2443: reg(2443) = 1121.7529974307495 5.803381646491971
Melhor da geracao 2485: reg(2485) = 1114.8788225280841 6.874174902665345
Melhor da geracao 2519: reg(2519) = 1103.5997747817626 11.279047746321567
Melhor da geracao 2807: reg(2807) = 1103.3822809749706 0.21749380679193564
Melhor da geracao 2838: reg(2838) = 1102.342234108371 1.0400468665995959
Melhor da geracao 2843: reg(2843) = 1096.8158522105045 5.526381897866486
Melhor da geracao 2885: reg(2885) = 1095.806472493015 1.0093797174895371
Melhor da geracao 2909: reg(2909) = 1081.0920345908721 14.71443790214289
Melhor da geracao 3124: reg(3124) = 1080.4594322843452 0.6326023065269055
Melhor da geracao 3155: reg(3155) = 1075.273965414826 5.185466869519132
Melhor da geracao 3268: reg(3268) = 1068.045641224448 7.228324190378089
Melhor da geracao 3469: reg(3469) = 1061.4609768522243 6.584664372223642
Melhor da geracao 3633: reg(3633) = 1054.8877156376973 6.573261214527065
Melhor da geracao 3705: reg(3705) = 1054.0719422900545 0.8157733476427893
Melhor da geracao 3818: reg(3818) = 1053.5464039039543 0.5255383861001519
Melhor da geracao 3823: reg(3823) = 1050.6346355522128 2.911768351741557
Melhor da geracao 3881: reg(3881) = 1047.488197155715 3.1464383964978424
Melhor da geracao 4121: reg(4121) = 1043.687422907615 3.8007742480999696
Melhor da geracao 4261: reg(4261) = 1037.0530037485653 6.634419159049685
Melhor da geracao 4486: reg(4486) = 1035.3319114909525 1.7210922576127814
Melhor da geracao 4628: reg(4628) = 1032.9739908416514 2.3579206493011498
Melhor da geracao 4758: reg(4758) = 1029.7172162211243 3.2567746205270396
Melhor da geracao 4802: reg(4802) = 1029.386537291057 0.330678930067279
Melhor da geracao 4852: reg(4852) = 1028.7281518378954 0.6583854531615998
Melhor da geracao 4879: reg(4879) = 1027.8021867660184 0.9259650718770445
Melhor da geracao 4992: reg(4992) = 1027.5316305118336 0.2705562541848394
Melhor da geracao 5058: reg(5058) = 1026.1908695089005 1.34076100293305
Melhor da geracao 5061: reg(5061) = 1022.9759119613598 3.2149575475407346
Melhor da geracao 5113: reg(5113) = 1022.0779437874321 0.8979681739276657
Melhor da geracao 5139: reg(5139) = 1021.5870189255436 0.4909248618885158
Melhor da geracao 5150: reg(5150) = 1020.4251570193593 1.1618619061842992
Melhor da geracao 5291: reg(5291) = 1019.5707331468598 0.8544238724995239
Melhor da geracao 5427: reg(5427) = 1014.6354147834465 4.9353183634132165
Melhor da geracao 5666: reg(5666) = 1012.0821520888708 2.5532626945757784
Melhor da geracao 5864: reg(5864) = 1011.0016550557704 1.0804970331004142
Melhor da geracao 5909: reg(5909) = 1010.7094950604601 0.29215999531027137
Melhor da geracao 5937: reg(5937) = 1005.399956666529 5.3095383939311205
Melhor da geracao 6206: reg(6206) = 1004.706454759712 0.693501906817005
Melhor da geracao 6254: reg(6254) = 1003.6109384200169 1.0955163396951093
Melhor da geracao 6302: reg(6302) = 1003.2956812180155 0.3152572020013622
Melhor da geracao 6352: reg(6352) = 1001.6870231929593 1.6086580250562292
Melhor da geracao 6422: reg(6422) = 1001.1198405688228 0.5671826241364215
Melhor da geracao 6439: reg(6439) = 999.980240632979 1.1395999358438758
Melhor da geracao 6503: reg(6503) = 999.8812945603242 0.09894607265471222
Melhor da geracao 6566: reg(6566) = 999.5260377636948 0.3552567966294191
Melhor da geracao 6582: reg(6582) = 990.4210850473204 9.104952716374441
Melhor da geracao 6906: reg(6906) = 989.3546393444964 1.0664457028240122
Melhor da geracao 6962: reg(6962) = 988.0824519877992 1.2721873566971453
Melhor da geracao 7085: reg(7085) = 987.5146921985063 0.5677597892929498
Melhor da geracao 7141: reg(7141) = 986.8293296669455 0.6853625315608269
Melhor da geracao 7148: reg(7148) = 986.5383505800226 0.29097908692290275
Melhor da geracao 7161: reg(7161) = 986.2625974244139 0.27575315560864055
Melhor da geracao 7177: reg(7177) = 983.0522058398526 3.2103915845613074
Melhor da geracao 7352: reg(7352) = 982.352191685044 0.7000141548086276
Melhor da geracao 7370: reg(7370) = 981.8700507633731 0.48214092167086164
Melhor da geracao 7385: reg(7385) = 980.9745386515485 0.895512111824587
Melhor da geracao 7453: reg(7453) = 980.6881051270891 0.2864335244594258
Melhor da geracao 7475: reg(7475) = 976.7664250016223 3.9216801254667644
Melhor da geracao 7699: reg(7699) = 976.6435596367419 0.12286536488045385
Melhor da geracao 7849: reg(7849) = 976.1089839765026 0.5345756602392839
Melhor da geracao 8023: reg(8023) = 976.0367520331268 0.07223194337575478
Melhor da geracao 8040: reg(8040) = 975.1402020091967 0.8965500239301036
Melhor da geracao 8057: reg(8057) = 974.3803852811012 0.7598167280955295
Melhor da geracao 8070: reg(8070) = 974.0804539188289 0.2999313622723321
Melhor da geracao 8097: reg(8097) = 973.2771839098166 0.8032700090122944
Melhor da geracao 8276: reg(8276) = 971.6563140582674 1.6208698515491733
Melhor da geracao 8443: reg(8443) = 970.2719468223437 1.384367235923719
RUN DE_71s__0t0 1/1: Menor  custo  final é 970.2719468223437
---26/11 17:44:38-----------------------------------------------------
reg(objetivo): 970.2719468223437
RMSE: 885.9849357469636
MAE: 27.304587338953308
GEH: 2.2724863580109274
pGEH5: 0.9014084507042254
R2Links: 0.9617220602377307
R2Odm: 0.06558807132166368
------------------------------------------------------ ´p=119

ALERT: Salvando última MOD resposta. Não a melhor.
Fitness final (reg) = 970.2719468223437
