--candidateId=78
--directory=C:\Users\Pc\Desktop\irace2018\irace\execDir
--algorithm=DE
--fitnessFunction=reg
--populationSize=404
--crossoverProbability=0.597
--differentialWeight=0.256
26/11, 17:44:39
[HookRun] Parameters used:
--directory=execDir
--algorithm=DE
--fitnessFunction=reg
--candidateId=78
--populationSize=404
--maxEvaluations=0
--crossoverProbability=0.597
--differentialWeight=0.256

Teste Curitiba!
OK: Recuperou objeto ODMatrix de 'cwb odmatrix.dat'!

OK: Recuperou objeto VirtualSensors de 'cwb virt sen.dat'!

OK: Mudando teste para rede fechada...
ATENCAO: arestasSensor reduzidas para 71, por ser numero maximo de sensores da rede cadastrada.
PROC: Preparando para iniciar DE_71s__0t0... 26/11, 17:44:39
ERROR: Não há registros de viagens para recuperar! (ODmatrix.calcMatrixClust)
INFO: Return antecipado, n=arestasSensorGAMM=71 e t=tempoPrioriGAMM=0; mov.lenght=71 (VirtualSensors.gerArestaMaisMovimentadasIndex)
INFO: descobrirODparIndArestaMaisMov = 1074 casos! - 191/900 pares O-D cobertos
INFO: Existem 1073 relações Prob_OD_aresta!
OK: Iniciando DE com 1 runs! Population size: 404
Generations: 7425
OD =900
Sensores=71
DE_71s__0t0; 26/11, 17:44:39
STATS: Desvio fluxos: Min. -1266,762668; Mean. 252,962135; Max. 3585,232279; p5 -1059,96691; p20 -569,204575; p35 -296,737922; p50 -16,722534; p65 529,06217; p80 1062,516883; p95 2292,099306; 
RUN DE_71s__0t0 1/1: Menor custo inicial é 18458.435408376175(RMSE: 371.71348897297986; MAE: 19.623791761766324; GEH: 13.218262195642495) id do melhor indivíduo=336
Melhor da geracao 6: reg(6) = 17040.146496730067 1418.2889116461083
Melhor da geracao 7: reg(7) = 16243.369766567082 796.7767301629847
Melhor da geracao 8: reg(8) = 14857.114866852673 1386.2548997144095
Melhor da geracao 12: reg(12) = 14789.278825557578 67.83604129509513
Melhor da geracao 13: reg(13) = 14640.054884258077 149.22394129950044
Melhor da geracao 14: reg(14) = 14165.487486024213 474.5673982338649
Melhor da geracao 15: reg(15) = 11382.54585292554 2782.9416330986733
Melhor da geracao 21: reg(21) = 10992.59371054418 389.9521423813585
Melhor da geracao 22: reg(22) = 10918.304114621751 74.28959592242973
Melhor da geracao 23: reg(23) = 10291.223242216283 627.0808724054677
Melhor da geracao 24: reg(24) = 9598.479637522705 692.7436046935782
Melhor da geracao 25: reg(25) = 9174.117778973186 424.36185854951873
Melhor da geracao 27: reg(27) = 9157.71236052332 16.405418449867284
Melhor da geracao 30: reg(30) = 8896.109900888992 261.6024596343268
Melhor da geracao 32: reg(32) = 8338.473405625376 557.6364952636159
Melhor da geracao 33: reg(33) = 8325.87795097634 12.595454649035673
Melhor da geracao 34: reg(34) = 8070.313602198522 255.56434877781885
Melhor da geracao 36: reg(36) = 7722.360125278253 347.95347692026917
Melhor da geracao 38: reg(38) = 7323.548546358308 398.8115789199446
Melhor da geracao 39: reg(39) = 6988.309766283792 335.2387800745164
Melhor da geracao 46: reg(46) = 6263.097924393416 725.2118418903756
Melhor da geracao 50: reg(50) = 5680.5986901623 582.4992342311161
Melhor da geracao 59: reg(59) = 5367.825500882571 312.7731892797292
Melhor da geracao 63: reg(63) = 5342.506643107127 25.318857775443576
Melhor da geracao 65: reg(65) = 5260.646515891526 81.8601272156011
Melhor da geracao 68: reg(68) = 5250.5071053356105 10.139410555915674
Melhor da geracao 72: reg(72) = 5117.185392665444 133.32171267016656
Melhor da geracao 76: reg(76) = 5033.345794423051 83.83959824239264
Melhor da geracao 78: reg(78) = 4818.382773617308 214.96302080574333
Melhor da geracao 80: reg(80) = 4719.578376400252 98.80439721705625
Melhor da geracao 84: reg(84) = 4621.429643942688 98.14873245756371
Melhor da geracao 89: reg(89) = 4615.264767608488 6.164876334200017
Melhor da geracao 91: reg(91) = 4561.662174630075 53.60259297841276
Melhor da geracao 93: reg(93) = 4435.316963216581 126.34521141349433
Melhor da geracao 95: reg(95) = 4265.82988537599 169.48707784059116
Melhor da geracao 96: reg(96) = 4241.3465478739545 24.483337502035283
Melhor da geracao 104: reg(104) = 4238.044378960715 3.3021689132392567
Melhor da geracao 106: reg(106) = 4236.635875741724 1.4085032189914273
Melhor da geracao 107: reg(107) = 4142.567583418013 94.06829232371092
Melhor da geracao 109: reg(109) = 4108.18827621052 34.379307207493184
Melhor da geracao 113: reg(113) = 3847.0429535716708 261.14532263884894
Melhor da geracao 121: reg(121) = 3741.4747647862664 105.56818878540435
Melhor da geracao 123: reg(123) = 3694.0165929502573 47.458171836009114
Melhor da geracao 130: reg(130) = 3656.8079998870294 37.20859306322791
Melhor da geracao 133: reg(133) = 3567.6322798871483 89.17571999988104
Melhor da geracao 138: reg(138) = 3523.1950129931884 44.437266893959986
Melhor da geracao 140: reg(140) = 3445.2380196416275 77.95699335156087
Melhor da geracao 146: reg(146) = 3355.5561040512043 89.68191559042316
Melhor da geracao 149: reg(149) = 3267.5134394092797 88.0426646419246
Melhor da geracao 155: reg(155) = 3227.0569734351398 40.456465974139974
Melhor da geracao 160: reg(160) = 3220.0845487073907 6.972424727749058
Melhor da geracao 163: reg(163) = 3154.2362125247446 65.84833618264611
Melhor da geracao 165: reg(165) = 3098.6767668430457 55.55944568169889
Melhor da geracao 172: reg(172) = 2852.632873314988 246.04389352805765
Melhor da geracao 194: reg(194) = 2840.483238703043 12.149634611945203
Melhor da geracao 198: reg(198) = 2784.140660875537 56.34257782750592
Melhor da geracao 204: reg(204) = 2750.035845145296 34.104815730240716
Melhor da geracao 207: reg(207) = 2676.146351943907 73.88949320138909
Melhor da geracao 208: reg(208) = 2666.2560699283927 9.890282015514458
Melhor da geracao 214: reg(214) = 2626.0220767789738 40.23399314941889
Melhor da geracao 221: reg(221) = 2527.7006520970654 98.32142468190841
Melhor da geracao 230: reg(230) = 2453.2016806901124 74.49897140695293
Melhor da geracao 250: reg(250) = 2446.26866593386 6.933014756252305
Melhor da geracao 252: reg(252) = 2400.164795079985 46.10387085387492
Melhor da geracao 254: reg(254) = 2310.466514410005 89.69828066998025
Melhor da geracao 264: reg(264) = 2204.387610155152 106.07890425485311
Melhor da geracao 282: reg(282) = 2160.029009813492 44.358600341659894
Melhor da geracao 313: reg(313) = 2091.4157191484205 68.61329066507142
Melhor da geracao 347: reg(347) = 2040.308790250869 51.1069288975516
Melhor da geracao 367: reg(367) = 2038.9183886975945 1.390401553274387
Melhor da geracao 370: reg(370) = 1996.1033618191702 42.815026878424305
Melhor da geracao 379: reg(379) = 1959.8070090447045 36.29635277446573
Melhor da geracao 390: reg(390) = 1938.1016665015213 21.70534254318318
Melhor da geracao 401: reg(401) = 1923.4796642990805 14.622002202440854
Melhor da geracao 409: reg(409) = 1866.5181437632098 56.961520535870704
Melhor da geracao 458: reg(458) = 1822.6082187718098 43.909924991399976
Melhor da geracao 471: reg(471) = 1813.8245428892185 8.783675882591297
Melhor da geracao 476: reg(476) = 1776.7711033468163 37.0534395424022
Melhor da geracao 479: reg(479) = 1772.6670412220706 4.104062124745724
Melhor da geracao 495: reg(495) = 1754.6926268519967 17.974414370073873
Melhor da geracao 498: reg(498) = 1700.4856976875978 54.206929164398844
Melhor da geracao 560: reg(560) = 1687.848353053741 12.637344633856856
Melhor da geracao 561: reg(561) = 1609.3919840183778 78.4563690353632
Melhor da geracao 621: reg(621) = 1605.8726952525706 3.5192887658072323
Melhor da geracao 656: reg(656) = 1569.9485104227495 35.924184829821115
Melhor da geracao 685: reg(685) = 1543.2432713578328 26.705239064916668
Melhor da geracao 690: reg(690) = 1537.821832842258 5.421438515574891
Melhor da geracao 745: reg(745) = 1532.4680902100997 5.353742632158173
Melhor da geracao 787: reg(787) = 1499.23992054234 33.22816966775963
Melhor da geracao 830: reg(830) = 1482.594272349567 16.645648192773024
Melhor da geracao 875: reg(875) = 1479.1959217498484 3.3983505997186967
Melhor da geracao 903: reg(903) = 1475.8425282922362 3.3533934576121283
Melhor da geracao 918: reg(918) = 1474.806130104287 1.0363981879493167
Melhor da geracao 931: reg(931) = 1473.143750273908 1.6623798303789954
Melhor da geracao 938: reg(938) = 1432.0397215673268 41.104028706581175
Melhor da geracao 979: reg(979) = 1422.5687027450506 9.471018822276164
Melhor da geracao 1001: reg(1001) = 1422.2223668133493 0.3463359317013328
Melhor da geracao 1027: reg(1027) = 1407.963893496004 14.258473317345306
Melhor da geracao 1031: reg(1031) = 1388.1081651111251 19.85572838487883
Melhor da geracao 1124: reg(1124) = 1382.8373726668078 5.270792444317294
Melhor da geracao 1126: reg(1126) = 1378.9070344927075 3.9303381741003705
Melhor da geracao 1172: reg(1172) = 1338.1116314665794 40.79540302612804
Melhor da geracao 1345: reg(1345) = 1333.964629225907 4.147002240672464
Melhor da geracao 1389: reg(1389) = 1327.602179919096 6.362449306810959
Melhor da geracao 1399: reg(1399) = 1320.3654367006598 7.2367432184362315
Melhor da geracao 1424: reg(1424) = 1313.9805635161777 6.384873184482103
Melhor da geracao 1479: reg(1479) = 1313.8091193525845 0.17144416359315073
Melhor da geracao 1511: reg(1511) = 1310.775437496579 3.0336818560056145
Melhor da geracao 1524: reg(1524) = 1309.7672873908316 1.0081501057472906
Melhor da geracao 1549: reg(1549) = 1280.1050020248754 29.662285365956222
Melhor da geracao 1598: reg(1598) = 1268.1673684742384 11.937633550636974
Melhor da geracao 1751: reg(1751) = 1261.1883114676173 6.979057006621133
Melhor da geracao 1807: reg(1807) = 1259.6365273842705 1.5517840833467744
Melhor da geracao 1823: reg(1823) = 1257.1503130351534 2.4862143491170627
Melhor da geracao 1851: reg(1851) = 1242.7472461537182 14.40306688143528
Melhor da geracao 1869: reg(1869) = 1239.1122793510722 3.6349668026459767
Melhor da geracao 1884: reg(1884) = 1233.9087693542601 5.203509996812045
Melhor da geracao 2080: reg(2080) = 1232.6770916264838 1.2316777277762867
Melhor da geracao 2122: reg(2122) = 1222.5176722356857 10.15941939079812
Melhor da geracao 2279: reg(2279) = 1222.4889490920875 0.028723143598199385
Melhor da geracao 2296: reg(2296) = 1221.6213203845698 0.8676287075177243
Melhor da geracao 2357: reg(2357) = 1213.1142423462702 8.507078038299596
Melhor da geracao 2367: reg(2367) = 1211.9920606104276 1.1221817358425596
Melhor da geracao 2452: reg(2452) = 1199.3360392874097 12.656021323017967
Melhor da geracao 2570: reg(2570) = 1187.2354846711787 12.100554616230966
Melhor da geracao 2584: reg(2584) = 1186.1252994226977 1.1101852484810024
Melhor da geracao 2613: reg(2613) = 1181.2754672812523 4.849832141445404
Melhor da geracao 2670: reg(2670) = 1178.928166745503 2.347300535749355
Melhor da geracao 2957: reg(2957) = 1166.6809654918652 12.24720125363774
Melhor da geracao 3281: reg(3281) = 1161.6058763048898 5.075089186975447
Melhor da geracao 3470: reg(3470) = 1159.0979489836288 2.5079273212609223
Melhor da geracao 3645: reg(3645) = 1152.8096698243403 6.28827915928855
Melhor da geracao 3661: reg(3661) = 1144.1765710105733 8.633098813766992
Melhor da geracao 3911: reg(3911) = 1143.6444750180872 0.5320959924861199
Melhor da geracao 4022: reg(4022) = 1142.200606042237 1.4438689758501368
Melhor da geracao 4037: reg(4037) = 1140.321622418343 1.8789836238941007
Melhor da geracao 4091: reg(4091) = 1135.8844880502922 4.4371343680506925
Melhor da geracao 4258: reg(4258) = 1113.582571849713 22.30191620057917
Melhor da geracao 4579: reg(4579) = 1112.3255164494883 1.2570554002247718
Melhor da geracao 4921: reg(4921) = 1111.5615456668625 0.7639707826258473
Melhor da geracao 4935: reg(4935) = 1109.7106995705335 1.8508460963289508
Melhor da geracao 4965: reg(4965) = 1105.307299479817 4.403400090716559
Melhor da geracao 5114: reg(5114) = 1102.2022482591262 3.1050512206907115
Melhor da geracao 5270: reg(5270) = 1098.2097396307836 3.992508628342648
Melhor da geracao 5426: reg(5426) = 1093.6061599034008 4.603579727382794
Melhor da geracao 5876: reg(5876) = 1091.2954163276593 2.310743575741526
Melhor da geracao 6026: reg(6026) = 1089.4389737214801 1.8564426061791437
Melhor da geracao 6070: reg(6070) = 1084.8589742503261 4.579999471153997
Melhor da geracao 6078: reg(6078) = 1080.4238423300455 4.435131920280583
Melhor da geracao 6283: reg(6283) = 1075.7741978633392 4.649644466706377
Melhor da geracao 6825: reg(6825) = 1066.4962761979361 9.277921665403028
RUN DE_71s__0t0 1/1: Menor  custo  final é 1066.4962761979361
---26/11 17:46:11-----------------------------------------------------
reg(objetivo): 1066.4962761979361
RMSE: 407.7405410643454
MAE: 21.699890194529335
GEH: 2.592791039759524
pGEH5: 0.8873239436619719
R2Links: 0.9574958003606555
R2Odm: 0.2743768699811461
------------------------------------------------------ ´p=239

ALERT: Salvando última MOD resposta. Não a melhor.
Fitness final (reg) = 1066.4962761979361
