--candidateId=79
--directory=C:\Users\Pc\Desktop\irace2018\irace\execDir
--algorithm=DE
--fitnessFunction=reg
--populationSize=286
--crossoverProbability=0.509
--differentialWeight=0.218
26/11, 17:43:04
[HookRun] Parameters used:
--directory=execDir
--algorithm=DE
--fitnessFunction=reg
--candidateId=79
--populationSize=286
--maxEvaluations=0
--crossoverProbability=0.509
--differentialWeight=0.218

Teste Curitiba!
OK: Recuperou objeto ODMatrix de 'cwb odmatrix.dat'!

OK: Recuperou objeto VirtualSensors de 'cwb virt sen.dat'!

OK: Mudando teste para rede fechada...
ATENCAO: arestasSensor reduzidas para 71, por ser numero maximo de sensores da rede cadastrada.
PROC: Preparando para iniciar DE_71s__0t0... 26/11, 17:43:04
ERROR: Não há registros de viagens para recuperar! (ODmatrix.calcMatrixClust)
INFO: Return antecipado, n=arestasSensorGAMM=71 e t=tempoPrioriGAMM=0; mov.lenght=71 (VirtualSensors.gerArestaMaisMovimentadasIndex)
INFO: descobrirODparIndArestaMaisMov = 1074 casos! - 191/900 pares O-D cobertos
INFO: Existem 1073 relações Prob_OD_aresta!
OK: Iniciando DE com 1 runs! Population size: 286
Generations: 10489
OD =900
Sensores=71
DE_71s__0t0; 26/11, 17:43:04
STATS: Desvio fluxos: Min. -1412,682648; Mean. -82,974628; Max. 2075,528224; p5 -1150,215514; p20 -720,971447; p35 -401,575227; p50 -192,981766; p65 -31,886245; p80 492,828212; p95 1600,764165; 
RUN DE_71s__0t0 1/1: Menor custo inicial é 18834.305237803776(RMSE: 349.24120717896164; MAE: 19.07635068224628; GEH: 13.136659611092856) id do melhor indivíduo=178
Melhor da geracao 3: reg(3) = 17751.125272773956 1083.1799650298199
Melhor da geracao 6: reg(6) = 15939.021496200681 1812.1037765732744
Melhor da geracao 8: reg(8) = 14269.474314537092 1669.547181663589
Melhor da geracao 11: reg(11) = 14101.607688209573 167.86662632751904
Melhor da geracao 12: reg(12) = 13394.59575006587 707.0119381437034
Melhor da geracao 13: reg(13) = 12582.855965365288 811.7397847005814
Melhor da geracao 15: reg(15) = 12044.399808789269 538.4561565760196
Melhor da geracao 17: reg(17) = 11248.000637984727 796.3991708045414
Melhor da geracao 19: reg(19) = 11018.054646861752 229.9459911229751
Melhor da geracao 21: reg(21) = 9624.2759995054 1393.778647356352
Melhor da geracao 22: reg(22) = 9596.938198386059 27.337801119341748
Melhor da geracao 23: reg(23) = 8742.512056096117 854.4261422899417
Melhor da geracao 27: reg(27) = 8702.102312243804 40.40974385231311
Melhor da geracao 28: reg(28) = 8676.625973004859 25.476339238945002
Melhor da geracao 29: reg(29) = 8618.89679636863 57.72917663622866
Melhor da geracao 30: reg(30) = 7966.210270910687 652.6865254579434
Melhor da geracao 31: reg(31) = 7873.581445852509 92.62882505817743
Melhor da geracao 32: reg(32) = 7776.884585592879 96.69686025962983
Melhor da geracao 34: reg(34) = 7577.0137519175805 199.87083367529885
Melhor da geracao 35: reg(35) = 7231.892750227632 345.12100168994857
Melhor da geracao 38: reg(38) = 6878.547164216497 353.3455860111353
Melhor da geracao 39: reg(39) = 6854.789917202461 23.757247014035784
Melhor da geracao 40: reg(40) = 6223.83685876296 630.9530584395006
Melhor da geracao 46: reg(46) = 6132.081572467085 91.75528629587552
Melhor da geracao 48: reg(48) = 5887.240050127316 244.84152233976874
Melhor da geracao 49: reg(49) = 5589.771632905396 297.4684172219204
Melhor da geracao 51: reg(51) = 5578.3931494878825 11.378483417513053
Melhor da geracao 55: reg(55) = 5478.936354374908 99.45679511297476
Melhor da geracao 57: reg(57) = 5395.568884632673 83.36746974223479
Melhor da geracao 58: reg(58) = 4588.451052968038 807.1178316646347
Melhor da geracao 67: reg(67) = 4512.472195189732 75.97885777830652
Melhor da geracao 71: reg(71) = 4448.552977292332 63.9192178973999
Melhor da geracao 74: reg(74) = 4414.390638454016 34.16233883831592
Melhor da geracao 76: reg(76) = 4414.264897378524 0.12574107549153268
Melhor da geracao 77: reg(77) = 4173.9645925596915 240.30030481883296
Melhor da geracao 82: reg(82) = 4129.435867306058 44.52872525363364
Melhor da geracao 85: reg(85) = 4094.606124767663 34.82974253839484
Melhor da geracao 86: reg(86) = 4041.3940233000776 53.2121014675854
Melhor da geracao 89: reg(89) = 3961.0419320736246 80.35209122645301
Melhor da geracao 90: reg(90) = 3592.82131424931 368.22061782431456
Melhor da geracao 102: reg(102) = 3473.4172213585284 119.40409289078161
Melhor da geracao 105: reg(105) = 3349.561310612574 123.85591074595459
Melhor da geracao 115: reg(115) = 3282.4546974009404 67.10661321163343
Melhor da geracao 117: reg(117) = 3219.2417149157377 63.2129824852027
Melhor da geracao 125: reg(125) = 3036.2284347564955 183.01328015924219
Melhor da geracao 130: reg(130) = 3016.9296515447627 19.298783211732825
Melhor da geracao 133: reg(133) = 2960.554795126982 56.37485641778085
Melhor da geracao 141: reg(141) = 2960.3853259473353 0.1694691796465122
Melhor da geracao 144: reg(144) = 2874.162039657749 86.22328628958621
Melhor da geracao 147: reg(147) = 2873.041840189381 1.1201994683679004
Melhor da geracao 151: reg(151) = 2746.2828065657172 126.75903362366398
Melhor da geracao 157: reg(157) = 2664.5148989430513 81.76790762266592
Melhor da geracao 167: reg(167) = 2645.128925859396 19.385973083655244
Melhor da geracao 176: reg(176) = 2629.1526911399214 15.976234719474633
Melhor da geracao 180: reg(180) = 2625.8263393609227 3.326351778998742
Melhor da geracao 181: reg(181) = 2524.8029612000755 101.02337816084719
Melhor da geracao 192: reg(192) = 2441.7039395741153 83.09902162596018
Melhor da geracao 201: reg(201) = 2425.3176812789707 16.38625829514467
Melhor da geracao 204: reg(204) = 2379.0274953332287 46.290185945741996
Melhor da geracao 216: reg(216) = 2229.967368000986 149.0601273322427
Melhor da geracao 248: reg(248) = 2147.110767756201 82.85660024478511
Melhor da geracao 254: reg(254) = 2144.1517080239096 2.95905973229128
Melhor da geracao 276: reg(276) = 2114.676916172692 29.47479185121756
Melhor da geracao 277: reg(277) = 2082.0945697928582 32.58234637983378
Melhor da geracao 281: reg(281) = 2075.361935234162 6.732634558696191
Melhor da geracao 286: reg(286) = 2071.8422513771307 3.5196838570313957
Melhor da geracao 289: reg(289) = 2069.0471781452356 2.795073231895003
Melhor da geracao 296: reg(296) = 2024.5061927622196 44.54098538301605
Melhor da geracao 309: reg(309) = 1985.4451925768171 39.06100018540246
Melhor da geracao 325: reg(325) = 1915.5913857715072 69.85380680530989
Melhor da geracao 336: reg(336) = 1903.952811244589 11.638574526918319
Melhor da geracao 344: reg(344) = 1849.904817647656 54.04799359693288
Melhor da geracao 378: reg(378) = 1814.3340452940745 35.57077235358156
Melhor da geracao 389: reg(389) = 1763.5528851187034 50.78116017537104
Melhor da geracao 432: reg(432) = 1740.1105066660468 23.442378452656612
Melhor da geracao 435: reg(435) = 1738.1928949086841 1.9176117573626925
Melhor da geracao 449: reg(449) = 1725.7013294366898 12.491565471994363
Melhor da geracao 451: reg(451) = 1713.6107546402357 12.09057479645412
Melhor da geracao 462: reg(462) = 1689.7463029918447 23.86445164839097
Melhor da geracao 467: reg(467) = 1676.691494343354 13.054808648490734
Melhor da geracao 476: reg(476) = 1605.8419141534114 70.84958018994257
Melhor da geracao 532: reg(532) = 1588.4932405835218 17.34867356988957
Melhor da geracao 533: reg(533) = 1581.105860938638 7.387379644883822
Melhor da geracao 552: reg(552) = 1532.1981221715246 48.907738767113415
Melhor da geracao 590: reg(590) = 1509.569148488 22.628973683524464
Melhor da geracao 611: reg(611) = 1501.9764528870576 7.592695600942534
Melhor da geracao 615: reg(615) = 1500.4596083090241 1.5168445780334423
Melhor da geracao 641: reg(641) = 1478.1118162571593 22.34779205186487
Melhor da geracao 648: reg(648) = 1441.5881845220415 36.52363173511776
Melhor da geracao 651: reg(651) = 1425.8656229701112 15.722561551930312
Melhor da geracao 757: reg(757) = 1424.4058994456236 1.459723524487572
Melhor da geracao 763: reg(763) = 1424.218150517201 0.18774892842270674
Melhor da geracao 770: reg(770) = 1409.4109085136583 14.80724200354257
Melhor da geracao 778: reg(778) = 1408.4426118203532 0.968296693305092
Melhor da geracao 796: reg(796) = 1402.2928432546291 6.149768565724116
Melhor da geracao 808: reg(808) = 1394.024171499427 8.26867175520215
Melhor da geracao 837: reg(837) = 1392.3295516660144 1.6946198334126166
Melhor da geracao 841: reg(841) = 1363.6191243825608 28.710427283453555
Melhor da geracao 872: reg(872) = 1357.3415315438779 6.277592838682949
Melhor da geracao 940: reg(940) = 1356.3736559661684 0.9678755777094921
Melhor da geracao 962: reg(962) = 1341.396043857103 14.977612109065376
Melhor da geracao 994: reg(994) = 1339.8949276489855 1.501116208117537
Melhor da geracao 1016: reg(1016) = 1332.953578640904 6.941349008081488
Melhor da geracao 1022: reg(1022) = 1323.4223188250348 9.531259815869134
Melhor da geracao 1035: reg(1035) = 1310.2430105995395 13.179308225495333
Melhor da geracao 1044: reg(1044) = 1310.2066826936566 0.03632790588289936
Melhor da geracao 1089: reg(1089) = 1303.6099390146337 6.596743679022893
Melhor da geracao 1138: reg(1138) = 1301.487986552457 2.1219524621767505
Melhor da geracao 1141: reg(1141) = 1288.6586747924966 12.82931175996032
Melhor da geracao 1154: reg(1154) = 1274.1768747031915 14.481800089305125
Melhor da geracao 1222: reg(1222) = 1263.630656144051 10.54621855914047
Melhor da geracao 1261: reg(1261) = 1263.1786211590897 0.45203498496130123
Melhor da geracao 1287: reg(1287) = 1260.277768674256 2.900852484833649
Melhor da geracao 1364: reg(1364) = 1257.9799604582167 2.297808216039357
Melhor da geracao 1379: reg(1379) = 1254.083862849295 3.896097608921764
Melhor da geracao 1411: reg(1411) = 1249.6948468025564 4.389016046738561
Melhor da geracao 1426: reg(1426) = 1246.9160064167186 2.7788403858378388
Melhor da geracao 1450: reg(1450) = 1243.4673872864946 3.4486191302239604
Melhor da geracao 1470: reg(1470) = 1239.5486116882116 3.9187755982829913
Melhor da geracao 1473: reg(1473) = 1239.1927702622452 0.35584142596644597
Melhor da geracao 1481: reg(1481) = 1230.095266021555 9.097504240690114
Melhor da geracao 1490: reg(1490) = 1227.2186580651912 2.8766079563638414
Melhor da geracao 1511: reg(1511) = 1224.0428431804369 3.1758148847543453
Melhor da geracao 1537: reg(1537) = 1220.6068228315917 3.4360203488452044
Melhor da geracao 1595: reg(1595) = 1220.1619871942696 0.44483563732205766
Melhor da geracao 1598: reg(1598) = 1215.8438861993811 4.318100994888482
Melhor da geracao 1619: reg(1619) = 1211.399334575151 4.444551624230144
Melhor da geracao 1643: reg(1643) = 1210.0187702686824 1.3805643064686137
Melhor da geracao 1686: reg(1686) = 1197.912801236084 12.105969032598296
Melhor da geracao 1724: reg(1724) = 1186.4825294353107 11.430271800773426
Melhor da geracao 1839: reg(1839) = 1184.6625561713965 1.8199732639141075
Melhor da geracao 1850: reg(1850) = 1183.2035586399686 1.45899753142794
Melhor da geracao 1901: reg(1901) = 1173.9747256844205 9.228832955548114
Melhor da geracao 1957: reg(1957) = 1172.7060759493816 1.2686497350389345
Melhor da geracao 1971: reg(1971) = 1169.5974490539193 3.1086268954622938
Melhor da geracao 1980: reg(1980) = 1158.8627262544057 10.73472279951352
Melhor da geracao 2185: reg(2185) = 1154.5151841867837 4.347542067622044
Melhor da geracao 2202: reg(2202) = 1134.9289850070143 19.586199179769437
Melhor da geracao 2313: reg(2313) = 1132.9297999962657 1.9991850107485334
Melhor da geracao 2495: reg(2495) = 1132.5490546338472 0.3807453624185655
Melhor da geracao 2496: reg(2496) = 1128.3243799061163 4.224674727730871
Melhor da geracao 2510: reg(2510) = 1120.361063683029 7.963316223087304
Melhor da geracao 2691: reg(2691) = 1111.6242371445321 8.73682653849687
Melhor da geracao 2929: reg(2929) = 1110.5940922071768 1.0301449373553169
Melhor da geracao 3083: reg(3083) = 1107.601096224822 2.9929959823548415
Melhor da geracao 3149: reg(3149) = 1096.1732657783477 11.427830446474218
Melhor da geracao 3325: reg(3325) = 1094.732065455957 1.4412003223908414
Melhor da geracao 3470: reg(3470) = 1091.864723903691 2.867341552265998
Melhor da geracao 3494: reg(3494) = 1085.9883283499166 5.876395553774273
Melhor da geracao 3565: reg(3565) = 1083.7035265617988 2.284801788117875
Melhor da geracao 3576: reg(3576) = 1080.9134840261738 2.7900425356249343
Melhor da geracao 3578: reg(3578) = 1080.7108484244618 0.2026356017120179
Melhor da geracao 3601: reg(3601) = 1080.0716719349682 0.6391764894935932
Melhor da geracao 3617: reg(3617) = 1079.285041866797 0.7866300681712346
Melhor da geracao 3655: reg(3655) = 1078.7939609619896 0.4910809048074043
Melhor da geracao 3665: reg(3665) = 1077.0128801878966 1.7810807740929704
Melhor da geracao 3692: reg(3692) = 1073.9632153265097 3.049664861386873
Melhor da geracao 3718: reg(3718) = 1073.9548139020799 0.008401424429848703
Melhor da geracao 3721: reg(3721) = 1073.2988938552514 0.6559200468284416
Melhor da geracao 3737: reg(3737) = 1071.7664713057884 1.5324225494630355
Melhor da geracao 3753: reg(3753) = 1063.1162651098432 8.650206195945202
Melhor da geracao 3858: reg(3858) = 1058.5321555810588 4.584109528784438
Melhor da geracao 3984: reg(3984) = 1057.9242051973122 0.6079503837465836
Melhor da geracao 3995: reg(3995) = 1057.8765333098484 0.047671887463820894
Melhor da geracao 3997: reg(3997) = 1057.7405514703669 0.1359818394814738
Melhor da geracao 4040: reg(4040) = 1048.3540701636773 9.386481306689575
Melhor da geracao 4205: reg(4205) = 1047.6866877647258 0.6673823989515313
Melhor da geracao 4218: reg(4218) = 1044.6069011771026 3.0797865876231754
Melhor da geracao 4317: reg(4317) = 1043.9063541043276 0.7005470727749525
Melhor da geracao 4324: reg(4324) = 1039.1562319775708 4.750122126756878
Melhor da geracao 4356: reg(4356) = 1037.7202779883767 1.435953989194104
Melhor da geracao 4402: reg(4402) = 1031.3847654729086 6.335512515468054
Melhor da geracao 4562: reg(4562) = 1030.4066276098642 0.9781378630443669
Melhor da geracao 4564: reg(4564) = 1030.1171678712153 0.2894597386489295
Melhor da geracao 4584: reg(4584) = 1029.9790225027243 0.13814536849099568
Melhor da geracao 4607: reg(4607) = 1028.7624088664206 1.2166136363036912
Melhor da geracao 4681: reg(4681) = 1024.9239662122893 3.8384426541313132
Melhor da geracao 4882: reg(4882) = 1023.1888211115767 1.735145100712657
Melhor da geracao 5032: reg(5032) = 1022.051943919896 1.1368771916806963
Melhor da geracao 5048: reg(5048) = 1019.6739743877553 2.377969532140696
Melhor da geracao 5106: reg(5106) = 1018.1736668005027 1.5003075872525642
Melhor da geracao 5137: reg(5137) = 1017.2760584687154 0.8976083317872963
Melhor da geracao 5157: reg(5157) = 1014.9809891810515 2.295069287663864
Melhor da geracao 5243: reg(5243) = 1012.6244039119001 2.3565852691514237
Melhor da geracao 5268: reg(5268) = 1011.4604846414467 1.163919270453448
Melhor da geracao 5377: reg(5377) = 1010.9102885584796 0.5501960829670907
Melhor da geracao 5416: reg(5416) = 1009.4279099643582 1.4823785941214283
Melhor da geracao 5417: reg(5417) = 1009.3509156766506 0.07699428770752093
Melhor da geracao 5418: reg(5418) = 1009.100579903296 0.2503357733546636
Melhor da geracao 5469: reg(5469) = 1008.8208660188061 0.27971388448986545
Melhor da geracao 5492: reg(5492) = 1008.5009809149419 0.31988510386418056
Melhor da geracao 5493: reg(5493) = 1006.2498965910279 2.2510843239140286
Melhor da geracao 5518: reg(5518) = 1004.7441788692834 1.5057177217445314
Melhor da geracao 5602: reg(5602) = 1003.5770382488333 1.1671406204500272
Melhor da geracao 5657: reg(5657) = 1002.8372054343353 0.7398328144980724
Melhor da geracao 5688: reg(5688) = 1001.3319983107219 1.5052071236133315
Melhor da geracao 5832: reg(5832) = 999.4512816681805 1.8807166425414152
Melhor da geracao 5873: reg(5873) = 998.6342270023526 0.8170546658278681
Melhor da geracao 6033: reg(6033) = 997.6187983127379 1.0154286896147369
Melhor da geracao 6069: reg(6069) = 996.6183065324817 1.0004917802561977
Melhor da geracao 6072: reg(6072) = 996.2220957203061 0.39621081217558185
Melhor da geracao 6084: reg(6084) = 995.7693646084153 0.45273111189078463
Melhor da geracao 6129: reg(6129) = 995.0105863562264 0.7587782521889039
Melhor da geracao 6183: reg(6183) = 994.8657888600443 0.1447974961821501
Melhor da geracao 6207: reg(6207) = 993.7961925009772 1.0695963590670772
Melhor da geracao 6216: reg(6216) = 993.5087648287378 0.28742767223945975
Melhor da geracao 6279: reg(6279) = 993.0505879783541 0.4581768503836656
Melhor da geracao 6309: reg(6309) = 992.6528256229008 0.39776235545332383
Melhor da geracao 6379: reg(6379) = 991.2281993617695 1.424626261131266
Melhor da geracao 6489: reg(6489) = 989.836939214273 1.3912601474964958
Melhor da geracao 6515: reg(6515) = 989.3803644358557 0.45657477841734817
Melhor da geracao 6590: reg(6590) = 987.1617325959056 2.218631839950035
Melhor da geracao 6985: reg(6985) = 986.2782355913903 0.8834970045153341
Melhor da geracao 7047: reg(7047) = 986.0642199982173 0.21401559317303054
Melhor da geracao 7057: reg(7057) = 985.6662329409579 0.3979870572593427
Melhor da geracao 7180: reg(7180) = 985.3890398772211 0.2771930637368314
Melhor da geracao 7260: reg(7260) = 984.3395896115877 1.049450265633368
Melhor da geracao 7344: reg(7344) = 983.9543089941219 0.3852806174658099
Melhor da geracao 7367: reg(7367) = 983.7164474029212 0.23786159120072625
Melhor da geracao 7423: reg(7423) = 983.2572752646465 0.45917213827465275
Melhor da geracao 7657: reg(7657) = 982.9345773952957 0.32269786935080447
Melhor da geracao 7700: reg(7700) = 981.6749220356425 1.2596553596532658
Melhor da geracao 7954: reg(7954) = 980.6605411090363 1.0143809266061226
Melhor da geracao 8106: reg(8106) = 978.9583426133263 1.7021984957100358
Melhor da geracao 8240: reg(8240) = 977.952553058896 1.0057895544302937
Melhor da geracao 8266: reg(8266) = 976.0314151935075 1.9211378653884594
Melhor da geracao 8905: reg(8905) = 975.9593726007157 0.07204259279183134
Melhor da geracao 9149: reg(9149) = 975.6862469776257 0.2731256230899817
Melhor da geracao 9162: reg(9162) = 974.850608341259 0.8356386363667525
Melhor da geracao 9209: reg(9209) = 974.8131124195244 0.037495921734603144
Melhor da geracao 9283: reg(9283) = 973.5406045845416 1.2725078349827754
Melhor da geracao 9343: reg(9343) = 973.221166504777 0.31943807976460903
Melhor da geracao 9508: reg(9508) = 973.0108172527068 0.2103492520701593
Melhor da geracao 9649: reg(9649) = 972.5967510067574 0.4140662459494706
Melhor da geracao 9670: reg(9670) = 972.5146609924032 0.0820900143542076
Melhor da geracao 9727: reg(9727) = 972.2840716078716 0.23058938453152678
Melhor da geracao 9810: reg(9810) = 971.8212533571624 0.4628182507092333
Melhor da geracao 9966: reg(9966) = 971.7758739181952 0.045379438967188435
Melhor da geracao 9986: reg(9986) = 971.6281128925126 0.1477610256825983
Melhor da geracao 9993: reg(9993) = 970.9253363553531 0.7027765371594796
Melhor da geracao 10015: reg(10015) = 970.6339532466073 0.29138310874577655
Melhor da geracao 10090: reg(10090) = 970.4145914575844 0.21936178902296888
Melhor da geracao 10139: reg(10139) = 970.3300343799855 0.08455707759890174
Melhor da geracao 10153: reg(10153) = 970.0901067069734 0.23992767301206186
Melhor da geracao 10172: reg(10172) = 969.0146517853664 1.0754549216070473
Melhor da geracao 10354: reg(10354) = 968.3112510602664 0.7034007250999821
RUN DE_71s__0t0 1/1: Menor  custo  final é 968.3112510602664
---26/11 17:44:38-----------------------------------------------------
reg(objetivo): 968.3112510602664
RMSE: 387.39216210751385
MAE: 22.31284539450321
GEH: 2.2388722478395375
pGEH5: 0.8873239436619719
R2Links: 0.9617983286379167
R2Odm: 0.3098427460200584
------------------------------------------------------ ´p=69

ALERT: Salvando última MOD resposta. Não a melhor.
Fitness final (reg) = 968.3112510602664
