--candidateId=8
--directory=C:\Users\Pc\Desktop\irace2018\irace\execDir
--algorithm=GA
--fitnessFunction=reg
--populationSize=94
--crossoverProbability=0.882
--mutationProbability=0.003
--selectionGA=2-tournament
--crossoverGA=intermediate
--mutationGA=MaxEquals1500Uniform
--generationReplacement=SteadyState
02/12, 18:08:07
[HookRun] Parameters used:
--directory=execDir
--algorithm=GA
--selectionGA=2-tournament
--crossoverGA=intermediate
--mutationGA=MaxEquals1500Uniform
--elitistRateGA=0.0
--fitnessFunction=reg
--candidateId=8
--populationSize=94
--maxEvaluations=0
--crossoverProbability=0.882
--mutationProbability=0.003
--generationReplacement=SteadyState

Teste Curitiba!
OK: Recuperou objeto ODMatrix de 'cwb odmatrix.dat'!

OK: Recuperou objeto VirtualSensors de 'cwb virt sen.dat'!

OK: Mudando teste para rede fechada...
ATENCAO: arestasSensor reduzidas para 71, por ser numero maximo de sensores da rede cadastrada.
PROC: Preparando para iniciar GA_71s__0t0... 02/12, 18:08:07
ERROR: Não há registros de viagens para recuperar! (ODmatrix.calcMatrixClust)
INFO: Return antecipado, n=arestasSensorGAMM=71 e t=tempoPrioriGAMM=0; mov.lenght=71 (VirtualSensors.gerArestaMaisMovimentadasIndex)
INFO: descobrirODparIndArestaMaisMov = 1074 casos! - 191/900 pares O-D cobertos
INFO: Existem 1073 relações Prob_OD_aresta!
OK: Iniciando GA _Alterado_ com 1 runs! Population size: 94
Generations: 63828
OD =900
Sensores=71
GA_71s__0t0; 02/12, 18:08:07
RUN GA_71s__0t0 1/1: Menor custo inicial é 21082.766773234463(RMSE: 406.29543245161636; MAE: 21.045428544850164; GEH: 13.482951403979555) id do melhor indivíduo=72
Melhor da geracao 221: reg(221) = 20992.9578330928 89.80894014166188
Melhor da geracao 587: reg(587) = 20564.531529455042 428.4263036377597
Melhor da geracao 662: reg(662) = 20522.838664438477 41.69286501656461
Melhor da geracao 859: reg(859) = 19728.01099474099 794.8276696974863
Melhor da geracao 1046: reg(1046) = 19366.052561601457 361.95843313953446
Melhor da geracao 1188: reg(1188) = 18881.76690658654 484.2856550149154
Melhor da geracao 1545: reg(1545) = 18308.614787041006 573.1521195455352
Melhor da geracao 1630: reg(1630) = 17670.317132263295 638.2976547777107
Melhor da geracao 2060: reg(2060) = 17549.56637146545 120.75076079784412
Melhor da geracao 2565: reg(2565) = 17075.25017240473 474.3161990607223
Melhor da geracao 2710: reg(2710) = 15838.630302321555 1236.6198700831737
Melhor da geracao 3038: reg(3038) = 15633.89044182544 204.7398604961145
Melhor da geracao 3246: reg(3246) = 15538.25966132026 95.63078050518016
Melhor da geracao 3555: reg(3555) = 15379.825294036458 158.4343672838022
Melhor da geracao 3776: reg(3776) = 15169.25500038241 210.57029365404742
Melhor da geracao 3816: reg(3816) = 14851.378929735889 317.87607064652184
Melhor da geracao 3832: reg(3832) = 14801.446098743512 49.932830992376694
Melhor da geracao 4450: reg(4450) = 14288.558175619542 512.8879231239698
Melhor da geracao 4916: reg(4916) = 14116.437105671363 172.12106994817987
Melhor da geracao 5555: reg(5555) = 13164.172322946457 952.2647827249057
Melhor da geracao 6163: reg(6163) = 13077.767170726096 86.40515222036083
Melhor da geracao 6245: reg(6245) = 12719.461589368377 358.30558135771935
Melhor da geracao 6778: reg(6778) = 12341.64196076659 377.81962860178646
Melhor da geracao 7397: reg(7397) = 12208.54609112518 133.0958696414109
Melhor da geracao 7662: reg(7662) = 11173.002977428841 1035.543113696338
Melhor da geracao 8745: reg(8745) = 10794.528187366757 378.47479006208414
Melhor da geracao 9002: reg(9002) = 10740.755758729181 53.77242863757601
Melhor da geracao 9113: reg(9113) = 10513.130473326735 227.62528540244602
Melhor da geracao 9345: reg(9345) = 9314.871314792797 1198.2591585339378
Melhor da geracao 10512: reg(10512) = 9243.709844951898 71.16146984089937
Melhor da geracao 10565: reg(10565) = 8793.759751912861 449.9500930390368
Melhor da geracao 11286: reg(11286) = 8610.039813692198 183.7199382206636
Melhor da geracao 11841: reg(11841) = 8580.260920959381 29.77889273281653
Melhor da geracao 11979: reg(11979) = 8361.103628824914 219.15729213446684
Melhor da geracao 12138: reg(12138) = 8228.53167954418 132.57194928073477
Melhor da geracao 12139: reg(12139) = 8122.740302803547 105.79137674063259
Melhor da geracao 12414: reg(12414) = 7651.94172051281 470.7985822907367
Melhor da geracao 14662: reg(14662) = 7551.820264769776 100.12145574303395
Melhor da geracao 14998: reg(14998) = 7446.657455052344 105.16280971743254
Melhor da geracao 15869: reg(15869) = 7401.32612615436 45.33132889798344
Melhor da geracao 16539: reg(16539) = 7233.684699169956 167.64142698440446
Melhor da geracao 16933: reg(16933) = 6623.697429902125 609.9872692678309
Melhor da geracao 18851: reg(18851) = 6606.132279423189 17.56515047893572
Melhor da geracao 18945: reg(18945) = 6552.489496102094 53.64278332109552
Melhor da geracao 19419: reg(19419) = 6534.333670355109 18.1558257469851
Melhor da geracao 20014: reg(20014) = 6514.9502661948 19.3834041603086
Melhor da geracao 20246: reg(20246) = 6466.520154116013 48.430112078786806
Melhor da geracao 20958: reg(20958) = 6438.308889013062 28.211265102951074
Melhor da geracao 21534: reg(21534) = 6360.604957469304 77.70393154375779
Melhor da geracao 21599: reg(21599) = 6355.883879871338 4.721077597966541
Melhor da geracao 22087: reg(22087) = 6337.729032139648 18.154847731690097
Melhor da geracao 22797: reg(22797) = 6332.630969826119 5.098062313528317
Melhor da geracao 23211: reg(23211) = 6300.148618501668 32.482351324450974
Melhor da geracao 23307: reg(23307) = 6293.727428780063 6.421189721605515
Melhor da geracao 23703: reg(23703) = 6273.956257705921 19.77117107414142
Melhor da geracao 23716: reg(23716) = 6235.757274622491 38.198983083429994
Melhor da geracao 23739: reg(23739) = 6133.853809731401 101.90346489109015
Melhor da geracao 24342: reg(24342) = 6113.333228923751 20.52058080764982
Melhor da geracao 24633: reg(24633) = 6058.06245200134 55.27077692241164
Melhor da geracao 25501: reg(25501) = 6011.109206266765 46.95324573457492
Melhor da geracao 26034: reg(26034) = 5919.877871669476 91.23133459728888
Melhor da geracao 27663: reg(27663) = 5892.698254615375 27.179617054101072
Melhor da geracao 27955: reg(27955) = 5849.8722560380365 42.825998577338396
Melhor da geracao 29103: reg(29103) = 5716.888242353767 132.98401368426948
Melhor da geracao 30510: reg(30510) = 5619.602241316068 97.28600103769895
Melhor da geracao 31923: reg(31923) = 5526.71164080404 92.89060051202796
Melhor da geracao 32426: reg(32426) = 5463.187041230706 63.524599573333944
Melhor da geracao 34142: reg(34142) = 5445.72991453557 17.45712669513614
Melhor da geracao 35350: reg(35350) = 5339.214434718164 106.51547981740623
Melhor da geracao 35359: reg(35359) = 5290.1801644904845 49.03427022767937
Melhor da geracao 36025: reg(36025) = 5283.436567112205 6.743597378279446
Melhor da geracao 36805: reg(36805) = 5228.567964635257 54.86860247694767
Melhor da geracao 37756: reg(37756) = 5109.037750488494 119.53021414676368
Melhor da geracao 37980: reg(37980) = 4902.729549141777 206.3082013467165
Melhor da geracao 39222: reg(39222) = 4885.8358132430385 16.89373589873867
Melhor da geracao 39426: reg(39426) = 4876.587648127496 9.248165115542179
Melhor da geracao 40377: reg(40377) = 4872.438767748289 4.148880379207185
Melhor da geracao 40494: reg(40494) = 4860.752712033515 11.686055714773829
Melhor da geracao 40525: reg(40525) = 4835.21370745441 25.539004579105494
Melhor da geracao 41145: reg(41145) = 4792.553294918958 42.66041253545154
Melhor da geracao 42259: reg(42259) = 4765.516645359336 27.036649559622674
Melhor da geracao 42630: reg(42630) = 4715.723162129006 49.79348323032991
Melhor da geracao 43498: reg(43498) = 4705.891203194825 9.831958934180875
Melhor da geracao 44403: reg(44403) = 4662.50242986805 43.38877332677475
Melhor da geracao 45563: reg(45563) = 4635.818405479872 26.68402438817793
Melhor da geracao 46585: reg(46585) = 4599.791299447573 36.02710603229934
Melhor da geracao 47103: reg(47103) = 4591.8034915151475 7.987807932425312
Melhor da geracao 47540: reg(47540) = 4568.699100774664 23.104390740483723
Melhor da geracao 48973: reg(48973) = 4545.829313043932 22.869787730731332
Melhor da geracao 49621: reg(49621) = 4543.436459827291 2.392853216641015
Melhor da geracao 49719: reg(49719) = 4532.725285083574 10.711174743717493
Melhor da geracao 50062: reg(50062) = 4520.772437485906 11.952847597667642
Melhor da geracao 50305: reg(50305) = 4496.744639719948 24.027797765957985
Melhor da geracao 51153: reg(51153) = 4459.075032153285 37.66960756666322
Melhor da geracao 52337: reg(52337) = 4457.606061776173 1.468970377111873
Melhor da geracao 52461: reg(52461) = 4425.581300230743 32.02476154543001
Melhor da geracao 53125: reg(53125) = 4382.015581210266 43.565719020477445
Melhor da geracao 54289: reg(54289) = 4364.225677522653 17.789903687612423
Melhor da geracao 55210: reg(55210) = 4301.982887950472 62.24278957218121
Melhor da geracao 55812: reg(55812) = 4188.534661688686 113.44822626178575
Melhor da geracao 58016: reg(58016) = 4160.207653229866 28.327008458820274
Melhor da geracao 58495: reg(58495) = 4146.175725008461 14.031928221404996
Melhor da geracao 59172: reg(59172) = 4145.3361620213445 0.8395629871165511
Melhor da geracao 59422: reg(59422) = 4144.655437437358 0.6807245839863754
Melhor da geracao 59608: reg(59608) = 4093.8070483041606 50.84838913319754
Melhor da geracao 61307: reg(61307) = 4093.7632126911335 0.04383561302711314
Melhor da geracao 61353: reg(61353) = 4077.9225415222672 15.840671168866265
Melhor da geracao 62236: reg(62236) = 4075.7967828701853 2.125758652081913
Melhor da geracao 62253: reg(62253) = 4062.183580895685 13.613201974500498
Melhor da geracao 62288: reg(62288) = 3957.5504241978906 104.63315669779422
Melhor da geracao 63638: reg(63638) = 3955.9593306199336 1.5910935779570536
RUN GA_71s__0t0 1/1: Menor  custo  final é 3955.9593306199336
---02/12 18:08:43-----------------------------------------------------
reg(objetivo): 3955.9593306199336
RMSE: 416.5912442148615
MAE: 22.1089421825147
GEH: 5.857825004956019
pGEH5: 0.5915492957746479
R2Links: 0.849861368788531
R2Odm: 0.23842941382441554
------------------------------------------------------ ´idBest=41

ALERT: Salvando última MOD resposta. Não a melhor.
Fitness final (reg) = 3955.9593306199336
