--candidateId=80
--directory=C:\Users\Pc\Desktop\irace2018\irace\execDir
--algorithm=DE
--fitnessFunction=reg
--populationSize=378
--crossoverProbability=0.578
--differentialWeight=0.212
26/11, 17:44:36
[HookRun] Parameters used:
--directory=execDir
--algorithm=DE
--fitnessFunction=reg
--candidateId=80
--populationSize=378
--maxEvaluations=0
--crossoverProbability=0.578
--differentialWeight=0.212

Teste Curitiba!
OK: Recuperou objeto ODMatrix de 'cwb odmatrix.dat'!

OK: Recuperou objeto VirtualSensors de 'cwb virt sen.dat'!

OK: Mudando teste para rede fechada...
ATENCAO: arestasSensor reduzidas para 71, por ser numero maximo de sensores da rede cadastrada.
PROC: Preparando para iniciar DE_71s__0t0... 26/11, 17:44:37
ERROR: Não há registros de viagens para recuperar! (ODmatrix.calcMatrixClust)
INFO: Return antecipado, n=arestasSensorGAMM=71 e t=tempoPrioriGAMM=0; mov.lenght=71 (VirtualSensors.gerArestaMaisMovimentadasIndex)
INFO: descobrirODparIndArestaMaisMov = 1074 casos! - 191/900 pares O-D cobertos
INFO: Existem 1073 relações Prob_OD_aresta!
OK: Iniciando DE com 1 runs! Population size: 378
Generations: 7936
OD =900
Sensores=71
DE_71s__0t0; 26/11, 17:44:37
STATS: Desvio fluxos: Min. -1294,811021; Mean. 111,131581; Max. 2024,204672; p5 -1241,235515; p20 -681,740267; p35 -51,332568; p50 64,604138; p65 330,35335; p80 671,603645; p95 1603,487877; 
RUN DE_71s__0t0 1/1: Menor custo inicial é 23584.03407048285(RMSE: 410.2387785113794; MAE: 22.76756931014315; GEH: 14.210702859364865) id do melhor indivíduo=117
Melhor da geracao 1: reg(1) = 22007.67623825335 1576.3578322294998
Melhor da geracao 2: reg(2) = 19863.086500599675 2144.589737653674
Melhor da geracao 6: reg(6) = 16293.73263096883 3569.353869630844
Melhor da geracao 8: reg(8) = 14157.931746201708 2135.8008847671226
Melhor da geracao 11: reg(11) = 14052.505272376207 105.42647382550058
Melhor da geracao 12: reg(12) = 13321.45906944368 731.0462029325281
Melhor da geracao 14: reg(14) = 13117.457484451896 204.0015849917836
Melhor da geracao 15: reg(15) = 13081.423250323794 36.03423412810116
Melhor da geracao 16: reg(16) = 12530.163028528821 551.2602217949734
Melhor da geracao 17: reg(17) = 11893.214078616105 636.9489499127158
Melhor da geracao 18: reg(18) = 11317.81967375541 575.3944048606954
Melhor da geracao 19: reg(19) = 11096.272435513612 221.54723824179746
Melhor da geracao 20: reg(20) = 10167.538926499426 928.733509014186
Melhor da geracao 21: reg(21) = 9789.310966751264 378.2279597481629
Melhor da geracao 22: reg(22) = 9741.461716581554 47.849250169709194
Melhor da geracao 23: reg(23) = 9737.016299153214 4.445417428340079
Melhor da geracao 25: reg(25) = 9568.80409159717 168.21220755604372
Melhor da geracao 26: reg(26) = 8247.374130338469 1321.429961258702
Melhor da geracao 30: reg(30) = 7613.86734911401 633.5067812244588
Melhor da geracao 35: reg(35) = 7384.849467201294 229.0178819127159
Melhor da geracao 37: reg(37) = 7285.847377200227 99.00209000106679
Melhor da geracao 38: reg(38) = 6934.261876903117 351.58550029711023
Melhor da geracao 39: reg(39) = 6654.687012077815 279.57486482530203
Melhor da geracao 40: reg(40) = 6430.404859139691 224.28215293812355
Melhor da geracao 41: reg(41) = 5814.87673286484 615.5281262748513
Melhor da geracao 50: reg(50) = 5735.340942408056 79.53579045678362
Melhor da geracao 51: reg(51) = 5724.038417301581 11.302525106475514
Melhor da geracao 52: reg(52) = 5610.088412102834 113.95000519874702
Melhor da geracao 54: reg(54) = 5234.852848392531 375.2355637103028
Melhor da geracao 57: reg(57) = 5001.8326435643285 233.02020482820262
Melhor da geracao 61: reg(61) = 4954.8245972425275 47.008046321800975
Melhor da geracao 62: reg(62) = 4601.1533935867565 353.671203655771
Melhor da geracao 70: reg(70) = 4371.358860535607 229.7945330511493
Melhor da geracao 73: reg(73) = 4229.138398122929 142.220462412678
Melhor da geracao 74: reg(74) = 3972.6351226420425 256.5032754808867
Melhor da geracao 75: reg(75) = 3892.4096265571725 80.22549608486997
Melhor da geracao 82: reg(82) = 3869.897315060548 22.512311496624534
Melhor da geracao 90: reg(90) = 3574.3379829116693 295.55933214887864
Melhor da geracao 99: reg(99) = 3536.2489602202054 38.089022691463924
Melhor da geracao 100: reg(100) = 3475.328516439857 60.92044378034825
Melhor da geracao 107: reg(107) = 3265.2005073637806 210.12800907607652
Melhor da geracao 110: reg(110) = 3169.182592760505 96.01791460327559
Melhor da geracao 115: reg(115) = 3037.0232257303855 132.15936703011948
Melhor da geracao 129: reg(129) = 3035.6184854407866 1.4047402895989762
Melhor da geracao 130: reg(130) = 3007.996513233347 27.62197220743974
Melhor da geracao 132: reg(132) = 2960.9119787158115 47.0845345175353
Melhor da geracao 135: reg(135) = 2881.2051655860428 79.70681312976876
Melhor da geracao 138: reg(138) = 2862.400573419562 18.80459216648069
Melhor da geracao 142: reg(142) = 2812.0559606719803 50.34461274758178
Melhor da geracao 143: reg(143) = 2775.5327740228718 36.52318664910854
Melhor da geracao 150: reg(150) = 2730.826183061846 44.70659096102554
Melhor da geracao 152: reg(152) = 2682.282086680889 48.5440963809574
Melhor da geracao 153: reg(153) = 2637.0315825908674 45.25050409002142
Melhor da geracao 157: reg(157) = 2452.841833252399 184.18974933846857
Melhor da geracao 162: reg(162) = 2447.0789111310387 5.762922121360134
Melhor da geracao 188: reg(188) = 2417.2544966994237 29.82441443161497
Melhor da geracao 189: reg(189) = 2360.1338455052837 57.12065119414001
Melhor da geracao 196: reg(196) = 2343.6382649612096 16.495580544074073
Melhor da geracao 211: reg(211) = 2329.236626715983 14.401638245226422
Melhor da geracao 218: reg(218) = 2329.2040724266426 0.032554289340623654
Melhor da geracao 222: reg(222) = 2266.23174040563 62.97233202101279
Melhor da geracao 225: reg(225) = 2259.6345841171174 6.597156288512451
Melhor da geracao 226: reg(226) = 2248.2585242186797 11.376059898437688
Melhor da geracao 232: reg(232) = 2207.4495969084905 40.80892731018912
Melhor da geracao 235: reg(235) = 2158.876092352631 48.57350455585947
Melhor da geracao 238: reg(238) = 2136.8611007261447 22.014991626486335
Melhor da geracao 253: reg(253) = 2084.171933185561 52.68916754058364
Melhor da geracao 274: reg(274) = 1982.9417654691974 101.23016771636367
Melhor da geracao 294: reg(294) = 1970.1935237433956 12.74824172580179
Melhor da geracao 296: reg(296) = 1941.3049281482681 28.888595595127526
Melhor da geracao 307: reg(307) = 1900.8473302695775 40.45759787869065
Melhor da geracao 316: reg(316) = 1863.8212797110543 37.02605055852314
Melhor da geracao 334: reg(334) = 1843.489746776752 20.33153293430223
Melhor da geracao 354: reg(354) = 1834.3286690513146 9.161077725437508
Melhor da geracao 363: reg(363) = 1818.997899662542 15.330769388772524
Melhor da geracao 366: reg(366) = 1813.3746139181303 5.62328574441176
Melhor da geracao 370: reg(370) = 1805.3604945129152 8.01411940521507
Melhor da geracao 374: reg(374) = 1802.6512391845006 2.709255328414656
Melhor da geracao 389: reg(389) = 1769.0969675619883 33.55427162251226
Melhor da geracao 390: reg(390) = 1742.8803685609437 26.216599001044642
Melhor da geracao 391: reg(391) = 1734.3947924827821 8.485576078161557
Melhor da geracao 401: reg(401) = 1729.2922221767471 5.102570306034977
Melhor da geracao 407: reg(407) = 1703.5649741528568 25.727248023890297
Melhor da geracao 427: reg(427) = 1689.1875056779247 14.37746847493213
Melhor da geracao 433: reg(433) = 1654.3309736579272 34.85653201999753
Melhor da geracao 451: reg(451) = 1644.484506786834 9.846466871093298
Melhor da geracao 474: reg(474) = 1600.435151944109 44.049354842724824
Melhor da geracao 484: reg(484) = 1584.6935864960165 15.741565448092615
Melhor da geracao 501: reg(501) = 1573.6354447319163 11.058141764100128
Melhor da geracao 502: reg(502) = 1536.3106135133685 37.32483121854784
Melhor da geracao 551: reg(551) = 1510.2255239741578 26.085089539210685
Melhor da geracao 554: reg(554) = 1498.2661875478307 11.959336426327127
Melhor da geracao 572: reg(572) = 1489.2079452433363 9.058242304494343
Melhor da geracao 596: reg(596) = 1478.997265503996 10.210679739340321
Melhor da geracao 598: reg(598) = 1458.4701423523686 20.527123151627393
Melhor da geracao 640: reg(640) = 1449.6924276680347 8.777714684333887
Melhor da geracao 641: reg(641) = 1444.9178387920585 4.774588875976178
Melhor da geracao 670: reg(670) = 1437.3704138119163 7.547424980142296
Melhor da geracao 683: reg(683) = 1413.9851849029974 23.38522890891886
Melhor da geracao 738: reg(738) = 1406.5207962205523 7.464388682445133
Melhor da geracao 753: reg(753) = 1382.863978013169 23.656818207383367
Melhor da geracao 767: reg(767) = 1378.7238204120201 4.140157601148758
Melhor da geracao 787: reg(787) = 1377.3563241639072 1.367496248112957
Melhor da geracao 791: reg(791) = 1374.4075005539248 2.9488236099823553
Melhor da geracao 826: reg(826) = 1354.8410930132522 19.56640754067257
Melhor da geracao 827: reg(827) = 1315.566038967396 39.27505404585622
Melhor da geracao 904: reg(904) = 1313.6640505756575 1.9019883917385414
Melhor da geracao 955: reg(955) = 1310.4028815077236 3.2611690679339063
Melhor da geracao 962: reg(962) = 1298.6526564346093 11.75022507311428
Melhor da geracao 992: reg(992) = 1276.5870771642783 22.065579270331
Melhor da geracao 1045: reg(1045) = 1270.171774132505 6.415303031773192
Melhor da geracao 1075: reg(1075) = 1264.668007630065 5.503766502440158
Melhor da geracao 1108: reg(1108) = 1241.276684664222 23.391322965842846
Melhor da geracao 1192: reg(1192) = 1225.8277175855642 15.448967078657915
Melhor da geracao 1281: reg(1281) = 1222.8430099698378 2.9847076157263928
Melhor da geracao 1289: reg(1289) = 1214.8639431976485 7.979066772189299
Melhor da geracao 1324: reg(1324) = 1204.8425565396346 10.021386658013853
Melhor da geracao 1387: reg(1387) = 1190.48269017701 14.359866362624643
Melhor da geracao 1437: reg(1437) = 1186.8475082665009 3.635181910509118
Melhor da geracao 1458: reg(1458) = 1183.372704684191 3.47480358230996
Melhor da geracao 1477: reg(1477) = 1173.798168332035 9.574536352155974
Melhor da geracao 1537: reg(1537) = 1170.3224058391932 3.4757624928417954
Melhor da geracao 1684: reg(1684) = 1167.8806110944608 2.441794744732306
Melhor da geracao 1700: reg(1700) = 1150.9275739693858 16.95303712507507
Melhor da geracao 1768: reg(1768) = 1148.9259333622213 2.001640607164518
Melhor da geracao 1801: reg(1801) = 1148.8423825859834 0.0835507762378711
Melhor da geracao 1819: reg(1819) = 1141.7978821110862 7.044500474897177
Melhor da geracao 1865: reg(1865) = 1137.406628933305 4.391253177781209
Melhor da geracao 1877: reg(1877) = 1134.7632472232958 2.64338171000918
Melhor da geracao 1991: reg(1991) = 1134.7144488772456 0.0487983460502619
Melhor da geracao 2000: reg(2000) = 1132.1942403714704 2.5202085057751447
Melhor da geracao 2041: reg(2041) = 1128.8535063177437 3.340734053726692
Melhor da geracao 2052: reg(2052) = 1120.4389602268302 8.414546090913518
Melhor da geracao 2088: reg(2088) = 1116.5182100499842 3.9207501768460133
Melhor da geracao 2255: reg(2255) = 1113.260943502625 3.2572665473592224
Melhor da geracao 2271: reg(2271) = 1110.1858809664484 3.075062536176574
Melhor da geracao 2308: reg(2308) = 1102.6119120350459 7.573968931402533
Melhor da geracao 2356: reg(2356) = 1099.6691335155908 2.9427785194550324
Melhor da geracao 2515: reg(2515) = 1097.622475541836 2.046657973754918
Melhor da geracao 2521: reg(2521) = 1096.9016675762655 0.7208079655704296
Melhor da geracao 2525: reg(2525) = 1089.9886256610253 6.913041915240228
Melhor da geracao 2636: reg(2636) = 1088.6930686926892 1.2955569683360864
Melhor da geracao 2642: reg(2642) = 1085.5782266120123 3.114842080676908
Melhor da geracao 2742: reg(2742) = 1085.5500047738112 0.02822183820103419
Melhor da geracao 2795: reg(2795) = 1085.3705249003563 0.17947987345496585
Melhor da geracao 2857: reg(2857) = 1084.5997520963695 0.7707728039868016
Melhor da geracao 2866: reg(2866) = 1074.3991432903485 10.20060880602091
Melhor da geracao 3059: reg(3059) = 1068.2391654065864 6.159977883762167
Melhor da geracao 3108: reg(3108) = 1066.9626299376796 1.2765354689067863
Melhor da geracao 3124: reg(3124) = 1065.161460364848 1.8011695728316681
Melhor da geracao 3200: reg(3200) = 1064.582323750946 0.5791366139019374
Melhor da geracao 3202: reg(3202) = 1064.4614190622553 0.12090468869064352
Melhor da geracao 3254: reg(3254) = 1061.4973789177322 2.9640401445230964
Melhor da geracao 3291: reg(3291) = 1057.13130820742 4.366070710312215
Melhor da geracao 3337: reg(3337) = 1056.9370066097015 0.1943015977185496
Melhor da geracao 3360: reg(3360) = 1056.4974809598598 0.4395256498416984
Melhor da geracao 3370: reg(3370) = 1054.883178932646 1.6143020272138529
Melhor da geracao 3462: reg(3462) = 1051.7639723684479 3.119206564198066
Melhor da geracao 3592: reg(3592) = 1047.2546024802884 4.509369888159426
Melhor da geracao 3706: reg(3706) = 1046.7187136238067 0.5358888564817335
Melhor da geracao 3742: reg(3742) = 1045.2136043354067 1.5051092884000354
Melhor da geracao 3759: reg(3759) = 1041.1769412158674 4.036663119539298
Melhor da geracao 3804: reg(3804) = 1040.8878850644319 0.2890561514354886
Melhor da geracao 3985: reg(3985) = 1040.2132223100084 0.6746627544234798
Melhor da geracao 4052: reg(4052) = 1036.3291202434493 3.8841020665590804
Melhor da geracao 4078: reg(4078) = 1033.6091605138151 2.7199597296341835
Melhor da geracao 4326: reg(4326) = 1031.132610385561 2.4765501282540754
Melhor da geracao 4417: reg(4417) = 1030.3952049717386 0.7374054138224437
Melhor da geracao 4497: reg(4497) = 1029.5899703680466 0.8052346036920426
Melhor da geracao 4571: reg(4571) = 1029.5764132118807 0.01355715616591624
Melhor da geracao 4601: reg(4601) = 1029.1632837612942 0.4131294505864389
Melhor da geracao 4638: reg(4638) = 1027.4262692348263 1.737014526467874
Melhor da geracao 4640: reg(4640) = 1026.8385829421572 0.5876862926691047
Melhor da geracao 4785: reg(4785) = 1025.147125494152 1.691457448005167
Melhor da geracao 4857: reg(4857) = 1022.5962241870265 2.5509013071256277
Melhor da geracao 4873: reg(4873) = 1020.8500620017826 1.7461621852438611
Melhor da geracao 4999: reg(4999) = 1018.9394084445665 1.910653557216051
Melhor da geracao 5141: reg(5141) = 1018.720666713689 0.21874173087758209
Melhor da geracao 5236: reg(5236) = 1017.4787171780101 1.2419495356788275
Melhor da geracao 5279: reg(5279) = 1016.3722293576185 1.106487820391635
Melhor da geracao 5357: reg(5357) = 1015.9662228912227 0.4060064663957519
Melhor da geracao 5391: reg(5391) = 1015.7023231817867 0.263899709436032
Melhor da geracao 5443: reg(5443) = 1014.9564861374123 0.7458370443744116
Melhor da geracao 5455: reg(5455) = 1011.8036059952777 3.1528801421345634
Melhor da geracao 5627: reg(5627) = 1011.3436149179479 0.4599910773298461
Melhor da geracao 5634: reg(5634) = 1009.0122474249105 2.331367493037419
Melhor da geracao 5636: reg(5636) = 1007.7147887360625 1.2974586888479962
Melhor da geracao 5761: reg(5761) = 1006.5155214472924 1.199267288770102
Melhor da geracao 6063: reg(6063) = 1006.0850251282795 0.4304963190128319
Melhor da geracao 6111: reg(6111) = 1005.5108731103593 0.5741520179202553
Melhor da geracao 6151: reg(6151) = 1005.4225389031704 0.08833420718883644
Melhor da geracao 6258: reg(6258) = 1003.1715008282918 2.251038074878693
Melhor da geracao 6418: reg(6418) = 1002.6908757526534 0.4806250756383861
Melhor da geracao 6446: reg(6446) = 1002.1545083760154 0.5363673766379407
Melhor da geracao 6483: reg(6483) = 1000.5790585811386 1.5754497948768176
Melhor da geracao 6673: reg(6673) = 999.6689435408979 0.9101150402407256
Melhor da geracao 6705: reg(6705) = 999.0040862804175 0.6648572604804031
Melhor da geracao 6706: reg(6706) = 998.5116483279897 0.4924379524277356
Melhor da geracao 6770: reg(6770) = 997.6414985934947 0.870149734495044
Melhor da geracao 6779: reg(6779) = 997.0381633447297 0.6033352487650063
Melhor da geracao 7023: reg(7023) = 996.1250791310633 0.9130842136663659
Melhor da geracao 7031: reg(7031) = 996.1249694753166 1.0965574676902179E-4
Melhor da geracao 7034: reg(7034) = 995.5692492510262 0.5557202242903259
Melhor da geracao 7060: reg(7060) = 995.4307952525133 0.13845399851288676
Melhor da geracao 7163: reg(7163) = 994.3031498251963 1.1276454273170202
Melhor da geracao 7173: reg(7173) = 993.0422758807442 1.2608739444521007
Melhor da geracao 7252: reg(7252) = 990.7511059360297 2.291169944714511
Melhor da geracao 7337: reg(7337) = 990.0094908426103 0.7416150934194548
Melhor da geracao 7523: reg(7523) = 989.929306596207 0.08018424640329158
Melhor da geracao 7532: reg(7532) = 989.5319016552381 0.3974049409688405
Melhor da geracao 7553: reg(7553) = 989.3572419531413 0.17465970209684656
Melhor da geracao 7579: reg(7579) = 989.033050502819 0.32419145032224606
Melhor da geracao 7584: reg(7584) = 987.9466458902968 1.0864046125221876
Melhor da geracao 7707: reg(7707) = 987.6426058952862 0.3040399950106121
Melhor da geracao 7735: reg(7735) = 987.5620660980757 0.08053979721057658
Melhor da geracao 7750: reg(7750) = 987.4011850746751 0.16088102340052046
Melhor da geracao 7780: reg(7780) = 986.8932313854899 0.5079536891852285
Melhor da geracao 7798: reg(7798) = 986.0389727608838 0.8542586246061319
Melhor da geracao 7810: reg(7810) = 985.2691923170981 0.7697804437856348
RUN DE_71s__0t0 1/1: Menor  custo  final é 985.2691923170981
---26/11 17:46:08-----------------------------------------------------
reg(objetivo): 985.2691923170981
RMSE: 1038.0038005684253
MAE: 29.04678708365352
GEH: 2.306736125289509
pGEH5: 0.9014084507042254
R2Links: 0.961001592250865
R2Odm: 0.04731694617518623
------------------------------------------------------ ´p=135

ALERT: Salvando última MOD resposta. Não a melhor.
Fitness final (reg) = 985.2691923170981
