--candidateId=81
--directory=C:\Users\Pc\Desktop\irace2018\irace\execDir
--algorithm=DE
--fitnessFunction=reg
--populationSize=215
--crossoverProbability=0.512
--differentialWeight=0.298
26/11, 17:46:08
[HookRun] Parameters used:
--directory=execDir
--algorithm=DE
--fitnessFunction=reg
--candidateId=81
--populationSize=215
--maxEvaluations=0
--crossoverProbability=0.512
--differentialWeight=0.298

Teste Curitiba!
OK: Recuperou objeto ODMatrix de 'cwb odmatrix.dat'!

OK: Recuperou objeto VirtualSensors de 'cwb virt sen.dat'!

OK: Mudando teste para rede fechada...
ATENCAO: arestasSensor reduzidas para 71, por ser numero maximo de sensores da rede cadastrada.
PROC: Preparando para iniciar DE_71s__0t0... 26/11, 17:46:09
ERROR: Não há registros de viagens para recuperar! (ODmatrix.calcMatrixClust)
INFO: Return antecipado, n=arestasSensorGAMM=71 e t=tempoPrioriGAMM=0; mov.lenght=71 (VirtualSensors.gerArestaMaisMovimentadasIndex)
INFO: descobrirODparIndArestaMaisMov = 1074 casos! - 191/900 pares O-D cobertos
INFO: Existem 1073 relações Prob_OD_aresta!
OK: Iniciando DE com 1 runs! Population size: 215
Generations: 13953
OD =900
Sensores=71
DE_71s__0t0; 26/11, 17:46:09
STATS: Desvio fluxos: Min. -1254,714645; Mean. 496,780523; Max. 3588,17266; p5 -1015,855575; p20 -559,693171; p35 -214,872338; p50 275,148144; p65 729,08376; p80 1498,143657; p95 3119,86535; 
RUN DE_71s__0t0 1/1: Menor custo inicial é 22274.23430121614(RMSE: 445.4740017548245; MAE: 22.13722327411639; GEH: 14.330997746773258) id do melhor indivíduo=106
Melhor da geracao 3: reg(3) = 19154.483858032883 3119.7504431832567
Melhor da geracao 8: reg(8) = 17896.560547860947 1257.9233101719365
Melhor da geracao 9: reg(9) = 16168.645133226155 1727.915414634792
Melhor da geracao 11: reg(11) = 16082.569329108412 86.07580411774325
Melhor da geracao 13: reg(13) = 15725.350224792393 357.2191043160183
Melhor da geracao 15: reg(15) = 12362.872645414822 3362.4775793775716
Melhor da geracao 16: reg(16) = 12201.99683766019 160.87580775463175
Melhor da geracao 20: reg(20) = 11690.449178297438 511.5476593627518
Melhor da geracao 26: reg(26) = 11046.035152884602 644.414025412836
Melhor da geracao 27: reg(27) = 10642.072692069318 403.96246081528443
Melhor da geracao 28: reg(28) = 10142.514296030551 499.55839603876666
Melhor da geracao 30: reg(30) = 9961.9543241748 180.55997185575143
Melhor da geracao 34: reg(34) = 8602.705611282125 1359.248712892675
Melhor da geracao 44: reg(44) = 7690.880362528334 911.8252487537902
Melhor da geracao 48: reg(48) = 7485.832879145706 205.04748338262834
Melhor da geracao 52: reg(52) = 7333.848123832542 151.984755313164
Melhor da geracao 54: reg(54) = 7070.074693097409 263.77343073513293
Melhor da geracao 55: reg(55) = 6074.279928499853 995.7947645975564
Melhor da geracao 69: reg(69) = 5578.560998482505 495.7189300173477
Melhor da geracao 73: reg(73) = 5400.715282905994 177.84571557651088
Melhor da geracao 83: reg(83) = 5162.869989712993 237.84529319300145
Melhor da geracao 84: reg(84) = 5102.6159692752 60.25402043779286
Melhor da geracao 91: reg(91) = 5085.805391843676 16.810577431523598
Melhor da geracao 92: reg(92) = 4984.018956953125 101.78643489055139
Melhor da geracao 95: reg(95) = 4568.218953075969 415.8000038771561
Melhor da geracao 107: reg(107) = 4484.499221622228 83.71973145374068
Melhor da geracao 114: reg(114) = 4401.912960795198 82.58626082702995
Melhor da geracao 115: reg(115) = 4369.789429622598 32.12353117260045
Melhor da geracao 120: reg(120) = 4339.034206176232 30.755223446365562
Melhor da geracao 124: reg(124) = 4222.180246962106 116.85395921412601
Melhor da geracao 126: reg(126) = 4142.156662885899 80.02358407620704
Melhor da geracao 127: reg(127) = 4015.1338067571096 127.0228561287895
Melhor da geracao 132: reg(132) = 3922.7768362471 92.35697051000943
Melhor da geracao 138: reg(138) = 3870.3671865274546 52.409649719645586
Melhor da geracao 139: reg(139) = 3845.059550746576 25.307635780878627
Melhor da geracao 141: reg(141) = 3669.534296115122 175.52525463145412
Melhor da geracao 152: reg(152) = 3615.0669227212406 54.46737339388119
Melhor da geracao 153: reg(153) = 3528.450499915384 86.61642280585647
Melhor da geracao 161: reg(161) = 3520.3979155989537 8.052584316430512
Melhor da geracao 164: reg(164) = 3397.76509852892 122.63281707003352
Melhor da geracao 169: reg(169) = 3373.9087794296315 23.856319099288612
Melhor da geracao 172: reg(172) = 3341.870742990329 32.03803643930269
Melhor da geracao 173: reg(173) = 3287.0813480304046 54.789394959924266
Melhor da geracao 175: reg(175) = 3154.5975755823542 132.48377244805033
Melhor da geracao 200: reg(200) = 3123.998534992244 30.599040590110235
Melhor da geracao 206: reg(206) = 3084.271623323479 39.72691166876484
Melhor da geracao 208: reg(208) = 3083.953459399706 0.318163923773227
Melhor da geracao 215: reg(215) = 3040.340557489078 43.6129019106279
Melhor da geracao 218: reg(218) = 2996.913094033718 43.427463455359884
Melhor da geracao 229: reg(229) = 2959.45587787552 37.45721615819821
Melhor da geracao 233: reg(233) = 2857.8110961065345 101.64478176898547
Melhor da geracao 237: reg(237) = 2857.1237004316913 0.6873956748431738
Melhor da geracao 241: reg(241) = 2753.0419735945243 104.08172683716703
Melhor da geracao 243: reg(243) = 2746.663681861447 6.378291733077276
Melhor da geracao 245: reg(245) = 2720.9123359120945 25.751345949352526
Melhor da geracao 253: reg(253) = 2596.371555098823 124.54078081327134
Melhor da geracao 277: reg(277) = 2575.475855564361 20.895699534461983
Melhor da geracao 296: reg(296) = 2530.147393882555 45.32846168180595
Melhor da geracao 305: reg(305) = 2516.3705031567215 13.77689072583371
Melhor da geracao 310: reg(310) = 2413.3884016416037 102.98210151511785
Melhor da geracao 320: reg(320) = 2401.9036678622683 11.484733779335329
Melhor da geracao 335: reg(335) = 2378.05498720906 23.84868065320825
Melhor da geracao 349: reg(349) = 2364.051956389538 14.003030819521882
Melhor da geracao 353: reg(353) = 2343.638035908199 20.41392048133912
Melhor da geracao 356: reg(356) = 2323.923950156304 19.714085751895254
Melhor da geracao 361: reg(361) = 2319.0627227574582 4.861227398845585
Melhor da geracao 363: reg(363) = 2280.7829062786273 38.27981647883098
Melhor da geracao 398: reg(398) = 2258.072115385359 22.71079089326804
Melhor da geracao 413: reg(413) = 2116.6242907998017 141.44782458555756
Melhor da geracao 423: reg(423) = 2105.8022751723433 10.822015627458313
Melhor da geracao 426: reg(426) = 2070.7728052189946 35.02946995334878
Melhor da geracao 479: reg(479) = 2025.8541311863744 44.918674032620174
Melhor da geracao 494: reg(494) = 1992.024778459662 33.829352726712386
Melhor da geracao 555: reg(555) = 1963.38588377342 28.63889468624211
Melhor da geracao 577: reg(577) = 1882.6370163030333 80.74886747038659
Melhor da geracao 585: reg(585) = 1856.8773666874129 25.759649615620447
Melhor da geracao 704: reg(704) = 1856.532802433864 0.34456425354892417
Melhor da geracao 706: reg(706) = 1824.1363890288767 32.39641340498724
Melhor da geracao 797: reg(797) = 1820.145404617982 3.9909844108947254
Melhor da geracao 798: reg(798) = 1786.3797979993783 33.76560661860367
Melhor da geracao 811: reg(811) = 1762.2596310762544 24.12016692312386
Melhor da geracao 837: reg(837) = 1745.024070667625 17.235560408629453
Melhor da geracao 843: reg(843) = 1715.641491658918 29.382579008706898
Melhor da geracao 907: reg(907) = 1641.9820017176942 73.65948994122391
Melhor da geracao 1014: reg(1014) = 1609.9381946557196 32.043807061974576
Melhor da geracao 1185: reg(1185) = 1592.2140681691055 17.724126486614068
Melhor da geracao 1210: reg(1210) = 1581.4205975332661 10.793470635839412
Melhor da geracao 1260: reg(1260) = 1574.3385035208094 7.082094012456764
Melhor da geracao 1278: reg(1278) = 1558.9521233782295 15.38638014257981
Melhor da geracao 1292: reg(1292) = 1526.5370897306925 32.41503364753703
Melhor da geracao 1357: reg(1357) = 1524.4092734018425 2.127816328850031
Melhor da geracao 1394: reg(1394) = 1479.1573501399532 45.25192326188926
Melhor da geracao 1486: reg(1486) = 1475.1928706212645 3.9644795186886768
Melhor da geracao 1523: reg(1523) = 1451.4231282030566 23.769742418207898
Melhor da geracao 1643: reg(1643) = 1438.6703813394315 12.752746863625134
Melhor da geracao 1675: reg(1675) = 1433.718259253827 4.952122085604515
Melhor da geracao 1691: reg(1691) = 1431.171352485762 2.5469067680649005
Melhor da geracao 1868: reg(1868) = 1422.0282923250368 9.143060160725327
Melhor da geracao 1871: reg(1871) = 1376.502207456976 45.52608486806071
Melhor da geracao 2286: reg(2286) = 1373.3741014184836 3.128106038492433
Melhor da geracao 2301: reg(2301) = 1364.8324337586 8.541667659883615
Melhor da geracao 2308: reg(2308) = 1357.1177532419554 7.714680516644648
Melhor da geracao 2397: reg(2397) = 1322.291576133816 34.82617710813929
Melhor da geracao 2791: reg(2791) = 1301.444668015306 20.8469081185101
Melhor da geracao 3056: reg(3056) = 1296.023084431372 5.42158358393408
Melhor da geracao 3379: reg(3379) = 1276.5360084303409 19.487076001031028
Melhor da geracao 3412: reg(3412) = 1246.6660505159584 29.86995791438244
Melhor da geracao 4602: reg(4602) = 1244.3898710279893 2.2761794879691024
Melhor da geracao 4640: reg(4640) = 1240.964839354896 3.425031673093372
Melhor da geracao 5128: reg(5128) = 1231.8514646840035 9.113374670892426
Melhor da geracao 5450: reg(5450) = 1228.1963945176508 3.6550701663527434
Melhor da geracao 5483: reg(5483) = 1227.4928751958223 0.7035193218284803
Melhor da geracao 5544: reg(5544) = 1225.157148990881 2.3357262049412384
Melhor da geracao 5552: reg(5552) = 1219.3887326025374 5.768416388343667
Melhor da geracao 5680: reg(5680) = 1214.1700278939516 5.218704708585847
Melhor da geracao 5810: reg(5810) = 1214.117767180008 0.05226071394349674
Melhor da geracao 5959: reg(5959) = 1212.9556847380763 1.162082441931716
Melhor da geracao 6063: reg(6063) = 1205.4803160344882 7.475368703588174
Melhor da geracao 6142: reg(6142) = 1195.504602602278 9.975713432210114
Melhor da geracao 6381: reg(6381) = 1193.8450442616863 1.6595583405917296
Melhor da geracao 6675: reg(6675) = 1189.96522424705 3.8798200146363797
Melhor da geracao 6774: reg(6774) = 1184.1814323657743 5.783791881275647
Melhor da geracao 6839: reg(6839) = 1160.5579381828622 23.623494182912054
Melhor da geracao 8439: reg(8439) = 1159.4721262315543 1.08581195130796
Melhor da geracao 8514: reg(8514) = 1157.827334940043 1.6447912915111829
Melhor da geracao 8683: reg(8683) = 1156.9671191029122 0.8602158371309088
Melhor da geracao 8871: reg(8871) = 1148.5880520461574 8.37906705675482
Melhor da geracao 8966: reg(8966) = 1147.7694142780279 0.8186377681295198
Melhor da geracao 9181: reg(9181) = 1136.1664594685235 11.602954809504354
Melhor da geracao 10467: reg(10467) = 1130.2454941584872 5.920965310036308
Melhor da geracao 10587: reg(10587) = 1120.7612987539958 9.484195404491402
Melhor da geracao 12273: reg(12273) = 1113.7895091511182 6.971789602877607
Melhor da geracao 13884: reg(13884) = 1099.5043216071947 14.285187543923485
RUN DE_71s__0t0 1/1: Menor  custo  final é 1099.5043216071947
---26/11 17:47:41-----------------------------------------------------
reg(objetivo): 1099.5043216071947
RMSE: 402.9915020185642
MAE: 22.479925129481572
GEH: 2.7521871379078378
pGEH5: 0.8873239436619719
R2Links: 0.9564681360987353
R2Odm: 0.2652301285570326
------------------------------------------------------ ´p=128

ALERT: Salvando última MOD resposta. Não a melhor.
Fitness final (reg) = 1099.5043216071947
