--candidateId=82
--directory=C:\Users\Pc\Desktop\irace2018\irace\execDir
--algorithm=DE
--fitnessFunction=reg
--populationSize=321
--crossoverProbability=0.557
--differentialWeight=0.242
26/11, 17:59:52
[HookRun] Parameters used:
--directory=execDir
--algorithm=DE
--fitnessFunction=reg
--candidateId=82
--populationSize=321
--maxEvaluations=0
--crossoverProbability=0.557
--differentialWeight=0.242

Teste Curitiba!
OK: Recuperou objeto ODMatrix de 'cwb odmatrix.dat'!

OK: Recuperou objeto VirtualSensors de 'cwb virt sen.dat'!

OK: Mudando teste para rede fechada...
ATENCAO: arestasSensor reduzidas para 71, por ser numero maximo de sensores da rede cadastrada.
PROC: Preparando para iniciar DE_71s__0t0... 26/11, 17:59:52
ERROR: Não há registros de viagens para recuperar! (ODmatrix.calcMatrixClust)
INFO: Return antecipado, n=arestasSensorGAMM=71 e t=tempoPrioriGAMM=0; mov.lenght=71 (VirtualSensors.gerArestaMaisMovimentadasIndex)
INFO: descobrirODparIndArestaMaisMov = 1074 casos! - 191/900 pares O-D cobertos
INFO: Existem 1073 relações Prob_OD_aresta!
OK: Iniciando DE com 1 runs! Population size: 321
Generations: 9345
OD =900
Sensores=71
DE_71s__0t0; 26/11, 17:59:52
STATS: Desvio fluxos: Min. -1454,01891; Mean. 56,991759; Max. 1593,127574; p5 -1130,663372; p20 -609,042914; p35 -235,398135; p50 -46,559724; p65 215,837061; p80 790,527846; p95 1480,193785; 
RUN DE_71s__0t0 1/1: Menor custo inicial é 20912.89736968235(RMSE: 370.3370847290638; MAE: 20.42394370273019; GEH: 13.468499608169507) id do melhor indivíduo=156
Melhor da geracao 0: reg(0) = 20819.47026997386 93.42709970848955
Melhor da geracao 1: reg(1) = 19828.61108623953 990.8591837343301
Melhor da geracao 4: reg(4) = 17689.483684667466 2139.127401572063
Melhor da geracao 5: reg(5) = 16884.782802574107 804.7008820933588
Melhor da geracao 7: reg(7) = 15498.096277691802 1386.686524882305
Melhor da geracao 9: reg(9) = 14170.402655416503 1327.6936222752993
Melhor da geracao 10: reg(10) = 14035.638799147226 134.7638562692773
Melhor da geracao 11: reg(11) = 13076.84395955381 958.7948395934163
Melhor da geracao 15: reg(15) = 12011.250320059775 1065.5936394940345
Melhor da geracao 18: reg(18) = 11162.545771558234 848.7045485015406
Melhor da geracao 20: reg(20) = 11150.370488447588 12.175283110645978
Melhor da geracao 21: reg(21) = 10819.77857423085 330.5919142167386
Melhor da geracao 23: reg(23) = 10231.099538119177 588.6790361116728
Melhor da geracao 24: reg(24) = 9351.34654600815 879.7529921110272
Melhor da geracao 26: reg(26) = 9330.41127330476 20.935272703389273
Melhor da geracao 27: reg(27) = 9258.03073590028 72.38053740448049
Melhor da geracao 28: reg(28) = 8518.777175473611 739.2535604266686
Melhor da geracao 33: reg(33) = 7524.6190384682095 994.1581370054018
Melhor da geracao 37: reg(37) = 6527.42069419677 997.19834427144
Melhor da geracao 45: reg(45) = 6428.075073716753 99.3456204800168
Melhor da geracao 46: reg(46) = 6310.415144021058 117.6599296956947
Melhor da geracao 47: reg(47) = 6169.534784120825 140.8803599002331
Melhor da geracao 54: reg(54) = 5880.219787561572 289.3149965592529
Melhor da geracao 56: reg(56) = 5842.492907802041 37.726879759530675
Melhor da geracao 57: reg(57) = 5689.0735941307 153.41931367134111
Melhor da geracao 61: reg(61) = 5306.4649851566655 382.6086089740347
Melhor da geracao 69: reg(69) = 5145.455481103738 161.0095040529277
Melhor da geracao 73: reg(73) = 4754.129745669417 391.32573543432045
Melhor da geracao 79: reg(79) = 4632.3658290986095 121.76391657080785
Melhor da geracao 81: reg(81) = 4514.188177742778 118.17765135583159
Melhor da geracao 82: reg(82) = 4464.6504377427855 49.53773999999248
Melhor da geracao 89: reg(89) = 4325.483511812826 139.1669259299597
Melhor da geracao 91: reg(91) = 4249.47346556798 76.0100462448454
Melhor da geracao 93: reg(93) = 4180.88657818201 68.58688738596993
Melhor da geracao 98: reg(98) = 4108.644441860713 72.24213632129704
Melhor da geracao 102: reg(102) = 3927.7828145910926 180.86162726962084
Melhor da geracao 103: reg(103) = 3807.919152432494 119.8636621585988
Melhor da geracao 112: reg(112) = 3721.910683260937 86.00846917155695
Melhor da geracao 116: reg(116) = 3576.470505053889 145.44017820704767
Melhor da geracao 123: reg(123) = 3481.0321845687718 95.4383204851174
Melhor da geracao 126: reg(126) = 3459.78856448704 21.243620081731933
Melhor da geracao 127: reg(127) = 3399.9965939722047 59.79197051483516
Melhor da geracao 133: reg(133) = 3273.4400969800304 126.55649699217429
Melhor da geracao 135: reg(135) = 3180.8707786079426 92.56931837208776
Melhor da geracao 147: reg(147) = 3030.4231999736185 150.44757863432415
Melhor da geracao 153: reg(153) = 3011.3651806819717 19.058019291646815
Melhor da geracao 154: reg(154) = 2940.0088489557056 71.35633172626603
Melhor da geracao 171: reg(171) = 2931.0223225391424 8.986526416563265
Melhor da geracao 173: reg(173) = 2924.615072070001 6.407250469141218
Melhor da geracao 177: reg(177) = 2894.263979432001 30.351092637999955
Melhor da geracao 178: reg(178) = 2855.4202839763952 38.84369545560594
Melhor da geracao 183: reg(183) = 2744.3170709054502 111.103213070945
Melhor da geracao 185: reg(185) = 2716.885225542942 27.431845362508284
Melhor da geracao 190: reg(190) = 2691.012725274418 25.872500268524163
Melhor da geracao 197: reg(197) = 2650.972094848336 40.04063042608186
Melhor da geracao 207: reg(207) = 2623.084815786991 27.887279061344998
Melhor da geracao 209: reg(209) = 2614.8429314951077 8.241884291883252
Melhor da geracao 212: reg(212) = 2567.6121708416067 47.230760653500965
Melhor da geracao 223: reg(223) = 2428.093243018961 139.51892782264576
Melhor da geracao 241: reg(241) = 2346.666701445453 81.42654157350808
Melhor da geracao 243: reg(243) = 2325.802968895519 20.863732549933957
Melhor da geracao 268: reg(268) = 2323.32814839532 2.4748205001988026
Melhor da geracao 274: reg(274) = 2311.5111921008306 11.8169562944895
Melhor da geracao 276: reg(276) = 2309.315718449089 2.195473651741395
Melhor da geracao 282: reg(282) = 2266.1269419001637 43.18877654892549
Melhor da geracao 283: reg(283) = 2253.4150220468255 12.711919853338259
Melhor da geracao 289: reg(289) = 2224.799720368112 28.615301678713422
Melhor da geracao 291: reg(291) = 2193.647141748206 31.152578619905853
Melhor da geracao 297: reg(297) = 2139.3949201205 54.25222162770615
Melhor da geracao 320: reg(320) = 2121.1357715019735 18.259148618526524
Melhor da geracao 323: reg(323) = 2093.9441889384784 27.191582563495103
Melhor da geracao 330: reg(330) = 2036.585082877387 57.359106061091325
Melhor da geracao 349: reg(349) = 2024.485582322295 12.099500555092163
Melhor da geracao 357: reg(357) = 1964.691825464334 59.79375685796094
Melhor da geracao 382: reg(382) = 1962.667105915521 2.024719548812982
Melhor da geracao 384: reg(384) = 1943.5354282386013 19.131677676919708
Melhor da geracao 396: reg(396) = 1922.999383631197 20.536044607404392
Melhor da geracao 408: reg(408) = 1859.3305159092902 63.668867721906736
Melhor da geracao 424: reg(424) = 1805.2852250558774 54.04529085341278
Melhor da geracao 455: reg(455) = 1778.8510525487636 26.43417250711377
Melhor da geracao 459: reg(459) = 1774.9576531232308 3.8933994255328344
Melhor da geracao 485: reg(485) = 1756.9303856200868 18.027267503144003
Melhor da geracao 496: reg(496) = 1745.90515702576 11.02522859432679
Melhor da geracao 505: reg(505) = 1742.5903469115965 3.3148101141634925
Melhor da geracao 507: reg(507) = 1724.8148994381065 17.775447473489976
Melhor da geracao 518: reg(518) = 1720.7769887110665 4.037910727040071
Melhor da geracao 520: reg(520) = 1700.6043261483776 20.172662562688856
Melhor da geracao 521: reg(521) = 1684.8005837509238 15.803742397453789
Melhor da geracao 537: reg(537) = 1628.133712993036 56.666870757887864
Melhor da geracao 562: reg(562) = 1611.009496379727 17.124216613309045
Melhor da geracao 612: reg(612) = 1598.5118579427165 12.497638437010437
Melhor da geracao 615: reg(615) = 1551.6468592485367 46.8649986941798
Melhor da geracao 617: reg(617) = 1546.6782263889397 4.968632859596937
Melhor da geracao 635: reg(635) = 1493.4260505119812 53.25217587695852
Melhor da geracao 730: reg(730) = 1491.6334199128944 1.7926305990868059
Melhor da geracao 753: reg(753) = 1490.87966439808 0.7537555148144293
Melhor da geracao 757: reg(757) = 1488.8176866590143 2.0619777390656964
Melhor da geracao 758: reg(758) = 1448.0665395889973 40.75114707001694
Melhor da geracao 779: reg(779) = 1424.734907415037 23.331632173960315
Melhor da geracao 825: reg(825) = 1422.5767098709425 2.1581975440944916
Melhor da geracao 880: reg(880) = 1407.6493809745698 14.927328896372728
Melhor da geracao 909: reg(909) = 1390.4445426989005 17.204838275669317
Melhor da geracao 945: reg(945) = 1388.3453961022915 2.099146596608989
Melhor da geracao 969: reg(969) = 1363.4596000764564 24.885796025835134
Melhor da geracao 1047: reg(1047) = 1355.3630566330207 8.096543443435621
Melhor da geracao 1058: reg(1058) = 1346.3213326886503 9.04172394437046
Melhor da geracao 1079: reg(1079) = 1337.8879153535436 8.433417335106697
Melhor da geracao 1146: reg(1146) = 1326.4567680571547 11.431147296388872
Melhor da geracao 1185: reg(1185) = 1318.3464627938135 8.11030526334116
Melhor da geracao 1210: reg(1210) = 1316.0791952494078 2.2672675444057404
Melhor da geracao 1235: reg(1235) = 1299.9524322958096 16.126762953598245
Melhor da geracao 1262: reg(1262) = 1294.6910337743545 5.261398521455021
Melhor da geracao 1309: reg(1309) = 1290.316075235987 4.374958538367537
Melhor da geracao 1333: reg(1333) = 1281.6521409048066 8.663934331180371
Melhor da geracao 1358: reg(1358) = 1275.9095629944459 5.742577910360751
Melhor da geracao 1459: reg(1459) = 1272.4491630796888 3.4603999147570903
Melhor da geracao 1494: reg(1494) = 1271.286171043245 1.1629920364437112
Melhor da geracao 1521: reg(1521) = 1258.6462555288635 12.639915514381528
Melhor da geracao 1581: reg(1581) = 1240.2329658735523 18.413289655311246
Melhor da geracao 1766: reg(1766) = 1233.062309652542 7.170656221010404
Melhor da geracao 1818: reg(1818) = 1227.0257860514203 6.036523601121644
Melhor da geracao 1875: reg(1875) = 1221.2653298874206 5.760456163999606
Melhor da geracao 1917: reg(1917) = 1216.6946031904333 4.570726696987322
Melhor da geracao 1978: reg(1978) = 1209.7777292219066 6.9168739685267155
Melhor da geracao 2093: reg(2093) = 1208.3529769117245 1.424752310182157
Melhor da geracao 2139: reg(2139) = 1183.9852914232613 24.367685488463167
Melhor da geracao 2425: reg(2425) = 1180.4043987943937 3.5808926288675593
Melhor da geracao 2436: reg(2436) = 1179.2877570855703 1.1166417088234084
Melhor da geracao 2623: reg(2623) = 1174.1427127521451 5.145044333425176
Melhor da geracao 2669: reg(2669) = 1158.4129064884244 15.729806263720775
Melhor da geracao 3020: reg(3020) = 1154.1957563457481 4.217150142676246
Melhor da geracao 3031: reg(3031) = 1154.1635064381967 0.032249907551431534
Melhor da geracao 3165: reg(3165) = 1153.266691262179 0.8968151760177534
Melhor da geracao 3170: reg(3170) = 1150.028826565057 3.2378646971219496
Melhor da geracao 3224: reg(3224) = 1147.842949486859 2.1858770781980184
Melhor da geracao 3250: reg(3250) = 1140.880640676259 6.962308810600007
Melhor da geracao 3255: reg(3255) = 1136.0330083403894 4.847632335869548
Melhor da geracao 3590: reg(3590) = 1129.6991494757292 6.333858864660215
Melhor da geracao 3840: reg(3840) = 1128.6831037936543 1.016045682074946
Melhor da geracao 4074: reg(4074) = 1123.4901998486623 5.19290394499194
Melhor da geracao 4202: reg(4202) = 1120.450507568662 3.0396922800002812
Melhor da geracao 4439: reg(4439) = 1112.6162790615338 7.834228507128273
Melhor da geracao 4702: reg(4702) = 1111.4147379659842 1.2015410955496009
Melhor da geracao 4799: reg(4799) = 1099.6625838468394 11.752154119144734
Melhor da geracao 4962: reg(4962) = 1093.498534386062 6.164049460777505
Melhor da geracao 5604: reg(5604) = 1091.6256084942481 1.872925891813793
Melhor da geracao 5723: reg(5723) = 1091.3825837172435 0.24302477700462077
Melhor da geracao 5787: reg(5787) = 1090.9684400119356 0.4141437053078789
Melhor da geracao 5810: reg(5810) = 1085.6932431180414 5.27519689389419
Melhor da geracao 5841: reg(5841) = 1080.8545748399572 4.838668278084242
Melhor da geracao 6070: reg(6070) = 1079.9409695966192 0.9136052433379973
Melhor da geracao 6121: reg(6121) = 1072.1030975625526 7.8378720340665495
Melhor da geracao 6436: reg(6436) = 1070.3555917586045 1.7475058039481155
Melhor da geracao 6573: reg(6573) = 1064.8519747579232 5.503617000681288
Melhor da geracao 7122: reg(7122) = 1064.2981992001153 0.5537755578079668
Melhor da geracao 7144: reg(7144) = 1064.2742626524985 0.023936547616813186
Melhor da geracao 7314: reg(7314) = 1057.2536947500976 7.020567902400899
Melhor da geracao 7316: reg(7316) = 1053.6860326077765 3.567662142321069
Melhor da geracao 7551: reg(7551) = 1052.4370118705745 1.249020737202045
Melhor da geracao 7599: reg(7599) = 1051.3198739422673 1.117137928307102
Melhor da geracao 7811: reg(7811) = 1049.9310394922338 1.388834450033528
Melhor da geracao 8001: reg(8001) = 1047.2627054611257 2.6683340311080883
Melhor da geracao 8006: reg(8006) = 1038.2553117622758 9.00739369884991
Melhor da geracao 8504: reg(8504) = 1033.5447924285356 4.710519333740194
Melhor da geracao 8640: reg(8640) = 1030.4913343416488 3.053458086886849
Melhor da geracao 8971: reg(8971) = 1030.0079224053868 0.4834119362619731
Melhor da geracao 8995: reg(8995) = 1026.5164461810475 3.4914762243392943
Melhor da geracao 9213: reg(9213) = 1025.8029871151682 0.7134590658793059
Melhor da geracao 9329: reg(9329) = 1023.456541095732 2.3464460194362573
RUN DE_71s__0t0 1/1: Menor  custo  final é 1023.456541095732
---26/11 18:01:28-----------------------------------------------------
reg(objetivo): 1023.456541095732
RMSE: 388.45457846264765
MAE: 21.232354571318805
GEH: 2.507506362655004
pGEH5: 0.8873239436619719
R2Links: 0.9598364359487694
R2Odm: 0.3115093450024131
------------------------------------------------------ ´p=273

ALERT: Salvando última MOD resposta. Não a melhor.
Fitness final (reg) = 1023.456541095732
