--candidateId=83
--directory=C:\Users\Pc\Desktop\irace2018\irace\execDir
--algorithm=DE
--fitnessFunction=reg
--populationSize=132
--crossoverProbability=0.522
--differentialWeight=0.293
26/11, 18:01:26
[HookRun] Parameters used:
--directory=execDir
--algorithm=DE
--fitnessFunction=reg
--candidateId=83
--populationSize=132
--maxEvaluations=0
--crossoverProbability=0.522
--differentialWeight=0.293

Teste Curitiba!
OK: Recuperou objeto ODMatrix de 'cwb odmatrix.dat'!

OK: Recuperou objeto VirtualSensors de 'cwb virt sen.dat'!

OK: Mudando teste para rede fechada...
ATENCAO: arestasSensor reduzidas para 71, por ser numero maximo de sensores da rede cadastrada.
PROC: Preparando para iniciar DE_71s__0t0... 26/11, 18:01:27
ERROR: Não há registros de viagens para recuperar! (ODmatrix.calcMatrixClust)
INFO: Return antecipado, n=arestasSensorGAMM=71 e t=tempoPrioriGAMM=0; mov.lenght=71 (VirtualSensors.gerArestaMaisMovimentadasIndex)
INFO: descobrirODparIndArestaMaisMov = 1074 casos! - 191/900 pares O-D cobertos
INFO: Existem 1073 relações Prob_OD_aresta!
OK: Iniciando DE com 1 runs! Population size: 132
Generations: 22727
OD =900
Sensores=71
DE_71s__0t0; 26/11, 18:01:27
STATS: Desvio fluxos: Min. -1364,24394; Mean. 289,935508; Max. 2603,940389; p5 -979,915107; p20 -414,585732; p35 -25,438444; p50 182,061274; p65 472,865412; p80 998,255231; p95 1916,707639; 
RUN DE_71s__0t0 1/1: Menor custo inicial é 24680.39740345071(RMSE: 383.55031714556475; MAE: 20.23327942936667; GEH: 15.318717991791333) id do melhor indivíduo=125
Melhor da geracao 0: reg(0) = 19254.22979878957 5426.167604661139
Melhor da geracao 5: reg(5) = 18499.868297582496 754.3615012070732
Melhor da geracao 8: reg(8) = 17720.813319021065 779.0549785614312
Melhor da geracao 10: reg(10) = 16530.54371785735 1190.2696011637163
Melhor da geracao 15: reg(15) = 15914.262109812511 616.2816080448374
Melhor da geracao 16: reg(16) = 13594.12161195526 2320.140497857252
Melhor da geracao 22: reg(22) = 12672.813809089266 921.3078028659929
Melhor da geracao 24: reg(24) = 11901.354909961115 771.4588991281507
Melhor da geracao 27: reg(27) = 11227.627371226457 673.7275387346581
Melhor da geracao 28: reg(28) = 11187.563289930995 40.06408129546253
Melhor da geracao 29: reg(29) = 11080.618450474505 106.94483945648972
Melhor da geracao 30: reg(30) = 10121.396010933664 959.2224395408412
Melhor da geracao 33: reg(33) = 9647.98586644891 473.4101444847547
Melhor da geracao 36: reg(36) = 9499.969753856269 148.01611259264064
Melhor da geracao 42: reg(42) = 9309.976517612313 189.99323624395583
Melhor da geracao 43: reg(43) = 8859.169769975873 450.80674763643947
Melhor da geracao 44: reg(44) = 8654.10883290373 205.06093707214313
Melhor da geracao 45: reg(45) = 8485.215369144462 168.89346375926834
Melhor da geracao 46: reg(46) = 8166.515633297937 318.6997358465251
Melhor da geracao 48: reg(48) = 8083.764280810909 82.75135248702736
Melhor da geracao 52: reg(52) = 8051.219403156282 32.54487765462727
Melhor da geracao 53: reg(53) = 7426.617413766171 624.6019893901112
Melhor da geracao 55: reg(55) = 6872.384384959964 554.2330288062067
Melhor da geracao 60: reg(60) = 6751.406644626058 120.9777403339067
Melhor da geracao 63: reg(63) = 6749.538920575276 1.8677240507813622
Melhor da geracao 64: reg(64) = 6686.093533224196 63.44538735108017
Melhor da geracao 65: reg(65) = 6485.51127423597 200.58225898822639
Melhor da geracao 69: reg(69) = 6235.637929603105 249.87334463286516
Melhor da geracao 70: reg(70) = 5793.665515580265 441.97241402284
Melhor da geracao 73: reg(73) = 5693.458331996852 100.20718358341219
Melhor da geracao 75: reg(75) = 5438.961245867999 254.49708612885297
Melhor da geracao 84: reg(84) = 5282.935497773621 156.0257480943783
Melhor da geracao 85: reg(85) = 5230.026042618037 52.90945515558451
Melhor da geracao 89: reg(89) = 5132.258821576848 97.76722104118835
Melhor da geracao 90: reg(90) = 4954.197679270407 178.06114230644107
Melhor da geracao 91: reg(91) = 4874.245304490007 79.95237478040053
Melhor da geracao 95: reg(95) = 4834.133574232772 40.11173025723474
Melhor da geracao 98: reg(98) = 4828.9751515273365 5.1584227054354415
Melhor da geracao 101: reg(101) = 4747.227841968052 81.74730955928408
Melhor da geracao 103: reg(103) = 4669.177157067443 78.05068490060967
Melhor da geracao 104: reg(104) = 4659.757045985383 9.42011108205952
Melhor da geracao 105: reg(105) = 4564.911934776216 94.84511120916704
Melhor da geracao 106: reg(106) = 4396.857235294545 168.05469948167138
Melhor da geracao 107: reg(107) = 4379.941524711492 16.915710583052714
Melhor da geracao 112: reg(112) = 4337.9498458851585 41.991678826333555
Melhor da geracao 116: reg(116) = 4300.126089973994 37.82375591116488
Melhor da geracao 123: reg(123) = 4213.47693509422 86.64915487977396
Melhor da geracao 126: reg(126) = 4194.5837300143085 18.89320507991124
Melhor da geracao 127: reg(127) = 4051.2893346309074 143.29439538340102
Melhor da geracao 129: reg(129) = 3936.399365561616 114.88996906929151
Melhor da geracao 138: reg(138) = 3767.5982850286073 168.80108053300864
Melhor da geracao 143: reg(143) = 3708.1687872061993 59.42949782240794
Melhor da geracao 148: reg(148) = 3548.302210734157 159.8665764720422
Melhor da geracao 161: reg(161) = 3544.9432889103473 3.358921823809851
Melhor da geracao 163: reg(163) = 3435.0923879986944 109.85090091165284
Melhor da geracao 171: reg(171) = 3372.170655681072 62.92173231762263
Melhor da geracao 173: reg(173) = 3295.9260364953707 76.24461918570114
Melhor da geracao 179: reg(179) = 3152.412263920303 143.51377257506783
Melhor da geracao 187: reg(187) = 3114.9969394884706 37.41532443183223
Melhor da geracao 197: reg(197) = 3024.7154029926905 90.28153649578007
Melhor da geracao 203: reg(203) = 2891.6705210075047 133.04488198518584
Melhor da geracao 230: reg(230) = 2838.524569799817 53.14595120768763
Melhor da geracao 242: reg(242) = 2805.056291468887 33.468278330929934
Melhor da geracao 246: reg(246) = 2762.5856120791027 42.470679389784436
Melhor da geracao 256: reg(256) = 2723.4794545230734 39.1061575560293
Melhor da geracao 262: reg(262) = 2632.908100956823 90.57135356625031
Melhor da geracao 265: reg(265) = 2596.5730285926647 36.33507236415835
Melhor da geracao 287: reg(287) = 2569.5008000620496 27.07222853061512
Melhor da geracao 291: reg(291) = 2563.035863359993 6.464936702056548
Melhor da geracao 298: reg(298) = 2562.314176637908 0.7216867220849963
Melhor da geracao 311: reg(311) = 2540.3949615228757 21.91921511503233
Melhor da geracao 317: reg(317) = 2538.8893802743196 1.5055812485561546
Melhor da geracao 327: reg(327) = 2461.9032344527086 76.98614582161099
Melhor da geracao 338: reg(338) = 2422.010344563915 39.892889888793434
Melhor da geracao 339: reg(339) = 2332.4445553673804 89.56578919653475
Melhor da geracao 352: reg(352) = 2330.3041838595186 2.1403715078618006
Melhor da geracao 358: reg(358) = 2201.114140407813 129.1900434517056
Melhor da geracao 414: reg(414) = 2194.7236861468327 6.3904542609802775
Melhor da geracao 426: reg(426) = 2164.5886484230427 30.135037723789992
Melhor da geracao 433: reg(433) = 2132.933411958747 31.65523646429574
Melhor da geracao 454: reg(454) = 2028.0063607161778 104.92705124256918
Melhor da geracao 516: reg(516) = 2015.3414673748655 12.664893341312336
Melhor da geracao 525: reg(525) = 1999.232800697178 16.108666677687552
Melhor da geracao 545: reg(545) = 1948.426258918654 50.80654177852398
Melhor da geracao 558: reg(558) = 1937.9119032426868 10.514355675967181
Melhor da geracao 567: reg(567) = 1897.6640926996185 40.247810543068226
Melhor da geracao 575: reg(575) = 1885.3441854997216 12.319907199896988
Melhor da geracao 632: reg(632) = 1878.0719056414387 7.2722798582829
Melhor da geracao 633: reg(633) = 1846.7024979778826 31.369407663556103
Melhor da geracao 647: reg(647) = 1830.400189351787 16.30230862609551
Melhor da geracao 672: reg(672) = 1806.3614261433684 24.038763208418686
Melhor da geracao 674: reg(674) = 1791.1397631059542 15.221663037414146
Melhor da geracao 740: reg(740) = 1752.1844820139797 38.955281091974484
Melhor da geracao 741: reg(741) = 1743.7960902453112 8.388391768668498
Melhor da geracao 759: reg(759) = 1681.1467939234187 62.64929632189251
Melhor da geracao 851: reg(851) = 1680.0357503106313 1.1110436127873982
Melhor da geracao 861: reg(861) = 1640.7897828049217 39.24596750570959
Melhor da geracao 883: reg(883) = 1604.3493778525058 36.440404952415975
Melhor da geracao 906: reg(906) = 1596.9052114619292 7.444166390576584
Melhor da geracao 991: reg(991) = 1537.3450464865484 59.56016497538076
Melhor da geracao 1071: reg(1071) = 1533.0713664601049 4.2736800264435715
Melhor da geracao 1158: reg(1158) = 1499.9954940196767 33.07587244042816
Melhor da geracao 1274: reg(1274) = 1496.10962310779 3.885870911886741
Melhor da geracao 1299: reg(1299) = 1457.1474225740606 38.9622005337294
Melhor da geracao 1388: reg(1388) = 1449.2050078542256 7.942414719834915
Melhor da geracao 1431: reg(1431) = 1446.9826252092846 2.2223826449410353
Melhor da geracao 1486: reg(1486) = 1436.640536619405 10.342088589879495
Melhor da geracao 1567: reg(1567) = 1432.5520108754067 4.088525743998389
Melhor da geracao 1580: reg(1580) = 1417.3585235748915 15.193487300515244
Melhor da geracao 1581: reg(1581) = 1403.1539240628213 14.204599512070217
Melhor da geracao 1691: reg(1691) = 1382.9341174310248 20.219806631796473
Melhor da geracao 1764: reg(1764) = 1372.0629664779487 10.87115095307604
Melhor da geracao 1791: reg(1791) = 1369.8230527373225 2.239913740626207
Melhor da geracao 1818: reg(1818) = 1316.0861585773575 53.736894159965004
Melhor da geracao 2056: reg(2056) = 1310.4845464708574 5.60161210650017
Melhor da geracao 2071: reg(2071) = 1292.8783976526495 17.606148818207885
Melhor da geracao 2085: reg(2085) = 1292.648975924001 0.22942172864850363
Melhor da geracao 2096: reg(2096) = 1287.2641336922445 5.3848422317564655
Melhor da geracao 2183: reg(2183) = 1278.426182130343 8.837951561901491
Melhor da geracao 2185: reg(2185) = 1276.0561600247215 2.3700221056215014
Melhor da geracao 2232: reg(2232) = 1270.6903707767124 5.3657892480091505
Melhor da geracao 2257: reg(2257) = 1265.9795005921014 4.71087018461094
Melhor da geracao 2271: reg(2271) = 1265.6439455943514 0.3355549977500232
Melhor da geracao 2273: reg(2273) = 1265.206754075249 0.4371915191024982
Melhor da geracao 2295: reg(2295) = 1258.315860999104 6.890893076144948
Melhor da geracao 2306: reg(2306) = 1252.1687999068076 6.147061092296326
Melhor da geracao 2318: reg(2318) = 1239.4674007331264 12.701399173681239
Melhor da geracao 2547: reg(2547) = 1230.0760598404866 9.391340892639846
Melhor da geracao 2564: reg(2564) = 1221.60934732721 8.466712513276661
Melhor da geracao 2572: reg(2572) = 1216.9695918714826 4.639755455727254
Melhor da geracao 2588: reg(2588) = 1200.675284961843 16.294306909639545
Melhor da geracao 2804: reg(2804) = 1194.6244882438884 6.050796717954654
Melhor da geracao 2826: reg(2826) = 1194.5957383208442 0.028749923044188108
Melhor da geracao 2862: reg(2862) = 1187.0781316779028 7.517606642941473
Melhor da geracao 2951: reg(2951) = 1183.0252438075713 4.05288787033146
Melhor da geracao 2952: reg(2952) = 1180.5980080174113 2.4272357901600117
Melhor da geracao 2980: reg(2980) = 1178.3278641846662 2.270143832745134
Melhor da geracao 3153: reg(3153) = 1164.1027790111339 14.225085173532307
Melhor da geracao 3354: reg(3354) = 1163.9330809532169 0.1696980579170031
Melhor da geracao 3364: reg(3364) = 1152.6520016395136 11.28107931370323
Melhor da geracao 3545: reg(3545) = 1138.6602188742909 13.991782765222752
Melhor da geracao 3809: reg(3809) = 1132.0472326302145 6.61298624407641
Melhor da geracao 4090: reg(4090) = 1123.9260053267976 8.121227303416845
Melhor da geracao 4344: reg(4344) = 1123.9176312452823 0.00837408151528507
Melhor da geracao 4377: reg(4377) = 1122.8865627435832 1.0310685016991101
Melhor da geracao 4452: reg(4452) = 1122.3688404589918 0.5177222845914002
Melhor da geracao 4479: reg(4479) = 1122.354822132755 0.014018326236737266
Melhor da geracao 4504: reg(4504) = 1117.392756477782 4.962065654973003
Melhor da geracao 4607: reg(4607) = 1112.3274506337823 5.065305843999795
Melhor da geracao 4625: reg(4625) = 1110.200701764025 2.1267488697571935
Melhor da geracao 4745: reg(4745) = 1102.7782843571463 7.422417406878822
Melhor da geracao 5276: reg(5276) = 1096.3242779096925 6.454006447453821
Melhor da geracao 5283: reg(5283) = 1095.1015399624816 1.2227379472108169
Melhor da geracao 5355: reg(5355) = 1091.0252376129088 4.07630234957287
Melhor da geracao 5656: reg(5656) = 1083.4263301059275 7.598907506981277
Melhor da geracao 5868: reg(5868) = 1078.3536278838512 5.072702222076259
Melhor da geracao 6399: reg(6399) = 1077.0813572423951 1.272270641456089
Melhor da geracao 6402: reg(6402) = 1076.7571856541144 0.3241715882807057
Melhor da geracao 6585: reg(6585) = 1058.1385497475173 18.618635906597092
Melhor da geracao 7356: reg(7356) = 1058.025215010614 0.11333473690342544
Melhor da geracao 7960: reg(7960) = 1057.8988615945868 0.1263534160270865
Melhor da geracao 8050: reg(8050) = 1057.8175523641773 0.08130923040948801
Melhor da geracao 8055: reg(8055) = 1057.3890478979054 0.42850446627198835
Melhor da geracao 8227: reg(8227) = 1057.3099540145354 0.07909388336997836
Melhor da geracao 8352: reg(8352) = 1056.7223843971499 0.5875696173854976
Melhor da geracao 8364: reg(8364) = 1055.8888053292712 0.8335790678786452
Melhor da geracao 8419: reg(8419) = 1053.7275643566766 2.161240972594669
Melhor da geracao 8463: reg(8463) = 1053.0330561879125 0.6945081687640595
Melhor da geracao 8672: reg(8672) = 1052.603350812079 0.42970537583346413
Melhor da geracao 8748: reg(8748) = 1048.077578509966 4.525772302112955
Melhor da geracao 8769: reg(8769) = 1045.4915301240483 2.5860483859178203
Melhor da geracao 8968: reg(8968) = 1044.0965890427321 1.3949410813161194
Melhor da geracao 9102: reg(9102) = 1044.046625875188 0.04996316754409236
Melhor da geracao 9303: reg(9303) = 1041.7894252863107 2.2572005888773674
Melhor da geracao 9360: reg(9360) = 1039.772661719044 2.0167635672667075
Melhor da geracao 9447: reg(9447) = 1034.570680077183 5.201981641861039
Melhor da geracao 9485: reg(9485) = 1034.1766735836443 0.39400649353865447
Melhor da geracao 9615: reg(9615) = 1033.954799862309 0.2218737213352142
Melhor da geracao 9816: reg(9816) = 1029.8128920635968 4.141907798712282
Melhor da geracao 10135: reg(10135) = 1028.5719791186534 1.240912944943375
Melhor da geracao 10160: reg(10160) = 1028.0564610176427 0.5155181010106844
Melhor da geracao 10471: reg(10471) = 1027.5284730481992 0.5279879694435294
Melhor da geracao 10475: reg(10475) = 1023.4896434163944 4.038829631804788
Melhor da geracao 10565: reg(10565) = 1022.5830360989189 0.9066073174755047
Melhor da geracao 10592: reg(10592) = 1022.2105698248571 0.3724662740618214
Melhor da geracao 10860: reg(10860) = 1021.8506653641485 0.35990446070854887
Melhor da geracao 10891: reg(10891) = 1021.8169464609699 0.033718903178623805
Melhor da geracao 10898: reg(10898) = 1020.2856052762249 1.5313411847449743
Melhor da geracao 11040: reg(11040) = 1018.9427323360152 1.3428729402097588
Melhor da geracao 11209: reg(11209) = 1018.3865396283159 0.5561927076993243
Melhor da geracao 11272: reg(11272) = 1015.0169241127389 3.3696155155769247
Melhor da geracao 11491: reg(11491) = 1012.2168190850156 2.8001050277233617
Melhor da geracao 11580: reg(11580) = 1010.4814063077488 1.735412777266788
Melhor da geracao 11742: reg(11742) = 1008.15179936759 2.329606940158783
Melhor da geracao 12262: reg(12262) = 1007.6483237627298 0.5034756048602276
Melhor da geracao 12528: reg(12528) = 1006.7633372893911 0.8849864733386994
Melhor da geracao 12664: reg(12664) = 1005.7498078827169 1.013529406674138
Melhor da geracao 12795: reg(12795) = 1005.3409753493182 0.4088325333987086
Melhor da geracao 12796: reg(12796) = 1004.5334599898598 0.8075153594584208
Melhor da geracao 12804: reg(12804) = 1003.9203736165937 0.6130863732661282
Melhor da geracao 13026: reg(13026) = 1003.4004870723156 0.5198865442780516
Melhor da geracao 13046: reg(13046) = 1000.652446542112 2.748040530203639
Melhor da geracao 13144: reg(13144) = 1000.4928935399065 0.15955300220548452
Melhor da geracao 13436: reg(13436) = 999.3741857333681 1.1187078065383957
Melhor da geracao 13592: reg(13592) = 998.343739575631 1.0304461577370603
Melhor da geracao 13608: reg(13608) = 997.8386393428578 0.5051002327732022
Melhor da geracao 13960: reg(13960) = 997.4348504734521 0.4037888694057301
Melhor da geracao 14064: reg(14064) = 992.9386412563297 4.496209217122441
Melhor da geracao 15057: reg(15057) = 992.9339812243463 0.004660031983348745
Melhor da geracao 15164: reg(15164) = 992.4057878431898 0.5281933811564841
Melhor da geracao 15168: reg(15168) = 989.8352591446119 2.5705286985779594
Melhor da geracao 15343: reg(15343) = 989.7969380563344 0.038321088277484705
Melhor da geracao 15394: reg(15394) = 987.5124509131351 2.2844871431992715
Melhor da geracao 15724: reg(15724) = 985.9390019581824 1.5734489549527098
Melhor da geracao 15988: reg(15988) = 985.7264862636443 0.2125156945380695
Melhor da geracao 16168: reg(16168) = 985.6406834913284 0.08580277231590117
Melhor da geracao 16290: reg(16290) = 984.7771649072147 0.8635185841137627
Melhor da geracao 16437: reg(16437) = 984.0652559145495 0.7119089926651441
Melhor da geracao 16485: reg(16485) = 983.3657114084098 0.6995445061397731
Melhor da geracao 16630: reg(16630) = 983.1908700764877 0.174841331922039
Melhor da geracao 16658: reg(16658) = 981.3996535742579 1.7912165022298723
Melhor da geracao 16740: reg(16740) = 981.3372728160567 0.06238075820112954
Melhor da geracao 16819: reg(16819) = 980.5341845644855 0.8030882515712392
Melhor da geracao 17061: reg(17061) = 979.8787832113572 0.6554013531282408
Melhor da geracao 17087: reg(17087) = 978.6779177837051 1.200865427652161
Melhor da geracao 17457: reg(17457) = 978.3115850238186 0.36633275988651803
Melhor da geracao 17615: reg(17615) = 978.2743776710918 0.03720735272679576
Melhor da geracao 17630: reg(17630) = 978.1149846791246 0.1593929919671382
Melhor da geracao 17632: reg(17632) = 977.7297018389146 0.38528284021003856
Melhor da geracao 17737: reg(17737) = 977.252807511457 0.47689432745755767
Melhor da geracao 17986: reg(17986) = 976.2816925197238 0.9711149917332023
Melhor da geracao 18204: reg(18204) = 975.568713528078 0.7129789916458549
Melhor da geracao 18380: reg(18380) = 974.9862008496611 0.5825126784168333
Melhor da geracao 18523: reg(18523) = 974.7084275829177 0.27777326674345204
Melhor da geracao 18529: reg(18529) = 973.1503301478191 1.5580974350986025
Melhor da geracao 18956: reg(18956) = 972.7874303638304 0.36289978398872336
Melhor da geracao 19266: reg(19266) = 971.1678842982772 1.6195460655532088
Melhor da geracao 19621: reg(19621) = 970.3295590584386 0.8383252398385821
Melhor da geracao 20015: reg(20015) = 969.5285398823072 0.8010191761313763
Melhor da geracao 20092: reg(20092) = 968.7054016953114 0.8231381869958341
Melhor da geracao 20233: reg(20233) = 968.2084686167613 0.49693307855011426
Melhor da geracao 20682: reg(20682) = 967.889412366326 0.31905625043521013
Melhor da geracao 20737: reg(20737) = 967.7139265391129 0.17548582721315142
Melhor da geracao 20750: reg(20750) = 967.6806631449989 0.03326339411398749
Melhor da geracao 20848: reg(20848) = 967.4591489649854 0.2215141800135143
Melhor da geracao 20914: reg(20914) = 967.424683172944 0.03446579204137379
Melhor da geracao 20996: reg(20996) = 965.9684023641908 1.456280808753263
Melhor da geracao 21226: reg(21226) = 965.6566126733094 0.3117896908813691
Melhor da geracao 21302: reg(21302) = 965.6292476810911 0.02736499221828126
Melhor da geracao 21406: reg(21406) = 965.2024615345266 0.42678614656449554
Melhor da geracao 21499: reg(21499) = 964.9226318929357 0.27982964159093626
Melhor da geracao 21528: reg(21528) = 964.6408450221365 0.2817868707991238
Melhor da geracao 21716: reg(21716) = 964.494363466017 0.14648155611951097
Melhor da geracao 21759: reg(21759) = 964.2744406640636 0.21992280195343028
Melhor da geracao 21804: reg(21804) = 963.7128547403954 0.5615859236681899
Melhor da geracao 21828: reg(21828) = 962.9521445692375 0.7607101711579389
Melhor da geracao 22210: reg(22210) = 962.3667413901852 0.585403179052264
Melhor da geracao 22347: reg(22347) = 962.0777545414855 0.28898684869966473
Melhor da geracao 22472: reg(22472) = 961.9284664557098 0.14928808577576547
Melhor da geracao 22658: reg(22658) = 961.5945593394688 0.3339071162409937
RUN DE_71s__0t0 1/1: Menor  custo  final é 961.5945593394688
---26/11 18:02:55-----------------------------------------------------
reg(objetivo): 961.5945593394688
RMSE: 488.42178109743435
MAE: 25.78519731135837
GEH: 2.2466549244578022
pGEH5: 0.8873239436619719
R2Links: 0.9618724215027519
R2Odm: 0.17785513061576863
------------------------------------------------------ ´p=49

ALERT: Salvando última MOD resposta. Não a melhor.
Fitness final (reg) = 961.5945593394688
