--candidateId=9
--directory=C:\Users\Pc\Desktop\irace2018\irace\execDir
--algorithm=GA
--fitnessFunction=reg
--populationSize=63
--crossoverProbability=0.744
--mutationProbability=0.019
--selectionGA=5-tournament
--crossoverGA=singlepoint
--mutationGA=MaxEquals1500Uniform
--generationReplacement=SteadyState
02/12, 18:08:08
[HookRun] Parameters used:
--directory=execDir
--algorithm=GA
--selectionGA=5-tournament
--crossoverGA=singlepoint
--mutationGA=MaxEquals1500Uniform
--elitistRateGA=0.0
--fitnessFunction=reg
--candidateId=9
--populationSize=63
--maxEvaluations=0
--crossoverProbability=0.744
--mutationProbability=0.019
--generationReplacement=SteadyState

Teste Curitiba!
OK: Recuperou objeto ODMatrix de 'cwb odmatrix.dat'!

OK: Recuperou objeto VirtualSensors de 'cwb virt sen.dat'!

OK: Mudando teste para rede fechada...
ATENCAO: arestasSensor reduzidas para 71, por ser numero maximo de sensores da rede cadastrada.
PROC: Preparando para iniciar GA_71s__0t0... 02/12, 18:08:08
ERROR: Não há registros de viagens para recuperar! (ODmatrix.calcMatrixClust)
INFO: Return antecipado, n=arestasSensorGAMM=71 e t=tempoPrioriGAMM=0; mov.lenght=71 (VirtualSensors.gerArestaMaisMovimentadasIndex)
INFO: descobrirODparIndArestaMaisMov = 1074 casos! - 191/900 pares O-D cobertos
INFO: Existem 1073 relações Prob_OD_aresta!
OK: Iniciando GA _Alterado_ com 1 runs! Population size: 63
Generations: 95238
OD =900
Sensores=71
GA_71s__0t0; 02/12, 18:08:08
RUN GA_71s__0t0 1/1: Menor custo inicial é 24950.5827312242(RMSE: 337.51519835157296; MAE: 21.41834405347827; GEH: 13.747365939291223) id do melhor indivíduo=5
Melhor da geracao 84: reg(84) = 18589.115752259662 6361.466978964538
Melhor da geracao 126: reg(126) = 17394.990396205372 1194.12535605429
Melhor da geracao 127: reg(127) = 17034.396190691594 360.59420551377843
Melhor da geracao 248: reg(248) = 16936.994247235005 97.40194345658892
Melhor da geracao 259: reg(259) = 14353.67986212303 2583.314385111975
Melhor da geracao 320: reg(320) = 14190.375716216551 163.30414590647888
Melhor da geracao 397: reg(397) = 14169.340187028189 21.03552918836249
Melhor da geracao 420: reg(420) = 13458.547623442131 710.7925635860574
Melhor da geracao 474: reg(474) = 13388.175444603885 70.37217883824633
Melhor da geracao 503: reg(503) = 13379.42447432735 8.750970276534645
Melhor da geracao 562: reg(562) = 13138.294284397636 241.1301899297141
Melhor da geracao 670: reg(670) = 12505.047497344754 633.2467870528817
Melhor da geracao 812: reg(812) = 12294.800860859803 210.24663648495152
Melhor da geracao 922: reg(922) = 12237.247314262364 57.55354659743898
Melhor da geracao 1071: reg(1071) = 12064.622380272647 172.62493398971674
Melhor da geracao 1103: reg(1103) = 11940.20191517251 124.42046510013643
Melhor da geracao 1162: reg(1162) = 11734.14837074164 206.05354443087163
Melhor da geracao 1289: reg(1289) = 11718.802037607114 15.346333134524684
Melhor da geracao 1405: reg(1405) = 11583.993677064893 134.80836054222164
Melhor da geracao 1510: reg(1510) = 11480.67593844664 103.3177386182524
Melhor da geracao 1638: reg(1638) = 11341.074172389877 139.60176605676315
Melhor da geracao 1711: reg(1711) = 11269.328335248922 71.7458371409557
Melhor da geracao 1755: reg(1755) = 11246.155093452446 23.17324179647585
Melhor da geracao 1865: reg(1865) = 11098.601838926365 147.55325452608122
Melhor da geracao 2031: reg(2031) = 11087.454616949859 11.147221976505534
Melhor da geracao 2063: reg(2063) = 11072.234220255912 15.220396693946896
Melhor da geracao 2086: reg(2086) = 11004.601943329926 67.63227692598593
Melhor da geracao 2097: reg(2097) = 10906.351194029929 98.25074929999755
Melhor da geracao 2167: reg(2167) = 10434.719529993861 471.6316640360674
Melhor da geracao 2498: reg(2498) = 10298.907049315274 135.81248067858724
Melhor da geracao 2604: reg(2604) = 10204.197510216502 94.70953909877244
Melhor da geracao 2716: reg(2716) = 9941.042876442672 263.1546337738291
Melhor da geracao 2958: reg(2958) = 9644.995019072716 296.04785736995655
Melhor da geracao 3058: reg(3058) = 9588.956106917007 56.03891215570911
Melhor da geracao 3078: reg(3078) = 9380.03853733909 208.91756957791586
Melhor da geracao 3175: reg(3175) = 8863.505679715629 516.5328576234624
Melhor da geracao 3373: reg(3373) = 8728.726202418775 134.77947729685366
Melhor da geracao 3508: reg(3508) = 8602.259836017432 126.46636640134238
Melhor da geracao 3596: reg(3596) = 8435.692345827556 166.56749018987648
Melhor da geracao 3638: reg(3638) = 8073.795295434211 361.8970503933451
Melhor da geracao 3842: reg(3842) = 7850.453954194678 223.341341239533
Melhor da geracao 3971: reg(3971) = 7845.817812197891 4.636141996787046
Melhor da geracao 4240: reg(4240) = 7606.308680130174 239.50913206771656
Melhor da geracao 4511: reg(4511) = 7411.659278435247 194.6494016949273
Melhor da geracao 4771: reg(4771) = 7257.181588971584 154.4776894636634
Melhor da geracao 4986: reg(4986) = 7150.887837199687 106.2937517718965
Melhor da geracao 5057: reg(5057) = 7095.770065918357 55.117771281329624
Melhor da geracao 5207: reg(5207) = 7078.663011374347 17.10705454401068
Melhor da geracao 5329: reg(5329) = 7048.936271358567 29.726740015779797
Melhor da geracao 5490: reg(5490) = 6970.660049115761 78.2762222428064
Melhor da geracao 5690: reg(5690) = 6944.245345546762 26.414703568998448
Melhor da geracao 5733: reg(5733) = 6875.602660569336 68.64268497742614
Melhor da geracao 6075: reg(6075) = 6861.632208247616 13.970452321719677
Melhor da geracao 6134: reg(6134) = 6732.501679594296 129.13052865332065
Melhor da geracao 6168: reg(6168) = 6689.561202721603 42.94047687269267
Melhor da geracao 6413: reg(6413) = 6566.358329107809 123.2028736137936
Melhor da geracao 6910: reg(6910) = 6442.379016129231 123.97931297857849
Melhor da geracao 7054: reg(7054) = 6438.719588423573 3.6594277056574356
Melhor da geracao 7080: reg(7080) = 6330.017252189964 108.70233623360946
Melhor da geracao 7384: reg(7384) = 6309.823367827992 20.193884361971868
Melhor da geracao 7691: reg(7691) = 6307.54338398099 2.2799838470018585
Melhor da geracao 7851: reg(7851) = 6290.774181525972 16.769202455017876
Melhor da geracao 7950: reg(7950) = 6174.593114997122 116.18106652885035
Melhor da geracao 7963: reg(7963) = 6170.333997007036 4.259117990086452
Melhor da geracao 8110: reg(8110) = 6133.538768200799 36.79522880623699
Melhor da geracao 8243: reg(8243) = 6099.677518244754 33.86124995604496
Melhor da geracao 8592: reg(8592) = 6081.009814878919 18.667703365834313
Melhor da geracao 8829: reg(8829) = 6026.709858193113 54.29995668580614
Melhor da geracao 8934: reg(8934) = 5989.673581034697 37.03627715841594
Melhor da geracao 9019: reg(9019) = 5940.230179459298 49.44340157539955
Melhor da geracao 9080: reg(9080) = 5906.818862918865 33.41131654043238
Melhor da geracao 9358: reg(9358) = 5885.977329396498 20.841533522367172
Melhor da geracao 9546: reg(9546) = 5852.961598841585 33.01573055491281
Melhor da geracao 9662: reg(9662) = 5826.990557166356 25.97104167522957
Melhor da geracao 9732: reg(9732) = 5797.661608792317 29.3289483740391
Melhor da geracao 9742: reg(9742) = 5689.358778035598 108.30283075671832
Melhor da geracao 9804: reg(9804) = 5626.621239206953 62.737538828645484
Melhor da geracao 10282: reg(10282) = 5610.072969894748 16.548269312204866
Melhor da geracao 10749: reg(10749) = 5503.43083350753 106.64213638721776
Melhor da geracao 10914: reg(10914) = 5497.23332585325 6.197507654280344
Melhor da geracao 10950: reg(10950) = 5464.566088973345 32.66723687990452
Melhor da geracao 11242: reg(11242) = 5462.136727879208 2.4293610941376755
Melhor da geracao 11346: reg(11346) = 5458.495003875295 3.6417240039127137
Melhor da geracao 11431: reg(11431) = 5440.727655024877 17.767348850417875
Melhor da geracao 11684: reg(11684) = 5432.836671148887 7.8909838759900595
Melhor da geracao 11754: reg(11754) = 5390.647357586703 42.189313562184
Melhor da geracao 11832: reg(11832) = 5323.458192122593 67.18916546411037
Melhor da geracao 11926: reg(11926) = 5271.211641076532 52.24655104606063
Melhor da geracao 12105: reg(12105) = 5141.086456163906 130.12518491262563
Melhor da geracao 12328: reg(12328) = 5120.5603982141465 20.52605794975989
Melhor da geracao 12549: reg(12549) = 5025.912416789667 94.64798142447944
Melhor da geracao 12878: reg(12878) = 5019.463360835329 6.4490559543382915
Melhor da geracao 12951: reg(12951) = 5004.659287248579 14.804073586749837
Melhor da geracao 13396: reg(13396) = 4931.537782732687 73.1215045158915
Melhor da geracao 13464: reg(13464) = 4894.645098067346 36.89268466534122
Melhor da geracao 13634: reg(13634) = 4860.47887470059 34.16622336675664
Melhor da geracao 13918: reg(13918) = 4798.839050709853 61.63982399073666
Melhor da geracao 14032: reg(14032) = 4774.4951291184425 24.343921591410435
Melhor da geracao 14303: reg(14303) = 4772.00214945055 2.4929796678925413
Melhor da geracao 14673: reg(14673) = 4765.95325166877 6.048897781780397
Melhor da geracao 14709: reg(14709) = 4733.826210997263 32.12704067150662
Melhor da geracao 14769: reg(14769) = 4683.778578096361 50.04763290090159
Melhor da geracao 14998: reg(14998) = 4637.492676718552 46.28590137780975
Melhor da geracao 15212: reg(15212) = 4577.717539136769 59.775137581782474
Melhor da geracao 15407: reg(15407) = 4503.3723034958175 74.34523564095161
Melhor da geracao 15542: reg(15542) = 4486.496584845678 16.87571865013979
Melhor da geracao 15749: reg(15749) = 4467.129912273483 19.366672572195057
Melhor da geracao 15901: reg(15901) = 4430.437521736745 36.69239053673755
Melhor da geracao 16040: reg(16040) = 4394.911016970437 35.52650476630788
Melhor da geracao 16179: reg(16179) = 4346.343505392531 48.56751157790586
Melhor da geracao 16282: reg(16282) = 4337.2067389254535 9.136766467077905
Melhor da geracao 16456: reg(16456) = 4274.349600152354 62.857138773099905
Melhor da geracao 16667: reg(16667) = 4267.820628622472 6.528971529881346
Melhor da geracao 16782: reg(16782) = 4251.127179084727 16.693449537745437
Melhor da geracao 17022: reg(17022) = 4238.925316126331 12.201862958395395
Melhor da geracao 17058: reg(17058) = 4231.205918408228 7.71939771810321
Melhor da geracao 17293: reg(17293) = 4229.223724888778 1.9821935194504476
Melhor da geracao 17320: reg(17320) = 4226.449143778469 2.7745811103086453
Melhor da geracao 17515: reg(17515) = 4223.970271092053 2.4788726864162527
Melhor da geracao 17535: reg(17535) = 4218.859166795755 5.111104296297526
Melhor da geracao 18077: reg(18077) = 4215.454921686825 3.4042451089298993
Melhor da geracao 18180: reg(18180) = 4180.933313269311 34.52160841751447
Melhor da geracao 18369: reg(18369) = 4178.684574121134 2.2487391481772647
Melhor da geracao 18387: reg(18387) = 4160.042266363746 18.642307757387243
Melhor da geracao 18407: reg(18407) = 4150.484987945788 9.557278417958514
Melhor da geracao 18456: reg(18456) = 4126.7053269798 23.779660965988114
Melhor da geracao 18495: reg(18495) = 4076.3292569722084 50.37607000759135
Melhor da geracao 18879: reg(18879) = 4073.445568351855 2.883688620353496
Melhor da geracao 18960: reg(18960) = 4057.9940446678356 15.451523684019321
Melhor da geracao 19084: reg(19084) = 4025.878494714725 32.11554995311053
Melhor da geracao 19122: reg(19122) = 4011.486637408805 14.391857305919984
Melhor da geracao 19172: reg(19172) = 4008.1950773136437 3.291560095161458
Melhor da geracao 19229: reg(19229) = 3852.1392388934696 156.05583842017404
Melhor da geracao 19340: reg(19340) = 3801.004344676207 51.13489421726263
Melhor da geracao 19406: reg(19406) = 3793.759587851741 7.244756824466094
Melhor da geracao 19775: reg(19775) = 3742.966788688487 50.792799163253676
Melhor da geracao 19858: reg(19858) = 3730.990352480236 11.976436208251016
Melhor da geracao 20001: reg(20001) = 3716.685939349626 14.3044131306101
Melhor da geracao 20267: reg(20267) = 3708.7275309843644 7.9584083652616755
Melhor da geracao 20330: reg(20330) = 3659.4696158577112 49.25791512665319
Melhor da geracao 20540: reg(20540) = 3572.024513977861 87.44510187985043
Melhor da geracao 20578: reg(20578) = 3505.089646896278 66.93486708158298
Melhor da geracao 20608: reg(20608) = 3444.959507901645 60.130138994632944
Melhor da geracao 21051: reg(21051) = 3425.5588879386805 19.400619962964356
Melhor da geracao 21170: reg(21170) = 3401.4999640654532 24.058923873227286
Melhor da geracao 21672: reg(21672) = 3384.5947509511757 16.905213114277558
Melhor da geracao 21756: reg(21756) = 3368.2271864279164 16.36756452325926
Melhor da geracao 21824: reg(21824) = 3311.913498644741 56.31368778317528
Melhor da geracao 22350: reg(22350) = 3292.095723692169 19.81777495257211
Melhor da geracao 22354: reg(22354) = 3291.5301620928567 0.565561599312332
Melhor da geracao 22378: reg(22378) = 3247.5510149569186 43.97914713593809
Melhor da geracao 22558: reg(22558) = 3244.3211520995064 3.229862857412172
Melhor da geracao 22764: reg(22764) = 3243.478965928661 0.8421861708452525
Melhor da geracao 22966: reg(22966) = 3227.56259977853 15.916366150131125
Melhor da geracao 23370: reg(23370) = 3227.4385308342976 0.1240689442324765
Melhor da geracao 23602: reg(23602) = 3220.4099780492925 7.028552785005104
Melhor da geracao 23768: reg(23768) = 3218.5322956652226 1.8776823840698853
Melhor da geracao 23860: reg(23860) = 3211.521097460952 7.011198204270386
Melhor da geracao 24119: reg(24119) = 3201.7852921714966 9.735805289455584
Melhor da geracao 24139: reg(24139) = 3197.789126481142 3.996165690354701
Melhor da geracao 24141: reg(24141) = 3192.4301847949555 5.3589416861864265
Melhor da geracao 24554: reg(24554) = 3177.8859818160736 14.544202978881913
Melhor da geracao 24914: reg(24914) = 3177.3328528577294 0.5531289583441321
Melhor da geracao 24926: reg(24926) = 3176.4573530862995 0.8754997714299861
Melhor da geracao 24927: reg(24927) = 3164.6538249281994 11.803528158100107
Melhor da geracao 25378: reg(25378) = 3140.0215413602423 24.632283567957074
Melhor da geracao 25613: reg(25613) = 3118.9146522423994 21.10688911784291
Melhor da geracao 26078: reg(26078) = 3073.3209345790515 45.59371766334789
Melhor da geracao 26592: reg(26592) = 3059.509964477023 13.810970102028477
Melhor da geracao 26668: reg(26668) = 2992.242373179975 67.26759129704806
Melhor da geracao 26724: reg(26724) = 2982.096252395722 10.146120784253071
Melhor da geracao 26920: reg(26920) = 2978.524755931943 3.571496463778658
Melhor da geracao 26975: reg(26975) = 2959.85312633509 18.67162959685311
Melhor da geracao 27233: reg(27233) = 2939.067323600754 20.785802734335903
Melhor da geracao 27565: reg(27565) = 2937.5953963205907 1.471927280163527
Melhor da geracao 27654: reg(27654) = 2897.5882337966723 40.007162523918396
Melhor da geracao 27888: reg(27888) = 2884.7556667980452 12.832566998627044
Melhor da geracao 28179: reg(28179) = 2872.256403254969 12.499263543076268
Melhor da geracao 28472: reg(28472) = 2865.952222370323 6.30418088464603
Melhor da geracao 28531: reg(28531) = 2853.1321387310463 12.820083639276618
Melhor da geracao 28905: reg(28905) = 2838.448856811851 14.683281919195451
Melhor da geracao 29100: reg(29100) = 2831.8127902717188 6.636066540132106
Melhor da geracao 29184: reg(29184) = 2824.019119930089 7.793670341629877
Melhor da geracao 29449: reg(29449) = 2810.96429414378 13.054825786308811
Melhor da geracao 29519: reg(29519) = 2780.790010730127 30.17428341365303
Melhor da geracao 30454: reg(30454) = 2777.896717575608 2.8932931545191423
Melhor da geracao 30556: reg(30556) = 2742.8077145953234 35.08900298028448
Melhor da geracao 30770: reg(30770) = 2681.4553572586096 61.352357336713794
Melhor da geracao 31406: reg(31406) = 2639.2202479628772 42.2351092957324
Melhor da geracao 31979: reg(31979) = 2630.7384191218625 8.481828841014703
Melhor da geracao 32721: reg(32721) = 2615.961410602857 14.777008519005449
Melhor da geracao 33182: reg(33182) = 2606.89586181966 9.0655487831973
Melhor da geracao 33252: reg(33252) = 2559.5744250418743 47.32143677778549
Melhor da geracao 33530: reg(33530) = 2549.3968054481456 10.17761959372865
Melhor da geracao 33892: reg(33892) = 2544.7739790551527 4.62282639299292
Melhor da geracao 33901: reg(33901) = 2511.8254933537473 32.94848570140539
Melhor da geracao 34505: reg(34505) = 2511.1771446784783 0.6483486752690624
Melhor da geracao 34633: reg(34633) = 2506.003366439759 5.173778238719478
Melhor da geracao 34688: reg(34688) = 2477.7461948599193 28.25717157983945
Melhor da geracao 34879: reg(34879) = 2451.448147871378 26.2980469885415
Melhor da geracao 35167: reg(35167) = 2418.447347464174 33.00080040720377
Melhor da geracao 35368: reg(35368) = 2405.3964407839967 13.050906680177377
Melhor da geracao 35643: reg(35643) = 2404.974249471048 0.42219131294859835
Melhor da geracao 35746: reg(35746) = 2404.7067096446817 0.26753982636637375
Melhor da geracao 35764: reg(35764) = 2398.5054823507367 6.201227293945067
Melhor da geracao 35908: reg(35908) = 2375.6967326275408 22.808749723195888
Melhor da geracao 36013: reg(36013) = 2365.73903770347 9.957694924070893
Melhor da geracao 36316: reg(36316) = 2353.5070567635294 12.231980939940513
Melhor da geracao 36909: reg(36909) = 2349.8607638136864 3.646292949842973
Melhor da geracao 36970: reg(36970) = 2346.6111046853853 3.2496591283011185
Melhor da geracao 37345: reg(37345) = 2318.101552329873 28.50955235551237
Melhor da geracao 37865: reg(37865) = 2317.9717574069905 0.1297949228824109
Melhor da geracao 37898: reg(37898) = 2315.375483184063 2.5962742229276046
Melhor da geracao 38016: reg(38016) = 2312.534989913055 2.8404932710077446
Melhor da geracao 38405: reg(38405) = 2282.0584885870835 30.47650132597164
Melhor da geracao 38633: reg(38633) = 2277.455844980082 4.6026436070014825
Melhor da geracao 38762: reg(38762) = 2274.659033838139 2.7968111419431807
Melhor da geracao 38849: reg(38849) = 2272.6032615828044 2.055772255334432
Melhor da geracao 39293: reg(39293) = 2262.767939028419 9.835322554385584
Melhor da geracao 39582: reg(39582) = 2256.0426065738466 6.7253324545722535
Melhor da geracao 39637: reg(39637) = 2253.800767061862 2.241839511984381
Melhor da geracao 39801: reg(39801) = 2252.224867493667 1.575899568195382
Melhor da geracao 40184: reg(40184) = 2249.0497806662306 3.175086827436189
Melhor da geracao 40298: reg(40298) = 2238.4843255806663 10.565455085564281
Melhor da geracao 40404: reg(40404) = 2234.66851526726 3.815810313406473
Melhor da geracao 40623: reg(40623) = 2232.0482338193087 2.620281447951129
Melhor da geracao 40678: reg(40678) = 2230.005259633875 2.04297418543365
Melhor da geracao 40991: reg(40991) = 2207.7653741806557 22.239885453219358
Melhor da geracao 41542: reg(41542) = 2205.4864668907794 2.278907289876315
Melhor da geracao 41738: reg(41738) = 2202.067797244857 3.418669645922364
Melhor da geracao 41837: reg(41837) = 2192.6236316656123 9.444165579244782
Melhor da geracao 42251: reg(42251) = 2182.9858632847154 9.637768380896887
Melhor da geracao 42260: reg(42260) = 2180.426518725355 2.5593445593603974
Melhor da geracao 42262: reg(42262) = 2180.037411704053 0.38910702130215213
Melhor da geracao 42332: reg(42332) = 2179.1863164888136 0.8510952152391837
Melhor da geracao 42698: reg(42698) = 2170.3147681053697 8.871548383443951
Melhor da geracao 42910: reg(42910) = 2162.1202380728864 8.194530032483271
Melhor da geracao 43006: reg(43006) = 2161.2935634666137 0.8266746062727179
Melhor da geracao 43173: reg(43173) = 2155.5039279353878 5.78963553122594
Melhor da geracao 43814: reg(43814) = 2139.1480514523987 16.35587648298906
Melhor da geracao 44658: reg(44658) = 2126.250569621779 12.897481830619654
Melhor da geracao 45021: reg(45021) = 2119.545779385307 6.704790236472036
Melhor da geracao 45417: reg(45417) = 2110.833783777395 8.711995607911831
Melhor da geracao 46170: reg(46170) = 2106.8142516023454 4.01953217504979
Melhor da geracao 46234: reg(46234) = 2094.790414635684 12.023836966661293
Melhor da geracao 46753: reg(46753) = 2075.6116442819953 19.178770353688833
Melhor da geracao 46809: reg(46809) = 2069.5975689068496 6.014075375145694
Melhor da geracao 47056: reg(47056) = 2068.216513771432 1.3810551354176823
Melhor da geracao 47211: reg(47211) = 2042.303843382579 25.912670388852803
Melhor da geracao 47543: reg(47543) = 2041.00190080933 1.3019425732491072
Melhor da geracao 47730: reg(47730) = 2031.5662194364504 9.435681372879571
Melhor da geracao 47762: reg(47762) = 2030.1173457028053 1.4488737336450868
Melhor da geracao 48690: reg(48690) = 2028.1457047693007 1.9716409335046592
Melhor da geracao 48704: reg(48704) = 2025.368392270227 2.7773124990735596
Melhor da geracao 49231: reg(49231) = 2020.1097320298338 5.258660240393283
Melhor da geracao 49462: reg(49462) = 2019.1970192556184 0.9127127742153789
Melhor da geracao 49523: reg(49523) = 2017.6111580735385 1.5858611820799524
Melhor da geracao 50257: reg(50257) = 2008.8252956043 8.78586246923851
Melhor da geracao 50426: reg(50426) = 2007.5204224210518 1.304873183248219
Melhor da geracao 50601: reg(50601) = 2006.1561183000567 1.3643041209950297
Melhor da geracao 50701: reg(50701) = 2000.7667423814958 5.389375918560972
Melhor da geracao 51222: reg(51222) = 1997.1613157744805 3.6054266070152607
Melhor da geracao 51798: reg(51798) = 1996.107508624902 1.0538071495784607
Melhor da geracao 52271: reg(52271) = 1994.363531516322 1.7439771085801112
Melhor da geracao 52432: reg(52432) = 1984.453126196558 9.910405319763868
Melhor da geracao 52527: reg(52527) = 1978.889567709734 5.563558486824149
Melhor da geracao 52945: reg(52945) = 1977.4719532673716 1.4176144423622645
Melhor da geracao 53386: reg(53386) = 1977.3086749585611 0.1632783088105043
Melhor da geracao 53594: reg(53594) = 1970.7638388958953 6.544836062665809
Melhor da geracao 53836: reg(53836) = 1964.0615601791244 6.702278716770934
Melhor da geracao 53905: reg(53905) = 1963.58461006877 0.47695011035443713
Melhor da geracao 54109: reg(54109) = 1960.808444469812 2.7761655989579594
Melhor da geracao 54203: reg(54203) = 1959.980650937044 0.8277935327680552
Melhor da geracao 54384: reg(54384) = 1957.6481988612304 2.332452075813535
Melhor da geracao 54703: reg(54703) = 1957.389038876654 0.25915998457639944
Melhor da geracao 54808: reg(54808) = 1954.401459493647 2.9875793830069597
Melhor da geracao 55969: reg(55969) = 1954.1509329633627 0.2505265302843327
Melhor da geracao 56130: reg(56130) = 1945.7716538621735 8.37927910118924
Melhor da geracao 56415: reg(56415) = 1942.7746443623992 2.9970094997743217
Melhor da geracao 56646: reg(56646) = 1938.3949250217065 4.379719340692645
Melhor da geracao 57096: reg(57096) = 1938.329643692774 0.06528132893254224
Melhor da geracao 57352: reg(57352) = 1937.9067968307118 0.4228468620622152
Melhor da geracao 57403: reg(57403) = 1937.6941110287526 0.2126858019591964
Melhor da geracao 57508: reg(57508) = 1929.0218451082246 8.672265920527934
Melhor da geracao 57518: reg(57518) = 1926.1640896919346 2.857755416290047
Melhor da geracao 57912: reg(57912) = 1924.3534110335095 1.810678658425104
Melhor da geracao 58518: reg(58518) = 1916.7910097784531 7.562401255056329
Melhor da geracao 58571: reg(58571) = 1915.360636365813 1.430373412640165
Melhor da geracao 59216: reg(59216) = 1905.8138745786212 9.546761787191826
Melhor da geracao 59406: reg(59406) = 1900.2091098544895 5.604764724131655
Melhor da geracao 59897: reg(59897) = 1895.7493366617643 4.459773192725152
Melhor da geracao 60141: reg(60141) = 1895.331963172693 0.41737348907145133
Melhor da geracao 60239: reg(60239) = 1890.0427022725837 5.289260900109184
Melhor da geracao 60729: reg(60729) = 1885.5935851326808 4.44911713990291
Melhor da geracao 60782: reg(60782) = 1884.9185242375822 0.6750608950985679
Melhor da geracao 60891: reg(60891) = 1879.3134901298768 5.605034107705478
Melhor da geracao 61383: reg(61383) = 1878.7520262832602 0.5614638466165616
Melhor da geracao 61702: reg(61702) = 1878.066245923457 0.6857803598031751
Melhor da geracao 61907: reg(61907) = 1877.6106392255308 0.4556066979262141
Melhor da geracao 62055: reg(62055) = 1871.786150920653 5.824488304877832
Melhor da geracao 62141: reg(62141) = 1849.625912023173 22.160238897479985
Melhor da geracao 62382: reg(62382) = 1849.153731103725 0.4721809194479647
Melhor da geracao 62456: reg(62456) = 1843.329242798847 5.824488304878059
Melhor da geracao 62976: reg(62976) = 1834.7885438877918 8.540698911055188
Melhor da geracao 63097: reg(63097) = 1829.0800954179276 5.708448469864152
Melhor da geracao 63296: reg(63296) = 1828.013761464154 1.0663339537736647
Melhor da geracao 63631: reg(63631) = 1826.7861644708296 1.2275969933243687
Melhor da geracao 63636: reg(63636) = 1826.1045443409892 0.6816201298404394
Melhor da geracao 64283: reg(64283) = 1825.8042299978713 0.3003143431178614
Melhor da geracao 64357: reg(64357) = 1821.0948066544877 4.709423343383605
Melhor da geracao 64917: reg(64917) = 1817.9002532169093 3.1945534375784064
Melhor da geracao 65589: reg(65589) = 1816.4968382064876 1.4034150104216678
Melhor da geracao 65952: reg(65952) = 1816.2682186819045 0.22861952458310952
Melhor da geracao 66278: reg(66278) = 1814.8798352296071 1.3883834522973757
Melhor da geracao 66284: reg(66284) = 1811.6702502339042 3.209584995702926
Melhor da geracao 66648: reg(66648) = 1808.1417078793547 3.5285423545494723
Melhor da geracao 67597: reg(67597) = 1805.6621350031635 2.4795728761912414
Melhor da geracao 67644: reg(67644) = 1793.3783885185035 12.283746484660014
Melhor da geracao 67941: reg(67941) = 1790.8715386998906 2.5068498186128636
Melhor da geracao 67982: reg(67982) = 1790.4267358628772 0.4448028370134125
Melhor da geracao 68200: reg(68200) = 1789.2068803065736 1.219855556303628
Melhor da geracao 68248: reg(68248) = 1786.1133780152602 3.0935022913133707
Melhor da geracao 68435: reg(68435) = 1775.5637053949727 10.549672620287538
Melhor da geracao 69157: reg(69157) = 1774.8866945481445 0.6770108468281251
Melhor da geracao 70381: reg(70381) = 1774.5883923933195 0.29830215482502354
Melhor da geracao 70392: reg(70392) = 1774.444273566006 0.14411882731360492
Melhor da geracao 70616: reg(70616) = 1772.9854331974307 1.4588403685752382
Melhor da geracao 70812: reg(70812) = 1765.062330985091 7.9231022123397
Melhor da geracao 71620: reg(71620) = 1763.177238702682 1.8850922824090048
Melhor da geracao 71721: reg(71721) = 1757.7602983321397 5.4169403705423065
Melhor da geracao 72214: reg(72214) = 1752.402964945273 5.357333386866685
Melhor da geracao 72327: reg(72327) = 1751.3607026850668 1.0422622602061438
Melhor da geracao 72418: reg(72418) = 1745.0091647015809 6.351537983485969
Melhor da geracao 72785: reg(72785) = 1744.7387927029702 0.27037199861069894
Melhor da geracao 72848: reg(72848) = 1742.7003630566314 2.0384296463387273
Melhor da geracao 73059: reg(73059) = 1741.899690370374 0.8006726862574851
Melhor da geracao 73133: reg(73133) = 1738.387254719484 3.5124356508899837
Melhor da geracao 73308: reg(73308) = 1734.4458815281841 3.9413731912998173
Melhor da geracao 73380: reg(73380) = 1732.576002576571 1.8698789516131455
Melhor da geracao 73524: reg(73524) = 1695.6180519826235 36.957950593947544
Melhor da geracao 74031: reg(74031) = 1688.6136424184162 7.004409564207208
Melhor da geracao 74359: reg(74359) = 1686.2607924233748 2.3528499950414243
Melhor da geracao 74367: reg(74367) = 1680.07562195151 6.185170471864922
Melhor da geracao 75319: reg(75319) = 1675.548669688163 4.526952263346857
Melhor da geracao 76079: reg(76079) = 1675.293793819405 0.254875868758063
Melhor da geracao 76247: reg(76247) = 1674.502185341935 0.7916084774699357
Melhor da geracao 76355: reg(76355) = 1670.26619554339 4.235989798545006
Melhor da geracao 76385: reg(76385) = 1668.8294165537877 1.4367789896023169
Melhor da geracao 77046: reg(77046) = 1668.356501830063 0.4729147237246707
Melhor da geracao 77391: reg(77391) = 1664.9697660247984 3.386735805264607
Melhor da geracao 77790: reg(77790) = 1664.2830635351877 0.6867024896107523
Melhor da geracao 77828: reg(77828) = 1663.1984825136628 1.0845810215248548
Melhor da geracao 77909: reg(77909) = 1652.8648388509407 10.333643662722125
Melhor da geracao 78238: reg(78238) = 1644.4770794066774 8.387759444263338
Melhor da geracao 78702: reg(78702) = 1641.3528242160469 3.1242551906304925
Melhor da geracao 79420: reg(79420) = 1636.6889220544676 4.663902161579244
Melhor da geracao 79592: reg(79592) = 1628.8525028094916 7.836419244976014
Melhor da geracao 80132: reg(80132) = 1627.9139598185718 0.9385429909198137
Melhor da geracao 80589: reg(80589) = 1626.6084394971763 1.3055203213955338
Melhor da geracao 80682: reg(80682) = 1621.3706598158894 5.237779681286838
Melhor da geracao 80815: reg(80815) = 1620.4321168249696 0.9385429909198137
Melhor da geracao 80928: reg(80928) = 1619.126596503574 1.3055203213955338
Melhor da geracao 81543: reg(81543) = 1618.7110192853415 0.41557721823255633
Melhor da geracao 81564: reg(81564) = 1610.5567662848498 8.154253000491735
Melhor da geracao 81673: reg(81673) = 1608.9425540166776 1.6142122681721958
Melhor da geracao 82072: reg(82072) = 1606.1477499991502 2.79480401752744
Melhor da geracao 82923: reg(82923) = 1605.9494836422075 0.1982663569426677
Melhor da geracao 82994: reg(82994) = 1604.848076119959 1.1014075222485644
Melhor da geracao 83616: reg(83616) = 1603.8827232053272 0.9653529146316941
Melhor da geracao 83923: reg(83923) = 1601.6115421275829 2.271181077744359
Melhor da geracao 84510: reg(84510) = 1600.646189212951 0.9653529146319215
Melhor da geracao 84745: reg(84745) = 1600.61191765752 0.03427155543090521
Melhor da geracao 85093: reg(85093) = 1600.1524400480307 0.45947760948934047
Melhor da geracao 85630: reg(85630) = 1600.1067050533704 0.04573499466027897
Melhor da geracao 86059: reg(86059) = 1595.7446766807552 4.362028372615214
Melhor da geracao 86713: reg(86713) = 1593.646651938229 2.0980247425261496
Melhor da geracao 86750: reg(86750) = 1590.340098529468 3.306553408761147
Melhor da geracao 87340: reg(87340) = 1586.1668660601458 4.173232469322102
Melhor da geracao 88219: reg(88219) = 1585.922081692154 0.2447843679917696
Melhor da geracao 88242: reg(88242) = 1584.6491350855058 1.2729466066482473
Melhor da geracao 88494: reg(88494) = 1579.9679189861686 4.6812160993372345
Melhor da geracao 89377: reg(89377) = 1579.8029433699621 0.16497561620644774
Melhor da geracao 89713: reg(89713) = 1579.4153729065451 0.3875704634169779
Melhor da geracao 90387: reg(90387) = 1579.2503972903387 0.16497561620644774
Melhor da geracao 90726: reg(90726) = 1578.6818652037891 0.5685320865495669
Melhor da geracao 90891: reg(90891) = 1578.5168895875827 0.16497561620644774
Melhor da geracao 91006: reg(91006) = 1578.4337339651279 0.08315562245479668
Melhor da geracao 91286: reg(91286) = 1577.7551432113014 0.6785907538264837
Melhor da geracao 91611: reg(91611) = 1573.696511635821 4.058631575480376
Melhor da geracao 91780: reg(91780) = 1569.9007483538694 3.795763281951622
Melhor da geracao 92955: reg(92955) = 1569.0930195694773 0.8077287843921113
Melhor da geracao 93313: reg(93313) = 1565.7297978872768 3.3632216822004466
Melhor da geracao 93862: reg(93862) = 1564.9621680638081 0.7676298234687238
Melhor da geracao 93967: reg(93967) = 1564.2278065768048 0.734361487003298
Melhor da geracao 94225: reg(94225) = 1563.7622738384346 0.465532738370257
Melhor da geracao 94243: reg(94243) = 1560.5105219782242 3.2517518602103337
Melhor da geracao 94748: reg(94748) = 1559.7761604912207 0.7343614870035253
Melhor da geracao 94931: reg(94931) = 1559.252553219744 0.5236072714767488
Melhor da geracao 95053: reg(95053) = 1554.5491314410815 4.7034217786624595
RUN GA_71s__0t0 1/1: Menor  custo  final é 1554.5491314410815
---02/12 18:08:48-----------------------------------------------------
reg(objetivo): 1554.5491314410815
RMSE: 369.1966530771703
MAE: 22.049406547654794
GEH: 3.537915547940786
pGEH5: 0.8169014084507042
R2Links: 0.938020054556342
R2Odm: 0.38182667398145514
------------------------------------------------------ ´idBest=55

ALERT: Salvando última MOD resposta. Não a melhor.
Fitness final (reg) = 1554.5491314410815
